2024-07-25 22:00:40 INFO            _                _                      
2024-07-25 22:00:40 INFO           / \   ___ ___ ___| | ___ _ __ __ _ _   _ 
2024-07-25 22:00:40 INFO          / _ \ / __/ __/ _ \ |/ _ \ '__/ _` | | | |
2024-07-25 22:00:40 INFO         / ___ \ (_| (_|  __/ |  __/ | | (_| | |_| |
2024-07-25 22:00:40 INFO        /_/   \_\___\___\___|_|\___|_|  \__, |\__, |
2024-07-25 22:00:40 INFO                                        |___/ |___/ 
2024-07-25 22:00:40 INFO        generating outputs according to the following specified output flags... 
2024-07-25 22:00:40 INFO         Please use the -f flag to update the preference (default to all output files)
2024-07-25 22:00:40 INFO        {'ERT': 1, 'ERT_summary': 1, 'ART': 1, 'ART_summary': 1, 'energy_estimation': 1, 'flattened_arch': 1}
2024-07-25 22:00:40 INFO        Located config file at /home/workspace/.config/accelergy/accelergy_config.yaml.
2024-07-25 22:00:40 INFO        config file located:
2024-07-25 22:00:40 INFO        /home/workspace/.config/accelergy/accelergy_config.yaml
2024-07-25 22:00:43 INFO        Parsing file /home/workspace/outputs6/simpleCSMaxDim32x32_8kb/02/parsed-processed-input.yaml for architecture info
2024-07-25 22:00:43 INFO        Parsing file /home/workspace/outputs6/simpleCSMaxDim32x32_8kb/02/parsed-processed-input.yaml for compound_components info
2024-07-25 22:00:47 INFO        Adding required action "write" to class DRAM
2024-07-25 22:00:47 INFO        Adding required action "read" to class DRAM
2024-07-25 22:00:47 INFO        Adding required action "leak" to class DRAM
2024-07-25 22:00:47 INFO        Adding required action "update" to class DRAM
2024-07-25 22:00:47 INFO        Calculated Architecture class smartbuffer_SRAM attributes"memory_width" as "max(32, width)" = 64.
2024-07-25 22:00:47 INFO        Calculated Architecture class smartbuffer_SRAM attributes"memory_depth" as "max(64, depth)" = 8192.
2024-07-25 22:00:47 INFO        Calculated Architecture class smartbuffer_SRAM attributes"widthscale" as "width / memory_width" = 1.0.
2024-07-25 22:00:47 INFO        Calculated Architecture class smartbuffer_SRAM attributes"depthscale" as "depth / memory_depth" = 1.0.
2024-07-25 22:00:47 INFO        Calculated Architecture class smartbuffer_SRAM attributes"real_depth" as "depth" = 8192.
2024-07-25 22:00:47 INFO        Calculated Architecture class smartbuffer_SRAM attributes"area_scale" as "widthscale * depthscale" = 1.0.
2024-07-25 22:00:47 INFO        Calculated Architecture class smartbuffer_SRAM attributes"dynamic_energy_scale" as "widthscale * (depthscale ** (1.56 / 2))" = 1.0.
2024-07-25 22:00:47 INFO        Calculated Architecture class smartbuffer_SRAM attributes"static_energy_scale" as "area_scale" = 1.0.
2024-07-25 22:00:47 INFO        Calculated Architecture class smartbuffer_SRAM attributes"memory_width" as "max(32, width)" = 32.
2024-07-25 22:00:47 INFO        Calculated Architecture class smartbuffer_SRAM attributes"memory_depth" as "max(64, depth)" = 192.
2024-07-25 22:00:47 INFO        Calculated Architecture class smartbuffer_SRAM attributes"widthscale" as "width / memory_width" = 0.5.
2024-07-25 22:00:47 INFO        Calculated Architecture class smartbuffer_SRAM attributes"depthscale" as "depth / memory_depth" = 1.0.
2024-07-25 22:00:47 INFO        Calculated Architecture class smartbuffer_SRAM attributes"real_depth" as "depth" = 192.
2024-07-25 22:00:47 INFO        Calculated Architecture class smartbuffer_SRAM attributes"area_scale" as "widthscale * depthscale" = 0.5.
2024-07-25 22:00:47 INFO        Calculated Architecture class smartbuffer_SRAM attributes"dynamic_energy_scale" as "widthscale * (depthscale ** (1.56 / 2))" = 0.5.
2024-07-25 22:00:47 INFO        Calculated Architecture class smartbuffer_SRAM attributes"static_energy_scale" as "area_scale" = 0.5.
2024-07-25 22:00:47 INFO        Adding required action "write" to class aladdin_register
2024-07-25 22:00:47 INFO        Adding required action "read" to class aladdin_register
2024-07-25 22:00:47 INFO        Adding required action "leak" to class aladdin_register
2024-07-25 22:00:47 INFO        Adding required action "update" to class aladdin_register
2024-07-25 22:00:47 INFO        Calculated storage."width" as "memory_width" = 64.
2024-07-25 22:00:47 INFO        Calculated storage."depth" as "memory_depth" = 8192.
2024-07-25 22:00:47 INFO        Calculated storage."n_rdwr_ports" as "n_rdwr_ports" = 1.
2024-07-25 22:00:47 INFO        Calculated storage."global_cycle_seconds" as "global_cycle_seconds" = 1e-09.
2024-07-25 22:00:47 INFO        Calculated storage.area_scale as "area_scale" = 1.0.
2024-07-25 22:00:47 INFO        Calculated address_generators[0..1]."n_bits" as "max(1, ceil(log2(real_depth))) if real_depth >= 1 else 1" = 13.
2024-07-25 22:00:47 INFO        Calculated address_generators[0..1]."precision" as "max(1, ceil(log2(real_depth))) if real_depth >= 1 else 1" = 13.
2024-07-25 22:00:47 INFO        Calculated address_generators[0..1]."global_cycle_seconds" as "global_cycle_seconds" = 1e-09.
2024-07-25 22:00:47 INFO        Calculated action write energy_scale as "dynamic_energy_scale" = 1.0.
2024-07-25 22:00:47 INFO        Calculated action read energy_scale as "dynamic_energy_scale" = 1.0.
2024-07-25 22:00:47 INFO        Calculated action leak energy_scale as "static_energy_scale" = 1.0.
2024-07-25 22:00:47 INFO        Calculated action write energy_scale as "dynamic_energy_scale" = 1.0.
2024-07-25 22:00:47 INFO        Calculated storage."width" as "memory_width" = 32.
2024-07-25 22:00:47 INFO        Calculated storage."depth" as "memory_depth" = 192.
2024-07-25 22:00:47 INFO        Calculated storage."n_rdwr_ports" as "n_rdwr_ports" = 1.
2024-07-25 22:00:47 INFO        Calculated storage."global_cycle_seconds" as "global_cycle_seconds" = 1e-09.
2024-07-25 22:00:47 INFO        Calculated storage.area_scale as "area_scale" = 0.5.
2024-07-25 22:00:47 INFO        Calculated address_generators[0..1]."n_bits" as "max(1, ceil(log2(real_depth))) if real_depth >= 1 else 1" = 8.
2024-07-25 22:00:47 INFO        Calculated address_generators[0..1]."precision" as "max(1, ceil(log2(real_depth))) if real_depth >= 1 else 1" = 8.
2024-07-25 22:00:47 INFO        Calculated address_generators[0..1]."global_cycle_seconds" as "global_cycle_seconds" = 1e-09.
2024-07-25 22:00:47 INFO        Calculated action write energy_scale as "dynamic_energy_scale" = 0.5.
2024-07-25 22:00:47 INFO        Calculated action read energy_scale as "dynamic_energy_scale" = 0.5.
2024-07-25 22:00:47 INFO        Calculated action leak energy_scale as "static_energy_scale" = 0.5.
2024-07-25 22:00:47 INFO        Calculated action write energy_scale as "dynamic_energy_scale" = 0.5.
2024-07-25 22:00:47 INFO        Calculated intadder."width" as "adder_width" = 16.
2024-07-25 22:00:47 INFO        Calculated intmultiplier."width_a" as "multiplier_width" = 8.
2024-07-25 22:00:47 INFO        Calculated intmultiplier."width_b" as "multiplier_width" = 8.
2024-07-25 22:00:47 INFO        Estimator plug-in identified by: /usr/local/share/accelergy/estimation_plug_ins/accelergy-cacti-plug-in/cacti.estimator.yaml
2024-07-25 22:00:47 INFO        Estimator plug-in identified by: /usr/local/share/accelergy/estimation_plug_ins/accelergy-adc-plug-in/adc.estimator.yaml
2024-07-25 22:00:47 INFO        Estimator plug-in identified by: /usr/local/share/accelergy/estimation_plug_ins/accelergy-neurosim-plugin/neurosim.estimator.yaml
2024-07-25 22:00:47 INFO        Estimator plug-in identified by: /usr/local/share/accelergy/estimation_plug_ins/accelergy-table-based-plug-ins/table.estimator.yaml
2024-07-25 22:00:48 INFO        Estimator plug-in identified by: /usr/local/share/accelergy/estimation_plug_ins/accelergy-aladdin-plug-in/aladdin.estimator.yaml
2024-07-25 22:00:48 INFO        Estimator plug-in identified by: /usr/local/share/accelergy/estimation_plug_ins/accelergy-library-plugin/library.estimator.yaml
2024-07-25 22:00:48 INFO        Estimator plug-in identified by: /usr/local/share/accelergy/estimation_plug_ins/dummy_tables/dummy.estimator.yaml
2024-07-25 22:00:48 INFO        Getting all estimators in module <module 'python_plug_in' from '/usr/local/share/accelergy/estimation_plug_ins/accelergy-cacti-plug-in/cacti_wrapper.py'>
2024-07-25 22:00:48 INFO        Added estimator CactiCache that estimates cache with actions idle, read, read_access, update, update_access, write, write_access, leak
2024-07-25 22:00:48 INFO        Added estimator CactiDRAM that estimates ['DRAM', 'dram'] with actions idle, read, update, write, leak
2024-07-25 22:00:48 INFO        Added estimator CactiSRAM that estimates ['SRAM', 'sram'] with actions idle, read, update, write, leak
2024-07-25 22:00:48 INFO        Found estimator plug-in: ADC Plug-In (<ADCEstimator.ADCEstimator object at 0x7eff0bb35ca0>)
2024-07-25 22:00:48 INFO        Found estimator plug-in: Neurosim Plug-In (<NeuroWrapper.NeuroWrapper object at 0x7eff0ba748b0>)
2024-07-25 22:00:48 INFO        Found estimator plug-in: table-based-plug-ins (<SetsOfTables.SetsOfTables object at 0x7eff0b9d4a30>)
2024-07-25 22:00:48 INFO        Found estimator plug-in: Aladdin_table (<AladdinTable.AladdinTable object at 0x7eff0ba2c820>)
2024-07-25 22:00:48 INFO        Found estimator plug-in: Library (<LibraryEstimator.LibraryEstimator object at 0x7eff0ba4c160>)
2024-07-25 22:00:48 INFO        Found estimator plug-in: dummy_table (<DummyTable.DummyTable object at 0x7eff0ba2c640>)
2024-07-25 22:00:48 INFO        Found estimator plug-in: CactiCache (<accelergy.plug_in_interface.estimator_wrapper.EstimatorWrapper object at 0x7eff0b9d4ac0>)
2024-07-25 22:00:48 INFO        Found estimator plug-in: CactiDRAM (<accelergy.plug_in_interface.estimator_wrapper.EstimatorWrapper object at 0x7eff0bb35f10>)
2024-07-25 22:00:48 INFO        Found estimator plug-in: CactiSRAM (<accelergy.plug_in_interface.estimator_wrapper.EstimatorWrapper object at 0x7eff0ba1fc70>)
2024-07-25 22:00:48 INFO        
2024-07-25 22:00:48 INFO        ENERGY ESTIMATION for DRAM(type=LPDDR4, width=64, datawidth=16, has_power_gating=False, n_banks=2, cluster_size=1, reduction_supported=True, multiple_buffering=1, min_utilization=0, allow_overbooking=False, meshX=1, meshY=1, technology=32nm, global_cycle_seconds=1e-09, version=0.4, action_latency_cycles=1, cycle_seconds=1e-09, n_instances=1).write(global_cycle_seconds=1e-09, action_latency_cycles=1)
2024-07-25 22:00:48 INFO        CactiDRAM estimated 5.12e-10 with accuracy 80%. Messages:
2024-07-25 22:00:48 INFO        | Unused arguments (datawidth, has_power_gating, n_banks, cluster_size, reduction_supported, multiple_buffering, min_utilization, allow_overbooking, meshX, meshY, technology, global_cycle_seconds, version, action_latency_cycles, cycle_seconds, n_instances) provided for ['DRAM', 'dram'].__init__. Arguments used: (type, width)
2024-07-25 22:00:48 INFO        | Unused arguments (global_cycle_seconds, action_latency_cycles) provided for ['DRAM', 'dram'].write. Arguments used: ()
2024-07-25 22:00:48 INFO        
2024-07-25 22:00:48 INFO        ENERGY ESTIMATION for DRAM(type=LPDDR4, width=64, datawidth=16, has_power_gating=False, n_banks=2, cluster_size=1, reduction_supported=True, multiple_buffering=1, min_utilization=0, allow_overbooking=False, meshX=1, meshY=1, technology=32nm, global_cycle_seconds=1e-09, version=0.4, action_latency_cycles=1, cycle_seconds=1e-09, n_instances=1).read(global_cycle_seconds=1e-09, action_latency_cycles=1)
2024-07-25 22:00:48 INFO        CactiDRAM estimated 5.12e-10 with accuracy 80%. Messages:
2024-07-25 22:00:48 INFO        | Unused arguments (datawidth, has_power_gating, n_banks, cluster_size, reduction_supported, multiple_buffering, min_utilization, allow_overbooking, meshX, meshY, technology, global_cycle_seconds, version, action_latency_cycles, cycle_seconds, n_instances) provided for ['DRAM', 'dram'].__init__. Arguments used: (type, width)
2024-07-25 22:00:48 INFO        | Unused arguments (global_cycle_seconds, action_latency_cycles) provided for ['DRAM', 'dram'].read. Arguments used: ()
2024-07-25 22:00:48 INFO        
2024-07-25 22:00:48 INFO        ENERGY ESTIMATION for DRAM(type=LPDDR4, width=64, datawidth=16, has_power_gating=False, n_banks=2, cluster_size=1, reduction_supported=True, multiple_buffering=1, min_utilization=0, allow_overbooking=False, meshX=1, meshY=1, technology=32nm, global_cycle_seconds=1e-09, version=0.4, action_latency_cycles=1, cycle_seconds=1e-09, n_instances=1).leak(global_cycle_seconds=1e-09, action_latency_cycles=1)
2024-07-25 22:00:48 INFO        CactiDRAM estimated 0 with accuracy 80%. Messages:
2024-07-25 22:00:48 INFO        | Unused arguments (datawidth, has_power_gating, n_banks, cluster_size, reduction_supported, multiple_buffering, min_utilization, allow_overbooking, meshX, meshY, technology, global_cycle_seconds, version, action_latency_cycles, cycle_seconds, n_instances) provided for ['DRAM', 'dram'].__init__. Arguments used: (type, width)
2024-07-25 22:00:48 INFO        | Unused arguments (action_latency_cycles) provided for ['DRAM', 'dram'].leak. Arguments used: (global_cycle_seconds)
2024-07-25 22:00:48 INFO        | Multiplying by n_instances 1
2024-07-25 22:00:48 INFO        
2024-07-25 22:00:48 INFO        ENERGY ESTIMATION for DRAM(type=LPDDR4, width=64, datawidth=16, has_power_gating=False, n_banks=2, cluster_size=1, reduction_supported=True, multiple_buffering=1, min_utilization=0, allow_overbooking=False, meshX=1, meshY=1, technology=32nm, global_cycle_seconds=1e-09, version=0.4, action_latency_cycles=1, cycle_seconds=1e-09, n_instances=1).update(global_cycle_seconds=1e-09, action_latency_cycles=1)
2024-07-25 22:00:48 INFO        CactiDRAM estimated 5.12e-10 with accuracy 80%. Messages:
2024-07-25 22:00:48 INFO        | Unused arguments (datawidth, has_power_gating, n_banks, cluster_size, reduction_supported, multiple_buffering, min_utilization, allow_overbooking, meshX, meshY, technology, global_cycle_seconds, version, action_latency_cycles, cycle_seconds, n_instances) provided for ['DRAM', 'dram'].__init__. Arguments used: (type, width)
2024-07-25 22:00:48 INFO        | Unused arguments (global_cycle_seconds, action_latency_cycles) provided for ['DRAM', 'dram'].update. Arguments used: ()
2024-07-25 22:00:48 INFO        
2024-07-25 22:00:48 INFO        ENERGY ESTIMATION for aladdin_register(depth=1, width=16, datawidth=16, has_power_gating=False, n_banks=2, cluster_size=1, reduction_supported=True, multiple_buffering=1, min_utilization=0, allow_overbooking=False, meshX=32, meshY=32, technology=45nm, global_cycle_seconds=1e-09, version=0.4, action_latency_cycles=1, cycle_seconds=1e-09, n_instances=1).write(global_cycle_seconds=1e-09, action_latency_cycles=1)
2024-07-25 22:00:48 INFO        Library estimated 0.0p with accuracy 90%. Messages:
2024-07-25 22:00:48 INFO        | Found 1 entries for aladdin_register.write.
2024-07-25 22:00:48 INFO        | Checking entry "{'technology': '45nm', 'global_cycle_seconds': '1e-9', 'width|datawidth': '1', 'dynamic energy(pJ)': '0', 'area(um^2)': '5.98E+00', 'action': 'write', 'name': 'aladdin_register', 'area_scale': 1, 'energy_scale': 1, 'n_instances': 1}
2024-07-25 22:00:48 INFO        | value=0.0, matching_attrs=3, log=['Scaling width from 1 to 16', 'Scaling global_cycle_seconds from 1e-9 to 1e-09', 'Scaled aladdin_register.width from 1.0 to 16.0: 16.0x energy', 'Scaled aladdin_register.global_cycle_seconds from 1e-09 to 1e-09: 1x energy', 'aladdin_register energy has been scaled 16.0x']
2024-07-25 22:00:48 INFO        | Best-matching entry: {'technology': '45nm', 'global_cycle_seconds': '1e-9', 'width|datawidth': '1', 'dynamic energy(pJ)': '0', 'area(um^2)': '5.98E+00', 'action': 'write', 'name': 'aladdin_register', 'area_scale': 1, 'energy_scale': 1, 'n_instances': 1}
2024-07-25 22:00:48 INFO        | Scaling width from 1 to 16
2024-07-25 22:00:48 INFO        | Scaling global_cycle_seconds from 1e-9 to 1e-09
2024-07-25 22:00:48 INFO        | Scaled aladdin_register.width from 1.0 to 16.0: 16.0x energy
2024-07-25 22:00:48 INFO        | Scaled aladdin_register.global_cycle_seconds from 1e-09 to 1e-09: 1x energy
2024-07-25 22:00:48 INFO        | aladdin_register energy has been scaled 16.0x
2024-07-25 22:00:48 INFO        
2024-07-25 22:00:48 INFO        ENERGY ESTIMATION for aladdin_register(depth=1, width=16, datawidth=16, has_power_gating=False, n_banks=2, cluster_size=1, reduction_supported=True, multiple_buffering=1, min_utilization=0, allow_overbooking=False, meshX=32, meshY=32, technology=45nm, global_cycle_seconds=1e-09, version=0.4, action_latency_cycles=1, cycle_seconds=1e-09, n_instances=1).read(global_cycle_seconds=1e-09, action_latency_cycles=1)
2024-07-25 22:00:48 INFO        Library estimated 0.144p with accuracy 90%. Messages:
2024-07-25 22:00:48 INFO        | Found 1 entries for aladdin_register.read.
2024-07-25 22:00:48 INFO        | Checking entry "{'technology': '45nm', 'global_cycle_seconds': '1e-9', 'width|datawidth': '1', 'dynamic energy(pJ)': '0.009', 'area(um^2)': '5.98E+00', 'action': 'read', 'name': 'aladdin_register', 'area_scale': 1, 'energy_scale': 1, 'n_instances': 1}
2024-07-25 22:00:48 INFO        | value=0.009, matching_attrs=3, log=['Scaling width from 1 to 16', 'Scaling global_cycle_seconds from 1e-9 to 1e-09', 'Scaled aladdin_register.width from 1.0 to 16.0: 16.0x energy', 'Scaled aladdin_register.global_cycle_seconds from 1e-09 to 1e-09: 1x energy', 'aladdin_register energy has been scaled 16.0x']
2024-07-25 22:00:48 INFO        | Best-matching entry: {'technology': '45nm', 'global_cycle_seconds': '1e-9', 'width|datawidth': '1', 'dynamic energy(pJ)': '0.009', 'area(um^2)': '5.98E+00', 'action': 'read', 'name': 'aladdin_register', 'area_scale': 1, 'energy_scale': 1, 'n_instances': 1}
2024-07-25 22:00:48 INFO        | Scaling width from 1 to 16
2024-07-25 22:00:48 INFO        | Scaling global_cycle_seconds from 1e-9 to 1e-09
2024-07-25 22:00:48 INFO        | Scaled aladdin_register.width from 1.0 to 16.0: 16.0x energy
2024-07-25 22:00:48 INFO        | Scaled aladdin_register.global_cycle_seconds from 1e-09 to 1e-09: 1x energy
2024-07-25 22:00:48 INFO        | aladdin_register energy has been scaled 16.0x
2024-07-25 22:00:48 INFO        
2024-07-25 22:00:48 INFO        ENERGY ESTIMATION for aladdin_register(depth=1, width=16, datawidth=16, has_power_gating=False, n_banks=2, cluster_size=1, reduction_supported=True, multiple_buffering=1, min_utilization=0, allow_overbooking=False, meshX=32, meshY=32, technology=45nm, global_cycle_seconds=1e-09, version=0.4, action_latency_cycles=1, cycle_seconds=1e-09, n_instances=1).leak(global_cycle_seconds=1e-09, action_latency_cycles=1)
2024-07-25 22:00:48 INFO        Library estimated 0.0p with accuracy 90%. Messages:
2024-07-25 22:00:48 INFO        | Found 1 entries for aladdin_register.leak.
2024-07-25 22:00:48 INFO        | Checking entry "{'technology': '45nm', 'global_cycle_seconds': '1e-9', 'width|datawidth': '1', 'dynamic energy(pJ)': '0', 'area(um^2)': '5.98E+00', 'action': 'leak', 'name': 'aladdin_register', 'area_scale': 1, 'energy_scale': 1, 'n_instances': 1}
2024-07-25 22:00:48 INFO        | value=0.0, matching_attrs=3, log=['Scaling width from 1 to 16', 'Scaling global_cycle_seconds from 1e-9 to 1e-09', 'Scaled aladdin_register.width from 1.0 to 16.0: 16.0x leak', 'Scaled aladdin_register.global_cycle_seconds from 1e-09 to 1e-09: 1.0x leak', 'aladdin_register leak has been scaled 16.0x']
2024-07-25 22:00:48 INFO        | Best-matching entry: {'technology': '45nm', 'global_cycle_seconds': '1e-9', 'width|datawidth': '1', 'dynamic energy(pJ)': '0', 'area(um^2)': '5.98E+00', 'action': 'leak', 'name': 'aladdin_register', 'area_scale': 1, 'energy_scale': 1, 'n_instances': 1}
2024-07-25 22:00:48 INFO        | Scaling width from 1 to 16
2024-07-25 22:00:48 INFO        | Scaling global_cycle_seconds from 1e-9 to 1e-09
2024-07-25 22:00:48 INFO        | Scaled aladdin_register.width from 1.0 to 16.0: 16.0x leak
2024-07-25 22:00:48 INFO        | Scaled aladdin_register.global_cycle_seconds from 1e-09 to 1e-09: 1.0x leak
2024-07-25 22:00:48 INFO        | aladdin_register leak has been scaled 16.0x
2024-07-25 22:00:48 INFO        | Multiplying by n_instances 1
2024-07-25 22:00:48 INFO        
2024-07-25 22:00:48 INFO        ENERGY ESTIMATION for aladdin_register(depth=1, width=16, datawidth=16, has_power_gating=False, n_banks=2, cluster_size=1, reduction_supported=True, multiple_buffering=1, min_utilization=0, allow_overbooking=False, meshX=32, meshY=32, technology=45nm, global_cycle_seconds=1e-09, version=0.4, action_latency_cycles=1, cycle_seconds=1e-09, n_instances=1).update(global_cycle_seconds=1e-09, action_latency_cycles=1)
2024-07-25 22:00:48 INFO        Library estimated 0.0p with accuracy 90%. Messages:
2024-07-25 22:00:48 INFO        | Found 1 entries for aladdin_register.update.
2024-07-25 22:00:48 INFO        | Checking entry "{'technology': '45nm', 'global_cycle_seconds': '1e-9', 'width|datawidth': '1', 'dynamic energy(pJ)': '0', 'area(um^2)': '5.98E+00', 'action': 'update', 'name': 'aladdin_register', 'area_scale': 1, 'energy_scale': 1, 'n_instances': 1}
2024-07-25 22:00:48 INFO        | value=0.0, matching_attrs=3, log=['Scaling width from 1 to 16', 'Scaling global_cycle_seconds from 1e-9 to 1e-09', 'Scaled aladdin_register.width from 1.0 to 16.0: 16.0x energy', 'Scaled aladdin_register.global_cycle_seconds from 1e-09 to 1e-09: 1x energy', 'aladdin_register energy has been scaled 16.0x']
2024-07-25 22:00:48 INFO        | Best-matching entry: {'technology': '45nm', 'global_cycle_seconds': '1e-9', 'width|datawidth': '1', 'dynamic energy(pJ)': '0', 'area(um^2)': '5.98E+00', 'action': 'update', 'name': 'aladdin_register', 'area_scale': 1, 'energy_scale': 1, 'n_instances': 1}
2024-07-25 22:00:48 INFO        | Scaling width from 1 to 16
2024-07-25 22:00:48 INFO        | Scaling global_cycle_seconds from 1e-9 to 1e-09
2024-07-25 22:00:48 INFO        | Scaled aladdin_register.width from 1.0 to 16.0: 16.0x energy
2024-07-25 22:00:48 INFO        | Scaled aladdin_register.global_cycle_seconds from 1e-09 to 1e-09: 1x energy
2024-07-25 22:00:48 INFO        | aladdin_register energy has been scaled 16.0x
2024-07-25 22:00:48 INFO        
2024-07-25 22:00:48 INFO        ENERGY ESTIMATION for aladdin_register(depth=1, width=16, datawidth=16, has_power_gating=False, n_banks=2, cluster_size=1, reduction_supported=True, multiple_buffering=1, min_utilization=0, allow_overbooking=False, meshX=32, meshY=32, technology=45nm, global_cycle_seconds=1e-09, version=0.4, action_latency_cycles=1, cycle_seconds=1e-09, n_instances=1).write(global_cycle_seconds=1e-09, action_latency_cycles=1)
2024-07-25 22:00:48 INFO        Library estimated 0.0p with accuracy 90%. Messages:
2024-07-25 22:00:48 INFO        | Found 1 entries for aladdin_register.write.
2024-07-25 22:00:48 INFO        | Checking entry "{'technology': '45nm', 'global_cycle_seconds': '1e-9', 'width|datawidth': '1', 'dynamic energy(pJ)': '0', 'area(um^2)': '5.98E+00', 'action': 'write', 'name': 'aladdin_register', 'area_scale': 1, 'energy_scale': 1, 'n_instances': 1}
2024-07-25 22:00:48 INFO        | value=0.0, matching_attrs=3, log=['Scaling width from 1 to 16', 'Scaling global_cycle_seconds from 1e-9 to 1e-09', 'Scaled aladdin_register.width from 1.0 to 16.0: 16.0x energy', 'Scaled aladdin_register.global_cycle_seconds from 1e-09 to 1e-09: 1x energy', 'aladdin_register energy has been scaled 16.0x']
2024-07-25 22:00:48 INFO        | Best-matching entry: {'technology': '45nm', 'global_cycle_seconds': '1e-9', 'width|datawidth': '1', 'dynamic energy(pJ)': '0', 'area(um^2)': '5.98E+00', 'action': 'write', 'name': 'aladdin_register', 'area_scale': 1, 'energy_scale': 1, 'n_instances': 1}
2024-07-25 22:00:48 INFO        | Scaling width from 1 to 16
2024-07-25 22:00:48 INFO        | Scaling global_cycle_seconds from 1e-9 to 1e-09
2024-07-25 22:00:48 INFO        | Scaled aladdin_register.width from 1.0 to 16.0: 16.0x energy
2024-07-25 22:00:48 INFO        | Scaled aladdin_register.global_cycle_seconds from 1e-09 to 1e-09: 1x energy
2024-07-25 22:00:48 INFO        | aladdin_register energy has been scaled 16.0x
2024-07-25 22:00:48 INFO        
2024-07-25 22:00:48 INFO        ENERGY ESTIMATION for aladdin_register(depth=1, width=16, datawidth=16, has_power_gating=False, n_banks=2, cluster_size=1, reduction_supported=True, multiple_buffering=1, min_utilization=0, allow_overbooking=False, meshX=32, meshY=32, technology=45nm, global_cycle_seconds=1e-09, version=0.4, action_latency_cycles=1, cycle_seconds=1e-09, n_instances=1).read(global_cycle_seconds=1e-09, action_latency_cycles=1)
2024-07-25 22:00:48 INFO        Library estimated 0.144p with accuracy 90%. Messages:
2024-07-25 22:00:48 INFO        | Found 1 entries for aladdin_register.read.
2024-07-25 22:00:48 INFO        | Checking entry "{'technology': '45nm', 'global_cycle_seconds': '1e-9', 'width|datawidth': '1', 'dynamic energy(pJ)': '0.009', 'area(um^2)': '5.98E+00', 'action': 'read', 'name': 'aladdin_register', 'area_scale': 1, 'energy_scale': 1, 'n_instances': 1}
2024-07-25 22:00:48 INFO        | value=0.009, matching_attrs=3, log=['Scaling width from 1 to 16', 'Scaling global_cycle_seconds from 1e-9 to 1e-09', 'Scaled aladdin_register.width from 1.0 to 16.0: 16.0x energy', 'Scaled aladdin_register.global_cycle_seconds from 1e-09 to 1e-09: 1x energy', 'aladdin_register energy has been scaled 16.0x']
2024-07-25 22:00:48 INFO        | Best-matching entry: {'technology': '45nm', 'global_cycle_seconds': '1e-9', 'width|datawidth': '1', 'dynamic energy(pJ)': '0.009', 'area(um^2)': '5.98E+00', 'action': 'read', 'name': 'aladdin_register', 'area_scale': 1, 'energy_scale': 1, 'n_instances': 1}
2024-07-25 22:00:48 INFO        | Scaling width from 1 to 16
2024-07-25 22:00:48 INFO        | Scaling global_cycle_seconds from 1e-9 to 1e-09
2024-07-25 22:00:48 INFO        | Scaled aladdin_register.width from 1.0 to 16.0: 16.0x energy
2024-07-25 22:00:48 INFO        | Scaled aladdin_register.global_cycle_seconds from 1e-09 to 1e-09: 1x energy
2024-07-25 22:00:48 INFO        | aladdin_register energy has been scaled 16.0x
2024-07-25 22:00:48 INFO        
2024-07-25 22:00:48 INFO        ENERGY ESTIMATION for aladdin_register(depth=1, width=16, datawidth=16, has_power_gating=False, n_banks=2, cluster_size=1, reduction_supported=True, multiple_buffering=1, min_utilization=0, allow_overbooking=False, meshX=32, meshY=32, technology=45nm, global_cycle_seconds=1e-09, version=0.4, action_latency_cycles=1, cycle_seconds=1e-09, n_instances=1).leak(global_cycle_seconds=1e-09, action_latency_cycles=1)
2024-07-25 22:00:48 INFO        Library estimated 0.0p with accuracy 90%. Messages:
2024-07-25 22:00:48 INFO        | Found 1 entries for aladdin_register.leak.
2024-07-25 22:00:48 INFO        | Checking entry "{'technology': '45nm', 'global_cycle_seconds': '1e-9', 'width|datawidth': '1', 'dynamic energy(pJ)': '0', 'area(um^2)': '5.98E+00', 'action': 'leak', 'name': 'aladdin_register', 'area_scale': 1, 'energy_scale': 1, 'n_instances': 1}
2024-07-25 22:00:48 INFO        | value=0.0, matching_attrs=3, log=['Scaling width from 1 to 16', 'Scaling global_cycle_seconds from 1e-9 to 1e-09', 'Scaled aladdin_register.width from 1.0 to 16.0: 16.0x leak', 'Scaled aladdin_register.global_cycle_seconds from 1e-09 to 1e-09: 1.0x leak', 'aladdin_register leak has been scaled 16.0x']
2024-07-25 22:00:48 INFO        | Best-matching entry: {'technology': '45nm', 'global_cycle_seconds': '1e-9', 'width|datawidth': '1', 'dynamic energy(pJ)': '0', 'area(um^2)': '5.98E+00', 'action': 'leak', 'name': 'aladdin_register', 'area_scale': 1, 'energy_scale': 1, 'n_instances': 1}
2024-07-25 22:00:48 INFO        | Scaling width from 1 to 16
2024-07-25 22:00:48 INFO        | Scaling global_cycle_seconds from 1e-9 to 1e-09
2024-07-25 22:00:48 INFO        | Scaled aladdin_register.width from 1.0 to 16.0: 16.0x leak
2024-07-25 22:00:48 INFO        | Scaled aladdin_register.global_cycle_seconds from 1e-09 to 1e-09: 1.0x leak
2024-07-25 22:00:48 INFO        | aladdin_register leak has been scaled 16.0x
2024-07-25 22:00:48 INFO        | Multiplying by n_instances 1
2024-07-25 22:00:48 INFO        
2024-07-25 22:00:48 INFO        ENERGY ESTIMATION for aladdin_register(depth=1, width=16, datawidth=16, has_power_gating=False, n_banks=2, cluster_size=1, reduction_supported=True, multiple_buffering=1, min_utilization=0, allow_overbooking=False, meshX=32, meshY=32, technology=45nm, global_cycle_seconds=1e-09, version=0.4, action_latency_cycles=1, cycle_seconds=1e-09, n_instances=1).update(global_cycle_seconds=1e-09, action_latency_cycles=1)
2024-07-25 22:00:48 INFO        Library estimated 0.0p with accuracy 90%. Messages:
2024-07-25 22:00:48 INFO        | Found 1 entries for aladdin_register.update.
2024-07-25 22:00:48 INFO        | Checking entry "{'technology': '45nm', 'global_cycle_seconds': '1e-9', 'width|datawidth': '1', 'dynamic energy(pJ)': '0', 'area(um^2)': '5.98E+00', 'action': 'update', 'name': 'aladdin_register', 'area_scale': 1, 'energy_scale': 1, 'n_instances': 1}
2024-07-25 22:00:48 INFO        | value=0.0, matching_attrs=3, log=['Scaling width from 1 to 16', 'Scaling global_cycle_seconds from 1e-9 to 1e-09', 'Scaled aladdin_register.width from 1.0 to 16.0: 16.0x energy', 'Scaled aladdin_register.global_cycle_seconds from 1e-09 to 1e-09: 1x energy', 'aladdin_register energy has been scaled 16.0x']
2024-07-25 22:00:48 INFO        | Best-matching entry: {'technology': '45nm', 'global_cycle_seconds': '1e-9', 'width|datawidth': '1', 'dynamic energy(pJ)': '0', 'area(um^2)': '5.98E+00', 'action': 'update', 'name': 'aladdin_register', 'area_scale': 1, 'energy_scale': 1, 'n_instances': 1}
2024-07-25 22:00:48 INFO        | Scaling width from 1 to 16
2024-07-25 22:00:48 INFO        | Scaling global_cycle_seconds from 1e-9 to 1e-09
2024-07-25 22:00:48 INFO        | Scaled aladdin_register.width from 1.0 to 16.0: 16.0x energy
2024-07-25 22:00:48 INFO        | Scaled aladdin_register.global_cycle_seconds from 1e-09 to 1e-09: 1x energy
2024-07-25 22:00:48 INFO        | aladdin_register energy has been scaled 16.0x
2024-07-25 22:00:48 INFO        
2024-07-25 22:00:48 INFO        ENERGY ESTIMATION for aladdin_register(depth=1, width=16, datawidth=16, has_power_gating=False, n_banks=2, cluster_size=1, reduction_supported=True, multiple_buffering=1, min_utilization=0, allow_overbooking=False, meshX=32, meshY=32, technology=45nm, global_cycle_seconds=1e-09, version=0.4, action_latency_cycles=1, cycle_seconds=1e-09, n_instances=1).write(global_cycle_seconds=1e-09, action_latency_cycles=1)
2024-07-25 22:00:48 INFO        Library estimated 0.0p with accuracy 90%. Messages:
2024-07-25 22:00:48 INFO        | Found 1 entries for aladdin_register.write.
2024-07-25 22:00:48 INFO        | Checking entry "{'technology': '45nm', 'global_cycle_seconds': '1e-9', 'width|datawidth': '1', 'dynamic energy(pJ)': '0', 'area(um^2)': '5.98E+00', 'action': 'write', 'name': 'aladdin_register', 'area_scale': 1, 'energy_scale': 1, 'n_instances': 1}
2024-07-25 22:00:48 INFO        | value=0.0, matching_attrs=3, log=['Scaling width from 1 to 16', 'Scaling global_cycle_seconds from 1e-9 to 1e-09', 'Scaled aladdin_register.width from 1.0 to 16.0: 16.0x energy', 'Scaled aladdin_register.global_cycle_seconds from 1e-09 to 1e-09: 1x energy', 'aladdin_register energy has been scaled 16.0x']
2024-07-25 22:00:48 INFO        | Best-matching entry: {'technology': '45nm', 'global_cycle_seconds': '1e-9', 'width|datawidth': '1', 'dynamic energy(pJ)': '0', 'area(um^2)': '5.98E+00', 'action': 'write', 'name': 'aladdin_register', 'area_scale': 1, 'energy_scale': 1, 'n_instances': 1}
2024-07-25 22:00:48 INFO        | Scaling width from 1 to 16
2024-07-25 22:00:48 INFO        | Scaling global_cycle_seconds from 1e-9 to 1e-09
2024-07-25 22:00:48 INFO        | Scaled aladdin_register.width from 1.0 to 16.0: 16.0x energy
2024-07-25 22:00:48 INFO        | Scaled aladdin_register.global_cycle_seconds from 1e-09 to 1e-09: 1x energy
2024-07-25 22:00:48 INFO        | aladdin_register energy has been scaled 16.0x
2024-07-25 22:00:48 INFO        
2024-07-25 22:00:48 INFO        ENERGY ESTIMATION for aladdin_register(depth=1, width=16, datawidth=16, has_power_gating=False, n_banks=2, cluster_size=1, reduction_supported=True, multiple_buffering=1, min_utilization=0, allow_overbooking=False, meshX=32, meshY=32, technology=45nm, global_cycle_seconds=1e-09, version=0.4, action_latency_cycles=1, cycle_seconds=1e-09, n_instances=1).read(global_cycle_seconds=1e-09, action_latency_cycles=1)
2024-07-25 22:00:48 INFO        Library estimated 0.144p with accuracy 90%. Messages:
2024-07-25 22:00:48 INFO        | Found 1 entries for aladdin_register.read.
2024-07-25 22:00:48 INFO        | Checking entry "{'technology': '45nm', 'global_cycle_seconds': '1e-9', 'width|datawidth': '1', 'dynamic energy(pJ)': '0.009', 'area(um^2)': '5.98E+00', 'action': 'read', 'name': 'aladdin_register', 'area_scale': 1, 'energy_scale': 1, 'n_instances': 1}
2024-07-25 22:00:48 INFO        | value=0.009, matching_attrs=3, log=['Scaling width from 1 to 16', 'Scaling global_cycle_seconds from 1e-9 to 1e-09', 'Scaled aladdin_register.width from 1.0 to 16.0: 16.0x energy', 'Scaled aladdin_register.global_cycle_seconds from 1e-09 to 1e-09: 1x energy', 'aladdin_register energy has been scaled 16.0x']
2024-07-25 22:00:48 INFO        | Best-matching entry: {'technology': '45nm', 'global_cycle_seconds': '1e-9', 'width|datawidth': '1', 'dynamic energy(pJ)': '0.009', 'area(um^2)': '5.98E+00', 'action': 'read', 'name': 'aladdin_register', 'area_scale': 1, 'energy_scale': 1, 'n_instances': 1}
2024-07-25 22:00:48 INFO        | Scaling width from 1 to 16
2024-07-25 22:00:48 INFO        | Scaling global_cycle_seconds from 1e-9 to 1e-09
2024-07-25 22:00:48 INFO        | Scaled aladdin_register.width from 1.0 to 16.0: 16.0x energy
2024-07-25 22:00:48 INFO        | Scaled aladdin_register.global_cycle_seconds from 1e-09 to 1e-09: 1x energy
2024-07-25 22:00:48 INFO        | aladdin_register energy has been scaled 16.0x
2024-07-25 22:00:48 INFO        
2024-07-25 22:00:48 INFO        ENERGY ESTIMATION for aladdin_register(depth=1, width=16, datawidth=16, has_power_gating=False, n_banks=2, cluster_size=1, reduction_supported=True, multiple_buffering=1, min_utilization=0, allow_overbooking=False, meshX=32, meshY=32, technology=45nm, global_cycle_seconds=1e-09, version=0.4, action_latency_cycles=1, cycle_seconds=1e-09, n_instances=1).leak(global_cycle_seconds=1e-09, action_latency_cycles=1)
2024-07-25 22:00:48 INFO        Library estimated 0.0p with accuracy 90%. Messages:
2024-07-25 22:00:48 INFO        | Found 1 entries for aladdin_register.leak.
2024-07-25 22:00:48 INFO        | Checking entry "{'technology': '45nm', 'global_cycle_seconds': '1e-9', 'width|datawidth': '1', 'dynamic energy(pJ)': '0', 'area(um^2)': '5.98E+00', 'action': 'leak', 'name': 'aladdin_register', 'area_scale': 1, 'energy_scale': 1, 'n_instances': 1}
2024-07-25 22:00:48 INFO        | value=0.0, matching_attrs=3, log=['Scaling width from 1 to 16', 'Scaling global_cycle_seconds from 1e-9 to 1e-09', 'Scaled aladdin_register.width from 1.0 to 16.0: 16.0x leak', 'Scaled aladdin_register.global_cycle_seconds from 1e-09 to 1e-09: 1.0x leak', 'aladdin_register leak has been scaled 16.0x']
2024-07-25 22:00:48 INFO        | Best-matching entry: {'technology': '45nm', 'global_cycle_seconds': '1e-9', 'width|datawidth': '1', 'dynamic energy(pJ)': '0', 'area(um^2)': '5.98E+00', 'action': 'leak', 'name': 'aladdin_register', 'area_scale': 1, 'energy_scale': 1, 'n_instances': 1}
2024-07-25 22:00:48 INFO        | Scaling width from 1 to 16
2024-07-25 22:00:48 INFO        | Scaling global_cycle_seconds from 1e-9 to 1e-09
2024-07-25 22:00:48 INFO        | Scaled aladdin_register.width from 1.0 to 16.0: 16.0x leak
2024-07-25 22:00:48 INFO        | Scaled aladdin_register.global_cycle_seconds from 1e-09 to 1e-09: 1.0x leak
2024-07-25 22:00:48 INFO        | aladdin_register leak has been scaled 16.0x
2024-07-25 22:00:48 INFO        | Multiplying by n_instances 1
2024-07-25 22:00:48 INFO        
2024-07-25 22:00:48 INFO        ENERGY ESTIMATION for aladdin_register(depth=1, width=16, datawidth=16, has_power_gating=False, n_banks=2, cluster_size=1, reduction_supported=True, multiple_buffering=1, min_utilization=0, allow_overbooking=False, meshX=32, meshY=32, technology=45nm, global_cycle_seconds=1e-09, version=0.4, action_latency_cycles=1, cycle_seconds=1e-09, n_instances=1).update(global_cycle_seconds=1e-09, action_latency_cycles=1)
2024-07-25 22:00:48 INFO        Library estimated 0.0p with accuracy 90%. Messages:
2024-07-25 22:00:48 INFO        | Found 1 entries for aladdin_register.update.
2024-07-25 22:00:48 INFO        | Checking entry "{'technology': '45nm', 'global_cycle_seconds': '1e-9', 'width|datawidth': '1', 'dynamic energy(pJ)': '0', 'area(um^2)': '5.98E+00', 'action': 'update', 'name': 'aladdin_register', 'area_scale': 1, 'energy_scale': 1, 'n_instances': 1}
2024-07-25 22:00:48 INFO        | value=0.0, matching_attrs=3, log=['Scaling width from 1 to 16', 'Scaling global_cycle_seconds from 1e-9 to 1e-09', 'Scaled aladdin_register.width from 1.0 to 16.0: 16.0x energy', 'Scaled aladdin_register.global_cycle_seconds from 1e-09 to 1e-09: 1x energy', 'aladdin_register energy has been scaled 16.0x']
2024-07-25 22:00:48 INFO        | Best-matching entry: {'technology': '45nm', 'global_cycle_seconds': '1e-9', 'width|datawidth': '1', 'dynamic energy(pJ)': '0', 'area(um^2)': '5.98E+00', 'action': 'update', 'name': 'aladdin_register', 'area_scale': 1, 'energy_scale': 1, 'n_instances': 1}
2024-07-25 22:00:48 INFO        | Scaling width from 1 to 16
2024-07-25 22:00:48 INFO        | Scaling global_cycle_seconds from 1e-9 to 1e-09
2024-07-25 22:00:48 INFO        | Scaled aladdin_register.width from 1.0 to 16.0: 16.0x energy
2024-07-25 22:00:48 INFO        | Scaled aladdin_register.global_cycle_seconds from 1e-09 to 1e-09: 1x energy
2024-07-25 22:00:48 INFO        | aladdin_register energy has been scaled 16.0x
2024-07-25 22:00:48 INFO        
2024-07-25 22:00:48 INFO        ENERGY ESTIMATION for SRAM(width=64, depth=8192, n_rdwr_ports=1, global_cycle_seconds=1e-09, action_latency_cycles=1, cycle_seconds=1e-09, technology=45nm, n_instances=1).write(global_cycle_seconds=1e-09, action_latency_cycles=1, cycle_seconds=1e-09, technology=45nm, n_instances=1)
2024-07-25 22:00:58 INFO        CactiSRAM estimated 1.96486e-11 with accuracy 80%. Messages:
2024-07-25 22:00:58 INFO        | Unused arguments (n_rdwr_ports, global_cycle_seconds, action_latency_cycles, cycle_seconds, n_instances) provided for ['SRAM', 'sram'].__init__. Arguments used: (width, depth, technology)
2024-07-25 22:00:58 INFO        | Unused arguments (global_cycle_seconds, action_latency_cycles, cycle_seconds, technology, n_instances) provided for ['SRAM', 'sram'].write. Arguments used: ()
2024-07-25 22:00:58 INFO        | Calling CACTI with cache_size=65536 n_rw_ports=1 block_size=8 tech_node_um=0.045 n_banks=1 tag_size=0 associativity=1
2024-07-25 22:00:58 INFO        | Calling CACTI with input path /usr/local/share/accelergy/estimation_plug_ins/accelergy-cacti-plug-in/cacti_inputs_outputs/tmp63wbec7w
2024-07-25 22:00:58 INFO        | CACTI output will be written to /usr/local/share/accelergy/estimation_plug_ins/accelergy-cacti-plug-in/cacti_inputs_outputs/tmp97r4k8ft
2024-07-25 22:00:58 INFO        | CACTI executable not found at /usr/local/share/accelergy/estimation_plug_ins/accelergy-cacti-plug-in/cacti/cacti
2024-07-25 22:00:58 INFO        | Calling: cd /usr/local/share/accelergy/estimation_plug_ins/accelergy-cacti-plug-in ; ./cacti -infile /usr/local/share/accelergy/estimation_plug_ins/accelergy-cacti-plug-in/cacti_inputs_outputs/tmp63wbec7w >> /usr/local/share/accelergy/estimation_plug_ins/accelergy-cacti-plug-in/cacti_inputs_outputs/tmp97r4k8ft 2>&1
2024-07-25 22:00:58 INFO        | Cache bandwidth: 8.0 bits/cycle
2024-07-25 22:00:58 INFO        | Cache bandwidth: 38.765559223477396 Gbits/second
2024-07-25 22:00:58 INFO        
2024-07-25 22:00:58 INFO        ENERGY ESTIMATION for intadder(n_bits=13, precision=13, global_cycle_seconds=1e-09, action_latency_cycles=1, cycle_seconds=1e-09, technology=45nm, n_instances=1).add(global_cycle_seconds=1e-09, action_latency_cycles=1, cycle_seconds=1e-09, technology=45nm, n_instances=1)
2024-07-25 22:00:58 INFO        Neurosim Plug-In estimated 0.05253236000000001p with accuracy 70%. Messages:
2024-07-25 22:00:58 INFO        | WARN: Non-numeric 45nm for parameter technology. Using 45 instead.
2024-07-25 22:00:58 INFO        | Building a crossbar with cell file /usr/local/share/accelergy/estimation_plug_ins/accelergy-neurosim-plugin/cells/placeholder.cell
2024-07-25 22:00:58 INFO        | Neurosim Plugin parsing cell file...
2024-07-25 22:00:58 INFO        | 	Failed to calculate "widthSRAMCellNMOS:". Ignore if this value is not needed.
2024-07-25 22:00:58 INFO        | 		Could not find -SRAMCellNMOSWidth (F): in cell file.
2024-07-25 22:00:58 INFO        | 	Failed to calculate "widthSRAMCellPMOS:". Ignore if this value is not needed.
2024-07-25 22:00:58 INFO        | 		Could not find -SRAMCellPMOSWidth (F): in cell file.
2024-07-25 22:00:58 INFO        | 	Failed to calculate "minSenseVoltage:". Ignore if this value is not needed.
2024-07-25 22:00:58 INFO        | 		Could not find -MinSenseVoltage (mV): in cell file.
2024-07-25 22:00:58 INFO        | 	Failed to calculate "accessTransistorResistance:". Ignore if this value is not needed.
2024-07-25 22:00:58 INFO        | 		Could not find -AccessTransistorResistance (ohm): in cell file.
2024-07-25 22:00:58 INFO        | 	Failed to calculate "WriteVoltage:". Ignore if this value is not needed.
2024-07-25 22:00:58 INFO        | 		Could not find -WriteVoltage (V): in cell file.
2024-07-25 22:00:58 INFO        | 	Failed to calculate "SET_CURRENT". Ignore if this value is not needed.
2024-07-25 22:00:58 INFO        | 		Could not find -SetCurrent (uA): in cell file.
2024-07-25 22:00:58 INFO        | 	Failed to calculate "SET_POWER". Ignore if this value is not needed.
2024-07-25 22:00:58 INFO        | 		Could not find -SetPower (uW): in cell file.
2024-07-25 22:00:58 INFO        | 	Failed to calculate "READ_CURRENT". Ignore if this value is not needed.
2024-07-25 22:00:58 INFO        | 		Could not find -ReadCurrent (uA): in cell file.
2024-07-25 22:00:58 INFO        | 	Failed to calculate "READ_ENERGY". Ignore if this value is not needed.
2024-07-25 22:00:58 INFO        | 		Could not find -ReadEnergy (pJ): in cell file.
2024-07-25 22:00:58 INFO        | 	Failed to calculate "cellCapacitanceMultiplier:". Ignore if this value is not needed.
2024-07-25 22:00:58 INFO        | 		Could not find -CellCapacitanceMultiplier: in cell file.
2024-07-25 22:00:58 INFO        | 	Failed to calculate "cellCapacitanceAdjust:". Ignore if this value is not needed.
2024-07-25 22:00:58 INFO        | 		Could not find -CellCapacitanceAdjust (F): in cell file.
2024-07-25 22:00:58 INFO        | 	Failed to calculate "deviceRoadmap:". Ignore if this value is not needed.
2024-07-25 22:00:58 INFO        | 		Could not find -DeviceRoadmap -1LP 1HP 2LSTP: in cell file.
2024-07-25 22:00:58 INFO        | Running /usr/local/share/accelergy/estimation_plug_ins/accelergy-neurosim-plugin/NeuroSim/main /usr/local/share/accelergy/estimation_plug_ins/accelergy-neurosim-plugin/neurosim_input_16378.cfg
2024-07-25 22:00:58 INFO        | Crossbar minimum latency is 2.808 ns to read 8.0 columns at once.
2024-07-25 22:00:58 INFO        
2024-07-25 22:00:58 INFO        ENERGY ESTIMATION for SRAM(width=64, depth=8192, n_rdwr_ports=1, global_cycle_seconds=1e-09, action_latency_cycles=1, cycle_seconds=1e-09, technology=45nm, n_instances=1).read(global_cycle_seconds=1e-09, action_latency_cycles=1, cycle_seconds=1e-09, technology=45nm, n_instances=1)
2024-07-25 22:01:09 INFO        CactiSRAM estimated 2.5869500000000002e-11 with accuracy 80%. Messages:
2024-07-25 22:01:09 INFO        | Unused arguments (n_rdwr_ports, global_cycle_seconds, action_latency_cycles, cycle_seconds, n_instances) provided for ['SRAM', 'sram'].__init__. Arguments used: (width, depth, technology)
2024-07-25 22:01:09 INFO        | Unused arguments (global_cycle_seconds, action_latency_cycles, cycle_seconds, technology, n_instances) provided for ['SRAM', 'sram'].read. Arguments used: ()
2024-07-25 22:01:09 INFO        | Calling CACTI with cache_size=65536 n_rw_ports=1 block_size=8 tech_node_um=0.045 n_banks=1 tag_size=0 associativity=1
2024-07-25 22:01:09 INFO        | Calling CACTI with input path /usr/local/share/accelergy/estimation_plug_ins/accelergy-cacti-plug-in/cacti_inputs_outputs/tmp2ybvivo9
2024-07-25 22:01:09 INFO        | CACTI output will be written to /usr/local/share/accelergy/estimation_plug_ins/accelergy-cacti-plug-in/cacti_inputs_outputs/tmpxsya4jwo
2024-07-25 22:01:09 INFO        | CACTI executable not found at /usr/local/share/accelergy/estimation_plug_ins/accelergy-cacti-plug-in/cacti/cacti
2024-07-25 22:01:09 INFO        | Calling: cd /usr/local/share/accelergy/estimation_plug_ins/accelergy-cacti-plug-in ; ./cacti -infile /usr/local/share/accelergy/estimation_plug_ins/accelergy-cacti-plug-in/cacti_inputs_outputs/tmp2ybvivo9 >> /usr/local/share/accelergy/estimation_plug_ins/accelergy-cacti-plug-in/cacti_inputs_outputs/tmpxsya4jwo 2>&1
2024-07-25 22:01:09 INFO        | Cache bandwidth: 8.0 bits/cycle
2024-07-25 22:01:09 INFO        | Cache bandwidth: 38.765559223477396 Gbits/second
2024-07-25 22:01:09 INFO        
2024-07-25 22:01:09 INFO        ENERGY ESTIMATION for intadder(n_bits=13, precision=13, global_cycle_seconds=1e-09, action_latency_cycles=1, cycle_seconds=1e-09, technology=45nm, n_instances=1).add(global_cycle_seconds=1e-09, action_latency_cycles=1, cycle_seconds=1e-09, technology=45nm, n_instances=1)
2024-07-25 22:01:09 INFO        Neurosim Plug-In estimated 0.05253236000000001p with accuracy 70%. Messages:
2024-07-25 22:01:09 INFO        | WARN: Non-numeric 45nm for parameter technology. Using 45 instead.
2024-07-25 22:01:09 INFO        
2024-07-25 22:01:09 INFO        ENERGY ESTIMATION for SRAM(width=64, depth=8192, n_rdwr_ports=1, global_cycle_seconds=1e-09, action_latency_cycles=1, cycle_seconds=1e-09, technology=45nm, n_instances=1).leak(global_cycle_seconds=1e-09, action_latency_cycles=1, cycle_seconds=1e-09, technology=45nm, n_instances=1)
2024-07-25 22:01:18 INFO        CactiSRAM estimated 1.67027e-15 with accuracy 80%. Messages:
2024-07-25 22:01:18 INFO        | Unused arguments (n_rdwr_ports, global_cycle_seconds, action_latency_cycles, cycle_seconds, n_instances) provided for ['SRAM', 'sram'].__init__. Arguments used: (width, depth, technology)
2024-07-25 22:01:18 INFO        | Unused arguments (action_latency_cycles, cycle_seconds, technology, n_instances) provided for ['SRAM', 'sram'].leak. Arguments used: (global_cycle_seconds)
2024-07-25 22:01:18 INFO        | Calling CACTI with cache_size=65536 n_rw_ports=1 block_size=8 tech_node_um=0.045 n_banks=1 tag_size=0 associativity=1
2024-07-25 22:01:18 INFO        | Calling CACTI with input path /usr/local/share/accelergy/estimation_plug_ins/accelergy-cacti-plug-in/cacti_inputs_outputs/tmpbpg8rp__
2024-07-25 22:01:18 INFO        | CACTI output will be written to /usr/local/share/accelergy/estimation_plug_ins/accelergy-cacti-plug-in/cacti_inputs_outputs/tmpneetm7cg
2024-07-25 22:01:18 INFO        | CACTI executable not found at /usr/local/share/accelergy/estimation_plug_ins/accelergy-cacti-plug-in/cacti/cacti
2024-07-25 22:01:18 INFO        | Calling: cd /usr/local/share/accelergy/estimation_plug_ins/accelergy-cacti-plug-in ; ./cacti -infile /usr/local/share/accelergy/estimation_plug_ins/accelergy-cacti-plug-in/cacti_inputs_outputs/tmpbpg8rp__ >> /usr/local/share/accelergy/estimation_plug_ins/accelergy-cacti-plug-in/cacti_inputs_outputs/tmpneetm7cg 2>&1
2024-07-25 22:01:18 INFO        | Cache bandwidth: 8.0 bits/cycle
2024-07-25 22:01:18 INFO        | Cache bandwidth: 38.765559223477396 Gbits/second
2024-07-25 22:01:18 INFO        | Global cycle time 1e-09 is less than the cache's random cycle time 1.65095
2024-07-25 22:01:18 INFO        | Multiplying by n_instances 1
2024-07-25 22:01:18 INFO        
2024-07-25 22:01:18 INFO        ENERGY ESTIMATION for intadder(n_bits=13, precision=13, global_cycle_seconds=1e-09, action_latency_cycles=1, cycle_seconds=1e-09, technology=45nm, n_instances=1).leak(global_cycle_seconds=1e-09, action_latency_cycles=1, cycle_seconds=1e-09, technology=45nm, n_instances=1)
2024-07-25 22:01:18 INFO        Neurosim Plug-In estimated 4.812332999999999e-06p with accuracy 70%. Messages:
2024-07-25 22:01:18 INFO        | WARN: Non-numeric 45nm for parameter technology. Using 45 instead.
2024-07-25 22:01:18 INFO        | Multiplying by n_instances 1
2024-07-25 22:01:18 INFO        
2024-07-25 22:01:18 INFO        ENERGY ESTIMATION for SRAM(width=64, depth=8192, n_rdwr_ports=1, global_cycle_seconds=1e-09, action_latency_cycles=1, cycle_seconds=1e-09, technology=45nm, n_instances=1).write(global_cycle_seconds=1e-09, action_latency_cycles=1, cycle_seconds=1e-09, technology=45nm, n_instances=1)
2024-07-25 22:01:27 INFO        CactiSRAM estimated 1.96486e-11 with accuracy 80%. Messages:
2024-07-25 22:01:27 INFO        | Unused arguments (n_rdwr_ports, global_cycle_seconds, action_latency_cycles, cycle_seconds, n_instances) provided for ['SRAM', 'sram'].__init__. Arguments used: (width, depth, technology)
2024-07-25 22:01:27 INFO        | Unused arguments (global_cycle_seconds, action_latency_cycles, cycle_seconds, technology, n_instances) provided for ['SRAM', 'sram'].write. Arguments used: ()
2024-07-25 22:01:27 INFO        | Calling CACTI with cache_size=65536 n_rw_ports=1 block_size=8 tech_node_um=0.045 n_banks=1 tag_size=0 associativity=1
2024-07-25 22:01:27 INFO        | Calling CACTI with input path /usr/local/share/accelergy/estimation_plug_ins/accelergy-cacti-plug-in/cacti_inputs_outputs/tmp51wg550u
2024-07-25 22:01:27 INFO        | CACTI output will be written to /usr/local/share/accelergy/estimation_plug_ins/accelergy-cacti-plug-in/cacti_inputs_outputs/tmpa_zst8gg
2024-07-25 22:01:27 INFO        | CACTI executable not found at /usr/local/share/accelergy/estimation_plug_ins/accelergy-cacti-plug-in/cacti/cacti
2024-07-25 22:01:27 INFO        | Calling: cd /usr/local/share/accelergy/estimation_plug_ins/accelergy-cacti-plug-in ; ./cacti -infile /usr/local/share/accelergy/estimation_plug_ins/accelergy-cacti-plug-in/cacti_inputs_outputs/tmp51wg550u >> /usr/local/share/accelergy/estimation_plug_ins/accelergy-cacti-plug-in/cacti_inputs_outputs/tmpa_zst8gg 2>&1
2024-07-25 22:01:27 INFO        | Cache bandwidth: 8.0 bits/cycle
2024-07-25 22:01:27 INFO        | Cache bandwidth: 38.765559223477396 Gbits/second
2024-07-25 22:01:27 INFO        
2024-07-25 22:01:27 INFO        ENERGY ESTIMATION for intadder(n_bits=13, precision=13, global_cycle_seconds=1e-09, action_latency_cycles=1, cycle_seconds=1e-09, technology=45nm, n_instances=1).add(global_cycle_seconds=1e-09, action_latency_cycles=1, cycle_seconds=1e-09, technology=45nm, n_instances=1)
2024-07-25 22:01:27 INFO        Neurosim Plug-In estimated 0.05253236000000001p with accuracy 70%. Messages:
2024-07-25 22:01:27 INFO        | WARN: Non-numeric 45nm for parameter technology. Using 45 instead.
2024-07-25 22:01:27 INFO        
2024-07-25 22:01:27 INFO        ENERGY ESTIMATION for SRAM(width=32, depth=192, n_rdwr_ports=1, global_cycle_seconds=1e-09, action_latency_cycles=1, cycle_seconds=1e-09, technology=45nm, n_instances=1).write(global_cycle_seconds=1e-09, action_latency_cycles=1, cycle_seconds=1e-09, technology=45nm, n_instances=1)
2024-07-25 22:01:28 INFO        CactiSRAM estimated 2.35412e-12 with accuracy 80%. Messages:
2024-07-25 22:01:28 INFO        | Unused arguments (n_rdwr_ports, global_cycle_seconds, action_latency_cycles, cycle_seconds, n_instances) provided for ['SRAM', 'sram'].__init__. Arguments used: (width, depth, technology)
2024-07-25 22:01:28 INFO        | Unused arguments (global_cycle_seconds, action_latency_cycles, cycle_seconds, technology, n_instances) provided for ['SRAM', 'sram'].write. Arguments used: ()
2024-07-25 22:01:28 INFO        | Calling CACTI with cache_size=768 n_rw_ports=1 block_size=4 tech_node_um=0.045 n_banks=1 tag_size=0 associativity=1
2024-07-25 22:01:28 INFO        | Calling CACTI with input path /usr/local/share/accelergy/estimation_plug_ins/accelergy-cacti-plug-in/cacti_inputs_outputs/tmp_frf3858
2024-07-25 22:01:28 INFO        | CACTI output will be written to /usr/local/share/accelergy/estimation_plug_ins/accelergy-cacti-plug-in/cacti_inputs_outputs/tmpxe13glyc
2024-07-25 22:01:28 INFO        | CACTI executable not found at /usr/local/share/accelergy/estimation_plug_ins/accelergy-cacti-plug-in/cacti/cacti
2024-07-25 22:01:28 INFO        | Calling: cd /usr/local/share/accelergy/estimation_plug_ins/accelergy-cacti-plug-in ; ./cacti -infile /usr/local/share/accelergy/estimation_plug_ins/accelergy-cacti-plug-in/cacti_inputs_outputs/tmp_frf3858 >> /usr/local/share/accelergy/estimation_plug_ins/accelergy-cacti-plug-in/cacti_inputs_outputs/tmpxe13glyc 2>&1
2024-07-25 22:01:28 INFO        | Cache bandwidth: 4.0 bits/cycle
2024-07-25 22:01:28 INFO        | Cache bandwidth: 52.904979350525245 Gbits/second
2024-07-25 22:01:28 INFO        
2024-07-25 22:01:28 INFO        ENERGY ESTIMATION for intadder(n_bits=8, precision=8, global_cycle_seconds=1e-09, action_latency_cycles=1, cycle_seconds=1e-09, technology=45nm, n_instances=1).add(global_cycle_seconds=1e-09, action_latency_cycles=1, cycle_seconds=1e-09, technology=45nm, n_instances=1)
2024-07-25 22:01:28 INFO        Neurosim Plug-In estimated 0.03243378p with accuracy 70%. Messages:
2024-07-25 22:01:28 INFO        | WARN: Non-numeric 45nm for parameter technology. Using 45 instead.
2024-07-25 22:01:28 INFO        | Building a crossbar with cell file /usr/local/share/accelergy/estimation_plug_ins/accelergy-neurosim-plugin/cells/placeholder.cell
2024-07-25 22:01:28 INFO        | Neurosim Plugin parsing cell file...
2024-07-25 22:01:28 INFO        | 	Failed to calculate "widthSRAMCellNMOS:". Ignore if this value is not needed.
2024-07-25 22:01:28 INFO        | 		Could not find -SRAMCellNMOSWidth (F): in cell file.
2024-07-25 22:01:28 INFO        | 	Failed to calculate "widthSRAMCellPMOS:". Ignore if this value is not needed.
2024-07-25 22:01:28 INFO        | 		Could not find -SRAMCellPMOSWidth (F): in cell file.
2024-07-25 22:01:28 INFO        | 	Failed to calculate "minSenseVoltage:". Ignore if this value is not needed.
2024-07-25 22:01:28 INFO        | 		Could not find -MinSenseVoltage (mV): in cell file.
2024-07-25 22:01:28 INFO        | 	Failed to calculate "accessTransistorResistance:". Ignore if this value is not needed.
2024-07-25 22:01:28 INFO        | 		Could not find -AccessTransistorResistance (ohm): in cell file.
2024-07-25 22:01:28 INFO        | 	Failed to calculate "WriteVoltage:". Ignore if this value is not needed.
2024-07-25 22:01:28 INFO        | 		Could not find -WriteVoltage (V): in cell file.
2024-07-25 22:01:28 INFO        | 	Failed to calculate "SET_CURRENT". Ignore if this value is not needed.
2024-07-25 22:01:28 INFO        | 		Could not find -SetCurrent (uA): in cell file.
2024-07-25 22:01:28 INFO        | 	Failed to calculate "SET_POWER". Ignore if this value is not needed.
2024-07-25 22:01:28 INFO        | 		Could not find -SetPower (uW): in cell file.
2024-07-25 22:01:28 INFO        | 	Failed to calculate "READ_CURRENT". Ignore if this value is not needed.
2024-07-25 22:01:28 INFO        | 		Could not find -ReadCurrent (uA): in cell file.
2024-07-25 22:01:28 INFO        | 	Failed to calculate "READ_ENERGY". Ignore if this value is not needed.
2024-07-25 22:01:28 INFO        | 		Could not find -ReadEnergy (pJ): in cell file.
2024-07-25 22:01:28 INFO        | 	Failed to calculate "cellCapacitanceMultiplier:". Ignore if this value is not needed.
2024-07-25 22:01:28 INFO        | 		Could not find -CellCapacitanceMultiplier: in cell file.
2024-07-25 22:01:28 INFO        | 	Failed to calculate "cellCapacitanceAdjust:". Ignore if this value is not needed.
2024-07-25 22:01:28 INFO        | 		Could not find -CellCapacitanceAdjust (F): in cell file.
2024-07-25 22:01:28 INFO        | 	Failed to calculate "deviceRoadmap:". Ignore if this value is not needed.
2024-07-25 22:01:28 INFO        | 		Could not find -DeviceRoadmap -1LP 1HP 2LSTP: in cell file.
2024-07-25 22:01:28 INFO        | Running /usr/local/share/accelergy/estimation_plug_ins/accelergy-neurosim-plugin/NeuroSim/main /usr/local/share/accelergy/estimation_plug_ins/accelergy-neurosim-plugin/neurosim_input_16378.cfg
2024-07-25 22:01:28 INFO        | Crossbar minimum latency is 2.808 ns to read 8.0 columns at once.
2024-07-25 22:01:28 INFO        
2024-07-25 22:01:28 INFO        ENERGY ESTIMATION for SRAM(width=32, depth=192, n_rdwr_ports=1, global_cycle_seconds=1e-09, action_latency_cycles=1, cycle_seconds=1e-09, technology=45nm, n_instances=1).read(global_cycle_seconds=1e-09, action_latency_cycles=1, cycle_seconds=1e-09, technology=45nm, n_instances=1)
2024-07-25 22:01:30 INFO        CactiSRAM estimated 9.65749e-13 with accuracy 80%. Messages:
2024-07-25 22:01:30 INFO        | Unused arguments (n_rdwr_ports, global_cycle_seconds, action_latency_cycles, cycle_seconds, n_instances) provided for ['SRAM', 'sram'].__init__. Arguments used: (width, depth, technology)
2024-07-25 22:01:30 INFO        | Unused arguments (global_cycle_seconds, action_latency_cycles, cycle_seconds, technology, n_instances) provided for ['SRAM', 'sram'].read. Arguments used: ()
2024-07-25 22:01:30 INFO        | Calling CACTI with cache_size=768 n_rw_ports=1 block_size=4 tech_node_um=0.045 n_banks=1 tag_size=0 associativity=1
2024-07-25 22:01:30 INFO        | Calling CACTI with input path /usr/local/share/accelergy/estimation_plug_ins/accelergy-cacti-plug-in/cacti_inputs_outputs/tmp0mk8sm95
2024-07-25 22:01:30 INFO        | CACTI output will be written to /usr/local/share/accelergy/estimation_plug_ins/accelergy-cacti-plug-in/cacti_inputs_outputs/tmptrz9ddki
2024-07-25 22:01:30 INFO        | CACTI executable not found at /usr/local/share/accelergy/estimation_plug_ins/accelergy-cacti-plug-in/cacti/cacti
2024-07-25 22:01:30 INFO        | Calling: cd /usr/local/share/accelergy/estimation_plug_ins/accelergy-cacti-plug-in ; ./cacti -infile /usr/local/share/accelergy/estimation_plug_ins/accelergy-cacti-plug-in/cacti_inputs_outputs/tmp0mk8sm95 >> /usr/local/share/accelergy/estimation_plug_ins/accelergy-cacti-plug-in/cacti_inputs_outputs/tmptrz9ddki 2>&1
2024-07-25 22:01:30 INFO        | Cache bandwidth: 4.0 bits/cycle
2024-07-25 22:01:30 INFO        | Cache bandwidth: 52.904979350525245 Gbits/second
2024-07-25 22:01:30 INFO        
2024-07-25 22:01:30 INFO        ENERGY ESTIMATION for intadder(n_bits=8, precision=8, global_cycle_seconds=1e-09, action_latency_cycles=1, cycle_seconds=1e-09, technology=45nm, n_instances=1).add(global_cycle_seconds=1e-09, action_latency_cycles=1, cycle_seconds=1e-09, technology=45nm, n_instances=1)
2024-07-25 22:01:30 INFO        Neurosim Plug-In estimated 0.03243378p with accuracy 70%. Messages:
2024-07-25 22:01:30 INFO        | WARN: Non-numeric 45nm for parameter technology. Using 45 instead.
2024-07-25 22:01:30 INFO        
2024-07-25 22:01:30 INFO        ENERGY ESTIMATION for SRAM(width=32, depth=192, n_rdwr_ports=1, global_cycle_seconds=1e-09, action_latency_cycles=1, cycle_seconds=1e-09, technology=45nm, n_instances=1).leak(global_cycle_seconds=1e-09, action_latency_cycles=1, cycle_seconds=1e-09, technology=45nm, n_instances=1)
2024-07-25 22:01:30 INFO        CactiSRAM estimated 3.05099e-17 with accuracy 80%. Messages:
2024-07-25 22:01:30 INFO        | Unused arguments (n_rdwr_ports, global_cycle_seconds, action_latency_cycles, cycle_seconds, n_instances) provided for ['SRAM', 'sram'].__init__. Arguments used: (width, depth, technology)
2024-07-25 22:01:30 INFO        | Unused arguments (action_latency_cycles, cycle_seconds, technology, n_instances) provided for ['SRAM', 'sram'].leak. Arguments used: (global_cycle_seconds)
2024-07-25 22:01:30 INFO        | Calling CACTI with cache_size=768 n_rw_ports=1 block_size=4 tech_node_um=0.045 n_banks=1 tag_size=0 associativity=1
2024-07-25 22:01:30 INFO        | Calling CACTI with input path /usr/local/share/accelergy/estimation_plug_ins/accelergy-cacti-plug-in/cacti_inputs_outputs/tmpp3c7epzz
2024-07-25 22:01:30 INFO        | CACTI output will be written to /usr/local/share/accelergy/estimation_plug_ins/accelergy-cacti-plug-in/cacti_inputs_outputs/tmph_7vw7a3
2024-07-25 22:01:30 INFO        | CACTI executable not found at /usr/local/share/accelergy/estimation_plug_ins/accelergy-cacti-plug-in/cacti/cacti
2024-07-25 22:01:30 INFO        | Calling: cd /usr/local/share/accelergy/estimation_plug_ins/accelergy-cacti-plug-in ; ./cacti -infile /usr/local/share/accelergy/estimation_plug_ins/accelergy-cacti-plug-in/cacti_inputs_outputs/tmpp3c7epzz >> /usr/local/share/accelergy/estimation_plug_ins/accelergy-cacti-plug-in/cacti_inputs_outputs/tmph_7vw7a3 2>&1
2024-07-25 22:01:30 INFO        | Cache bandwidth: 4.0 bits/cycle
2024-07-25 22:01:30 INFO        | Cache bandwidth: 52.904979350525245 Gbits/second
2024-07-25 22:01:30 INFO        | Global cycle time 1e-09 is less than the cache's random cycle time 0.604858
2024-07-25 22:01:30 INFO        | Multiplying by n_instances 1
2024-07-25 22:01:30 INFO        
2024-07-25 22:01:30 INFO        ENERGY ESTIMATION for intadder(n_bits=8, precision=8, global_cycle_seconds=1e-09, action_latency_cycles=1, cycle_seconds=1e-09, technology=45nm, n_instances=1).leak(global_cycle_seconds=1e-09, action_latency_cycles=1, cycle_seconds=1e-09, technology=45nm, n_instances=1)
2024-07-25 22:01:30 INFO        Neurosim Plug-In estimated 2.9614360000000003e-06p with accuracy 70%. Messages:
2024-07-25 22:01:30 INFO        | WARN: Non-numeric 45nm for parameter technology. Using 45 instead.
2024-07-25 22:01:30 INFO        | Multiplying by n_instances 1
2024-07-25 22:01:30 INFO        
2024-07-25 22:01:30 INFO        ENERGY ESTIMATION for SRAM(width=32, depth=192, n_rdwr_ports=1, global_cycle_seconds=1e-09, action_latency_cycles=1, cycle_seconds=1e-09, technology=45nm, n_instances=1).write(global_cycle_seconds=1e-09, action_latency_cycles=1, cycle_seconds=1e-09, technology=45nm, n_instances=1)
2024-07-25 22:01:31 INFO        CactiSRAM estimated 2.35412e-12 with accuracy 80%. Messages:
2024-07-25 22:01:31 INFO        | Unused arguments (n_rdwr_ports, global_cycle_seconds, action_latency_cycles, cycle_seconds, n_instances) provided for ['SRAM', 'sram'].__init__. Arguments used: (width, depth, technology)
2024-07-25 22:01:31 INFO        | Unused arguments (global_cycle_seconds, action_latency_cycles, cycle_seconds, technology, n_instances) provided for ['SRAM', 'sram'].write. Arguments used: ()
2024-07-25 22:01:31 INFO        | Calling CACTI with cache_size=768 n_rw_ports=1 block_size=4 tech_node_um=0.045 n_banks=1 tag_size=0 associativity=1
2024-07-25 22:01:31 INFO        | Calling CACTI with input path /usr/local/share/accelergy/estimation_plug_ins/accelergy-cacti-plug-in/cacti_inputs_outputs/tmpob66e08j
2024-07-25 22:01:31 INFO        | CACTI output will be written to /usr/local/share/accelergy/estimation_plug_ins/accelergy-cacti-plug-in/cacti_inputs_outputs/tmpouer4odb
2024-07-25 22:01:31 INFO        | CACTI executable not found at /usr/local/share/accelergy/estimation_plug_ins/accelergy-cacti-plug-in/cacti/cacti
2024-07-25 22:01:31 INFO        | Calling: cd /usr/local/share/accelergy/estimation_plug_ins/accelergy-cacti-plug-in ; ./cacti -infile /usr/local/share/accelergy/estimation_plug_ins/accelergy-cacti-plug-in/cacti_inputs_outputs/tmpob66e08j >> /usr/local/share/accelergy/estimation_plug_ins/accelergy-cacti-plug-in/cacti_inputs_outputs/tmpouer4odb 2>&1
2024-07-25 22:01:31 INFO        | Cache bandwidth: 4.0 bits/cycle
2024-07-25 22:01:31 INFO        | Cache bandwidth: 52.904979350525245 Gbits/second
2024-07-25 22:01:31 INFO        
2024-07-25 22:01:31 INFO        ENERGY ESTIMATION for intadder(n_bits=8, precision=8, global_cycle_seconds=1e-09, action_latency_cycles=1, cycle_seconds=1e-09, technology=45nm, n_instances=1).add(global_cycle_seconds=1e-09, action_latency_cycles=1, cycle_seconds=1e-09, technology=45nm, n_instances=1)
2024-07-25 22:01:31 INFO        Neurosim Plug-In estimated 0.03243378p with accuracy 70%. Messages:
2024-07-25 22:01:31 INFO        | WARN: Non-numeric 45nm for parameter technology. Using 45 instead.
2024-07-25 22:01:31 INFO        
2024-07-25 22:01:31 INFO        ENERGY ESTIMATION for aladdin_adder(width=16, global_cycle_seconds=1e-09, action_latency_cycles=1, cycle_seconds=1e-09, technology=45nm, n_instances=1).read(global_cycle_seconds=1e-09, action_latency_cycles=1, cycle_seconds=1e-09, technology=45nm, n_instances=1)
2024-07-25 22:01:31 INFO        Library estimated 0.105p with accuracy 90%. Messages:
2024-07-25 22:01:31 INFO        | Found 1 entries for aladdin_adder.read.
2024-07-25 22:01:31 INFO        | Checking entry "{'technology': '45nm', 'global_cycle_seconds': '1e-9', 'width|datawidth': '32', 'energy': '0.21', 'area': '2.78E+02', 'action': 'read', 'name': 'aladdin_adder', 'area_scale': 1, 'energy_scale': 1, 'n_instances': 1}
2024-07-25 22:01:31 INFO        | value=0.21, matching_attrs=3, log=['Scaling width from 32 to 16', 'Scaling global_cycle_seconds from 1e-9 to 1e-09', 'Scaled aladdin_adder.width from 32.0 to 16.0: 0.5x energy', 'Scaled aladdin_adder.global_cycle_seconds from 1e-09 to 1e-09: 1x energy', 'aladdin_adder energy has been scaled 0.5x']
2024-07-25 22:01:31 INFO        | Best-matching entry: {'technology': '45nm', 'global_cycle_seconds': '1e-9', 'width|datawidth': '32', 'energy': '0.21', 'area': '2.78E+02', 'action': 'read', 'name': 'aladdin_adder', 'area_scale': 1, 'energy_scale': 1, 'n_instances': 1}
2024-07-25 22:01:31 INFO        | Scaling width from 32 to 16
2024-07-25 22:01:31 INFO        | Scaling global_cycle_seconds from 1e-9 to 1e-09
2024-07-25 22:01:31 INFO        | Scaled aladdin_adder.width from 32.0 to 16.0: 0.5x energy
2024-07-25 22:01:31 INFO        | Scaled aladdin_adder.global_cycle_seconds from 1e-09 to 1e-09: 1x energy
2024-07-25 22:01:31 INFO        | aladdin_adder energy has been scaled 0.5x
2024-07-25 22:01:31 INFO        
2024-07-25 22:01:31 INFO        ENERGY ESTIMATION for aladdin_adder(width_a=8, width_b=8, global_cycle_seconds=1e-09, action_latency_cycles=1, cycle_seconds=1e-09, technology=45nm, n_instances=1).read(global_cycle_seconds=1e-09, action_latency_cycles=1, cycle_seconds=1e-09, technology=45nm, n_instances=1)
2024-07-25 22:01:31 INFO        Library estimated 0.21p with accuracy 90%. Messages:
2024-07-25 22:01:31 INFO        | Found 1 entries for aladdin_adder.read.
2024-07-25 22:01:31 INFO        | Checking entry "{'technology': '45nm', 'global_cycle_seconds': '1e-9', 'width|datawidth': '32', 'energy': '0.21', 'area': '2.78E+02', 'action': 'read', 'name': 'aladdin_adder', 'area_scale': 1, 'energy_scale': 1, 'n_instances': 1}
2024-07-25 22:01:31 INFO        | value=0.21, matching_attrs=3, log=['Scaling global_cycle_seconds from 1e-9 to 1e-09', 'Scaled aladdin_adder.global_cycle_seconds from 1e-09 to 1e-09: 1x energy', 'aladdin_adder energy has been scaled 1x']
2024-07-25 22:01:31 INFO        | Best-matching entry: {'technology': '45nm', 'global_cycle_seconds': '1e-9', 'width|datawidth': '32', 'energy': '0.21', 'area': '2.78E+02', 'action': 'read', 'name': 'aladdin_adder', 'area_scale': 1, 'energy_scale': 1, 'n_instances': 1}
2024-07-25 22:01:31 INFO        | Scaling global_cycle_seconds from 1e-9 to 1e-09
2024-07-25 22:01:31 INFO        | Scaled aladdin_adder.global_cycle_seconds from 1e-09 to 1e-09: 1x energy
2024-07-25 22:01:31 INFO        | aladdin_adder energy has been scaled 1x
2024-07-25 22:01:31 INFO        
2024-07-25 22:01:31 INFO        ENERGY ESTIMATION for aladdin_adder(width=16, global_cycle_seconds=1e-09, action_latency_cycles=1, cycle_seconds=1e-09, technology=45nm, n_instances=1).leak(global_cycle_seconds=1e-09, action_latency_cycles=1, cycle_seconds=1e-09, technology=45nm, n_instances=1)
2024-07-25 22:01:31 INFO        Library estimated 0.0012p with accuracy 90%. Messages:
2024-07-25 22:01:31 INFO        | Found 1 entries for aladdin_adder.leak.
2024-07-25 22:01:31 INFO        | Checking entry "{'technology': '45nm', 'global_cycle_seconds': '1e-9', 'width|datawidth': '32', 'energy': '0.0024', 'area': '2.78E+02', 'action': 'leak', 'name': 'aladdin_adder', 'area_scale': 1, 'energy_scale': 1, 'n_instances': 1}
2024-07-25 22:01:31 INFO        | value=0.0024, matching_attrs=3, log=['Scaling width from 32 to 16', 'Scaling global_cycle_seconds from 1e-9 to 1e-09', 'Scaled aladdin_adder.width from 32.0 to 16.0: 0.5x leak', 'Scaled aladdin_adder.global_cycle_seconds from 1e-09 to 1e-09: 1.0x leak', 'aladdin_adder leak has been scaled 0.5x']
2024-07-25 22:01:31 INFO        | Best-matching entry: {'technology': '45nm', 'global_cycle_seconds': '1e-9', 'width|datawidth': '32', 'energy': '0.0024', 'area': '2.78E+02', 'action': 'leak', 'name': 'aladdin_adder', 'area_scale': 1, 'energy_scale': 1, 'n_instances': 1}
2024-07-25 22:01:31 INFO        | Scaling width from 32 to 16
2024-07-25 22:01:31 INFO        | Scaling global_cycle_seconds from 1e-9 to 1e-09
2024-07-25 22:01:31 INFO        | Scaled aladdin_adder.width from 32.0 to 16.0: 0.5x leak
2024-07-25 22:01:31 INFO        | Scaled aladdin_adder.global_cycle_seconds from 1e-09 to 1e-09: 1.0x leak
2024-07-25 22:01:31 INFO        | aladdin_adder leak has been scaled 0.5x
2024-07-25 22:01:31 INFO        | Multiplying by n_instances 1
2024-07-25 22:01:31 INFO        
2024-07-25 22:01:31 INFO        ENERGY ESTIMATION for aladdin_adder(width_a=8, width_b=8, global_cycle_seconds=1e-09, action_latency_cycles=1, cycle_seconds=1e-09, technology=45nm, n_instances=1).leak(global_cycle_seconds=1e-09, action_latency_cycles=1, cycle_seconds=1e-09, technology=45nm, n_instances=1)
2024-07-25 22:01:31 INFO        Library estimated 0.0024p with accuracy 90%. Messages:
2024-07-25 22:01:31 INFO        | Found 1 entries for aladdin_adder.leak.
2024-07-25 22:01:31 INFO        | Checking entry "{'technology': '45nm', 'global_cycle_seconds': '1e-9', 'width|datawidth': '32', 'energy': '0.0024', 'area': '2.78E+02', 'action': 'leak', 'name': 'aladdin_adder', 'area_scale': 1, 'energy_scale': 1, 'n_instances': 1}
2024-07-25 22:01:31 INFO        | value=0.0024, matching_attrs=3, log=['Scaling global_cycle_seconds from 1e-9 to 1e-09', 'Scaled aladdin_adder.global_cycle_seconds from 1e-09 to 1e-09: 1.0x leak', 'aladdin_adder leak has been scaled 1.0x']
2024-07-25 22:01:31 INFO        | Best-matching entry: {'technology': '45nm', 'global_cycle_seconds': '1e-9', 'width|datawidth': '32', 'energy': '0.0024', 'area': '2.78E+02', 'action': 'leak', 'name': 'aladdin_adder', 'area_scale': 1, 'energy_scale': 1, 'n_instances': 1}
2024-07-25 22:01:31 INFO        | Scaling global_cycle_seconds from 1e-9 to 1e-09
2024-07-25 22:01:31 INFO        | Scaled aladdin_adder.global_cycle_seconds from 1e-09 to 1e-09: 1.0x leak
2024-07-25 22:01:31 INFO        | aladdin_adder leak has been scaled 1.0x
2024-07-25 22:01:31 INFO        | Multiplying by n_instances 1
2024-07-25 22:01:31 WARNING     No action counts are specified as yaml input
2024-07-25 22:01:31 INFO        
2024-07-25 22:01:31 INFO        AREA ESTIMATION for DRAM(type=LPDDR4, width=64, datawidth=16, has_power_gating=False, n_banks=2, cluster_size=1, reduction_supported=True, multiple_buffering=1, min_utilization=0, allow_overbooking=False, meshX=1, meshY=1, technology=32nm, global_cycle_seconds=1e-09, version=0.4, action_latency_cycles=1, cycle_seconds=1e-09, n_instances=1)
2024-07-25 22:01:31 INFO        CactiDRAM estimated 0 with accuracy 80%. Messages:
2024-07-25 22:01:31 INFO        | Unused arguments (datawidth, has_power_gating, n_banks, cluster_size, reduction_supported, multiple_buffering, min_utilization, allow_overbooking, meshX, meshY, technology, global_cycle_seconds, version, action_latency_cycles, cycle_seconds, n_instances) provided for ['DRAM', 'dram'].__init__. Arguments used: (type, width)
2024-07-25 22:01:31 INFO        | Multiplying by n_instances 1
2024-07-25 22:01:31 INFO        
2024-07-25 22:01:31 INFO        AREA ESTIMATION for dummy_storage(width=1, depth=1, datawidth=1, technology=-1, has_power_gating=False, n_banks=2, cluster_size=1, reduction_supported=True, multiple_buffering=1, min_utilization=0, allow_overbooking=False, meshX=1, meshY=1, global_cycle_seconds=1e-09, version=0.4, action_latency_cycles=1, cycle_seconds=1e-09, n_instances=1)
2024-07-25 22:01:31 INFO        dummy_table estimated 1u^2 with accuracy 100%. Messages:
2024-07-25 22:01:31 INFO        | Multiplying by n_instances 1
2024-07-25 22:01:31 INFO        
2024-07-25 22:01:31 INFO        AREA ESTIMATION for dummy_storage(width=1, depth=1, datawidth=1, technology=-1, has_power_gating=False, n_banks=2, cluster_size=1, reduction_supported=True, multiple_buffering=1, min_utilization=0, allow_overbooking=False, meshX=32, meshY=1, global_cycle_seconds=1e-09, version=0.4, action_latency_cycles=1, cycle_seconds=1e-09, n_instances=1)
2024-07-25 22:01:31 INFO        dummy_table estimated 1u^2 with accuracy 100%. Messages:
2024-07-25 22:01:31 INFO        | Multiplying by n_instances 1
2024-07-25 22:01:31 INFO        
2024-07-25 22:01:31 INFO        AREA ESTIMATION for aladdin_register(depth=1, width=16, datawidth=16, has_power_gating=False, n_banks=2, cluster_size=1, reduction_supported=True, multiple_buffering=1, min_utilization=0, allow_overbooking=False, meshX=32, meshY=32, technology=45nm, global_cycle_seconds=1e-09, version=0.4, action_latency_cycles=1, cycle_seconds=1e-09, n_instances=1)
2024-07-25 22:01:31 INFO        Library estimated 95.68u^2 with accuracy 90%. Messages:
2024-07-25 22:01:31 INFO        | Found 4 entries for aladdin_register.
2024-07-25 22:01:31 INFO        | Checking entry "{'technology': '45nm', 'global_cycle_seconds': '1e-9', 'width|datawidth': '1', 'dynamic energy(pJ)': '0.009', 'area(um^2)': '5.98E+00', 'action': 'read', 'name': 'aladdin_register', 'area_scale': 1, 'energy_scale': 1, 'n_instances': 1}
2024-07-25 22:01:31 INFO        | value=5.98, matching_attrs=3, log=['Scaling width from 1 to 16', 'Scaling global_cycle_seconds from 1e-9 to 1e-09', 'Scaled aladdin_register.width from 1.0 to 16.0: 16.0x area', 'Scaled aladdin_register.global_cycle_seconds from 1e-09 to 1e-09: 1x area', 'aladdin_register area has been scaled 16.0x']
2024-07-25 22:01:32 INFO        | Checking entry "{'technology': '45nm', 'global_cycle_seconds': '1e-9', 'width|datawidth': '1', 'dynamic energy(pJ)': '0', 'area(um^2)': '5.98E+00', 'action': 'write', 'name': 'aladdin_register', 'area_scale': 1, 'energy_scale': 1, 'n_instances': 1}
2024-07-25 22:01:32 INFO        | value=5.98, matching_attrs=3, log=['Scaling width from 1 to 16', 'Scaling global_cycle_seconds from 1e-9 to 1e-09', 'Scaled aladdin_register.width from 1.0 to 16.0: 16.0x area', 'Scaled aladdin_register.global_cycle_seconds from 1e-09 to 1e-09: 1x area', 'aladdin_register area has been scaled 16.0x']
2024-07-25 22:01:32 INFO        | Checking entry "{'technology': '45nm', 'global_cycle_seconds': '1e-9', 'width|datawidth': '1', 'dynamic energy(pJ)': '0', 'area(um^2)': '5.98E+00', 'action': 'leak', 'name': 'aladdin_register', 'area_scale': 1, 'energy_scale': 1, 'n_instances': 1}
2024-07-25 22:01:32 INFO        | value=5.98, matching_attrs=3, log=['Scaling width from 1 to 16', 'Scaling global_cycle_seconds from 1e-9 to 1e-09', 'Scaled aladdin_register.width from 1.0 to 16.0: 16.0x area', 'Scaled aladdin_register.global_cycle_seconds from 1e-09 to 1e-09: 1x area', 'aladdin_register area has been scaled 16.0x']
2024-07-25 22:01:32 INFO        | Checking entry "{'technology': '45nm', 'global_cycle_seconds': '1e-9', 'width|datawidth': '1', 'dynamic energy(pJ)': '0', 'area(um^2)': '5.98E+00', 'action': 'update', 'name': 'aladdin_register', 'area_scale': 1, 'energy_scale': 1, 'n_instances': 1}
2024-07-25 22:01:32 INFO        | value=5.98, matching_attrs=3, log=['Scaling width from 1 to 16', 'Scaling global_cycle_seconds from 1e-9 to 1e-09', 'Scaled aladdin_register.width from 1.0 to 16.0: 16.0x area', 'Scaled aladdin_register.global_cycle_seconds from 1e-09 to 1e-09: 1x area', 'aladdin_register area has been scaled 16.0x']
2024-07-25 22:01:32 INFO        | Best-matching entry: {'technology': '45nm', 'global_cycle_seconds': '1e-9', 'width|datawidth': '1', 'dynamic energy(pJ)': '0.009', 'area(um^2)': '5.98E+00', 'action': 'read', 'name': 'aladdin_register', 'area_scale': 1, 'energy_scale': 1, 'n_instances': 1}
2024-07-25 22:01:32 INFO        | Scaling width from 1 to 16
2024-07-25 22:01:32 INFO        | Scaling global_cycle_seconds from 1e-9 to 1e-09
2024-07-25 22:01:32 INFO        | Scaled aladdin_register.width from 1.0 to 16.0: 16.0x area
2024-07-25 22:01:32 INFO        | Scaled aladdin_register.global_cycle_seconds from 1e-09 to 1e-09: 1x area
2024-07-25 22:01:32 INFO        | aladdin_register area has been scaled 16.0x
2024-07-25 22:01:32 INFO        | Multiplying by n_instances 1
2024-07-25 22:01:32 INFO        
2024-07-25 22:01:32 INFO        AREA ESTIMATION for aladdin_register(depth=1, width=16, datawidth=16, has_power_gating=False, n_banks=2, cluster_size=1, reduction_supported=True, multiple_buffering=1, min_utilization=0, allow_overbooking=False, meshX=32, meshY=32, technology=45nm, global_cycle_seconds=1e-09, version=0.4, action_latency_cycles=1, cycle_seconds=1e-09, n_instances=1)
2024-07-25 22:01:32 INFO        Library estimated 95.68u^2 with accuracy 90%. Messages:
2024-07-25 22:01:32 INFO        | Found 4 entries for aladdin_register.
2024-07-25 22:01:32 INFO        | Checking entry "{'technology': '45nm', 'global_cycle_seconds': '1e-9', 'width|datawidth': '1', 'dynamic energy(pJ)': '0.009', 'area(um^2)': '5.98E+00', 'action': 'read', 'name': 'aladdin_register', 'area_scale': 1, 'energy_scale': 1, 'n_instances': 1}
2024-07-25 22:01:32 INFO        | value=5.98, matching_attrs=3, log=['Scaling width from 1 to 16', 'Scaling global_cycle_seconds from 1e-9 to 1e-09', 'Scaled aladdin_register.width from 1.0 to 16.0: 16.0x area', 'Scaled aladdin_register.global_cycle_seconds from 1e-09 to 1e-09: 1x area', 'aladdin_register area has been scaled 16.0x']
2024-07-25 22:01:32 INFO        | Checking entry "{'technology': '45nm', 'global_cycle_seconds': '1e-9', 'width|datawidth': '1', 'dynamic energy(pJ)': '0', 'area(um^2)': '5.98E+00', 'action': 'write', 'name': 'aladdin_register', 'area_scale': 1, 'energy_scale': 1, 'n_instances': 1}
2024-07-25 22:01:32 INFO        | value=5.98, matching_attrs=3, log=['Scaling width from 1 to 16', 'Scaling global_cycle_seconds from 1e-9 to 1e-09', 'Scaled aladdin_register.width from 1.0 to 16.0: 16.0x area', 'Scaled aladdin_register.global_cycle_seconds from 1e-09 to 1e-09: 1x area', 'aladdin_register area has been scaled 16.0x']
2024-07-25 22:01:32 INFO        | Checking entry "{'technology': '45nm', 'global_cycle_seconds': '1e-9', 'width|datawidth': '1', 'dynamic energy(pJ)': '0', 'area(um^2)': '5.98E+00', 'action': 'leak', 'name': 'aladdin_register', 'area_scale': 1, 'energy_scale': 1, 'n_instances': 1}
2024-07-25 22:01:32 INFO        | value=5.98, matching_attrs=3, log=['Scaling width from 1 to 16', 'Scaling global_cycle_seconds from 1e-9 to 1e-09', 'Scaled aladdin_register.width from 1.0 to 16.0: 16.0x area', 'Scaled aladdin_register.global_cycle_seconds from 1e-09 to 1e-09: 1x area', 'aladdin_register area has been scaled 16.0x']
2024-07-25 22:01:32 INFO        | Checking entry "{'technology': '45nm', 'global_cycle_seconds': '1e-9', 'width|datawidth': '1', 'dynamic energy(pJ)': '0', 'area(um^2)': '5.98E+00', 'action': 'update', 'name': 'aladdin_register', 'area_scale': 1, 'energy_scale': 1, 'n_instances': 1}
2024-07-25 22:01:32 INFO        | value=5.98, matching_attrs=3, log=['Scaling width from 1 to 16', 'Scaling global_cycle_seconds from 1e-9 to 1e-09', 'Scaled aladdin_register.width from 1.0 to 16.0: 16.0x area', 'Scaled aladdin_register.global_cycle_seconds from 1e-09 to 1e-09: 1x area', 'aladdin_register area has been scaled 16.0x']
2024-07-25 22:01:32 INFO        | Best-matching entry: {'technology': '45nm', 'global_cycle_seconds': '1e-9', 'width|datawidth': '1', 'dynamic energy(pJ)': '0.009', 'area(um^2)': '5.98E+00', 'action': 'read', 'name': 'aladdin_register', 'area_scale': 1, 'energy_scale': 1, 'n_instances': 1}
2024-07-25 22:01:32 INFO        | Scaling width from 1 to 16
2024-07-25 22:01:32 INFO        | Scaling global_cycle_seconds from 1e-9 to 1e-09
2024-07-25 22:01:32 INFO        | Scaled aladdin_register.width from 1.0 to 16.0: 16.0x area
2024-07-25 22:01:32 INFO        | Scaled aladdin_register.global_cycle_seconds from 1e-09 to 1e-09: 1x area
2024-07-25 22:01:32 INFO        | aladdin_register area has been scaled 16.0x
2024-07-25 22:01:32 INFO        | Multiplying by n_instances 1
2024-07-25 22:01:32 INFO        
2024-07-25 22:01:32 INFO        AREA ESTIMATION for aladdin_register(depth=1, width=16, datawidth=16, has_power_gating=False, n_banks=2, cluster_size=1, reduction_supported=True, multiple_buffering=1, min_utilization=0, allow_overbooking=False, meshX=32, meshY=32, technology=45nm, global_cycle_seconds=1e-09, version=0.4, action_latency_cycles=1, cycle_seconds=1e-09, n_instances=1)
2024-07-25 22:01:32 INFO        Library estimated 95.68u^2 with accuracy 90%. Messages:
2024-07-25 22:01:32 INFO        | Found 4 entries for aladdin_register.
2024-07-25 22:01:32 INFO        | Checking entry "{'technology': '45nm', 'global_cycle_seconds': '1e-9', 'width|datawidth': '1', 'dynamic energy(pJ)': '0.009', 'area(um^2)': '5.98E+00', 'action': 'read', 'name': 'aladdin_register', 'area_scale': 1, 'energy_scale': 1, 'n_instances': 1}
2024-07-25 22:01:32 INFO        | value=5.98, matching_attrs=3, log=['Scaling width from 1 to 16', 'Scaling global_cycle_seconds from 1e-9 to 1e-09', 'Scaled aladdin_register.width from 1.0 to 16.0: 16.0x area', 'Scaled aladdin_register.global_cycle_seconds from 1e-09 to 1e-09: 1x area', 'aladdin_register area has been scaled 16.0x']
2024-07-25 22:01:32 INFO        | Checking entry "{'technology': '45nm', 'global_cycle_seconds': '1e-9', 'width|datawidth': '1', 'dynamic energy(pJ)': '0', 'area(um^2)': '5.98E+00', 'action': 'write', 'name': 'aladdin_register', 'area_scale': 1, 'energy_scale': 1, 'n_instances': 1}
2024-07-25 22:01:32 INFO        | value=5.98, matching_attrs=3, log=['Scaling width from 1 to 16', 'Scaling global_cycle_seconds from 1e-9 to 1e-09', 'Scaled aladdin_register.width from 1.0 to 16.0: 16.0x area', 'Scaled aladdin_register.global_cycle_seconds from 1e-09 to 1e-09: 1x area', 'aladdin_register area has been scaled 16.0x']
2024-07-25 22:01:32 INFO        | Checking entry "{'technology': '45nm', 'global_cycle_seconds': '1e-9', 'width|datawidth': '1', 'dynamic energy(pJ)': '0', 'area(um^2)': '5.98E+00', 'action': 'leak', 'name': 'aladdin_register', 'area_scale': 1, 'energy_scale': 1, 'n_instances': 1}
2024-07-25 22:01:32 INFO        | value=5.98, matching_attrs=3, log=['Scaling width from 1 to 16', 'Scaling global_cycle_seconds from 1e-9 to 1e-09', 'Scaled aladdin_register.width from 1.0 to 16.0: 16.0x area', 'Scaled aladdin_register.global_cycle_seconds from 1e-09 to 1e-09: 1x area', 'aladdin_register area has been scaled 16.0x']
2024-07-25 22:01:32 INFO        | Checking entry "{'technology': '45nm', 'global_cycle_seconds': '1e-9', 'width|datawidth': '1', 'dynamic energy(pJ)': '0', 'area(um^2)': '5.98E+00', 'action': 'update', 'name': 'aladdin_register', 'area_scale': 1, 'energy_scale': 1, 'n_instances': 1}
2024-07-25 22:01:32 INFO        | value=5.98, matching_attrs=3, log=['Scaling width from 1 to 16', 'Scaling global_cycle_seconds from 1e-9 to 1e-09', 'Scaled aladdin_register.width from 1.0 to 16.0: 16.0x area', 'Scaled aladdin_register.global_cycle_seconds from 1e-09 to 1e-09: 1x area', 'aladdin_register area has been scaled 16.0x']
2024-07-25 22:01:32 INFO        | Best-matching entry: {'technology': '45nm', 'global_cycle_seconds': '1e-9', 'width|datawidth': '1', 'dynamic energy(pJ)': '0.009', 'area(um^2)': '5.98E+00', 'action': 'read', 'name': 'aladdin_register', 'area_scale': 1, 'energy_scale': 1, 'n_instances': 1}
2024-07-25 22:01:32 INFO        | Scaling width from 1 to 16
2024-07-25 22:01:32 INFO        | Scaling global_cycle_seconds from 1e-9 to 1e-09
2024-07-25 22:01:32 INFO        | Scaled aladdin_register.width from 1.0 to 16.0: 16.0x area
2024-07-25 22:01:32 INFO        | Scaled aladdin_register.global_cycle_seconds from 1e-09 to 1e-09: 1x area
2024-07-25 22:01:32 INFO        | aladdin_register area has been scaled 16.0x
2024-07-25 22:01:32 INFO        | Multiplying by n_instances 1
2024-07-25 22:01:32 INFO        
2024-07-25 22:01:32 INFO        AREA ESTIMATION for SRAM(width=64, depth=8192, n_rdwr_ports=1, global_cycle_seconds=1e-09, action_latency_cycles=1, cycle_seconds=1e-09, technology=45nm, n_instances=1)
2024-07-25 22:01:39 INFO        CactiSRAM estimated 2.09046e-07 with accuracy 80%. Messages:
2024-07-25 22:01:39 INFO        | Unused arguments (n_rdwr_ports, global_cycle_seconds, action_latency_cycles, cycle_seconds, n_instances, datawidth) provided for ['SRAM', 'sram'].__init__. Arguments used: (width, depth, technology)
2024-07-25 22:01:39 INFO        | Calling CACTI with cache_size=65536 n_rw_ports=1 block_size=8 tech_node_um=0.045 n_banks=1 tag_size=0 associativity=1
2024-07-25 22:01:39 INFO        | Calling CACTI with input path /usr/local/share/accelergy/estimation_plug_ins/accelergy-cacti-plug-in/cacti_inputs_outputs/tmpb05bl5yc
2024-07-25 22:01:39 INFO        | CACTI output will be written to /usr/local/share/accelergy/estimation_plug_ins/accelergy-cacti-plug-in/cacti_inputs_outputs/tmp5yuk108u
2024-07-25 22:01:39 INFO        | CACTI executable not found at /usr/local/share/accelergy/estimation_plug_ins/accelergy-cacti-plug-in/cacti/cacti
2024-07-25 22:01:39 INFO        | Calling: cd /usr/local/share/accelergy/estimation_plug_ins/accelergy-cacti-plug-in ; ./cacti -infile /usr/local/share/accelergy/estimation_plug_ins/accelergy-cacti-plug-in/cacti_inputs_outputs/tmpb05bl5yc >> /usr/local/share/accelergy/estimation_plug_ins/accelergy-cacti-plug-in/cacti_inputs_outputs/tmp5yuk108u 2>&1
2024-07-25 22:01:39 INFO        | Cache bandwidth: 8.0 bits/cycle
2024-07-25 22:01:39 INFO        | Cache bandwidth: 38.765559223477396 Gbits/second
2024-07-25 22:01:39 INFO        | Multiplying by n_instances 1
2024-07-25 22:01:39 INFO        
2024-07-25 22:01:39 INFO        AREA ESTIMATION for intadder(n_bits=13, precision=13, global_cycle_seconds=1e-09, action_latency_cycles=1, cycle_seconds=1e-09, technology=45nm, n_instances=1)
2024-07-25 22:01:39 INFO        Neurosim Plug-In estimated 75.62646u^2 with accuracy 70%. Messages:
2024-07-25 22:01:39 INFO        | WARN: Non-numeric 45nm for parameter technology. Using 45 instead.
2024-07-25 22:01:39 INFO        | Multiplying by n_instances 1
2024-07-25 22:01:39 INFO        
2024-07-25 22:01:39 INFO        AREA ESTIMATION for SRAM(width=32, depth=192, n_rdwr_ports=1, global_cycle_seconds=1e-09, action_latency_cycles=1, cycle_seconds=1e-09, technology=45nm, n_instances=1)
2024-07-25 22:01:40 INFO        CactiSRAM estimated 2.66063e-09 with accuracy 80%. Messages:
2024-07-25 22:01:40 INFO        | Unused arguments (n_rdwr_ports, global_cycle_seconds, action_latency_cycles, cycle_seconds, n_instances, datawidth) provided for ['SRAM', 'sram'].__init__. Arguments used: (width, depth, technology)
2024-07-25 22:01:40 INFO        | Calling CACTI with cache_size=768 n_rw_ports=1 block_size=4 tech_node_um=0.045 n_banks=1 tag_size=0 associativity=1
2024-07-25 22:01:40 INFO        | Calling CACTI with input path /usr/local/share/accelergy/estimation_plug_ins/accelergy-cacti-plug-in/cacti_inputs_outputs/tmpxduhnzwv
2024-07-25 22:01:40 INFO        | CACTI output will be written to /usr/local/share/accelergy/estimation_plug_ins/accelergy-cacti-plug-in/cacti_inputs_outputs/tmp0qkrzy1y
2024-07-25 22:01:40 INFO        | CACTI executable not found at /usr/local/share/accelergy/estimation_plug_ins/accelergy-cacti-plug-in/cacti/cacti
2024-07-25 22:01:40 INFO        | Calling: cd /usr/local/share/accelergy/estimation_plug_ins/accelergy-cacti-plug-in ; ./cacti -infile /usr/local/share/accelergy/estimation_plug_ins/accelergy-cacti-plug-in/cacti_inputs_outputs/tmpxduhnzwv >> /usr/local/share/accelergy/estimation_plug_ins/accelergy-cacti-plug-in/cacti_inputs_outputs/tmp0qkrzy1y 2>&1
2024-07-25 22:01:40 INFO        | Cache bandwidth: 4.0 bits/cycle
2024-07-25 22:01:40 INFO        | Cache bandwidth: 52.904979350525245 Gbits/second
2024-07-25 22:01:40 INFO        | Multiplying by n_instances 1
2024-07-25 22:01:40 INFO        
2024-07-25 22:01:40 INFO        AREA ESTIMATION for intadder(n_bits=8, precision=8, global_cycle_seconds=1e-09, action_latency_cycles=1, cycle_seconds=1e-09, technology=45nm, n_instances=1)
2024-07-25 22:01:40 INFO        Neurosim Plug-In estimated 46.53936u^2 with accuracy 70%. Messages:
2024-07-25 22:01:40 INFO        | WARN: Non-numeric 45nm for parameter technology. Using 45 instead.
2024-07-25 22:01:40 INFO        | Multiplying by n_instances 1
2024-07-25 22:01:40 INFO        
2024-07-25 22:01:40 INFO        AREA ESTIMATION for aladdin_adder(width=16, global_cycle_seconds=1e-09, action_latency_cycles=1, cycle_seconds=1e-09, technology=45nm, n_instances=1)
2024-07-25 22:01:40 INFO        Library estimated 139.0u^2 with accuracy 90%. Messages:
2024-07-25 22:01:40 INFO        | Found 5 entries for aladdin_adder.
2024-07-25 22:01:40 INFO        | Checking entry "{'technology': '45nm', 'global_cycle_seconds': '1e-9', 'width|datawidth': '32', 'energy': '0.21', 'area': '2.78E+02', 'action': 'add', 'name': 'aladdin_adder', 'area_scale': 1, 'energy_scale': 1, 'n_instances': 1}
2024-07-25 22:01:40 INFO        | value=278.0, matching_attrs=3, log=['Scaling width from 32 to 16', 'Scaling global_cycle_seconds from 1e-9 to 1e-09', 'Scaled aladdin_adder.width from 32.0 to 16.0: 0.5x area', 'Scaled aladdin_adder.global_cycle_seconds from 1e-09 to 1e-09: 1x area', 'aladdin_adder area has been scaled 0.5x']
2024-07-25 22:01:40 INFO        | Checking entry "{'technology': '45nm', 'global_cycle_seconds': '1e-9', 'width|datawidth': '32', 'energy': '0.21', 'area': '2.78E+02', 'action': 'read', 'name': 'aladdin_adder', 'area_scale': 1, 'energy_scale': 1, 'n_instances': 1}
2024-07-25 22:01:40 INFO        | value=278.0, matching_attrs=3, log=['Scaling width from 32 to 16', 'Scaling global_cycle_seconds from 1e-9 to 1e-09', 'Scaled aladdin_adder.width from 32.0 to 16.0: 0.5x area', 'Scaled aladdin_adder.global_cycle_seconds from 1e-09 to 1e-09: 1x area', 'aladdin_adder area has been scaled 0.5x']
2024-07-25 22:01:40 INFO        | Checking entry "{'technology': '45nm', 'global_cycle_seconds': '1e-9', 'width|datawidth': '32', 'energy': '0.0024', 'area': '2.78E+02', 'action': 'leak', 'name': 'aladdin_adder', 'area_scale': 1, 'energy_scale': 1, 'n_instances': 1}
2024-07-25 22:01:40 INFO        | value=278.0, matching_attrs=3, log=['Scaling width from 32 to 16', 'Scaling global_cycle_seconds from 1e-9 to 1e-09', 'Scaled aladdin_adder.width from 32.0 to 16.0: 0.5x area', 'Scaled aladdin_adder.global_cycle_seconds from 1e-09 to 1e-09: 1x area', 'aladdin_adder area has been scaled 0.5x']
2024-07-25 22:01:40 INFO        | Checking entry "{'technology': '45nm', 'global_cycle_seconds': '1e-9', 'width|datawidth': '32', 'energy': '0', 'area': '2.78E+02', 'action': 'update', 'name': 'aladdin_adder', 'area_scale': 1, 'energy_scale': 1, 'n_instances': 1}
2024-07-25 22:01:40 INFO        | value=278.0, matching_attrs=3, log=['Scaling width from 32 to 16', 'Scaling global_cycle_seconds from 1e-9 to 1e-09', 'Scaled aladdin_adder.width from 32.0 to 16.0: 0.5x area', 'Scaled aladdin_adder.global_cycle_seconds from 1e-09 to 1e-09: 1x area', 'aladdin_adder area has been scaled 0.5x']
2024-07-25 22:01:40 INFO        | Checking entry "{'technology': '45nm', 'global_cycle_seconds': '1e-9', 'width|datawidth': '32', 'energy': '0', 'area': '2.78E+02', 'action': 'write', 'name': 'aladdin_adder', 'area_scale': 1, 'energy_scale': 1, 'n_instances': 1}
2024-07-25 22:01:40 INFO        | value=278.0, matching_attrs=3, log=['Scaling width from 32 to 16', 'Scaling global_cycle_seconds from 1e-9 to 1e-09', 'Scaled aladdin_adder.width from 32.0 to 16.0: 0.5x area', 'Scaled aladdin_adder.global_cycle_seconds from 1e-09 to 1e-09: 1x area', 'aladdin_adder area has been scaled 0.5x']
2024-07-25 22:01:40 INFO        | Best-matching entry: {'technology': '45nm', 'global_cycle_seconds': '1e-9', 'width|datawidth': '32', 'energy': '0.21', 'area': '2.78E+02', 'action': 'add', 'name': 'aladdin_adder', 'area_scale': 1, 'energy_scale': 1, 'n_instances': 1}
2024-07-25 22:01:40 INFO        | Scaling width from 32 to 16
2024-07-25 22:01:40 INFO        | Scaling global_cycle_seconds from 1e-9 to 1e-09
2024-07-25 22:01:40 INFO        | Scaled aladdin_adder.width from 32.0 to 16.0: 0.5x area
2024-07-25 22:01:40 INFO        | Scaled aladdin_adder.global_cycle_seconds from 1e-09 to 1e-09: 1x area
2024-07-25 22:01:40 INFO        | aladdin_adder area has been scaled 0.5x
2024-07-25 22:01:40 INFO        | Multiplying by n_instances 1
2024-07-25 22:01:40 INFO        
2024-07-25 22:01:40 INFO        AREA ESTIMATION for aladdin_adder(width_a=8, width_b=8, global_cycle_seconds=1e-09, action_latency_cycles=1, cycle_seconds=1e-09, technology=45nm, n_instances=1)
2024-07-25 22:01:40 INFO        Library estimated 278.0u^2 with accuracy 90%. Messages:
2024-07-25 22:01:40 INFO        | Found 5 entries for aladdin_adder.
2024-07-25 22:01:40 INFO        | Checking entry "{'technology': '45nm', 'global_cycle_seconds': '1e-9', 'width|datawidth': '32', 'energy': '0.21', 'area': '2.78E+02', 'action': 'add', 'name': 'aladdin_adder', 'area_scale': 1, 'energy_scale': 1, 'n_instances': 1}
2024-07-25 22:01:40 INFO        | value=278.0, matching_attrs=3, log=['Scaling global_cycle_seconds from 1e-9 to 1e-09', 'Scaled aladdin_adder.global_cycle_seconds from 1e-09 to 1e-09: 1x area', 'aladdin_adder area has been scaled 1x']
2024-07-25 22:01:40 INFO        | Checking entry "{'technology': '45nm', 'global_cycle_seconds': '1e-9', 'width|datawidth': '32', 'energy': '0.21', 'area': '2.78E+02', 'action': 'read', 'name': 'aladdin_adder', 'area_scale': 1, 'energy_scale': 1, 'n_instances': 1}
2024-07-25 22:01:40 INFO        | value=278.0, matching_attrs=3, log=['Scaling global_cycle_seconds from 1e-9 to 1e-09', 'Scaled aladdin_adder.global_cycle_seconds from 1e-09 to 1e-09: 1x area', 'aladdin_adder area has been scaled 1x']
2024-07-25 22:01:40 INFO        | Checking entry "{'technology': '45nm', 'global_cycle_seconds': '1e-9', 'width|datawidth': '32', 'energy': '0.0024', 'area': '2.78E+02', 'action': 'leak', 'name': 'aladdin_adder', 'area_scale': 1, 'energy_scale': 1, 'n_instances': 1}
2024-07-25 22:01:40 INFO        | value=278.0, matching_attrs=3, log=['Scaling global_cycle_seconds from 1e-9 to 1e-09', 'Scaled aladdin_adder.global_cycle_seconds from 1e-09 to 1e-09: 1x area', 'aladdin_adder area has been scaled 1x']
2024-07-25 22:01:40 INFO        | Checking entry "{'technology': '45nm', 'global_cycle_seconds': '1e-9', 'width|datawidth': '32', 'energy': '0', 'area': '2.78E+02', 'action': 'update', 'name': 'aladdin_adder', 'area_scale': 1, 'energy_scale': 1, 'n_instances': 1}
2024-07-25 22:01:40 INFO        | value=278.0, matching_attrs=3, log=['Scaling global_cycle_seconds from 1e-9 to 1e-09', 'Scaled aladdin_adder.global_cycle_seconds from 1e-09 to 1e-09: 1x area', 'aladdin_adder area has been scaled 1x']
2024-07-25 22:01:40 INFO        | Checking entry "{'technology': '45nm', 'global_cycle_seconds': '1e-9', 'width|datawidth': '32', 'energy': '0', 'area': '2.78E+02', 'action': 'write', 'name': 'aladdin_adder', 'area_scale': 1, 'energy_scale': 1, 'n_instances': 1}
2024-07-25 22:01:40 INFO        | value=278.0, matching_attrs=3, log=['Scaling global_cycle_seconds from 1e-9 to 1e-09', 'Scaled aladdin_adder.global_cycle_seconds from 1e-09 to 1e-09: 1x area', 'aladdin_adder area has been scaled 1x']
2024-07-25 22:01:40 INFO        | Best-matching entry: {'technology': '45nm', 'global_cycle_seconds': '1e-9', 'width|datawidth': '32', 'energy': '0.21', 'area': '2.78E+02', 'action': 'add', 'name': 'aladdin_adder', 'area_scale': 1, 'energy_scale': 1, 'n_instances': 1}
2024-07-25 22:01:40 INFO        | Scaling global_cycle_seconds from 1e-9 to 1e-09
2024-07-25 22:01:40 INFO        | Scaled aladdin_adder.global_cycle_seconds from 1e-09 to 1e-09: 1x area
2024-07-25 22:01:40 INFO        | aladdin_adder area has been scaled 1x
2024-07-25 22:01:40 INFO        | Multiplying by n_instances 1
2024-07-25 22:01:41 INFO        flattened architecture is saved to:
2024-07-25 22:01:41 INFO        ./timeloop-mapper.flattened_architecture.yaml
2024-07-25 22:01:41 INFO        energy reference table is saved to:
2024-07-25 22:01:41 INFO        ./timeloop-mapper.ERT.yaml
2024-07-25 22:01:42 INFO        energy reference table summary is saved to:
2024-07-25 22:01:42 INFO        ./timeloop-mapper.ERT_summary.yaml
2024-07-25 22:01:42 WARNING     no runtime energy estimations are generated... not generating energy_estimation.yaml
2024-07-25 22:01:42 INFO        area reference table is saved to:
2024-07-25 22:01:42 INFO        ./timeloop-mapper.ART.yaml
2024-07-25 22:01:42 INFO        area reference table summary is saved to:
2024-07-25 22:01:42 INFO        ./timeloop-mapper.ART_summary.yaml
