2024-10-12 20:46:01 INFO            _                _                      
2024-10-12 20:46:01 INFO           / \   ___ ___ ___| | ___ _ __ __ _ _   _ 
2024-10-12 20:46:01 INFO          / _ \ / __/ __/ _ \ |/ _ \ '__/ _` | | | |
2024-10-12 20:46:01 INFO         / ___ \ (_| (_|  __/ |  __/ | | (_| | |_| |
2024-10-12 20:46:01 INFO        /_/   \_\___\___\___|_|\___|_|  \__, |\__, |
2024-10-12 20:46:01 INFO                                        |___/ |___/ 
2024-10-12 20:46:01 INFO        generating outputs according to the following specified output flags... 
2024-10-12 20:46:01 INFO         Please use the -f flag to update the preference (default to all output files)
2024-10-12 20:46:01 INFO        {'ERT': 1, 'ERT_summary': 1, 'ART': 1, 'ART_summary': 1, 'energy_estimation': 1, 'flattened_arch': 1}
2024-10-12 20:46:01 INFO        Located config file at /home/workspace/.config/accelergy/accelergy_config.yaml.
2024-10-12 20:46:01 INFO        config file located:
2024-10-12 20:46:01 INFO        /home/workspace/.config/accelergy/accelergy_config.yaml
2024-10-12 20:46:02 INFO        Parsing file /home/workspace/outputsFinal.UNet/eyeriss_like/15/parsed-processed-input.yaml for architecture info
2024-10-12 20:46:02 INFO        Parsing file /home/workspace/outputsFinal.UNet/eyeriss_like/15/parsed-processed-input.yaml for compound_components info
2024-10-12 20:46:03 INFO        Adding required action "update" to class DRAM
2024-10-12 20:46:03 INFO        Adding required action "leak" to class DRAM
2024-10-12 20:46:03 INFO        Adding required action "read" to class DRAM
2024-10-12 20:46:03 INFO        Adding required action "write" to class DRAM
2024-10-12 20:46:03 INFO        Calculated Architecture class smartbuffer_SRAM attributes"memory_width" as "max(32, width)" = 64.
2024-10-12 20:46:03 INFO        Calculated Architecture class smartbuffer_SRAM attributes"memory_depth" as "max(64, depth)" = 16384.
2024-10-12 20:46:03 INFO        Calculated Architecture class smartbuffer_SRAM attributes"widthscale" as "width / memory_width" = 1.0.
2024-10-12 20:46:03 INFO        Calculated Architecture class smartbuffer_SRAM attributes"depthscale" as "depth / memory_depth" = 1.0.
2024-10-12 20:46:03 INFO        Calculated Architecture class smartbuffer_SRAM attributes"real_depth" as "depth" = 16384.
2024-10-12 20:46:03 INFO        Calculated Architecture class smartbuffer_SRAM attributes"area_scale" as "widthscale * depthscale" = 1.0.
2024-10-12 20:46:03 INFO        Calculated Architecture class smartbuffer_SRAM attributes"dynamic_energy_scale" as "widthscale * (depthscale ** (1.56 / 2))" = 1.0.
2024-10-12 20:46:03 INFO        Calculated Architecture class smartbuffer_SRAM attributes"static_energy_scale" as "area_scale" = 1.0.
2024-10-12 20:46:03 INFO        Calculated Architecture class smartbuffer_SRAM attributes"memory_width" as "max(32, width)" = 32.
2024-10-12 20:46:03 INFO        Calculated Architecture class smartbuffer_SRAM attributes"memory_depth" as "max(64, depth)" = 64.
2024-10-12 20:46:03 INFO        Calculated Architecture class smartbuffer_SRAM attributes"widthscale" as "width / memory_width" = 0.5.
2024-10-12 20:46:03 INFO        Calculated Architecture class smartbuffer_SRAM attributes"depthscale" as "depth / memory_depth" = 0.1875.
2024-10-12 20:46:03 INFO        Calculated Architecture class smartbuffer_SRAM attributes"real_depth" as "depth" = 12.
2024-10-12 20:46:03 INFO        Calculated Architecture class smartbuffer_SRAM attributes"area_scale" as "widthscale * depthscale" = 0.09375.
2024-10-12 20:46:03 INFO        Calculated Architecture class smartbuffer_SRAM attributes"dynamic_energy_scale" as "widthscale * (depthscale ** (1.56 / 2))" = 0.1354911710963393.
2024-10-12 20:46:03 INFO        Calculated Architecture class smartbuffer_SRAM attributes"static_energy_scale" as "area_scale" = 0.09375.
2024-10-12 20:46:03 INFO        Calculated Architecture class smartbuffer_SRAM attributes"memory_width" as "max(32, width)" = 32.
2024-10-12 20:46:03 INFO        Calculated Architecture class smartbuffer_SRAM attributes"memory_depth" as "max(64, depth)" = 192.
2024-10-12 20:46:03 INFO        Calculated Architecture class smartbuffer_SRAM attributes"widthscale" as "width / memory_width" = 0.5.
2024-10-12 20:46:03 INFO        Calculated Architecture class smartbuffer_SRAM attributes"depthscale" as "depth / memory_depth" = 1.0.
2024-10-12 20:46:03 INFO        Calculated Architecture class smartbuffer_SRAM attributes"real_depth" as "depth" = 192.
2024-10-12 20:46:03 INFO        Calculated Architecture class smartbuffer_SRAM attributes"area_scale" as "widthscale * depthscale" = 0.5.
2024-10-12 20:46:03 INFO        Calculated Architecture class smartbuffer_SRAM attributes"dynamic_energy_scale" as "widthscale * (depthscale ** (1.56 / 2))" = 0.5.
2024-10-12 20:46:03 INFO        Calculated Architecture class smartbuffer_SRAM attributes"static_energy_scale" as "area_scale" = 0.5.
2024-10-12 20:46:03 INFO        Calculated Architecture class smartbuffer_SRAM attributes"memory_width" as "max(32, width)" = 32.
2024-10-12 20:46:03 INFO        Calculated Architecture class smartbuffer_SRAM attributes"memory_depth" as "max(64, depth)" = 64.
2024-10-12 20:46:03 INFO        Calculated Architecture class smartbuffer_SRAM attributes"widthscale" as "width / memory_width" = 0.5.
2024-10-12 20:46:03 INFO        Calculated Architecture class smartbuffer_SRAM attributes"depthscale" as "depth / memory_depth" = 0.25.
2024-10-12 20:46:03 INFO        Calculated Architecture class smartbuffer_SRAM attributes"real_depth" as "depth" = 16.
2024-10-12 20:46:03 INFO        Calculated Architecture class smartbuffer_SRAM attributes"area_scale" as "widthscale * depthscale" = 0.125.
2024-10-12 20:46:03 INFO        Calculated Architecture class smartbuffer_SRAM attributes"dynamic_energy_scale" as "widthscale * (depthscale ** (1.56 / 2))" = 0.16957554093095897.
2024-10-12 20:46:03 INFO        Calculated Architecture class smartbuffer_SRAM attributes"static_energy_scale" as "area_scale" = 0.125.
2024-10-12 20:46:03 WARNING     Area scale in attributes is deprecated. Use it on the same level as the attributes, not a subkey.
2024-10-12 20:46:03 WARNING     Area scale in attributes is deprecated. Use it on the same level as the attributes, not a subkey.
2024-10-12 20:46:03 WARNING     Area scale in attributes is deprecated. Use it on the same level as the attributes, not a subkey.
2024-10-12 20:46:03 WARNING     Area scale in attributes is deprecated. Use it on the same level as the attributes, not a subkey.
2024-10-12 20:46:03 INFO        Estimator plug-in identified by: /usr/local/share/accelergy/estimation_plug_ins/accelergy-neurosim-plugin/neurosim.estimator.yaml
2024-10-12 20:46:03 INFO        Estimator plug-in identified by: /usr/local/share/accelergy/estimation_plug_ins/dummy_tables/dummy.estimator.yaml
2024-10-12 20:46:03 INFO        Estimator plug-in identified by: /usr/local/share/accelergy/estimation_plug_ins/accelergy-cacti-plug-in/cacti.estimator.yaml
2024-10-12 20:46:03 INFO        Estimator plug-in identified by: /usr/local/share/accelergy/estimation_plug_ins/accelergy-table-based-plug-ins/table.estimator.yaml
2024-10-12 20:46:03 INFO        Estimator plug-in identified by: /usr/local/share/accelergy/estimation_plug_ins/accelergy-library-plugin/library.estimator.yaml
2024-10-12 20:46:03 INFO        Estimator plug-in identified by: /usr/local/share/accelergy/estimation_plug_ins/accelergy-adc-plug-in/adc.estimator.yaml
2024-10-12 20:46:03 INFO        Estimator plug-in identified by: /usr/local/share/accelergy/estimation_plug_ins/accelergy-aladdin-plug-in/aladdin.estimator.yaml
2024-10-12 20:46:03 INFO        Getting all estimators in module <module 'python_plug_in' from '/usr/local/share/accelergy/estimation_plug_ins/accelergy-cacti-plug-in/cacti_wrapper.py'>
2024-10-12 20:46:03 INFO        Added estimator CactiCache that estimates cache with actions idle, read, read_access, update, update_access, write, write_access, leak
2024-10-12 20:46:03 INFO        Added estimator CactiDRAM that estimates ['DRAM', 'dram'] with actions idle, read, update, write, leak
2024-10-12 20:46:03 INFO        Added estimator CactiSRAM that estimates ['SRAM', 'sram'] with actions idle, read, update, write, leak
2024-10-12 20:46:03 INFO        Found estimator plug-in: Neurosim Plug-In (<NeuroWrapper.NeuroWrapper object at 0x7de6e3a06e20>)
2024-10-12 20:46:03 INFO        Found estimator plug-in: dummy (<DummyTable.DummyTable object at 0x7de6e3a06d60>)
2024-10-12 20:46:03 INFO        Found estimator plug-in: DEPRECATED table-based-plug-ins. Use the Library plug-in instead. (<SetsOfTables.SetsOfTables object at 0x7de6e495dfa0>)
2024-10-12 20:46:03 INFO        Found estimator plug-in: Library (<LibraryEstimator.LibraryEstimator object at 0x7de6e3972f10>)
2024-10-12 20:46:03 INFO        Found estimator plug-in: ADC Plug-In (<ADCEstimator.ADCEstimator object at 0x7de6e38db2e0>)
2024-10-12 20:46:03 INFO        Found estimator plug-in: Aladdin_table (<AladdinTable.AladdinTable object at 0x7de6e38dbfa0>)
2024-10-12 20:46:03 INFO        Found estimator plug-in: CactiCache (<accelergy.plug_in_interface.estimator_wrapper.EstimatorWrapper object at 0x7de6e38ff880>)
2024-10-12 20:46:03 INFO        Found estimator plug-in: CactiDRAM (<accelergy.plug_in_interface.estimator_wrapper.EstimatorWrapper object at 0x7de6e38ff8e0>)
2024-10-12 20:46:03 INFO        Found estimator plug-in: CactiSRAM (<accelergy.plug_in_interface.estimator_wrapper.EstimatorWrapper object at 0x7de6e38f0c40>)
2024-10-12 20:46:03 INFO        Calculated storage."width" as "memory_width" = 64.
2024-10-12 20:46:03 INFO        Calculated storage."depth" as "memory_depth" = 16384.
2024-10-12 20:46:03 INFO        Calculated storage."n_rdwr_ports" as "n_rdwr_ports" = 1.
2024-10-12 20:46:03 INFO        Calculated storage."global_cycle_seconds" as "global_cycle_seconds" = 1e-09.
2024-10-12 20:46:03 INFO        Calculated storage.area_scale as "area_scale" = 1.0.
2024-10-12 20:46:03 INFO        Calculated address_generators[0..1]."n_bits" as "max(1, ceil(log2(real_depth))) if real_depth >= 1 else 1" = 14.
2024-10-12 20:46:03 INFO        Calculated address_generators[0..1]."precision" as "max(1, ceil(log2(real_depth))) if real_depth >= 1 else 1" = 14.
2024-10-12 20:46:03 INFO        Calculated address_generators[0..1]."global_cycle_seconds" as "global_cycle_seconds" = 1e-09.
2024-10-12 20:46:03 INFO        Calculated action write energy_scale as "dynamic_energy_scale" = 1.0.
2024-10-12 20:46:03 INFO        Calculated action read energy_scale as "dynamic_energy_scale" = 1.0.
2024-10-12 20:46:03 INFO        Calculated action leak energy_scale as "static_energy_scale" = 1.0.
2024-10-12 20:46:03 INFO        Calculated action write energy_scale as "dynamic_energy_scale" = 1.0.
2024-10-12 20:46:03 INFO        Calculated storage."width" as "memory_width" = 32.
2024-10-12 20:46:03 INFO        Calculated storage."depth" as "memory_depth" = 64.
2024-10-12 20:46:03 INFO        Calculated storage."n_rdwr_ports" as "n_rdwr_ports" = 1.
2024-10-12 20:46:03 INFO        Calculated storage."global_cycle_seconds" as "global_cycle_seconds" = 1e-09.
2024-10-12 20:46:03 INFO        Calculated storage.area_scale as "area_scale" = 0.09375.
2024-10-12 20:46:03 INFO        Calculated address_generators[0..1]."n_bits" as "max(1, ceil(log2(real_depth))) if real_depth >= 1 else 1" = 4.
2024-10-12 20:46:03 INFO        Calculated address_generators[0..1]."precision" as "max(1, ceil(log2(real_depth))) if real_depth >= 1 else 1" = 4.
2024-10-12 20:46:03 INFO        Calculated address_generators[0..1]."global_cycle_seconds" as "global_cycle_seconds" = 1e-09.
2024-10-12 20:46:03 INFO        Calculated action write energy_scale as "dynamic_energy_scale" = 0.1354911710963393.
2024-10-12 20:46:03 INFO        Calculated action read energy_scale as "dynamic_energy_scale" = 0.1354911710963393.
2024-10-12 20:46:03 INFO        Calculated action leak energy_scale as "static_energy_scale" = 0.09375.
2024-10-12 20:46:03 INFO        Calculated action write energy_scale as "dynamic_energy_scale" = 0.1354911710963393.
2024-10-12 20:46:03 INFO        Calculated storage."width" as "memory_width" = 32.
2024-10-12 20:46:03 INFO        Calculated storage."depth" as "memory_depth" = 192.
2024-10-12 20:46:03 INFO        Calculated storage."n_rdwr_ports" as "n_rdwr_ports" = 1.
2024-10-12 20:46:03 INFO        Calculated storage."global_cycle_seconds" as "global_cycle_seconds" = 1e-09.
2024-10-12 20:46:03 INFO        Calculated storage.area_scale as "area_scale" = 0.5.
2024-10-12 20:46:03 INFO        Calculated address_generators[0..1]."n_bits" as "max(1, ceil(log2(real_depth))) if real_depth >= 1 else 1" = 8.
2024-10-12 20:46:03 INFO        Calculated address_generators[0..1]."precision" as "max(1, ceil(log2(real_depth))) if real_depth >= 1 else 1" = 8.
2024-10-12 20:46:03 INFO        Calculated address_generators[0..1]."global_cycle_seconds" as "global_cycle_seconds" = 1e-09.
2024-10-12 20:46:03 INFO        Calculated action write energy_scale as "dynamic_energy_scale" = 0.5.
2024-10-12 20:46:03 INFO        Calculated action read energy_scale as "dynamic_energy_scale" = 0.5.
2024-10-12 20:46:03 INFO        Calculated action leak energy_scale as "static_energy_scale" = 0.5.
2024-10-12 20:46:03 INFO        Calculated action write energy_scale as "dynamic_energy_scale" = 0.5.
2024-10-12 20:46:03 INFO        Calculated storage."width" as "memory_width" = 32.
2024-10-12 20:46:03 INFO        Calculated storage."depth" as "memory_depth" = 64.
2024-10-12 20:46:03 INFO        Calculated storage."n_rdwr_ports" as "n_rdwr_ports" = 1.
2024-10-12 20:46:03 INFO        Calculated storage."global_cycle_seconds" as "global_cycle_seconds" = 1e-09.
2024-10-12 20:46:03 INFO        Calculated storage.area_scale as "area_scale" = 0.125.
2024-10-12 20:46:03 INFO        Calculated address_generators[0..1]."n_bits" as "max(1, ceil(log2(real_depth))) if real_depth >= 1 else 1" = 4.
2024-10-12 20:46:03 INFO        Calculated address_generators[0..1]."precision" as "max(1, ceil(log2(real_depth))) if real_depth >= 1 else 1" = 4.
2024-10-12 20:46:03 INFO        Calculated address_generators[0..1]."global_cycle_seconds" as "global_cycle_seconds" = 1e-09.
2024-10-12 20:46:04 INFO        Calculated action write energy_scale as "dynamic_energy_scale" = 0.16957554093095897.
2024-10-12 20:46:04 INFO        Calculated action read energy_scale as "dynamic_energy_scale" = 0.16957554093095897.
2024-10-12 20:46:04 INFO        Calculated action leak energy_scale as "static_energy_scale" = 0.125.
2024-10-12 20:46:04 INFO        Calculated action write energy_scale as "dynamic_energy_scale" = 0.16957554093095897.
2024-10-12 20:46:04 INFO        Calculated intadder."width" as "adder_width" = 16.
2024-10-12 20:46:04 INFO        Calculated intmultiplier."width_a" as "multiplier_width" = 8.
2024-10-12 20:46:04 INFO        Calculated intmultiplier."width_b" as "multiplier_width" = 8.
2024-10-12 20:46:04 INFO        
2024-10-12 20:46:04 INFO        ENERGY ESTIMATION for DRAM(type=LPDDR4, width=64, datawidth=8, has_power_gating=False, n_banks=2, cluster_size=1, reduction_supported=True, multiple_buffering=1, min_utilization=0, allow_overbooking=False, meshX=1, meshY=1, technology=32nm, global_cycle_seconds=1e-09, version=0.4, action_latency_cycles=1, cycle_seconds=1e-09, n_instances=1).update(global_cycle_seconds=1e-09, action_latency_cycles=1)
2024-10-12 20:46:04 INFO        CactiDRAM estimated 5.12e-10 with accuracy 80%. Messages:
2024-10-12 20:46:04 INFO        | Unused arguments (datawidth, has_power_gating, n_banks, cluster_size, reduction_supported, multiple_buffering, min_utilization, allow_overbooking, meshX, meshY, technology, global_cycle_seconds, version, action_latency_cycles, cycle_seconds, n_instances) provided for ['DRAM', 'dram'].__init__. Arguments used: (type, width)
2024-10-12 20:46:04 INFO        | Unused arguments (global_cycle_seconds, action_latency_cycles) provided for ['DRAM', 'dram'].update. Arguments used: ()
2024-10-12 20:46:04 INFO        
2024-10-12 20:46:04 INFO        ENERGY ESTIMATION for DRAM(type=LPDDR4, width=64, datawidth=8, has_power_gating=False, n_banks=2, cluster_size=1, reduction_supported=True, multiple_buffering=1, min_utilization=0, allow_overbooking=False, meshX=1, meshY=1, technology=32nm, global_cycle_seconds=1e-09, version=0.4, action_latency_cycles=1, cycle_seconds=1e-09, n_instances=1).leak(global_cycle_seconds=1e-09, action_latency_cycles=1)
2024-10-12 20:46:04 INFO        CactiDRAM estimated 0 with accuracy 80%. Messages:
2024-10-12 20:46:04 INFO        | Unused arguments (datawidth, has_power_gating, n_banks, cluster_size, reduction_supported, multiple_buffering, min_utilization, allow_overbooking, meshX, meshY, technology, global_cycle_seconds, version, action_latency_cycles, cycle_seconds, n_instances) provided for ['DRAM', 'dram'].__init__. Arguments used: (type, width)
2024-10-12 20:46:04 INFO        | Unused arguments (action_latency_cycles) provided for ['DRAM', 'dram'].leak. Arguments used: (global_cycle_seconds)
2024-10-12 20:46:04 INFO        | Multiplying by n_instances 1
2024-10-12 20:46:04 INFO        
2024-10-12 20:46:04 INFO        ENERGY ESTIMATION for DRAM(type=LPDDR4, width=64, datawidth=8, has_power_gating=False, n_banks=2, cluster_size=1, reduction_supported=True, multiple_buffering=1, min_utilization=0, allow_overbooking=False, meshX=1, meshY=1, technology=32nm, global_cycle_seconds=1e-09, version=0.4, action_latency_cycles=1, cycle_seconds=1e-09, n_instances=1).read(global_cycle_seconds=1e-09, action_latency_cycles=1)
2024-10-12 20:46:04 INFO        CactiDRAM estimated 5.12e-10 with accuracy 80%. Messages:
2024-10-12 20:46:04 INFO        | Unused arguments (datawidth, has_power_gating, n_banks, cluster_size, reduction_supported, multiple_buffering, min_utilization, allow_overbooking, meshX, meshY, technology, global_cycle_seconds, version, action_latency_cycles, cycle_seconds, n_instances) provided for ['DRAM', 'dram'].__init__. Arguments used: (type, width)
2024-10-12 20:46:04 INFO        | Unused arguments (global_cycle_seconds, action_latency_cycles) provided for ['DRAM', 'dram'].read. Arguments used: ()
2024-10-12 20:46:04 INFO        
2024-10-12 20:46:04 INFO        ENERGY ESTIMATION for DRAM(type=LPDDR4, width=64, datawidth=8, has_power_gating=False, n_banks=2, cluster_size=1, reduction_supported=True, multiple_buffering=1, min_utilization=0, allow_overbooking=False, meshX=1, meshY=1, technology=32nm, global_cycle_seconds=1e-09, version=0.4, action_latency_cycles=1, cycle_seconds=1e-09, n_instances=1).write(global_cycle_seconds=1e-09, action_latency_cycles=1)
2024-10-12 20:46:04 INFO        CactiDRAM estimated 5.12e-10 with accuracy 80%. Messages:
2024-10-12 20:46:04 INFO        | Unused arguments (datawidth, has_power_gating, n_banks, cluster_size, reduction_supported, multiple_buffering, min_utilization, allow_overbooking, meshX, meshY, technology, global_cycle_seconds, version, action_latency_cycles, cycle_seconds, n_instances) provided for ['DRAM', 'dram'].__init__. Arguments used: (type, width)
2024-10-12 20:46:04 INFO        | Unused arguments (global_cycle_seconds, action_latency_cycles) provided for ['DRAM', 'dram'].write. Arguments used: ()
2024-10-12 20:46:04 INFO        
2024-10-12 20:46:04 INFO        ENERGY ESTIMATION for SRAM(width=64, depth=16384, n_rdwr_ports=1, global_cycle_seconds=1e-09, action_latency_cycles=1, cycle_seconds=1e-09, technology=32nm, n_instances=1).write(global_cycle_seconds=1e-09, action_latency_cycles=1, cycle_seconds=1e-09, technology=32nm, n_instances=1)
2024-10-12 20:46:07 INFO        CactiSRAM estimated 1.4109500000000001e-11 with accuracy 80%. Messages:
2024-10-12 20:46:07 INFO        | Unused arguments (n_rdwr_ports, global_cycle_seconds, action_latency_cycles, cycle_seconds, n_instances) provided for ['SRAM', 'sram'].__init__. Arguments used: (width, depth, technology)
2024-10-12 20:46:07 INFO        | Unused arguments (global_cycle_seconds, action_latency_cycles, cycle_seconds, technology, n_instances) provided for ['SRAM', 'sram'].write. Arguments used: ()
2024-10-12 20:46:07 INFO        | Calling CACTI with cache_size=131072 n_rw_ports=1 block_size=8 tech_node_um=0.032 n_banks=1 tag_size=0 associativity=1
2024-10-12 20:46:07 INFO        | Calling CACTI with input path /usr/local/share/accelergy/estimation_plug_ins/accelergy-cacti-plug-in/cacti_inputs_outputs/tmp47tjtfru
2024-10-12 20:46:07 INFO        | CACTI output will be written to /usr/local/share/accelergy/estimation_plug_ins/accelergy-cacti-plug-in/cacti_inputs_outputs/tmp6ejemo6o
2024-10-12 20:46:07 INFO        | CACTI executable not found at /usr/local/share/accelergy/estimation_plug_ins/accelergy-cacti-plug-in/cacti/cacti
2024-10-12 20:46:07 INFO        | Calling: cd /usr/local/share/accelergy/estimation_plug_ins/accelergy-cacti-plug-in ; ./cacti -infile /usr/local/share/accelergy/estimation_plug_ins/accelergy-cacti-plug-in/cacti_inputs_outputs/tmp47tjtfru >> /usr/local/share/accelergy/estimation_plug_ins/accelergy-cacti-plug-in/cacti_inputs_outputs/tmp6ejemo6o 2>&1
2024-10-12 20:46:07 INFO        | Cache bandwidth: 8.0 bytes/cycle
2024-10-12 20:46:07 INFO        | Cache bandwidth: 49177808513.908104 bits/second
2024-10-12 20:46:07 INFO        
2024-10-12 20:46:07 INFO        ENERGY ESTIMATION for intadder(n_bits=14, precision=14, global_cycle_seconds=1e-09, action_latency_cycles=1, cycle_seconds=1e-09, technology=32nm, n_instances=1).add(global_cycle_seconds=1e-09, action_latency_cycles=1, cycle_seconds=1e-09, technology=32nm, n_instances=1)
2024-10-12 20:46:07 INFO        Neurosim Plug-In estimated 0.028429009999999998p with accuracy 70%. Messages:
2024-10-12 20:46:07 INFO        | WARN: Non-numeric 32nm for parameter technology. Using 32 instead.
2024-10-12 20:46:07 INFO        | Building a crossbar with cell file /usr/local/share/accelergy/estimation_plug_ins/accelergy-neurosim-plugin/cells/placeholder.cell
2024-10-12 20:46:07 INFO        | Neurosim Plugin parsing cell file...
2024-10-12 20:46:07 INFO        | 	Failed to calculate "widthSRAMCellNMOS:". Ignore if this value is not needed.
2024-10-12 20:46:07 INFO        | 		Could not find -SRAMCellNMOSWidth (F): in cell file.
2024-10-12 20:46:07 INFO        | 	Failed to calculate "widthSRAMCellPMOS:". Ignore if this value is not needed.
2024-10-12 20:46:07 INFO        | 		Could not find -SRAMCellPMOSWidth (F): in cell file.
2024-10-12 20:46:07 INFO        | 	Failed to calculate "minSenseVoltage:". Ignore if this value is not needed.
2024-10-12 20:46:07 INFO        | 		Could not find -MinSenseVoltage (mV): in cell file.
2024-10-12 20:46:07 INFO        | 	Failed to calculate "accessTransistorResistance:". Ignore if this value is not needed.
2024-10-12 20:46:07 INFO        | 		Could not find -AccessTransistorResistance (ohm): in cell file.
2024-10-12 20:46:07 INFO        | 	Failed to calculate "WriteVoltage:". Ignore if this value is not needed.
2024-10-12 20:46:07 INFO        | 		Could not find -WriteVoltage (V): in cell file.
2024-10-12 20:46:07 INFO        | 	Failed to calculate "SET_CURRENT". Ignore if this value is not needed.
2024-10-12 20:46:07 INFO        | 		Could not find -SetCurrent (uA): in cell file.
2024-10-12 20:46:07 INFO        | 	Failed to calculate "SET_POWER". Ignore if this value is not needed.
2024-10-12 20:46:07 INFO        | 		Could not find -SetPower (uW): in cell file.
2024-10-12 20:46:07 INFO        | 	Failed to calculate "READ_CURRENT". Ignore if this value is not needed.
2024-10-12 20:46:07 INFO        | 		Could not find -ReadCurrent (uA): in cell file.
2024-10-12 20:46:07 INFO        | 	Failed to calculate "READ_ENERGY". Ignore if this value is not needed.
2024-10-12 20:46:07 INFO        | 		Could not find -ReadEnergy (pJ): in cell file.
2024-10-12 20:46:07 INFO        | 	Failed to calculate "cellCapacitanceMultiplier:". Ignore if this value is not needed.
2024-10-12 20:46:07 INFO        | 		Could not find -CellCapacitanceMultiplier: in cell file.
2024-10-12 20:46:07 INFO        | 	Failed to calculate "cellCapacitanceAdjust:". Ignore if this value is not needed.
2024-10-12 20:46:07 INFO        | 		Could not find -CellCapacitanceAdjust (F): in cell file.
2024-10-12 20:46:07 INFO        | 	Failed to calculate "deviceRoadmap:". Ignore if this value is not needed.
2024-10-12 20:46:07 INFO        | 		Could not find -DeviceRoadmap -1LP 1HP 2LSTP: in cell file.
2024-10-12 20:46:07 INFO        | Running /usr/local/share/accelergy/estimation_plug_ins/accelergy-neurosim-plugin/NeuroSim/main /usr/local/share/accelergy/estimation_plug_ins/accelergy-neurosim-plugin/neurosim_input_26550.cfg
2024-10-12 20:46:07 INFO        | Crossbar minimum latency is 2.344 ns to read 8.0 columns at once.
2024-10-12 20:46:07 INFO        
2024-10-12 20:46:07 INFO        ENERGY ESTIMATION for SRAM(width=64, depth=16384, n_rdwr_ports=1, global_cycle_seconds=1e-09, action_latency_cycles=1, cycle_seconds=1e-09, technology=32nm, n_instances=1).read(global_cycle_seconds=1e-09, action_latency_cycles=1, cycle_seconds=1e-09, technology=32nm, n_instances=1)
2024-10-12 20:46:11 INFO        CactiSRAM estimated 1.81554e-11 with accuracy 80%. Messages:
2024-10-12 20:46:11 INFO        | Unused arguments (n_rdwr_ports, global_cycle_seconds, action_latency_cycles, cycle_seconds, n_instances) provided for ['SRAM', 'sram'].__init__. Arguments used: (width, depth, technology)
2024-10-12 20:46:11 INFO        | Unused arguments (global_cycle_seconds, action_latency_cycles, cycle_seconds, technology, n_instances) provided for ['SRAM', 'sram'].read. Arguments used: ()
2024-10-12 20:46:11 INFO        | Calling CACTI with cache_size=131072 n_rw_ports=1 block_size=8 tech_node_um=0.032 n_banks=1 tag_size=0 associativity=1
2024-10-12 20:46:11 INFO        | Calling CACTI with input path /usr/local/share/accelergy/estimation_plug_ins/accelergy-cacti-plug-in/cacti_inputs_outputs/tmpvy36ly5i
2024-10-12 20:46:11 INFO        | CACTI output will be written to /usr/local/share/accelergy/estimation_plug_ins/accelergy-cacti-plug-in/cacti_inputs_outputs/tmprzvfz8c0
2024-10-12 20:46:11 INFO        | CACTI executable not found at /usr/local/share/accelergy/estimation_plug_ins/accelergy-cacti-plug-in/cacti/cacti
2024-10-12 20:46:11 INFO        | Calling: cd /usr/local/share/accelergy/estimation_plug_ins/accelergy-cacti-plug-in ; ./cacti -infile /usr/local/share/accelergy/estimation_plug_ins/accelergy-cacti-plug-in/cacti_inputs_outputs/tmpvy36ly5i >> /usr/local/share/accelergy/estimation_plug_ins/accelergy-cacti-plug-in/cacti_inputs_outputs/tmprzvfz8c0 2>&1
2024-10-12 20:46:11 INFO        | Cache bandwidth: 8.0 bytes/cycle
2024-10-12 20:46:11 INFO        | Cache bandwidth: 49177808513.908104 bits/second
2024-10-12 20:46:11 INFO        
2024-10-12 20:46:11 INFO        ENERGY ESTIMATION for intadder(n_bits=14, precision=14, global_cycle_seconds=1e-09, action_latency_cycles=1, cycle_seconds=1e-09, technology=32nm, n_instances=1).add(global_cycle_seconds=1e-09, action_latency_cycles=1, cycle_seconds=1e-09, technology=32nm, n_instances=1)
2024-10-12 20:46:11 INFO        Neurosim Plug-In estimated 0.028429009999999998p with accuracy 70%. Messages:
2024-10-12 20:46:11 INFO        | WARN: Non-numeric 32nm for parameter technology. Using 32 instead.
2024-10-12 20:46:11 INFO        
2024-10-12 20:46:11 INFO        ENERGY ESTIMATION for SRAM(width=64, depth=16384, n_rdwr_ports=1, global_cycle_seconds=1e-09, action_latency_cycles=1, cycle_seconds=1e-09, technology=32nm, n_instances=1).leak(global_cycle_seconds=1e-09, action_latency_cycles=1, cycle_seconds=1e-09, technology=32nm, n_instances=1)
2024-10-12 20:46:14 INFO        CactiSRAM estimated 5.645290000000001e-15 with accuracy 80%. Messages:
2024-10-12 20:46:14 INFO        | Unused arguments (n_rdwr_ports, global_cycle_seconds, action_latency_cycles, cycle_seconds, n_instances) provided for ['SRAM', 'sram'].__init__. Arguments used: (width, depth, technology)
2024-10-12 20:46:14 INFO        | Unused arguments (action_latency_cycles, cycle_seconds, technology, n_instances) provided for ['SRAM', 'sram'].leak. Arguments used: (global_cycle_seconds)
2024-10-12 20:46:14 INFO        | Calling CACTI with cache_size=131072 n_rw_ports=1 block_size=8 tech_node_um=0.032 n_banks=1 tag_size=0 associativity=1
2024-10-12 20:46:14 INFO        | Calling CACTI with input path /usr/local/share/accelergy/estimation_plug_ins/accelergy-cacti-plug-in/cacti_inputs_outputs/tmp08jwl0ib
2024-10-12 20:46:14 INFO        | CACTI output will be written to /usr/local/share/accelergy/estimation_plug_ins/accelergy-cacti-plug-in/cacti_inputs_outputs/tmpsggls8_w
2024-10-12 20:46:14 INFO        | CACTI executable not found at /usr/local/share/accelergy/estimation_plug_ins/accelergy-cacti-plug-in/cacti/cacti
2024-10-12 20:46:14 INFO        | Calling: cd /usr/local/share/accelergy/estimation_plug_ins/accelergy-cacti-plug-in ; ./cacti -infile /usr/local/share/accelergy/estimation_plug_ins/accelergy-cacti-plug-in/cacti_inputs_outputs/tmp08jwl0ib >> /usr/local/share/accelergy/estimation_plug_ins/accelergy-cacti-plug-in/cacti_inputs_outputs/tmpsggls8_w 2>&1
2024-10-12 20:46:14 INFO        | Cache bandwidth: 8.0 bytes/cycle
2024-10-12 20:46:14 INFO        | Cache bandwidth: 49177808513.908104 bits/second
2024-10-12 20:46:14 INFO        | Global cycle time 1e-09 is less than the cache's random cycle time 1.3013999999999999e-09
2024-10-12 20:46:14 INFO        | Multiplying by n_instances 1
2024-10-12 20:46:14 INFO        
2024-10-12 20:46:14 INFO        ENERGY ESTIMATION for intadder(n_bits=14, precision=14, global_cycle_seconds=1e-09, action_latency_cycles=1, cycle_seconds=1e-09, technology=32nm, n_instances=1).leak(global_cycle_seconds=1e-09, action_latency_cycles=1, cycle_seconds=1e-09, technology=32nm, n_instances=1)
2024-10-12 20:46:14 INFO        Neurosim Plug-In estimated 3.124068e-06p with accuracy 70%. Messages:
2024-10-12 20:46:14 INFO        | WARN: Non-numeric 32nm for parameter technology. Using 32 instead.
2024-10-12 20:46:14 INFO        | Multiplying by n_instances 1
2024-10-12 20:46:14 INFO        
2024-10-12 20:46:14 INFO        ENERGY ESTIMATION for SRAM(width=64, depth=16384, n_rdwr_ports=1, global_cycle_seconds=1e-09, action_latency_cycles=1, cycle_seconds=1e-09, technology=32nm, n_instances=1).write(global_cycle_seconds=1e-09, action_latency_cycles=1, cycle_seconds=1e-09, technology=32nm, n_instances=1)
2024-10-12 20:46:17 INFO        CactiSRAM estimated 1.4109500000000001e-11 with accuracy 80%. Messages:
2024-10-12 20:46:17 INFO        | Unused arguments (n_rdwr_ports, global_cycle_seconds, action_latency_cycles, cycle_seconds, n_instances) provided for ['SRAM', 'sram'].__init__. Arguments used: (width, depth, technology)
2024-10-12 20:46:17 INFO        | Unused arguments (global_cycle_seconds, action_latency_cycles, cycle_seconds, technology, n_instances) provided for ['SRAM', 'sram'].write. Arguments used: ()
2024-10-12 20:46:17 INFO        | Calling CACTI with cache_size=131072 n_rw_ports=1 block_size=8 tech_node_um=0.032 n_banks=1 tag_size=0 associativity=1
2024-10-12 20:46:17 INFO        | Calling CACTI with input path /usr/local/share/accelergy/estimation_plug_ins/accelergy-cacti-plug-in/cacti_inputs_outputs/tmp9m6lai03
2024-10-12 20:46:17 INFO        | CACTI output will be written to /usr/local/share/accelergy/estimation_plug_ins/accelergy-cacti-plug-in/cacti_inputs_outputs/tmpkm_e5z3a
2024-10-12 20:46:17 INFO        | CACTI executable not found at /usr/local/share/accelergy/estimation_plug_ins/accelergy-cacti-plug-in/cacti/cacti
2024-10-12 20:46:17 INFO        | Calling: cd /usr/local/share/accelergy/estimation_plug_ins/accelergy-cacti-plug-in ; ./cacti -infile /usr/local/share/accelergy/estimation_plug_ins/accelergy-cacti-plug-in/cacti_inputs_outputs/tmp9m6lai03 >> /usr/local/share/accelergy/estimation_plug_ins/accelergy-cacti-plug-in/cacti_inputs_outputs/tmpkm_e5z3a 2>&1
2024-10-12 20:46:17 INFO        | Cache bandwidth: 8.0 bytes/cycle
2024-10-12 20:46:17 INFO        | Cache bandwidth: 49177808513.908104 bits/second
2024-10-12 20:46:17 INFO        
2024-10-12 20:46:17 INFO        ENERGY ESTIMATION for intadder(n_bits=14, precision=14, global_cycle_seconds=1e-09, action_latency_cycles=1, cycle_seconds=1e-09, technology=32nm, n_instances=1).add(global_cycle_seconds=1e-09, action_latency_cycles=1, cycle_seconds=1e-09, technology=32nm, n_instances=1)
2024-10-12 20:46:17 INFO        Neurosim Plug-In estimated 0.028429009999999998p with accuracy 70%. Messages:
2024-10-12 20:46:17 INFO        | WARN: Non-numeric 32nm for parameter technology. Using 32 instead.
2024-10-12 20:46:17 INFO        
2024-10-12 20:46:17 INFO        ENERGY ESTIMATION for SRAM(width=32, depth=64, n_rdwr_ports=1, global_cycle_seconds=1e-09, action_latency_cycles=1, cycle_seconds=1e-09, technology=32nm, n_instances=1).write(global_cycle_seconds=1e-09, action_latency_cycles=1, cycle_seconds=1e-09, technology=32nm, n_instances=1)
2024-10-12 20:46:17 INFO        CactiSRAM estimated 5.88474e-13 with accuracy 80%. Messages:
2024-10-12 20:46:17 INFO        | Unused arguments (n_rdwr_ports, global_cycle_seconds, action_latency_cycles, cycle_seconds, n_instances) provided for ['SRAM', 'sram'].__init__. Arguments used: (width, depth, technology)
2024-10-12 20:46:17 INFO        | Unused arguments (global_cycle_seconds, action_latency_cycles, cycle_seconds, technology, n_instances) provided for ['SRAM', 'sram'].write. Arguments used: ()
2024-10-12 20:46:17 INFO        | Calling CACTI with cache_size=256 n_rw_ports=1 block_size=4 tech_node_um=0.032 n_banks=1 tag_size=0 associativity=1
2024-10-12 20:46:17 INFO        | Calling CACTI with input path /usr/local/share/accelergy/estimation_plug_ins/accelergy-cacti-plug-in/cacti_inputs_outputs/tmp571qz2pp
2024-10-12 20:46:17 INFO        | CACTI output will be written to /usr/local/share/accelergy/estimation_plug_ins/accelergy-cacti-plug-in/cacti_inputs_outputs/tmpsz20rqha
2024-10-12 20:46:17 INFO        | CACTI executable not found at /usr/local/share/accelergy/estimation_plug_ins/accelergy-cacti-plug-in/cacti/cacti
2024-10-12 20:46:17 INFO        | Calling: cd /usr/local/share/accelergy/estimation_plug_ins/accelergy-cacti-plug-in ; ./cacti -infile /usr/local/share/accelergy/estimation_plug_ins/accelergy-cacti-plug-in/cacti_inputs_outputs/tmp571qz2pp >> /usr/local/share/accelergy/estimation_plug_ins/accelergy-cacti-plug-in/cacti_inputs_outputs/tmpsz20rqha 2>&1
2024-10-12 20:46:17 INFO        | Cache bandwidth: 4.0 bytes/cycle
2024-10-12 20:46:17 INFO        | Cache bandwidth: 85256943112.3047 bits/second
2024-10-12 20:46:17 INFO        
2024-10-12 20:46:17 INFO        ENERGY ESTIMATION for intadder(n_bits=4, precision=4, global_cycle_seconds=1e-09, action_latency_cycles=1, cycle_seconds=1e-09, technology=32nm, n_instances=1).add(global_cycle_seconds=1e-09, action_latency_cycles=1, cycle_seconds=1e-09, technology=32nm, n_instances=1)
2024-10-12 20:46:17 INFO        Neurosim Plug-In estimated 0.008220707p with accuracy 70%. Messages:
2024-10-12 20:46:17 INFO        | WARN: Non-numeric 32nm for parameter technology. Using 32 instead.
2024-10-12 20:46:17 INFO        | Building a crossbar with cell file /usr/local/share/accelergy/estimation_plug_ins/accelergy-neurosim-plugin/cells/placeholder.cell
2024-10-12 20:46:17 INFO        | Neurosim Plugin parsing cell file...
2024-10-12 20:46:17 INFO        | 	Failed to calculate "widthSRAMCellNMOS:". Ignore if this value is not needed.
2024-10-12 20:46:17 INFO        | 		Could not find -SRAMCellNMOSWidth (F): in cell file.
2024-10-12 20:46:17 INFO        | 	Failed to calculate "widthSRAMCellPMOS:". Ignore if this value is not needed.
2024-10-12 20:46:17 INFO        | 		Could not find -SRAMCellPMOSWidth (F): in cell file.
2024-10-12 20:46:17 INFO        | 	Failed to calculate "minSenseVoltage:". Ignore if this value is not needed.
2024-10-12 20:46:17 INFO        | 		Could not find -MinSenseVoltage (mV): in cell file.
2024-10-12 20:46:17 INFO        | 	Failed to calculate "accessTransistorResistance:". Ignore if this value is not needed.
2024-10-12 20:46:17 INFO        | 		Could not find -AccessTransistorResistance (ohm): in cell file.
2024-10-12 20:46:17 INFO        | 	Failed to calculate "WriteVoltage:". Ignore if this value is not needed.
2024-10-12 20:46:17 INFO        | 		Could not find -WriteVoltage (V): in cell file.
2024-10-12 20:46:17 INFO        | 	Failed to calculate "SET_CURRENT". Ignore if this value is not needed.
2024-10-12 20:46:17 INFO        | 		Could not find -SetCurrent (uA): in cell file.
2024-10-12 20:46:17 INFO        | 	Failed to calculate "SET_POWER". Ignore if this value is not needed.
2024-10-12 20:46:17 INFO        | 		Could not find -SetPower (uW): in cell file.
2024-10-12 20:46:17 INFO        | 	Failed to calculate "READ_CURRENT". Ignore if this value is not needed.
2024-10-12 20:46:17 INFO        | 		Could not find -ReadCurrent (uA): in cell file.
2024-10-12 20:46:17 INFO        | 	Failed to calculate "READ_ENERGY". Ignore if this value is not needed.
2024-10-12 20:46:17 INFO        | 		Could not find -ReadEnergy (pJ): in cell file.
2024-10-12 20:46:17 INFO        | 	Failed to calculate "cellCapacitanceMultiplier:". Ignore if this value is not needed.
2024-10-12 20:46:17 INFO        | 		Could not find -CellCapacitanceMultiplier: in cell file.
2024-10-12 20:46:17 INFO        | 	Failed to calculate "cellCapacitanceAdjust:". Ignore if this value is not needed.
2024-10-12 20:46:17 INFO        | 		Could not find -CellCapacitanceAdjust (F): in cell file.
2024-10-12 20:46:17 INFO        | 	Failed to calculate "deviceRoadmap:". Ignore if this value is not needed.
2024-10-12 20:46:17 INFO        | 		Could not find -DeviceRoadmap -1LP 1HP 2LSTP: in cell file.
2024-10-12 20:46:17 INFO        | Running /usr/local/share/accelergy/estimation_plug_ins/accelergy-neurosim-plugin/NeuroSim/main /usr/local/share/accelergy/estimation_plug_ins/accelergy-neurosim-plugin/neurosim_input_26550.cfg
2024-10-12 20:46:17 INFO        | Crossbar minimum latency is 2.344 ns to read 8.0 columns at once.
2024-10-12 20:46:17 INFO        
2024-10-12 20:46:17 INFO        ENERGY ESTIMATION for SRAM(width=32, depth=64, n_rdwr_ports=1, global_cycle_seconds=1e-09, action_latency_cycles=1, cycle_seconds=1e-09, technology=32nm, n_instances=1).read(global_cycle_seconds=1e-09, action_latency_cycles=1, cycle_seconds=1e-09, technology=32nm, n_instances=1)
2024-10-12 20:46:17 INFO        CactiSRAM estimated 3.5030100000000005e-13 with accuracy 80%. Messages:
2024-10-12 20:46:17 INFO        | Unused arguments (n_rdwr_ports, global_cycle_seconds, action_latency_cycles, cycle_seconds, n_instances) provided for ['SRAM', 'sram'].__init__. Arguments used: (width, depth, technology)
2024-10-12 20:46:17 INFO        | Unused arguments (global_cycle_seconds, action_latency_cycles, cycle_seconds, technology, n_instances) provided for ['SRAM', 'sram'].read. Arguments used: ()
2024-10-12 20:46:17 INFO        | Calling CACTI with cache_size=256 n_rw_ports=1 block_size=4 tech_node_um=0.032 n_banks=1 tag_size=0 associativity=1
2024-10-12 20:46:17 INFO        | Calling CACTI with input path /usr/local/share/accelergy/estimation_plug_ins/accelergy-cacti-plug-in/cacti_inputs_outputs/tmpffqnwz3b
2024-10-12 20:46:17 INFO        | CACTI output will be written to /usr/local/share/accelergy/estimation_plug_ins/accelergy-cacti-plug-in/cacti_inputs_outputs/tmphuw8_vcv
2024-10-12 20:46:17 INFO        | CACTI executable not found at /usr/local/share/accelergy/estimation_plug_ins/accelergy-cacti-plug-in/cacti/cacti
2024-10-12 20:46:17 INFO        | Calling: cd /usr/local/share/accelergy/estimation_plug_ins/accelergy-cacti-plug-in ; ./cacti -infile /usr/local/share/accelergy/estimation_plug_ins/accelergy-cacti-plug-in/cacti_inputs_outputs/tmpffqnwz3b >> /usr/local/share/accelergy/estimation_plug_ins/accelergy-cacti-plug-in/cacti_inputs_outputs/tmphuw8_vcv 2>&1
2024-10-12 20:46:17 INFO        | Cache bandwidth: 4.0 bytes/cycle
2024-10-12 20:46:17 INFO        | Cache bandwidth: 85256943112.3047 bits/second
2024-10-12 20:46:17 INFO        
2024-10-12 20:46:17 INFO        ENERGY ESTIMATION for intadder(n_bits=4, precision=4, global_cycle_seconds=1e-09, action_latency_cycles=1, cycle_seconds=1e-09, technology=32nm, n_instances=1).add(global_cycle_seconds=1e-09, action_latency_cycles=1, cycle_seconds=1e-09, technology=32nm, n_instances=1)
2024-10-12 20:46:18 INFO        Neurosim Plug-In estimated 0.008220707p with accuracy 70%. Messages:
2024-10-12 20:46:18 INFO        | WARN: Non-numeric 32nm for parameter technology. Using 32 instead.
2024-10-12 20:46:18 INFO        
2024-10-12 20:46:18 INFO        ENERGY ESTIMATION for SRAM(width=32, depth=64, n_rdwr_ports=1, global_cycle_seconds=1e-09, action_latency_cycles=1, cycle_seconds=1e-09, technology=32nm, n_instances=1).leak(global_cycle_seconds=1e-09, action_latency_cycles=1, cycle_seconds=1e-09, technology=32nm, n_instances=1)
2024-10-12 20:46:18 INFO        CactiSRAM estimated 2.2557900000000002e-17 with accuracy 80%. Messages:
2024-10-12 20:46:18 INFO        | Unused arguments (n_rdwr_ports, global_cycle_seconds, action_latency_cycles, cycle_seconds, n_instances) provided for ['SRAM', 'sram'].__init__. Arguments used: (width, depth, technology)
2024-10-12 20:46:18 INFO        | Unused arguments (action_latency_cycles, cycle_seconds, technology, n_instances) provided for ['SRAM', 'sram'].leak. Arguments used: (global_cycle_seconds)
2024-10-12 20:46:18 INFO        | Calling CACTI with cache_size=256 n_rw_ports=1 block_size=4 tech_node_um=0.032 n_banks=1 tag_size=0 associativity=1
2024-10-12 20:46:18 INFO        | Calling CACTI with input path /usr/local/share/accelergy/estimation_plug_ins/accelergy-cacti-plug-in/cacti_inputs_outputs/tmptq6hmurk
2024-10-12 20:46:18 INFO        | CACTI output will be written to /usr/local/share/accelergy/estimation_plug_ins/accelergy-cacti-plug-in/cacti_inputs_outputs/tmpdrjrdjpo
2024-10-12 20:46:18 INFO        | CACTI executable not found at /usr/local/share/accelergy/estimation_plug_ins/accelergy-cacti-plug-in/cacti/cacti
2024-10-12 20:46:18 INFO        | Calling: cd /usr/local/share/accelergy/estimation_plug_ins/accelergy-cacti-plug-in ; ./cacti -infile /usr/local/share/accelergy/estimation_plug_ins/accelergy-cacti-plug-in/cacti_inputs_outputs/tmptq6hmurk >> /usr/local/share/accelergy/estimation_plug_ins/accelergy-cacti-plug-in/cacti_inputs_outputs/tmpdrjrdjpo 2>&1
2024-10-12 20:46:18 INFO        | Cache bandwidth: 4.0 bytes/cycle
2024-10-12 20:46:18 INFO        | Cache bandwidth: 85256943112.3047 bits/second
2024-10-12 20:46:18 INFO        | Multiplying by n_instances 1
2024-10-12 20:46:18 INFO        
2024-10-12 20:46:18 INFO        ENERGY ESTIMATION for intadder(n_bits=4, precision=4, global_cycle_seconds=1e-09, action_latency_cycles=1, cycle_seconds=1e-09, technology=32nm, n_instances=1).leak(global_cycle_seconds=1e-09, action_latency_cycles=1, cycle_seconds=1e-09, technology=32nm, n_instances=1)
2024-10-12 20:46:18 INFO        Neurosim Plug-In estimated 8.925909999999997e-07p with accuracy 70%. Messages:
2024-10-12 20:46:18 INFO        | WARN: Non-numeric 32nm for parameter technology. Using 32 instead.
2024-10-12 20:46:18 INFO        | Multiplying by n_instances 1
2024-10-12 20:46:18 INFO        
2024-10-12 20:46:18 INFO        ENERGY ESTIMATION for SRAM(width=32, depth=64, n_rdwr_ports=1, global_cycle_seconds=1e-09, action_latency_cycles=1, cycle_seconds=1e-09, technology=32nm, n_instances=1).write(global_cycle_seconds=1e-09, action_latency_cycles=1, cycle_seconds=1e-09, technology=32nm, n_instances=1)
2024-10-12 20:46:18 INFO        CactiSRAM estimated 5.88474e-13 with accuracy 80%. Messages:
2024-10-12 20:46:18 INFO        | Unused arguments (n_rdwr_ports, global_cycle_seconds, action_latency_cycles, cycle_seconds, n_instances) provided for ['SRAM', 'sram'].__init__. Arguments used: (width, depth, technology)
2024-10-12 20:46:18 INFO        | Unused arguments (global_cycle_seconds, action_latency_cycles, cycle_seconds, technology, n_instances) provided for ['SRAM', 'sram'].write. Arguments used: ()
2024-10-12 20:46:18 INFO        | Calling CACTI with cache_size=256 n_rw_ports=1 block_size=4 tech_node_um=0.032 n_banks=1 tag_size=0 associativity=1
2024-10-12 20:46:18 INFO        | Calling CACTI with input path /usr/local/share/accelergy/estimation_plug_ins/accelergy-cacti-plug-in/cacti_inputs_outputs/tmpqr_p3y7t
2024-10-12 20:46:18 INFO        | CACTI output will be written to /usr/local/share/accelergy/estimation_plug_ins/accelergy-cacti-plug-in/cacti_inputs_outputs/tmpa9xm5uj3
2024-10-12 20:46:18 INFO        | CACTI executable not found at /usr/local/share/accelergy/estimation_plug_ins/accelergy-cacti-plug-in/cacti/cacti
2024-10-12 20:46:18 INFO        | Calling: cd /usr/local/share/accelergy/estimation_plug_ins/accelergy-cacti-plug-in ; ./cacti -infile /usr/local/share/accelergy/estimation_plug_ins/accelergy-cacti-plug-in/cacti_inputs_outputs/tmpqr_p3y7t >> /usr/local/share/accelergy/estimation_plug_ins/accelergy-cacti-plug-in/cacti_inputs_outputs/tmpa9xm5uj3 2>&1
2024-10-12 20:46:18 INFO        | Cache bandwidth: 4.0 bytes/cycle
2024-10-12 20:46:18 INFO        | Cache bandwidth: 85256943112.3047 bits/second
2024-10-12 20:46:18 INFO        
2024-10-12 20:46:18 INFO        ENERGY ESTIMATION for intadder(n_bits=4, precision=4, global_cycle_seconds=1e-09, action_latency_cycles=1, cycle_seconds=1e-09, technology=32nm, n_instances=1).add(global_cycle_seconds=1e-09, action_latency_cycles=1, cycle_seconds=1e-09, technology=32nm, n_instances=1)
2024-10-12 20:46:18 INFO        Neurosim Plug-In estimated 0.008220707p with accuracy 70%. Messages:
2024-10-12 20:46:18 INFO        | WARN: Non-numeric 32nm for parameter technology. Using 32 instead.
2024-10-12 20:46:18 INFO        
2024-10-12 20:46:18 INFO        ENERGY ESTIMATION for SRAM(width=32, depth=192, n_rdwr_ports=1, global_cycle_seconds=1e-09, action_latency_cycles=1, cycle_seconds=1e-09, technology=32nm, n_instances=1).write(global_cycle_seconds=1e-09, action_latency_cycles=1, cycle_seconds=1e-09, technology=32nm, n_instances=1)
2024-10-12 20:46:18 INFO        CactiSRAM estimated 9.074310000000001e-13 with accuracy 80%. Messages:
2024-10-12 20:46:18 INFO        | Unused arguments (n_rdwr_ports, global_cycle_seconds, action_latency_cycles, cycle_seconds, n_instances) provided for ['SRAM', 'sram'].__init__. Arguments used: (width, depth, technology)
2024-10-12 20:46:18 INFO        | Unused arguments (global_cycle_seconds, action_latency_cycles, cycle_seconds, technology, n_instances) provided for ['SRAM', 'sram'].write. Arguments used: ()
2024-10-12 20:46:18 INFO        | Calling CACTI with cache_size=768 n_rw_ports=1 block_size=4 tech_node_um=0.032 n_banks=1 tag_size=0 associativity=1
2024-10-12 20:46:18 INFO        | Calling CACTI with input path /usr/local/share/accelergy/estimation_plug_ins/accelergy-cacti-plug-in/cacti_inputs_outputs/tmp0dseq8ku
2024-10-12 20:46:18 INFO        | CACTI output will be written to /usr/local/share/accelergy/estimation_plug_ins/accelergy-cacti-plug-in/cacti_inputs_outputs/tmp4bg_90eo
2024-10-12 20:46:18 INFO        | CACTI executable not found at /usr/local/share/accelergy/estimation_plug_ins/accelergy-cacti-plug-in/cacti/cacti
2024-10-12 20:46:18 INFO        | Calling: cd /usr/local/share/accelergy/estimation_plug_ins/accelergy-cacti-plug-in ; ./cacti -infile /usr/local/share/accelergy/estimation_plug_ins/accelergy-cacti-plug-in/cacti_inputs_outputs/tmp0dseq8ku >> /usr/local/share/accelergy/estimation_plug_ins/accelergy-cacti-plug-in/cacti_inputs_outputs/tmp4bg_90eo 2>&1
2024-10-12 20:46:18 INFO        | Cache bandwidth: 4.0 bytes/cycle
2024-10-12 20:46:18 INFO        | Cache bandwidth: 69384215091.06677 bits/second
2024-10-12 20:46:18 INFO        
2024-10-12 20:46:18 INFO        ENERGY ESTIMATION for intadder(n_bits=8, precision=8, global_cycle_seconds=1e-09, action_latency_cycles=1, cycle_seconds=1e-09, technology=32nm, n_instances=1).add(global_cycle_seconds=1e-09, action_latency_cycles=1, cycle_seconds=1e-09, technology=32nm, n_instances=1)
2024-10-12 20:46:18 INFO        Neurosim Plug-In estimated 0.016304029999999997p with accuracy 70%. Messages:
2024-10-12 20:46:18 INFO        | WARN: Non-numeric 32nm for parameter technology. Using 32 instead.
2024-10-12 20:46:18 INFO        | Building a crossbar with cell file /usr/local/share/accelergy/estimation_plug_ins/accelergy-neurosim-plugin/cells/placeholder.cell
2024-10-12 20:46:18 INFO        | Neurosim Plugin parsing cell file...
2024-10-12 20:46:18 INFO        | 	Failed to calculate "widthSRAMCellNMOS:". Ignore if this value is not needed.
2024-10-12 20:46:18 INFO        | 		Could not find -SRAMCellNMOSWidth (F): in cell file.
2024-10-12 20:46:18 INFO        | 	Failed to calculate "widthSRAMCellPMOS:". Ignore if this value is not needed.
2024-10-12 20:46:18 INFO        | 		Could not find -SRAMCellPMOSWidth (F): in cell file.
2024-10-12 20:46:18 INFO        | 	Failed to calculate "minSenseVoltage:". Ignore if this value is not needed.
2024-10-12 20:46:18 INFO        | 		Could not find -MinSenseVoltage (mV): in cell file.
2024-10-12 20:46:18 INFO        | 	Failed to calculate "accessTransistorResistance:". Ignore if this value is not needed.
2024-10-12 20:46:18 INFO        | 		Could not find -AccessTransistorResistance (ohm): in cell file.
2024-10-12 20:46:18 INFO        | 	Failed to calculate "WriteVoltage:". Ignore if this value is not needed.
2024-10-12 20:46:18 INFO        | 		Could not find -WriteVoltage (V): in cell file.
2024-10-12 20:46:18 INFO        | 	Failed to calculate "SET_CURRENT". Ignore if this value is not needed.
2024-10-12 20:46:18 INFO        | 		Could not find -SetCurrent (uA): in cell file.
2024-10-12 20:46:18 INFO        | 	Failed to calculate "SET_POWER". Ignore if this value is not needed.
2024-10-12 20:46:18 INFO        | 		Could not find -SetPower (uW): in cell file.
2024-10-12 20:46:18 INFO        | 	Failed to calculate "READ_CURRENT". Ignore if this value is not needed.
2024-10-12 20:46:18 INFO        | 		Could not find -ReadCurrent (uA): in cell file.
2024-10-12 20:46:18 INFO        | 	Failed to calculate "READ_ENERGY". Ignore if this value is not needed.
2024-10-12 20:46:18 INFO        | 		Could not find -ReadEnergy (pJ): in cell file.
2024-10-12 20:46:18 INFO        | 	Failed to calculate "cellCapacitanceMultiplier:". Ignore if this value is not needed.
2024-10-12 20:46:18 INFO        | 		Could not find -CellCapacitanceMultiplier: in cell file.
2024-10-12 20:46:18 INFO        | 	Failed to calculate "cellCapacitanceAdjust:". Ignore if this value is not needed.
2024-10-12 20:46:18 INFO        | 		Could not find -CellCapacitanceAdjust (F): in cell file.
2024-10-12 20:46:18 INFO        | 	Failed to calculate "deviceRoadmap:". Ignore if this value is not needed.
2024-10-12 20:46:18 INFO        | 		Could not find -DeviceRoadmap -1LP 1HP 2LSTP: in cell file.
2024-10-12 20:46:18 INFO        | Running /usr/local/share/accelergy/estimation_plug_ins/accelergy-neurosim-plugin/NeuroSim/main /usr/local/share/accelergy/estimation_plug_ins/accelergy-neurosim-plugin/neurosim_input_26550.cfg
2024-10-12 20:46:18 INFO        | Crossbar minimum latency is 2.344 ns to read 8.0 columns at once.
2024-10-12 20:46:18 INFO        
2024-10-12 20:46:18 INFO        ENERGY ESTIMATION for SRAM(width=32, depth=192, n_rdwr_ports=1, global_cycle_seconds=1e-09, action_latency_cycles=1, cycle_seconds=1e-09, technology=32nm, n_instances=1).read(global_cycle_seconds=1e-09, action_latency_cycles=1, cycle_seconds=1e-09, technology=32nm, n_instances=1)
2024-10-12 20:46:19 INFO        CactiSRAM estimated 6.16851e-13 with accuracy 80%. Messages:
2024-10-12 20:46:19 INFO        | Unused arguments (n_rdwr_ports, global_cycle_seconds, action_latency_cycles, cycle_seconds, n_instances) provided for ['SRAM', 'sram'].__init__. Arguments used: (width, depth, technology)
2024-10-12 20:46:19 INFO        | Unused arguments (global_cycle_seconds, action_latency_cycles, cycle_seconds, technology, n_instances) provided for ['SRAM', 'sram'].read. Arguments used: ()
2024-10-12 20:46:19 INFO        | Calling CACTI with cache_size=768 n_rw_ports=1 block_size=4 tech_node_um=0.032 n_banks=1 tag_size=0 associativity=1
2024-10-12 20:46:19 INFO        | Calling CACTI with input path /usr/local/share/accelergy/estimation_plug_ins/accelergy-cacti-plug-in/cacti_inputs_outputs/tmpb17av_md
2024-10-12 20:46:19 INFO        | CACTI output will be written to /usr/local/share/accelergy/estimation_plug_ins/accelergy-cacti-plug-in/cacti_inputs_outputs/tmpbwrczaqs
2024-10-12 20:46:19 INFO        | CACTI executable not found at /usr/local/share/accelergy/estimation_plug_ins/accelergy-cacti-plug-in/cacti/cacti
2024-10-12 20:46:19 INFO        | Calling: cd /usr/local/share/accelergy/estimation_plug_ins/accelergy-cacti-plug-in ; ./cacti -infile /usr/local/share/accelergy/estimation_plug_ins/accelergy-cacti-plug-in/cacti_inputs_outputs/tmpb17av_md >> /usr/local/share/accelergy/estimation_plug_ins/accelergy-cacti-plug-in/cacti_inputs_outputs/tmpbwrczaqs 2>&1
2024-10-12 20:46:19 INFO        | Cache bandwidth: 4.0 bytes/cycle
2024-10-12 20:46:19 INFO        | Cache bandwidth: 69384215091.06677 bits/second
2024-10-12 20:46:19 INFO        
2024-10-12 20:46:19 INFO        ENERGY ESTIMATION for intadder(n_bits=8, precision=8, global_cycle_seconds=1e-09, action_latency_cycles=1, cycle_seconds=1e-09, technology=32nm, n_instances=1).add(global_cycle_seconds=1e-09, action_latency_cycles=1, cycle_seconds=1e-09, technology=32nm, n_instances=1)
2024-10-12 20:46:19 INFO        Neurosim Plug-In estimated 0.016304029999999997p with accuracy 70%. Messages:
2024-10-12 20:46:19 INFO        | WARN: Non-numeric 32nm for parameter technology. Using 32 instead.
2024-10-12 20:46:19 INFO        
2024-10-12 20:46:19 INFO        ENERGY ESTIMATION for SRAM(width=32, depth=192, n_rdwr_ports=1, global_cycle_seconds=1e-09, action_latency_cycles=1, cycle_seconds=1e-09, technology=32nm, n_instances=1).leak(global_cycle_seconds=1e-09, action_latency_cycles=1, cycle_seconds=1e-09, technology=32nm, n_instances=1)
2024-10-12 20:46:19 INFO        CactiSRAM estimated 4.8105e-17 with accuracy 80%. Messages:
2024-10-12 20:46:19 INFO        | Unused arguments (n_rdwr_ports, global_cycle_seconds, action_latency_cycles, cycle_seconds, n_instances) provided for ['SRAM', 'sram'].__init__. Arguments used: (width, depth, technology)
2024-10-12 20:46:19 INFO        | Unused arguments (action_latency_cycles, cycle_seconds, technology, n_instances) provided for ['SRAM', 'sram'].leak. Arguments used: (global_cycle_seconds)
2024-10-12 20:46:19 INFO        | Calling CACTI with cache_size=768 n_rw_ports=1 block_size=4 tech_node_um=0.032 n_banks=1 tag_size=0 associativity=1
2024-10-12 20:46:19 INFO        | Calling CACTI with input path /usr/local/share/accelergy/estimation_plug_ins/accelergy-cacti-plug-in/cacti_inputs_outputs/tmp2398i5zl
2024-10-12 20:46:19 INFO        | CACTI output will be written to /usr/local/share/accelergy/estimation_plug_ins/accelergy-cacti-plug-in/cacti_inputs_outputs/tmpd_cblaon
2024-10-12 20:46:19 INFO        | CACTI executable not found at /usr/local/share/accelergy/estimation_plug_ins/accelergy-cacti-plug-in/cacti/cacti
2024-10-12 20:46:19 INFO        | Calling: cd /usr/local/share/accelergy/estimation_plug_ins/accelergy-cacti-plug-in ; ./cacti -infile /usr/local/share/accelergy/estimation_plug_ins/accelergy-cacti-plug-in/cacti_inputs_outputs/tmp2398i5zl >> /usr/local/share/accelergy/estimation_plug_ins/accelergy-cacti-plug-in/cacti_inputs_outputs/tmpd_cblaon 2>&1
2024-10-12 20:46:19 INFO        | Cache bandwidth: 4.0 bytes/cycle
2024-10-12 20:46:19 INFO        | Cache bandwidth: 69384215091.06677 bits/second
2024-10-12 20:46:19 INFO        | Multiplying by n_instances 1
2024-10-12 20:46:19 INFO        
2024-10-12 20:46:19 INFO        ENERGY ESTIMATION for intadder(n_bits=8, precision=8, global_cycle_seconds=1e-09, action_latency_cycles=1, cycle_seconds=1e-09, technology=32nm, n_instances=1).leak(global_cycle_seconds=1e-09, action_latency_cycles=1, cycle_seconds=1e-09, technology=32nm, n_instances=1)
2024-10-12 20:46:19 INFO        Neurosim Plug-In estimated 1.7851820000000002e-06p with accuracy 70%. Messages:
2024-10-12 20:46:19 INFO        | WARN: Non-numeric 32nm for parameter technology. Using 32 instead.
2024-10-12 20:46:19 INFO        | Multiplying by n_instances 1
2024-10-12 20:46:19 INFO        
2024-10-12 20:46:19 INFO        ENERGY ESTIMATION for SRAM(width=32, depth=192, n_rdwr_ports=1, global_cycle_seconds=1e-09, action_latency_cycles=1, cycle_seconds=1e-09, technology=32nm, n_instances=1).write(global_cycle_seconds=1e-09, action_latency_cycles=1, cycle_seconds=1e-09, technology=32nm, n_instances=1)
2024-10-12 20:46:19 INFO        CactiSRAM estimated 9.074310000000001e-13 with accuracy 80%. Messages:
2024-10-12 20:46:19 INFO        | Unused arguments (n_rdwr_ports, global_cycle_seconds, action_latency_cycles, cycle_seconds, n_instances) provided for ['SRAM', 'sram'].__init__. Arguments used: (width, depth, technology)
2024-10-12 20:46:19 INFO        | Unused arguments (global_cycle_seconds, action_latency_cycles, cycle_seconds, technology, n_instances) provided for ['SRAM', 'sram'].write. Arguments used: ()
2024-10-12 20:46:19 INFO        | Calling CACTI with cache_size=768 n_rw_ports=1 block_size=4 tech_node_um=0.032 n_banks=1 tag_size=0 associativity=1
2024-10-12 20:46:19 INFO        | Calling CACTI with input path /usr/local/share/accelergy/estimation_plug_ins/accelergy-cacti-plug-in/cacti_inputs_outputs/tmpn08ihlz_
2024-10-12 20:46:19 INFO        | CACTI output will be written to /usr/local/share/accelergy/estimation_plug_ins/accelergy-cacti-plug-in/cacti_inputs_outputs/tmpk151ewld
2024-10-12 20:46:19 INFO        | CACTI executable not found at /usr/local/share/accelergy/estimation_plug_ins/accelergy-cacti-plug-in/cacti/cacti
2024-10-12 20:46:19 INFO        | Calling: cd /usr/local/share/accelergy/estimation_plug_ins/accelergy-cacti-plug-in ; ./cacti -infile /usr/local/share/accelergy/estimation_plug_ins/accelergy-cacti-plug-in/cacti_inputs_outputs/tmpn08ihlz_ >> /usr/local/share/accelergy/estimation_plug_ins/accelergy-cacti-plug-in/cacti_inputs_outputs/tmpk151ewld 2>&1
2024-10-12 20:46:19 INFO        | Cache bandwidth: 4.0 bytes/cycle
2024-10-12 20:46:19 INFO        | Cache bandwidth: 69384215091.06677 bits/second
2024-10-12 20:46:19 INFO        
2024-10-12 20:46:19 INFO        ENERGY ESTIMATION for intadder(n_bits=8, precision=8, global_cycle_seconds=1e-09, action_latency_cycles=1, cycle_seconds=1e-09, technology=32nm, n_instances=1).add(global_cycle_seconds=1e-09, action_latency_cycles=1, cycle_seconds=1e-09, technology=32nm, n_instances=1)
2024-10-12 20:46:19 INFO        Neurosim Plug-In estimated 0.016304029999999997p with accuracy 70%. Messages:
2024-10-12 20:46:19 INFO        | WARN: Non-numeric 32nm for parameter technology. Using 32 instead.
2024-10-12 20:46:19 INFO        
2024-10-12 20:46:19 INFO        ENERGY ESTIMATION for SRAM(width=32, depth=64, n_rdwr_ports=1, global_cycle_seconds=1e-09, action_latency_cycles=1, cycle_seconds=1e-09, technology=32nm, n_instances=1).write(global_cycle_seconds=1e-09, action_latency_cycles=1, cycle_seconds=1e-09, technology=32nm, n_instances=1)
2024-10-12 20:46:19 INFO        CactiSRAM estimated 5.88474e-13 with accuracy 80%. Messages:
2024-10-12 20:46:19 INFO        | Unused arguments (n_rdwr_ports, global_cycle_seconds, action_latency_cycles, cycle_seconds, n_instances) provided for ['SRAM', 'sram'].__init__. Arguments used: (width, depth, technology)
2024-10-12 20:46:19 INFO        | Unused arguments (global_cycle_seconds, action_latency_cycles, cycle_seconds, technology, n_instances) provided for ['SRAM', 'sram'].write. Arguments used: ()
2024-10-12 20:46:19 INFO        | Calling CACTI with cache_size=256 n_rw_ports=1 block_size=4 tech_node_um=0.032 n_banks=1 tag_size=0 associativity=1
2024-10-12 20:46:19 INFO        | Calling CACTI with input path /usr/local/share/accelergy/estimation_plug_ins/accelergy-cacti-plug-in/cacti_inputs_outputs/tmpjyj4402h
2024-10-12 20:46:19 INFO        | CACTI output will be written to /usr/local/share/accelergy/estimation_plug_ins/accelergy-cacti-plug-in/cacti_inputs_outputs/tmp8fuve610
2024-10-12 20:46:19 INFO        | CACTI executable not found at /usr/local/share/accelergy/estimation_plug_ins/accelergy-cacti-plug-in/cacti/cacti
2024-10-12 20:46:19 INFO        | Calling: cd /usr/local/share/accelergy/estimation_plug_ins/accelergy-cacti-plug-in ; ./cacti -infile /usr/local/share/accelergy/estimation_plug_ins/accelergy-cacti-plug-in/cacti_inputs_outputs/tmpjyj4402h >> /usr/local/share/accelergy/estimation_plug_ins/accelergy-cacti-plug-in/cacti_inputs_outputs/tmp8fuve610 2>&1
2024-10-12 20:46:19 INFO        | Cache bandwidth: 4.0 bytes/cycle
2024-10-12 20:46:19 INFO        | Cache bandwidth: 85256943112.3047 bits/second
2024-10-12 20:46:19 INFO        
2024-10-12 20:46:19 INFO        ENERGY ESTIMATION for intadder(n_bits=4, precision=4, global_cycle_seconds=1e-09, action_latency_cycles=1, cycle_seconds=1e-09, technology=32nm, n_instances=1).add(global_cycle_seconds=1e-09, action_latency_cycles=1, cycle_seconds=1e-09, technology=32nm, n_instances=1)
2024-10-12 20:46:19 INFO        Neurosim Plug-In estimated 0.008220707p with accuracy 70%. Messages:
2024-10-12 20:46:19 INFO        | WARN: Non-numeric 32nm for parameter technology. Using 32 instead.
2024-10-12 20:46:19 INFO        
2024-10-12 20:46:19 INFO        ENERGY ESTIMATION for SRAM(width=32, depth=64, n_rdwr_ports=1, global_cycle_seconds=1e-09, action_latency_cycles=1, cycle_seconds=1e-09, technology=32nm, n_instances=1).read(global_cycle_seconds=1e-09, action_latency_cycles=1, cycle_seconds=1e-09, technology=32nm, n_instances=1)
2024-10-12 20:46:20 INFO        CactiSRAM estimated 3.5030100000000005e-13 with accuracy 80%. Messages:
2024-10-12 20:46:20 INFO        | Unused arguments (n_rdwr_ports, global_cycle_seconds, action_latency_cycles, cycle_seconds, n_instances) provided for ['SRAM', 'sram'].__init__. Arguments used: (width, depth, technology)
2024-10-12 20:46:20 INFO        | Unused arguments (global_cycle_seconds, action_latency_cycles, cycle_seconds, technology, n_instances) provided for ['SRAM', 'sram'].read. Arguments used: ()
2024-10-12 20:46:20 INFO        | Calling CACTI with cache_size=256 n_rw_ports=1 block_size=4 tech_node_um=0.032 n_banks=1 tag_size=0 associativity=1
2024-10-12 20:46:20 INFO        | Calling CACTI with input path /usr/local/share/accelergy/estimation_plug_ins/accelergy-cacti-plug-in/cacti_inputs_outputs/tmp4690d6ms
2024-10-12 20:46:20 INFO        | CACTI output will be written to /usr/local/share/accelergy/estimation_plug_ins/accelergy-cacti-plug-in/cacti_inputs_outputs/tmp9jhk0h29
2024-10-12 20:46:20 INFO        | CACTI executable not found at /usr/local/share/accelergy/estimation_plug_ins/accelergy-cacti-plug-in/cacti/cacti
2024-10-12 20:46:20 INFO        | Calling: cd /usr/local/share/accelergy/estimation_plug_ins/accelergy-cacti-plug-in ; ./cacti -infile /usr/local/share/accelergy/estimation_plug_ins/accelergy-cacti-plug-in/cacti_inputs_outputs/tmp4690d6ms >> /usr/local/share/accelergy/estimation_plug_ins/accelergy-cacti-plug-in/cacti_inputs_outputs/tmp9jhk0h29 2>&1
2024-10-12 20:46:20 INFO        | Cache bandwidth: 4.0 bytes/cycle
2024-10-12 20:46:20 INFO        | Cache bandwidth: 85256943112.3047 bits/second
2024-10-12 20:46:20 INFO        
2024-10-12 20:46:20 INFO        ENERGY ESTIMATION for intadder(n_bits=4, precision=4, global_cycle_seconds=1e-09, action_latency_cycles=1, cycle_seconds=1e-09, technology=32nm, n_instances=1).add(global_cycle_seconds=1e-09, action_latency_cycles=1, cycle_seconds=1e-09, technology=32nm, n_instances=1)
2024-10-12 20:46:20 INFO        Neurosim Plug-In estimated 0.008220707p with accuracy 70%. Messages:
2024-10-12 20:46:20 INFO        | WARN: Non-numeric 32nm for parameter technology. Using 32 instead.
2024-10-12 20:46:20 INFO        
2024-10-12 20:46:20 INFO        ENERGY ESTIMATION for SRAM(width=32, depth=64, n_rdwr_ports=1, global_cycle_seconds=1e-09, action_latency_cycles=1, cycle_seconds=1e-09, technology=32nm, n_instances=1).leak(global_cycle_seconds=1e-09, action_latency_cycles=1, cycle_seconds=1e-09, technology=32nm, n_instances=1)
2024-10-12 20:46:20 INFO        CactiSRAM estimated 2.2557900000000002e-17 with accuracy 80%. Messages:
2024-10-12 20:46:20 INFO        | Unused arguments (n_rdwr_ports, global_cycle_seconds, action_latency_cycles, cycle_seconds, n_instances) provided for ['SRAM', 'sram'].__init__. Arguments used: (width, depth, technology)
2024-10-12 20:46:20 INFO        | Unused arguments (action_latency_cycles, cycle_seconds, technology, n_instances) provided for ['SRAM', 'sram'].leak. Arguments used: (global_cycle_seconds)
2024-10-12 20:46:20 INFO        | Calling CACTI with cache_size=256 n_rw_ports=1 block_size=4 tech_node_um=0.032 n_banks=1 tag_size=0 associativity=1
2024-10-12 20:46:20 INFO        | Calling CACTI with input path /usr/local/share/accelergy/estimation_plug_ins/accelergy-cacti-plug-in/cacti_inputs_outputs/tmpe7eauyg_
2024-10-12 20:46:20 INFO        | CACTI output will be written to /usr/local/share/accelergy/estimation_plug_ins/accelergy-cacti-plug-in/cacti_inputs_outputs/tmp8c97wky8
2024-10-12 20:46:20 INFO        | CACTI executable not found at /usr/local/share/accelergy/estimation_plug_ins/accelergy-cacti-plug-in/cacti/cacti
2024-10-12 20:46:20 INFO        | Calling: cd /usr/local/share/accelergy/estimation_plug_ins/accelergy-cacti-plug-in ; ./cacti -infile /usr/local/share/accelergy/estimation_plug_ins/accelergy-cacti-plug-in/cacti_inputs_outputs/tmpe7eauyg_ >> /usr/local/share/accelergy/estimation_plug_ins/accelergy-cacti-plug-in/cacti_inputs_outputs/tmp8c97wky8 2>&1
2024-10-12 20:46:20 INFO        | Cache bandwidth: 4.0 bytes/cycle
2024-10-12 20:46:20 INFO        | Cache bandwidth: 85256943112.3047 bits/second
2024-10-12 20:46:20 INFO        | Multiplying by n_instances 1
2024-10-12 20:46:20 INFO        
2024-10-12 20:46:20 INFO        ENERGY ESTIMATION for intadder(n_bits=4, precision=4, global_cycle_seconds=1e-09, action_latency_cycles=1, cycle_seconds=1e-09, technology=32nm, n_instances=1).leak(global_cycle_seconds=1e-09, action_latency_cycles=1, cycle_seconds=1e-09, technology=32nm, n_instances=1)
2024-10-12 20:46:20 INFO        Neurosim Plug-In estimated 8.925909999999997e-07p with accuracy 70%. Messages:
2024-10-12 20:46:20 INFO        | WARN: Non-numeric 32nm for parameter technology. Using 32 instead.
2024-10-12 20:46:20 INFO        | Multiplying by n_instances 1
2024-10-12 20:46:20 INFO        
2024-10-12 20:46:20 INFO        ENERGY ESTIMATION for SRAM(width=32, depth=64, n_rdwr_ports=1, global_cycle_seconds=1e-09, action_latency_cycles=1, cycle_seconds=1e-09, technology=32nm, n_instances=1).write(global_cycle_seconds=1e-09, action_latency_cycles=1, cycle_seconds=1e-09, technology=32nm, n_instances=1)
2024-10-12 20:46:20 INFO        CactiSRAM estimated 5.88474e-13 with accuracy 80%. Messages:
2024-10-12 20:46:20 INFO        | Unused arguments (n_rdwr_ports, global_cycle_seconds, action_latency_cycles, cycle_seconds, n_instances) provided for ['SRAM', 'sram'].__init__. Arguments used: (width, depth, technology)
2024-10-12 20:46:20 INFO        | Unused arguments (global_cycle_seconds, action_latency_cycles, cycle_seconds, technology, n_instances) provided for ['SRAM', 'sram'].write. Arguments used: ()
2024-10-12 20:46:20 INFO        | Calling CACTI with cache_size=256 n_rw_ports=1 block_size=4 tech_node_um=0.032 n_banks=1 tag_size=0 associativity=1
2024-10-12 20:46:20 INFO        | Calling CACTI with input path /usr/local/share/accelergy/estimation_plug_ins/accelergy-cacti-plug-in/cacti_inputs_outputs/tmp8eds7y32
2024-10-12 20:46:20 INFO        | CACTI output will be written to /usr/local/share/accelergy/estimation_plug_ins/accelergy-cacti-plug-in/cacti_inputs_outputs/tmp6dtdytc2
2024-10-12 20:46:20 INFO        | CACTI executable not found at /usr/local/share/accelergy/estimation_plug_ins/accelergy-cacti-plug-in/cacti/cacti
2024-10-12 20:46:20 INFO        | Calling: cd /usr/local/share/accelergy/estimation_plug_ins/accelergy-cacti-plug-in ; ./cacti -infile /usr/local/share/accelergy/estimation_plug_ins/accelergy-cacti-plug-in/cacti_inputs_outputs/tmp8eds7y32 >> /usr/local/share/accelergy/estimation_plug_ins/accelergy-cacti-plug-in/cacti_inputs_outputs/tmp6dtdytc2 2>&1
2024-10-12 20:46:20 INFO        | Cache bandwidth: 4.0 bytes/cycle
2024-10-12 20:46:20 INFO        | Cache bandwidth: 85256943112.3047 bits/second
2024-10-12 20:46:20 INFO        
2024-10-12 20:46:20 INFO        ENERGY ESTIMATION for intadder(n_bits=4, precision=4, global_cycle_seconds=1e-09, action_latency_cycles=1, cycle_seconds=1e-09, technology=32nm, n_instances=1).add(global_cycle_seconds=1e-09, action_latency_cycles=1, cycle_seconds=1e-09, technology=32nm, n_instances=1)
2024-10-12 20:46:20 INFO        Neurosim Plug-In estimated 0.008220707p with accuracy 70%. Messages:
2024-10-12 20:46:20 INFO        | WARN: Non-numeric 32nm for parameter technology. Using 32 instead.
2024-10-12 20:46:20 INFO        
2024-10-12 20:46:20 INFO        ENERGY ESTIMATION for aladdin_adder(width=16, global_cycle_seconds=1e-09, action_latency_cycles=1, cycle_seconds=1e-09, technology=32nm, n_instances=1).read(global_cycle_seconds=1e-09, action_latency_cycles=1, cycle_seconds=1e-09, technology=32nm, n_instances=1)
2024-10-12 20:46:20 INFO        Library estimated 0.06923072927188248p with accuracy 90%. Messages:
2024-10-12 20:46:20 INFO        | Found 1 entries for aladdin_adder.read.
2024-10-12 20:46:20 INFO        | Checking entry "{'technology': '45nm', 'global_cycle_seconds': '1e-9', 'width|datawidth': '32', 'energy': '0.21', 'area': '2.78E+02', 'action': 'read', 'name': 'aladdin_adder', 'n_instances': 1}
2024-10-12 20:46:20 INFO        | value=0.21, matching_attrs=2, log=['Scaling width from 32 to 16', 'Scaling global_cycle_seconds from 1e-9 to 1e-09', 'Scaling technology from 45nm to 32nm', 'Scaled aladdin_adder.width from 32.0 to 16.0: 0.5x energy', 'Scaled aladdin_adder.global_cycle_seconds from 1e-09 to 1e-09: 1x energy', 'Scaled aladdin_adder.technology from 45.0 to 32.0: 0.6593402787798331x energy', 'aladdin_adder energy has been scaled 0.32967013938991657x']
2024-10-12 20:46:20 INFO        | Best-matching entry: {'technology': '45nm', 'global_cycle_seconds': '1e-9', 'width|datawidth': '32', 'energy': '0.21', 'area': '2.78E+02', 'action': 'read', 'name': 'aladdin_adder', 'n_instances': 1}
2024-10-12 20:46:20 INFO        | Scaling width from 32 to 16
2024-10-12 20:46:20 INFO        | Scaling global_cycle_seconds from 1e-9 to 1e-09
2024-10-12 20:46:20 INFO        | Scaling technology from 45nm to 32nm
2024-10-12 20:46:20 INFO        | Scaled aladdin_adder.width from 32.0 to 16.0: 0.5x energy
2024-10-12 20:46:20 INFO        | Scaled aladdin_adder.global_cycle_seconds from 1e-09 to 1e-09: 1x energy
2024-10-12 20:46:20 INFO        | Scaled aladdin_adder.technology from 45.0 to 32.0: 0.6593402787798331x energy
2024-10-12 20:46:20 INFO        | aladdin_adder energy has been scaled 0.32967013938991657x
2024-10-12 20:46:20 INFO        
2024-10-12 20:46:20 INFO        ENERGY ESTIMATION for aladdin_adder(width_a=8, width_b=8, global_cycle_seconds=1e-09, action_latency_cycles=1, cycle_seconds=1e-09, technology=32nm, n_instances=1).read(global_cycle_seconds=1e-09, action_latency_cycles=1, cycle_seconds=1e-09, technology=32nm, n_instances=1)
2024-10-12 20:46:20 INFO        Library estimated 0.13846145854376496p with accuracy 90%. Messages:
2024-10-12 20:46:20 INFO        | Found 1 entries for aladdin_adder.read.
2024-10-12 20:46:20 INFO        | Checking entry "{'technology': '45nm', 'global_cycle_seconds': '1e-9', 'width|datawidth': '32', 'energy': '0.21', 'area': '2.78E+02', 'action': 'read', 'name': 'aladdin_adder', 'n_instances': 1}
2024-10-12 20:46:20 INFO        | value=0.21, matching_attrs=2, log=['Scaling global_cycle_seconds from 1e-9 to 1e-09', 'Scaling technology from 45nm to 32nm', 'Scaled aladdin_adder.global_cycle_seconds from 1e-09 to 1e-09: 1x energy', 'Scaled aladdin_adder.technology from 45.0 to 32.0: 0.6593402787798331x energy', 'aladdin_adder energy has been scaled 0.6593402787798331x']
2024-10-12 20:46:20 INFO        | Best-matching entry: {'technology': '45nm', 'global_cycle_seconds': '1e-9', 'width|datawidth': '32', 'energy': '0.21', 'area': '2.78E+02', 'action': 'read', 'name': 'aladdin_adder', 'n_instances': 1}
2024-10-12 20:46:20 INFO        | Scaling global_cycle_seconds from 1e-9 to 1e-09
2024-10-12 20:46:20 INFO        | Scaling technology from 45nm to 32nm
2024-10-12 20:46:20 INFO        | Scaled aladdin_adder.global_cycle_seconds from 1e-09 to 1e-09: 1x energy
2024-10-12 20:46:20 INFO        | Scaled aladdin_adder.technology from 45.0 to 32.0: 0.6593402787798331x energy
2024-10-12 20:46:20 INFO        | aladdin_adder energy has been scaled 0.6593402787798331x
2024-10-12 20:46:20 INFO        
2024-10-12 20:46:20 INFO        ENERGY ESTIMATION for aladdin_adder(width=16, global_cycle_seconds=1e-09, action_latency_cycles=1, cycle_seconds=1e-09, technology=32nm, n_instances=1).leak(global_cycle_seconds=1e-09, action_latency_cycles=1, cycle_seconds=1e-09, technology=32nm, n_instances=1)
2024-10-12 20:46:20 INFO        Library estimated 0.0007912083345357997p with accuracy 90%. Messages:
2024-10-12 20:46:20 INFO        | Found 1 entries for aladdin_adder.leak.
2024-10-12 20:46:20 INFO        | Checking entry "{'technology': '45nm', 'global_cycle_seconds': '1e-9', 'width|datawidth': '32', 'energy': '0.0024', 'area': '2.78E+02', 'action': 'leak', 'name': 'aladdin_adder', 'n_instances': 1}
2024-10-12 20:46:20 INFO        | value=0.0024, matching_attrs=2, log=['Scaling width from 32 to 16', 'Scaling global_cycle_seconds from 1e-9 to 1e-09', 'Scaling technology from 45nm to 32nm', 'Scaled aladdin_adder.width from 32.0 to 16.0: 0.5x leak', 'Scaled aladdin_adder.global_cycle_seconds from 1e-09 to 1e-09: 1.0x leak', 'Scaled aladdin_adder.technology from 45.0 to 32.0: 0.6593402787798331x leak', 'aladdin_adder leak has been scaled 0.32967013938991657x']
2024-10-12 20:46:20 INFO        | Best-matching entry: {'technology': '45nm', 'global_cycle_seconds': '1e-9', 'width|datawidth': '32', 'energy': '0.0024', 'area': '2.78E+02', 'action': 'leak', 'name': 'aladdin_adder', 'n_instances': 1}
2024-10-12 20:46:20 INFO        | Scaling width from 32 to 16
2024-10-12 20:46:20 INFO        | Scaling global_cycle_seconds from 1e-9 to 1e-09
2024-10-12 20:46:20 INFO        | Scaling technology from 45nm to 32nm
2024-10-12 20:46:20 INFO        | Scaled aladdin_adder.width from 32.0 to 16.0: 0.5x leak
2024-10-12 20:46:20 INFO        | Scaled aladdin_adder.global_cycle_seconds from 1e-09 to 1e-09: 1.0x leak
2024-10-12 20:46:20 INFO        | Scaled aladdin_adder.technology from 45.0 to 32.0: 0.6593402787798331x leak
2024-10-12 20:46:20 INFO        | aladdin_adder leak has been scaled 0.32967013938991657x
2024-10-12 20:46:20 INFO        | Multiplying by n_instances 1
2024-10-12 20:46:20 INFO        
2024-10-12 20:46:20 INFO        ENERGY ESTIMATION for aladdin_adder(width_a=8, width_b=8, global_cycle_seconds=1e-09, action_latency_cycles=1, cycle_seconds=1e-09, technology=32nm, n_instances=1).leak(global_cycle_seconds=1e-09, action_latency_cycles=1, cycle_seconds=1e-09, technology=32nm, n_instances=1)
2024-10-12 20:46:20 INFO        Library estimated 0.0015824166690715995p with accuracy 90%. Messages:
2024-10-12 20:46:20 INFO        | Found 1 entries for aladdin_adder.leak.
2024-10-12 20:46:20 INFO        | Checking entry "{'technology': '45nm', 'global_cycle_seconds': '1e-9', 'width|datawidth': '32', 'energy': '0.0024', 'area': '2.78E+02', 'action': 'leak', 'name': 'aladdin_adder', 'n_instances': 1}
2024-10-12 20:46:20 INFO        | value=0.0024, matching_attrs=2, log=['Scaling global_cycle_seconds from 1e-9 to 1e-09', 'Scaling technology from 45nm to 32nm', 'Scaled aladdin_adder.global_cycle_seconds from 1e-09 to 1e-09: 1.0x leak', 'Scaled aladdin_adder.technology from 45.0 to 32.0: 0.6593402787798331x leak', 'aladdin_adder leak has been scaled 0.6593402787798331x']
2024-10-12 20:46:20 INFO        | Best-matching entry: {'technology': '45nm', 'global_cycle_seconds': '1e-9', 'width|datawidth': '32', 'energy': '0.0024', 'area': '2.78E+02', 'action': 'leak', 'name': 'aladdin_adder', 'n_instances': 1}
2024-10-12 20:46:20 INFO        | Scaling global_cycle_seconds from 1e-9 to 1e-09
2024-10-12 20:46:20 INFO        | Scaling technology from 45nm to 32nm
2024-10-12 20:46:20 INFO        | Scaled aladdin_adder.global_cycle_seconds from 1e-09 to 1e-09: 1.0x leak
2024-10-12 20:46:20 INFO        | Scaled aladdin_adder.technology from 45.0 to 32.0: 0.6593402787798331x leak
2024-10-12 20:46:20 INFO        | aladdin_adder leak has been scaled 0.6593402787798331x
2024-10-12 20:46:20 INFO        | Multiplying by n_instances 1
2024-10-12 20:46:20 WARNING     No action counts are specified as yaml input
2024-10-12 20:46:20 INFO        
2024-10-12 20:46:20 INFO        AREA ESTIMATION for DRAM(type=LPDDR4, width=64, datawidth=8, has_power_gating=False, n_banks=2, cluster_size=1, reduction_supported=True, multiple_buffering=1, min_utilization=0, allow_overbooking=False, meshX=1, meshY=1, technology=32nm, global_cycle_seconds=1e-09, version=0.4, action_latency_cycles=1, cycle_seconds=1e-09, n_instances=1)
2024-10-12 20:46:20 INFO        CactiDRAM estimated 0 with accuracy 80%. Messages:
2024-10-12 20:46:20 INFO        | Unused arguments (datawidth, has_power_gating, n_banks, cluster_size, reduction_supported, multiple_buffering, min_utilization, allow_overbooking, meshX, meshY, technology, global_cycle_seconds, version, action_latency_cycles, cycle_seconds, n_instances) provided for ['DRAM', 'dram'].__init__. Arguments used: (type, width)
2024-10-12 20:46:20 INFO        | Multiplying by n_instances 1
2024-10-12 20:46:20 INFO        
2024-10-12 20:46:20 INFO        AREA ESTIMATION for dummy_storage(width=1, depth=1, datawidth=1, technology=-1, has_power_gating=False, n_banks=2, cluster_size=1, reduction_supported=True, multiple_buffering=1, min_utilization=0, allow_overbooking=False, meshX=1, meshY=1, global_cycle_seconds=1e-09, version=0.4, action_latency_cycles=1, cycle_seconds=1e-09, n_instances=1)
2024-10-12 20:46:20 INFO        dummy estimated 1u^2 with accuracy 100%. Messages:
2024-10-12 20:46:20 INFO        | Multiplying by n_instances 1
2024-10-12 20:46:20 INFO        
2024-10-12 20:46:20 INFO        AREA ESTIMATION for dummy_storage(width=1, depth=1, datawidth=1, technology=-1, has_power_gating=False, n_banks=2, cluster_size=1, reduction_supported=True, multiple_buffering=1, min_utilization=0, allow_overbooking=False, meshX=30, meshY=1, global_cycle_seconds=1e-09, version=0.4, action_latency_cycles=1, cycle_seconds=1e-09, n_instances=1)
2024-10-12 20:46:20 INFO        dummy estimated 1u^2 with accuracy 100%. Messages:
2024-10-12 20:46:20 INFO        | Multiplying by n_instances 1
2024-10-12 20:46:20 INFO        
2024-10-12 20:46:20 INFO        AREA ESTIMATION for SRAM(width=64, depth=16384, n_rdwr_ports=1, global_cycle_seconds=1e-09, action_latency_cycles=1, cycle_seconds=1e-09, technology=32nm, n_instances=1)
2024-10-12 20:46:23 INFO        CactiSRAM estimated 2.17281e-07 with accuracy 80%. Messages:
2024-10-12 20:46:23 INFO        | Unused arguments (n_rdwr_ports, global_cycle_seconds, action_latency_cycles, cycle_seconds, n_instances) provided for ['SRAM', 'sram'].__init__. Arguments used: (width, depth, technology)
2024-10-12 20:46:23 INFO        | Calling CACTI with cache_size=131072 n_rw_ports=1 block_size=8 tech_node_um=0.032 n_banks=1 tag_size=0 associativity=1
2024-10-12 20:46:23 INFO        | Calling CACTI with input path /usr/local/share/accelergy/estimation_plug_ins/accelergy-cacti-plug-in/cacti_inputs_outputs/tmphpi6kkrd
2024-10-12 20:46:23 INFO        | CACTI output will be written to /usr/local/share/accelergy/estimation_plug_ins/accelergy-cacti-plug-in/cacti_inputs_outputs/tmpxgsbm5rl
2024-10-12 20:46:23 INFO        | CACTI executable not found at /usr/local/share/accelergy/estimation_plug_ins/accelergy-cacti-plug-in/cacti/cacti
2024-10-12 20:46:23 INFO        | Calling: cd /usr/local/share/accelergy/estimation_plug_ins/accelergy-cacti-plug-in ; ./cacti -infile /usr/local/share/accelergy/estimation_plug_ins/accelergy-cacti-plug-in/cacti_inputs_outputs/tmphpi6kkrd >> /usr/local/share/accelergy/estimation_plug_ins/accelergy-cacti-plug-in/cacti_inputs_outputs/tmpxgsbm5rl 2>&1
2024-10-12 20:46:23 INFO        | Cache bandwidth: 8.0 bytes/cycle
2024-10-12 20:46:23 INFO        | Cache bandwidth: 49177808513.908104 bits/second
2024-10-12 20:46:23 INFO        | Multiplying by n_instances 1
2024-10-12 20:46:23 INFO        
2024-10-12 20:46:23 INFO        AREA ESTIMATION for intadder(n_bits=14, precision=14, global_cycle_seconds=1e-09, action_latency_cycles=1, cycle_seconds=1e-09, technology=32nm, n_instances=1)
2024-10-12 20:46:23 INFO        Neurosim Plug-In estimated 41.18446u^2 with accuracy 70%. Messages:
2024-10-12 20:46:23 INFO        | WARN: Non-numeric 32nm for parameter technology. Using 32 instead.
2024-10-12 20:46:23 INFO        | Multiplying by n_instances 1
2024-10-12 20:46:23 INFO        
2024-10-12 20:46:23 INFO        AREA ESTIMATION for SRAM(width=32, depth=64, n_rdwr_ports=1, global_cycle_seconds=1e-09, action_latency_cycles=1, cycle_seconds=1e-09, technology=32nm, n_instances=1)
2024-10-12 20:46:24 INFO        CactiSRAM estimated 5.36416e-10 with accuracy 80%. Messages:
2024-10-12 20:46:24 INFO        | Unused arguments (n_rdwr_ports, global_cycle_seconds, action_latency_cycles, cycle_seconds, n_instances) provided for ['SRAM', 'sram'].__init__. Arguments used: (width, depth, technology)
2024-10-12 20:46:24 INFO        | Calling CACTI with cache_size=256 n_rw_ports=1 block_size=4 tech_node_um=0.032 n_banks=1 tag_size=0 associativity=1
2024-10-12 20:46:24 INFO        | Calling CACTI with input path /usr/local/share/accelergy/estimation_plug_ins/accelergy-cacti-plug-in/cacti_inputs_outputs/tmpue7hys__
2024-10-12 20:46:24 INFO        | CACTI output will be written to /usr/local/share/accelergy/estimation_plug_ins/accelergy-cacti-plug-in/cacti_inputs_outputs/tmp7pnr0z8j
2024-10-12 20:46:24 INFO        | CACTI executable not found at /usr/local/share/accelergy/estimation_plug_ins/accelergy-cacti-plug-in/cacti/cacti
2024-10-12 20:46:24 INFO        | Calling: cd /usr/local/share/accelergy/estimation_plug_ins/accelergy-cacti-plug-in ; ./cacti -infile /usr/local/share/accelergy/estimation_plug_ins/accelergy-cacti-plug-in/cacti_inputs_outputs/tmpue7hys__ >> /usr/local/share/accelergy/estimation_plug_ins/accelergy-cacti-plug-in/cacti_inputs_outputs/tmp7pnr0z8j 2>&1
2024-10-12 20:46:24 INFO        | Cache bandwidth: 4.0 bytes/cycle
2024-10-12 20:46:24 INFO        | Cache bandwidth: 85256943112.3047 bits/second
2024-10-12 20:46:24 INFO        | Multiplying by n_instances 1
2024-10-12 20:46:24 INFO        
2024-10-12 20:46:24 INFO        AREA ESTIMATION for intadder(n_bits=4, precision=4, global_cycle_seconds=1e-09, action_latency_cycles=1, cycle_seconds=1e-09, technology=32nm, n_instances=1)
2024-10-12 20:46:24 INFO        Neurosim Plug-In estimated 11.766989999999998u^2 with accuracy 70%. Messages:
2024-10-12 20:46:24 INFO        | WARN: Non-numeric 32nm for parameter technology. Using 32 instead.
2024-10-12 20:46:24 INFO        | Multiplying by n_instances 1
2024-10-12 20:46:24 INFO        
2024-10-12 20:46:24 INFO        AREA ESTIMATION for SRAM(width=32, depth=192, n_rdwr_ports=1, global_cycle_seconds=1e-09, action_latency_cycles=1, cycle_seconds=1e-09, technology=32nm, n_instances=1)
2024-10-12 20:46:24 INFO        CactiSRAM estimated 1.3549099999999998e-09 with accuracy 80%. Messages:
2024-10-12 20:46:24 INFO        | Unused arguments (n_rdwr_ports, global_cycle_seconds, action_latency_cycles, cycle_seconds, n_instances) provided for ['SRAM', 'sram'].__init__. Arguments used: (width, depth, technology)
2024-10-12 20:46:24 INFO        | Calling CACTI with cache_size=768 n_rw_ports=1 block_size=4 tech_node_um=0.032 n_banks=1 tag_size=0 associativity=1
2024-10-12 20:46:24 INFO        | Calling CACTI with input path /usr/local/share/accelergy/estimation_plug_ins/accelergy-cacti-plug-in/cacti_inputs_outputs/tmprq1xtx10
2024-10-12 20:46:24 INFO        | CACTI output will be written to /usr/local/share/accelergy/estimation_plug_ins/accelergy-cacti-plug-in/cacti_inputs_outputs/tmp2pcd_nh9
2024-10-12 20:46:24 INFO        | CACTI executable not found at /usr/local/share/accelergy/estimation_plug_ins/accelergy-cacti-plug-in/cacti/cacti
2024-10-12 20:46:24 INFO        | Calling: cd /usr/local/share/accelergy/estimation_plug_ins/accelergy-cacti-plug-in ; ./cacti -infile /usr/local/share/accelergy/estimation_plug_ins/accelergy-cacti-plug-in/cacti_inputs_outputs/tmprq1xtx10 >> /usr/local/share/accelergy/estimation_plug_ins/accelergy-cacti-plug-in/cacti_inputs_outputs/tmp2pcd_nh9 2>&1
2024-10-12 20:46:24 INFO        | Cache bandwidth: 4.0 bytes/cycle
2024-10-12 20:46:24 INFO        | Cache bandwidth: 69384215091.06677 bits/second
2024-10-12 20:46:24 INFO        | Multiplying by n_instances 1
2024-10-12 20:46:24 INFO        
2024-10-12 20:46:24 INFO        AREA ESTIMATION for intadder(n_bits=8, precision=8, global_cycle_seconds=1e-09, action_latency_cycles=1, cycle_seconds=1e-09, technology=32nm, n_instances=1)
2024-10-12 20:46:24 INFO        Neurosim Plug-In estimated 23.533979999999996u^2 with accuracy 70%. Messages:
2024-10-12 20:46:24 INFO        | WARN: Non-numeric 32nm for parameter technology. Using 32 instead.
2024-10-12 20:46:24 INFO        | Multiplying by n_instances 1
2024-10-12 20:46:24 INFO        
2024-10-12 20:46:24 INFO        AREA ESTIMATION for SRAM(width=32, depth=64, n_rdwr_ports=1, global_cycle_seconds=1e-09, action_latency_cycles=1, cycle_seconds=1e-09, technology=32nm, n_instances=1)
2024-10-12 20:46:24 INFO        CactiSRAM estimated 5.36416e-10 with accuracy 80%. Messages:
2024-10-12 20:46:24 INFO        | Unused arguments (n_rdwr_ports, global_cycle_seconds, action_latency_cycles, cycle_seconds, n_instances) provided for ['SRAM', 'sram'].__init__. Arguments used: (width, depth, technology)
2024-10-12 20:46:24 INFO        | Calling CACTI with cache_size=256 n_rw_ports=1 block_size=4 tech_node_um=0.032 n_banks=1 tag_size=0 associativity=1
2024-10-12 20:46:24 INFO        | Calling CACTI with input path /usr/local/share/accelergy/estimation_plug_ins/accelergy-cacti-plug-in/cacti_inputs_outputs/tmpcgqfij57
2024-10-12 20:46:24 INFO        | CACTI output will be written to /usr/local/share/accelergy/estimation_plug_ins/accelergy-cacti-plug-in/cacti_inputs_outputs/tmpa4ih__70
2024-10-12 20:46:24 INFO        | CACTI executable not found at /usr/local/share/accelergy/estimation_plug_ins/accelergy-cacti-plug-in/cacti/cacti
2024-10-12 20:46:24 INFO        | Calling: cd /usr/local/share/accelergy/estimation_plug_ins/accelergy-cacti-plug-in ; ./cacti -infile /usr/local/share/accelergy/estimation_plug_ins/accelergy-cacti-plug-in/cacti_inputs_outputs/tmpcgqfij57 >> /usr/local/share/accelergy/estimation_plug_ins/accelergy-cacti-plug-in/cacti_inputs_outputs/tmpa4ih__70 2>&1
2024-10-12 20:46:24 INFO        | Cache bandwidth: 4.0 bytes/cycle
2024-10-12 20:46:24 INFO        | Cache bandwidth: 85256943112.3047 bits/second
2024-10-12 20:46:24 INFO        | Multiplying by n_instances 1
2024-10-12 20:46:24 INFO        
2024-10-12 20:46:24 INFO        AREA ESTIMATION for intadder(n_bits=4, precision=4, global_cycle_seconds=1e-09, action_latency_cycles=1, cycle_seconds=1e-09, technology=32nm, n_instances=1)
2024-10-12 20:46:24 INFO        Neurosim Plug-In estimated 11.766989999999998u^2 with accuracy 70%. Messages:
2024-10-12 20:46:24 INFO        | WARN: Non-numeric 32nm for parameter technology. Using 32 instead.
2024-10-12 20:46:24 INFO        | Multiplying by n_instances 1
2024-10-12 20:46:24 INFO        
2024-10-12 20:46:24 INFO        AREA ESTIMATION for aladdin_adder(width=16, global_cycle_seconds=1e-09, action_latency_cycles=1, cycle_seconds=1e-09, technology=32nm, n_instances=1)
2024-10-12 20:46:24 INFO        Library estimated 63.940000000000005u^2 with accuracy 90%. Messages:
2024-10-12 20:46:24 INFO        | Found 5 entries for aladdin_adder.
2024-10-12 20:46:24 INFO        | Checking entry "{'technology': '45nm', 'global_cycle_seconds': '1e-9', 'width|datawidth': '32', 'energy': '0.21', 'area': '2.78E+02', 'action': 'add', 'name': 'aladdin_adder', 'n_instances': 1}
2024-10-12 20:46:24 INFO        | value=278.0, matching_attrs=2, log=['Scaling width from 32 to 16', 'Scaling global_cycle_seconds from 1e-9 to 1e-09', 'Scaling technology from 45nm to 32nm', 'Scaled aladdin_adder.width from 32.0 to 16.0: 0.5x area', 'Scaled aladdin_adder.global_cycle_seconds from 1e-09 to 1e-09: 1x area', 'Scaled aladdin_adder.technology from 45.0 to 32.0: 0.46x area', 'aladdin_adder area has been scaled 0.23x']
2024-10-12 20:46:24 INFO        | Checking entry "{'technology': '45nm', 'global_cycle_seconds': '1e-9', 'width|datawidth': '32', 'energy': '0.21', 'area': '2.78E+02', 'action': 'read', 'name': 'aladdin_adder', 'n_instances': 1}
2024-10-12 20:46:24 INFO        | value=278.0, matching_attrs=2, log=['Scaling width from 32 to 16', 'Scaling global_cycle_seconds from 1e-9 to 1e-09', 'Scaling technology from 45nm to 32nm', 'Scaled aladdin_adder.width from 32.0 to 16.0: 0.5x area', 'Scaled aladdin_adder.global_cycle_seconds from 1e-09 to 1e-09: 1x area', 'Scaled aladdin_adder.technology from 45.0 to 32.0: 0.46x area', 'aladdin_adder area has been scaled 0.23x']
2024-10-12 20:46:24 INFO        | Checking entry "{'technology': '45nm', 'global_cycle_seconds': '1e-9', 'width|datawidth': '32', 'energy': '0.0024', 'area': '2.78E+02', 'action': 'leak', 'name': 'aladdin_adder', 'n_instances': 1}
2024-10-12 20:46:24 INFO        | value=278.0, matching_attrs=2, log=['Scaling width from 32 to 16', 'Scaling global_cycle_seconds from 1e-9 to 1e-09', 'Scaling technology from 45nm to 32nm', 'Scaled aladdin_adder.width from 32.0 to 16.0: 0.5x area', 'Scaled aladdin_adder.global_cycle_seconds from 1e-09 to 1e-09: 1x area', 'Scaled aladdin_adder.technology from 45.0 to 32.0: 0.46x area', 'aladdin_adder area has been scaled 0.23x']
2024-10-12 20:46:24 INFO        | Checking entry "{'technology': '45nm', 'global_cycle_seconds': '1e-9', 'width|datawidth': '32', 'energy': '0', 'area': '2.78E+02', 'action': 'update', 'name': 'aladdin_adder', 'n_instances': 1}
2024-10-12 20:46:24 INFO        | value=278.0, matching_attrs=2, log=['Scaling width from 32 to 16', 'Scaling global_cycle_seconds from 1e-9 to 1e-09', 'Scaling technology from 45nm to 32nm', 'Scaled aladdin_adder.width from 32.0 to 16.0: 0.5x area', 'Scaled aladdin_adder.global_cycle_seconds from 1e-09 to 1e-09: 1x area', 'Scaled aladdin_adder.technology from 45.0 to 32.0: 0.46x area', 'aladdin_adder area has been scaled 0.23x']
2024-10-12 20:46:24 INFO        | Checking entry "{'technology': '45nm', 'global_cycle_seconds': '1e-9', 'width|datawidth': '32', 'energy': '0', 'area': '2.78E+02', 'action': 'write', 'name': 'aladdin_adder', 'n_instances': 1}
2024-10-12 20:46:24 INFO        | value=278.0, matching_attrs=2, log=['Scaling width from 32 to 16', 'Scaling global_cycle_seconds from 1e-9 to 1e-09', 'Scaling technology from 45nm to 32nm', 'Scaled aladdin_adder.width from 32.0 to 16.0: 0.5x area', 'Scaled aladdin_adder.global_cycle_seconds from 1e-09 to 1e-09: 1x area', 'Scaled aladdin_adder.technology from 45.0 to 32.0: 0.46x area', 'aladdin_adder area has been scaled 0.23x']
2024-10-12 20:46:24 INFO        | Best-matching entry: {'technology': '45nm', 'global_cycle_seconds': '1e-9', 'width|datawidth': '32', 'energy': '0.21', 'area': '2.78E+02', 'action': 'add', 'name': 'aladdin_adder', 'n_instances': 1}
2024-10-12 20:46:24 INFO        | Scaling width from 32 to 16
2024-10-12 20:46:24 INFO        | Scaling global_cycle_seconds from 1e-9 to 1e-09
2024-10-12 20:46:24 INFO        | Scaling technology from 45nm to 32nm
2024-10-12 20:46:24 INFO        | Scaled aladdin_adder.width from 32.0 to 16.0: 0.5x area
2024-10-12 20:46:24 INFO        | Scaled aladdin_adder.global_cycle_seconds from 1e-09 to 1e-09: 1x area
2024-10-12 20:46:24 INFO        | Scaled aladdin_adder.technology from 45.0 to 32.0: 0.46x area
2024-10-12 20:46:24 INFO        | aladdin_adder area has been scaled 0.23x
2024-10-12 20:46:24 INFO        | Multiplying by n_instances 1
2024-10-12 20:46:24 INFO        
2024-10-12 20:46:24 INFO        AREA ESTIMATION for aladdin_adder(width_a=8, width_b=8, global_cycle_seconds=1e-09, action_latency_cycles=1, cycle_seconds=1e-09, technology=32nm, n_instances=1)
2024-10-12 20:46:24 INFO        Library estimated 127.88000000000001u^2 with accuracy 90%. Messages:
2024-10-12 20:46:24 INFO        | Found 5 entries for aladdin_adder.
2024-10-12 20:46:24 INFO        | Checking entry "{'technology': '45nm', 'global_cycle_seconds': '1e-9', 'width|datawidth': '32', 'energy': '0.21', 'area': '2.78E+02', 'action': 'add', 'name': 'aladdin_adder', 'n_instances': 1}
2024-10-12 20:46:24 INFO        | value=278.0, matching_attrs=2, log=['Scaling global_cycle_seconds from 1e-9 to 1e-09', 'Scaling technology from 45nm to 32nm', 'Scaled aladdin_adder.global_cycle_seconds from 1e-09 to 1e-09: 1x area', 'Scaled aladdin_adder.technology from 45.0 to 32.0: 0.46x area', 'aladdin_adder area has been scaled 0.46x']
2024-10-12 20:46:24 INFO        | Checking entry "{'technology': '45nm', 'global_cycle_seconds': '1e-9', 'width|datawidth': '32', 'energy': '0.21', 'area': '2.78E+02', 'action': 'read', 'name': 'aladdin_adder', 'n_instances': 1}
2024-10-12 20:46:24 INFO        | value=278.0, matching_attrs=2, log=['Scaling global_cycle_seconds from 1e-9 to 1e-09', 'Scaling technology from 45nm to 32nm', 'Scaled aladdin_adder.global_cycle_seconds from 1e-09 to 1e-09: 1x area', 'Scaled aladdin_adder.technology from 45.0 to 32.0: 0.46x area', 'aladdin_adder area has been scaled 0.46x']
2024-10-12 20:46:24 INFO        | Checking entry "{'technology': '45nm', 'global_cycle_seconds': '1e-9', 'width|datawidth': '32', 'energy': '0.0024', 'area': '2.78E+02', 'action': 'leak', 'name': 'aladdin_adder', 'n_instances': 1}
2024-10-12 20:46:24 INFO        | value=278.0, matching_attrs=2, log=['Scaling global_cycle_seconds from 1e-9 to 1e-09', 'Scaling technology from 45nm to 32nm', 'Scaled aladdin_adder.global_cycle_seconds from 1e-09 to 1e-09: 1x area', 'Scaled aladdin_adder.technology from 45.0 to 32.0: 0.46x area', 'aladdin_adder area has been scaled 0.46x']
2024-10-12 20:46:24 INFO        | Checking entry "{'technology': '45nm', 'global_cycle_seconds': '1e-9', 'width|datawidth': '32', 'energy': '0', 'area': '2.78E+02', 'action': 'update', 'name': 'aladdin_adder', 'n_instances': 1}
2024-10-12 20:46:24 INFO        | value=278.0, matching_attrs=2, log=['Scaling global_cycle_seconds from 1e-9 to 1e-09', 'Scaling technology from 45nm to 32nm', 'Scaled aladdin_adder.global_cycle_seconds from 1e-09 to 1e-09: 1x area', 'Scaled aladdin_adder.technology from 45.0 to 32.0: 0.46x area', 'aladdin_adder area has been scaled 0.46x']
2024-10-12 20:46:24 INFO        | Checking entry "{'technology': '45nm', 'global_cycle_seconds': '1e-9', 'width|datawidth': '32', 'energy': '0', 'area': '2.78E+02', 'action': 'write', 'name': 'aladdin_adder', 'n_instances': 1}
2024-10-12 20:46:24 INFO        | value=278.0, matching_attrs=2, log=['Scaling global_cycle_seconds from 1e-9 to 1e-09', 'Scaling technology from 45nm to 32nm', 'Scaled aladdin_adder.global_cycle_seconds from 1e-09 to 1e-09: 1x area', 'Scaled aladdin_adder.technology from 45.0 to 32.0: 0.46x area', 'aladdin_adder area has been scaled 0.46x']
2024-10-12 20:46:24 INFO        | Best-matching entry: {'technology': '45nm', 'global_cycle_seconds': '1e-9', 'width|datawidth': '32', 'energy': '0.21', 'area': '2.78E+02', 'action': 'add', 'name': 'aladdin_adder', 'n_instances': 1}
2024-10-12 20:46:24 INFO        | Scaling global_cycle_seconds from 1e-9 to 1e-09
2024-10-12 20:46:24 INFO        | Scaling technology from 45nm to 32nm
2024-10-12 20:46:24 INFO        | Scaled aladdin_adder.global_cycle_seconds from 1e-09 to 1e-09: 1x area
2024-10-12 20:46:24 INFO        | Scaled aladdin_adder.technology from 45.0 to 32.0: 0.46x area
2024-10-12 20:46:24 INFO        | aladdin_adder area has been scaled 0.46x
2024-10-12 20:46:24 INFO        | Multiplying by n_instances 1
2024-10-12 20:46:24 INFO        flattened architecture is saved to:
2024-10-12 20:46:24 INFO        ./timeloop-mapper.flattened_architecture.yaml
2024-10-12 20:46:25 INFO        energy reference table is saved to:
2024-10-12 20:46:25 INFO        ./timeloop-mapper.ERT.yaml
2024-10-12 20:46:25 INFO        energy reference table summary is saved to:
2024-10-12 20:46:25 INFO        ./timeloop-mapper.ERT_summary.yaml
2024-10-12 20:46:25 WARNING     no runtime energy estimations are generated... not generating energy_estimation.yaml
2024-10-12 20:46:25 INFO        area reference table is saved to:
2024-10-12 20:46:25 INFO        ./timeloop-mapper.ART.yaml
2024-10-12 20:46:25 INFO        area reference table summary is saved to:
2024-10-12 20:46:25 INFO        ./timeloop-mapper.ART_summary.yaml
