2024-10-12 20:57:05 INFO            _                _                      
2024-10-12 20:57:05 INFO           / \   ___ ___ ___| | ___ _ __ __ _ _   _ 
2024-10-12 20:57:05 INFO          / _ \ / __/ __/ _ \ |/ _ \ '__/ _` | | | |
2024-10-12 20:57:05 INFO         / ___ \ (_| (_|  __/ |  __/ | | (_| | |_| |
2024-10-12 20:57:05 INFO        /_/   \_\___\___\___|_|\___|_|  \__, |\__, |
2024-10-12 20:57:05 INFO                                        |___/ |___/ 
2024-10-12 20:57:05 INFO        generating outputs according to the following specified output flags... 
2024-10-12 20:57:05 INFO         Please use the -f flag to update the preference (default to all output files)
2024-10-12 20:57:05 INFO        {'ERT': 1, 'ERT_summary': 1, 'ART': 1, 'ART_summary': 1, 'energy_estimation': 1, 'flattened_arch': 1}
2024-10-12 20:57:05 INFO        Located config file at /home/workspace/.config/accelergy/accelergy_config.yaml.
2024-10-12 20:57:05 INFO        config file located:
2024-10-12 20:57:05 INFO        /home/workspace/.config/accelergy/accelergy_config.yaml
2024-10-12 20:57:05 INFO        Parsing file /home/workspace/outputsFinal.resnet18/eyeriss_like/10/parsed-processed-input.yaml for architecture info
2024-10-12 20:57:05 INFO        Parsing file /home/workspace/outputsFinal.resnet18/eyeriss_like/10/parsed-processed-input.yaml for compound_components info
2024-10-12 20:57:06 INFO        Adding required action "leak" to class DRAM
2024-10-12 20:57:06 INFO        Adding required action "write" to class DRAM
2024-10-12 20:57:06 INFO        Adding required action "update" to class DRAM
2024-10-12 20:57:06 INFO        Adding required action "read" to class DRAM
2024-10-12 20:57:06 INFO        Calculated Architecture class smartbuffer_SRAM attributes"memory_width" as "max(32, width)" = 64.
2024-10-12 20:57:06 INFO        Calculated Architecture class smartbuffer_SRAM attributes"memory_depth" as "max(64, depth)" = 16384.
2024-10-12 20:57:06 INFO        Calculated Architecture class smartbuffer_SRAM attributes"widthscale" as "width / memory_width" = 1.0.
2024-10-12 20:57:06 INFO        Calculated Architecture class smartbuffer_SRAM attributes"depthscale" as "depth / memory_depth" = 1.0.
2024-10-12 20:57:06 INFO        Calculated Architecture class smartbuffer_SRAM attributes"real_depth" as "depth" = 16384.
2024-10-12 20:57:06 INFO        Calculated Architecture class smartbuffer_SRAM attributes"area_scale" as "widthscale * depthscale" = 1.0.
2024-10-12 20:57:06 INFO        Calculated Architecture class smartbuffer_SRAM attributes"dynamic_energy_scale" as "widthscale * (depthscale ** (1.56 / 2))" = 1.0.
2024-10-12 20:57:06 INFO        Calculated Architecture class smartbuffer_SRAM attributes"static_energy_scale" as "area_scale" = 1.0.
2024-10-12 20:57:06 INFO        Calculated Architecture class smartbuffer_SRAM attributes"memory_width" as "max(32, width)" = 32.
2024-10-12 20:57:06 INFO        Calculated Architecture class smartbuffer_SRAM attributes"memory_depth" as "max(64, depth)" = 64.
2024-10-12 20:57:06 INFO        Calculated Architecture class smartbuffer_SRAM attributes"widthscale" as "width / memory_width" = 0.5.
2024-10-12 20:57:06 INFO        Calculated Architecture class smartbuffer_SRAM attributes"depthscale" as "depth / memory_depth" = 0.1875.
2024-10-12 20:57:06 INFO        Calculated Architecture class smartbuffer_SRAM attributes"real_depth" as "depth" = 12.
2024-10-12 20:57:06 INFO        Calculated Architecture class smartbuffer_SRAM attributes"area_scale" as "widthscale * depthscale" = 0.09375.
2024-10-12 20:57:06 INFO        Calculated Architecture class smartbuffer_SRAM attributes"dynamic_energy_scale" as "widthscale * (depthscale ** (1.56 / 2))" = 0.1354911710963393.
2024-10-12 20:57:06 INFO        Calculated Architecture class smartbuffer_SRAM attributes"static_energy_scale" as "area_scale" = 0.09375.
2024-10-12 20:57:06 INFO        Calculated Architecture class smartbuffer_SRAM attributes"memory_width" as "max(32, width)" = 32.
2024-10-12 20:57:06 INFO        Calculated Architecture class smartbuffer_SRAM attributes"memory_depth" as "max(64, depth)" = 192.
2024-10-12 20:57:06 INFO        Calculated Architecture class smartbuffer_SRAM attributes"widthscale" as "width / memory_width" = 0.5.
2024-10-12 20:57:06 INFO        Calculated Architecture class smartbuffer_SRAM attributes"depthscale" as "depth / memory_depth" = 1.0.
2024-10-12 20:57:06 INFO        Calculated Architecture class smartbuffer_SRAM attributes"real_depth" as "depth" = 192.
2024-10-12 20:57:06 INFO        Calculated Architecture class smartbuffer_SRAM attributes"area_scale" as "widthscale * depthscale" = 0.5.
2024-10-12 20:57:06 INFO        Calculated Architecture class smartbuffer_SRAM attributes"dynamic_energy_scale" as "widthscale * (depthscale ** (1.56 / 2))" = 0.5.
2024-10-12 20:57:06 INFO        Calculated Architecture class smartbuffer_SRAM attributes"static_energy_scale" as "area_scale" = 0.5.
2024-10-12 20:57:06 INFO        Calculated Architecture class smartbuffer_SRAM attributes"memory_width" as "max(32, width)" = 32.
2024-10-12 20:57:06 INFO        Calculated Architecture class smartbuffer_SRAM attributes"memory_depth" as "max(64, depth)" = 64.
2024-10-12 20:57:06 INFO        Calculated Architecture class smartbuffer_SRAM attributes"widthscale" as "width / memory_width" = 0.5.
2024-10-12 20:57:06 INFO        Calculated Architecture class smartbuffer_SRAM attributes"depthscale" as "depth / memory_depth" = 0.25.
2024-10-12 20:57:06 INFO        Calculated Architecture class smartbuffer_SRAM attributes"real_depth" as "depth" = 16.
2024-10-12 20:57:06 INFO        Calculated Architecture class smartbuffer_SRAM attributes"area_scale" as "widthscale * depthscale" = 0.125.
2024-10-12 20:57:06 INFO        Calculated Architecture class smartbuffer_SRAM attributes"dynamic_energy_scale" as "widthscale * (depthscale ** (1.56 / 2))" = 0.16957554093095897.
2024-10-12 20:57:06 INFO        Calculated Architecture class smartbuffer_SRAM attributes"static_energy_scale" as "area_scale" = 0.125.
2024-10-12 20:57:06 WARNING     Area scale in attributes is deprecated. Use it on the same level as the attributes, not a subkey.
2024-10-12 20:57:06 WARNING     Area scale in attributes is deprecated. Use it on the same level as the attributes, not a subkey.
2024-10-12 20:57:06 WARNING     Area scale in attributes is deprecated. Use it on the same level as the attributes, not a subkey.
2024-10-12 20:57:06 WARNING     Area scale in attributes is deprecated. Use it on the same level as the attributes, not a subkey.
2024-10-12 20:57:06 INFO        Estimator plug-in identified by: /usr/local/share/accelergy/estimation_plug_ins/accelergy-neurosim-plugin/neurosim.estimator.yaml
2024-10-12 20:57:06 INFO        Estimator plug-in identified by: /usr/local/share/accelergy/estimation_plug_ins/dummy_tables/dummy.estimator.yaml
2024-10-12 20:57:06 INFO        Estimator plug-in identified by: /usr/local/share/accelergy/estimation_plug_ins/accelergy-cacti-plug-in/cacti.estimator.yaml
2024-10-12 20:57:06 INFO        Estimator plug-in identified by: /usr/local/share/accelergy/estimation_plug_ins/accelergy-table-based-plug-ins/table.estimator.yaml
2024-10-12 20:57:06 INFO        Estimator plug-in identified by: /usr/local/share/accelergy/estimation_plug_ins/accelergy-library-plugin/library.estimator.yaml
2024-10-12 20:57:06 INFO        Estimator plug-in identified by: /usr/local/share/accelergy/estimation_plug_ins/accelergy-adc-plug-in/adc.estimator.yaml
2024-10-12 20:57:06 INFO        Estimator plug-in identified by: /usr/local/share/accelergy/estimation_plug_ins/accelergy-aladdin-plug-in/aladdin.estimator.yaml
2024-10-12 20:57:06 INFO        Getting all estimators in module <module 'python_plug_in' from '/usr/local/share/accelergy/estimation_plug_ins/accelergy-cacti-plug-in/cacti_wrapper.py'>
2024-10-12 20:57:06 INFO        Added estimator CactiCache that estimates cache with actions idle, read, read_access, update, update_access, write, write_access, leak
2024-10-12 20:57:06 INFO        Added estimator CactiDRAM that estimates ['DRAM', 'dram'] with actions idle, read, update, write, leak
2024-10-12 20:57:06 INFO        Added estimator CactiSRAM that estimates ['SRAM', 'sram'] with actions idle, read, update, write, leak
2024-10-12 20:57:06 INFO        Found estimator plug-in: Neurosim Plug-In (<NeuroWrapper.NeuroWrapper object at 0x727a0cdd1e20>)
2024-10-12 20:57:06 INFO        Found estimator plug-in: dummy (<DummyTable.DummyTable object at 0x727a0cdd1d60>)
2024-10-12 20:57:06 INFO        Found estimator plug-in: DEPRECATED table-based-plug-ins. Use the Library plug-in instead. (<SetsOfTables.SetsOfTables object at 0x727a0dd1ffa0>)
2024-10-12 20:57:06 INFO        Found estimator plug-in: Library (<LibraryEstimator.LibraryEstimator object at 0x727a0cd5bf10>)
2024-10-12 20:57:06 INFO        Found estimator plug-in: ADC Plug-In (<ADCEstimator.ADCEstimator object at 0x727a0cca32b0>)
2024-10-12 20:57:06 INFO        Found estimator plug-in: Aladdin_table (<AladdinTable.AladdinTable object at 0x727a0cca3fa0>)
2024-10-12 20:57:06 INFO        Found estimator plug-in: CactiCache (<accelergy.plug_in_interface.estimator_wrapper.EstimatorWrapper object at 0x727a0ccc4730>)
2024-10-12 20:57:06 INFO        Found estimator plug-in: CactiDRAM (<accelergy.plug_in_interface.estimator_wrapper.EstimatorWrapper object at 0x727a0ccc4880>)
2024-10-12 20:57:06 INFO        Found estimator plug-in: CactiSRAM (<accelergy.plug_in_interface.estimator_wrapper.EstimatorWrapper object at 0x727a0ccb6c40>)
2024-10-12 20:57:06 INFO        Calculated storage."width" as "memory_width" = 64.
2024-10-12 20:57:06 INFO        Calculated storage."depth" as "memory_depth" = 16384.
2024-10-12 20:57:06 INFO        Calculated storage."n_rdwr_ports" as "n_rdwr_ports" = 1.
2024-10-12 20:57:06 INFO        Calculated storage."global_cycle_seconds" as "global_cycle_seconds" = 1e-09.
2024-10-12 20:57:06 INFO        Calculated storage.area_scale as "area_scale" = 1.0.
2024-10-12 20:57:06 INFO        Calculated address_generators[0..1]."n_bits" as "max(1, ceil(log2(real_depth))) if real_depth >= 1 else 1" = 14.
2024-10-12 20:57:06 INFO        Calculated address_generators[0..1]."precision" as "max(1, ceil(log2(real_depth))) if real_depth >= 1 else 1" = 14.
2024-10-12 20:57:06 INFO        Calculated address_generators[0..1]."global_cycle_seconds" as "global_cycle_seconds" = 1e-09.
2024-10-12 20:57:06 INFO        Calculated action write energy_scale as "dynamic_energy_scale" = 1.0.
2024-10-12 20:57:06 INFO        Calculated action read energy_scale as "dynamic_energy_scale" = 1.0.
2024-10-12 20:57:06 INFO        Calculated action leak energy_scale as "static_energy_scale" = 1.0.
2024-10-12 20:57:06 INFO        Calculated action write energy_scale as "dynamic_energy_scale" = 1.0.
2024-10-12 20:57:06 INFO        Calculated storage."width" as "memory_width" = 32.
2024-10-12 20:57:06 INFO        Calculated storage."depth" as "memory_depth" = 64.
2024-10-12 20:57:06 INFO        Calculated storage."n_rdwr_ports" as "n_rdwr_ports" = 1.
2024-10-12 20:57:06 INFO        Calculated storage."global_cycle_seconds" as "global_cycle_seconds" = 1e-09.
2024-10-12 20:57:06 INFO        Calculated storage.area_scale as "area_scale" = 0.09375.
2024-10-12 20:57:06 INFO        Calculated address_generators[0..1]."n_bits" as "max(1, ceil(log2(real_depth))) if real_depth >= 1 else 1" = 4.
2024-10-12 20:57:06 INFO        Calculated address_generators[0..1]."precision" as "max(1, ceil(log2(real_depth))) if real_depth >= 1 else 1" = 4.
2024-10-12 20:57:06 INFO        Calculated address_generators[0..1]."global_cycle_seconds" as "global_cycle_seconds" = 1e-09.
2024-10-12 20:57:06 INFO        Calculated action write energy_scale as "dynamic_energy_scale" = 0.1354911710963393.
2024-10-12 20:57:06 INFO        Calculated action read energy_scale as "dynamic_energy_scale" = 0.1354911710963393.
2024-10-12 20:57:06 INFO        Calculated action leak energy_scale as "static_energy_scale" = 0.09375.
2024-10-12 20:57:06 INFO        Calculated action write energy_scale as "dynamic_energy_scale" = 0.1354911710963393.
2024-10-12 20:57:06 INFO        Calculated storage."width" as "memory_width" = 32.
2024-10-12 20:57:06 INFO        Calculated storage."depth" as "memory_depth" = 192.
2024-10-12 20:57:06 INFO        Calculated storage."n_rdwr_ports" as "n_rdwr_ports" = 1.
2024-10-12 20:57:06 INFO        Calculated storage."global_cycle_seconds" as "global_cycle_seconds" = 1e-09.
2024-10-12 20:57:06 INFO        Calculated storage.area_scale as "area_scale" = 0.5.
2024-10-12 20:57:06 INFO        Calculated address_generators[0..1]."n_bits" as "max(1, ceil(log2(real_depth))) if real_depth >= 1 else 1" = 8.
2024-10-12 20:57:06 INFO        Calculated address_generators[0..1]."precision" as "max(1, ceil(log2(real_depth))) if real_depth >= 1 else 1" = 8.
2024-10-12 20:57:06 INFO        Calculated address_generators[0..1]."global_cycle_seconds" as "global_cycle_seconds" = 1e-09.
2024-10-12 20:57:06 INFO        Calculated action write energy_scale as "dynamic_energy_scale" = 0.5.
2024-10-12 20:57:06 INFO        Calculated action read energy_scale as "dynamic_energy_scale" = 0.5.
2024-10-12 20:57:06 INFO        Calculated action leak energy_scale as "static_energy_scale" = 0.5.
2024-10-12 20:57:06 INFO        Calculated action write energy_scale as "dynamic_energy_scale" = 0.5.
2024-10-12 20:57:06 INFO        Calculated storage."width" as "memory_width" = 32.
2024-10-12 20:57:06 INFO        Calculated storage."depth" as "memory_depth" = 64.
2024-10-12 20:57:06 INFO        Calculated storage."n_rdwr_ports" as "n_rdwr_ports" = 1.
2024-10-12 20:57:06 INFO        Calculated storage."global_cycle_seconds" as "global_cycle_seconds" = 1e-09.
2024-10-12 20:57:06 INFO        Calculated storage.area_scale as "area_scale" = 0.125.
2024-10-12 20:57:06 INFO        Calculated address_generators[0..1]."n_bits" as "max(1, ceil(log2(real_depth))) if real_depth >= 1 else 1" = 4.
2024-10-12 20:57:06 INFO        Calculated address_generators[0..1]."precision" as "max(1, ceil(log2(real_depth))) if real_depth >= 1 else 1" = 4.
2024-10-12 20:57:06 INFO        Calculated address_generators[0..1]."global_cycle_seconds" as "global_cycle_seconds" = 1e-09.
2024-10-12 20:57:06 INFO        Calculated action write energy_scale as "dynamic_energy_scale" = 0.16957554093095897.
2024-10-12 20:57:06 INFO        Calculated action read energy_scale as "dynamic_energy_scale" = 0.16957554093095897.
2024-10-12 20:57:06 INFO        Calculated action leak energy_scale as "static_energy_scale" = 0.125.
2024-10-12 20:57:06 INFO        Calculated action write energy_scale as "dynamic_energy_scale" = 0.16957554093095897.
2024-10-12 20:57:06 INFO        Calculated intadder."width" as "adder_width" = 16.
2024-10-12 20:57:06 INFO        Calculated intmultiplier."width_a" as "multiplier_width" = 8.
2024-10-12 20:57:06 INFO        Calculated intmultiplier."width_b" as "multiplier_width" = 8.
2024-10-12 20:57:06 INFO        
2024-10-12 20:57:06 INFO        ENERGY ESTIMATION for DRAM(type=LPDDR4, width=64, datawidth=8, has_power_gating=False, n_banks=2, cluster_size=1, reduction_supported=True, multiple_buffering=1, min_utilization=0, allow_overbooking=False, meshX=1, meshY=1, technology=32nm, global_cycle_seconds=1e-09, version=0.4, action_latency_cycles=1, cycle_seconds=1e-09, n_instances=1).leak(global_cycle_seconds=1e-09, action_latency_cycles=1)
2024-10-12 20:57:06 INFO        CactiDRAM estimated 0 with accuracy 80%. Messages:
2024-10-12 20:57:06 INFO        | Unused arguments (datawidth, has_power_gating, n_banks, cluster_size, reduction_supported, multiple_buffering, min_utilization, allow_overbooking, meshX, meshY, technology, global_cycle_seconds, version, action_latency_cycles, cycle_seconds, n_instances) provided for ['DRAM', 'dram'].__init__. Arguments used: (type, width)
2024-10-12 20:57:06 INFO        | Unused arguments (action_latency_cycles) provided for ['DRAM', 'dram'].leak. Arguments used: (global_cycle_seconds)
2024-10-12 20:57:06 INFO        | Multiplying by n_instances 1
2024-10-12 20:57:06 INFO        
2024-10-12 20:57:06 INFO        ENERGY ESTIMATION for DRAM(type=LPDDR4, width=64, datawidth=8, has_power_gating=False, n_banks=2, cluster_size=1, reduction_supported=True, multiple_buffering=1, min_utilization=0, allow_overbooking=False, meshX=1, meshY=1, technology=32nm, global_cycle_seconds=1e-09, version=0.4, action_latency_cycles=1, cycle_seconds=1e-09, n_instances=1).write(global_cycle_seconds=1e-09, action_latency_cycles=1)
2024-10-12 20:57:06 INFO        CactiDRAM estimated 5.12e-10 with accuracy 80%. Messages:
2024-10-12 20:57:06 INFO        | Unused arguments (datawidth, has_power_gating, n_banks, cluster_size, reduction_supported, multiple_buffering, min_utilization, allow_overbooking, meshX, meshY, technology, global_cycle_seconds, version, action_latency_cycles, cycle_seconds, n_instances) provided for ['DRAM', 'dram'].__init__. Arguments used: (type, width)
2024-10-12 20:57:06 INFO        | Unused arguments (global_cycle_seconds, action_latency_cycles) provided for ['DRAM', 'dram'].write. Arguments used: ()
2024-10-12 20:57:06 INFO        
2024-10-12 20:57:06 INFO        ENERGY ESTIMATION for DRAM(type=LPDDR4, width=64, datawidth=8, has_power_gating=False, n_banks=2, cluster_size=1, reduction_supported=True, multiple_buffering=1, min_utilization=0, allow_overbooking=False, meshX=1, meshY=1, technology=32nm, global_cycle_seconds=1e-09, version=0.4, action_latency_cycles=1, cycle_seconds=1e-09, n_instances=1).update(global_cycle_seconds=1e-09, action_latency_cycles=1)
2024-10-12 20:57:06 INFO        CactiDRAM estimated 5.12e-10 with accuracy 80%. Messages:
2024-10-12 20:57:06 INFO        | Unused arguments (datawidth, has_power_gating, n_banks, cluster_size, reduction_supported, multiple_buffering, min_utilization, allow_overbooking, meshX, meshY, technology, global_cycle_seconds, version, action_latency_cycles, cycle_seconds, n_instances) provided for ['DRAM', 'dram'].__init__. Arguments used: (type, width)
2024-10-12 20:57:06 INFO        | Unused arguments (global_cycle_seconds, action_latency_cycles) provided for ['DRAM', 'dram'].update. Arguments used: ()
2024-10-12 20:57:06 INFO        
2024-10-12 20:57:06 INFO        ENERGY ESTIMATION for DRAM(type=LPDDR4, width=64, datawidth=8, has_power_gating=False, n_banks=2, cluster_size=1, reduction_supported=True, multiple_buffering=1, min_utilization=0, allow_overbooking=False, meshX=1, meshY=1, technology=32nm, global_cycle_seconds=1e-09, version=0.4, action_latency_cycles=1, cycle_seconds=1e-09, n_instances=1).read(global_cycle_seconds=1e-09, action_latency_cycles=1)
2024-10-12 20:57:06 INFO        CactiDRAM estimated 5.12e-10 with accuracy 80%. Messages:
2024-10-12 20:57:06 INFO        | Unused arguments (datawidth, has_power_gating, n_banks, cluster_size, reduction_supported, multiple_buffering, min_utilization, allow_overbooking, meshX, meshY, technology, global_cycle_seconds, version, action_latency_cycles, cycle_seconds, n_instances) provided for ['DRAM', 'dram'].__init__. Arguments used: (type, width)
2024-10-12 20:57:06 INFO        | Unused arguments (global_cycle_seconds, action_latency_cycles) provided for ['DRAM', 'dram'].read. Arguments used: ()
2024-10-12 20:57:06 INFO        
2024-10-12 20:57:06 INFO        ENERGY ESTIMATION for SRAM(width=64, depth=16384, n_rdwr_ports=1, global_cycle_seconds=1e-09, action_latency_cycles=1, cycle_seconds=1e-09, technology=32nm, n_instances=1).write(global_cycle_seconds=1e-09, action_latency_cycles=1, cycle_seconds=1e-09, technology=32nm, n_instances=1)
2024-10-12 20:57:07 INFO        CactiSRAM estimated 1.4109500000000001e-11 with accuracy 80%. Messages:
2024-10-12 20:57:07 INFO        | Unused arguments (n_rdwr_ports, global_cycle_seconds, action_latency_cycles, cycle_seconds, n_instances) provided for ['SRAM', 'sram'].__init__. Arguments used: (width, depth, technology)
2024-10-12 20:57:07 INFO        | Unused arguments (global_cycle_seconds, action_latency_cycles, cycle_seconds, technology, n_instances) provided for ['SRAM', 'sram'].write. Arguments used: ()
2024-10-12 20:57:07 INFO        | Calling CACTI with cache_size=131072 n_rw_ports=1 block_size=8 tech_node_um=0.032 n_banks=1 tag_size=0 associativity=1
2024-10-12 20:57:07 INFO        | Calling CACTI with input path /usr/local/share/accelergy/estimation_plug_ins/accelergy-cacti-plug-in/cacti_inputs_outputs/tmppb645789
2024-10-12 20:57:07 INFO        | CACTI output will be written to /usr/local/share/accelergy/estimation_plug_ins/accelergy-cacti-plug-in/cacti_inputs_outputs/tmpy_brzd2c
2024-10-12 20:57:07 INFO        | CACTI executable not found at /usr/local/share/accelergy/estimation_plug_ins/accelergy-cacti-plug-in/cacti/cacti
2024-10-12 20:57:07 INFO        | Calling: cd /usr/local/share/accelergy/estimation_plug_ins/accelergy-cacti-plug-in ; ./cacti -infile /usr/local/share/accelergy/estimation_plug_ins/accelergy-cacti-plug-in/cacti_inputs_outputs/tmppb645789 >> /usr/local/share/accelergy/estimation_plug_ins/accelergy-cacti-plug-in/cacti_inputs_outputs/tmpy_brzd2c 2>&1
2024-10-12 20:57:07 INFO        | Cache bandwidth: 8.0 bytes/cycle
2024-10-12 20:57:07 INFO        | Cache bandwidth: 49177808513.908104 bits/second
2024-10-12 20:57:07 INFO        
2024-10-12 20:57:07 INFO        ENERGY ESTIMATION for intadder(n_bits=14, precision=14, global_cycle_seconds=1e-09, action_latency_cycles=1, cycle_seconds=1e-09, technology=32nm, n_instances=1).add(global_cycle_seconds=1e-09, action_latency_cycles=1, cycle_seconds=1e-09, technology=32nm, n_instances=1)
2024-10-12 20:57:07 INFO        Neurosim Plug-In estimated 0.028429009999999998p with accuracy 70%. Messages:
2024-10-12 20:57:07 INFO        | WARN: Non-numeric 32nm for parameter technology. Using 32 instead.
2024-10-12 20:57:07 INFO        | Building a crossbar with cell file /usr/local/share/accelergy/estimation_plug_ins/accelergy-neurosim-plugin/cells/placeholder.cell
2024-10-12 20:57:07 INFO        | Neurosim Plugin parsing cell file...
2024-10-12 20:57:07 INFO        | 	Failed to calculate "widthSRAMCellNMOS:". Ignore if this value is not needed.
2024-10-12 20:57:07 INFO        | 		Could not find -SRAMCellNMOSWidth (F): in cell file.
2024-10-12 20:57:07 INFO        | 	Failed to calculate "widthSRAMCellPMOS:". Ignore if this value is not needed.
2024-10-12 20:57:07 INFO        | 		Could not find -SRAMCellPMOSWidth (F): in cell file.
2024-10-12 20:57:07 INFO        | 	Failed to calculate "minSenseVoltage:". Ignore if this value is not needed.
2024-10-12 20:57:07 INFO        | 		Could not find -MinSenseVoltage (mV): in cell file.
2024-10-12 20:57:07 INFO        | 	Failed to calculate "accessTransistorResistance:". Ignore if this value is not needed.
2024-10-12 20:57:07 INFO        | 		Could not find -AccessTransistorResistance (ohm): in cell file.
2024-10-12 20:57:07 INFO        | 	Failed to calculate "WriteVoltage:". Ignore if this value is not needed.
2024-10-12 20:57:07 INFO        | 		Could not find -WriteVoltage (V): in cell file.
2024-10-12 20:57:07 INFO        | 	Failed to calculate "SET_CURRENT". Ignore if this value is not needed.
2024-10-12 20:57:07 INFO        | 		Could not find -SetCurrent (uA): in cell file.
2024-10-12 20:57:07 INFO        | 	Failed to calculate "SET_POWER". Ignore if this value is not needed.
2024-10-12 20:57:07 INFO        | 		Could not find -SetPower (uW): in cell file.
2024-10-12 20:57:07 INFO        | 	Failed to calculate "READ_CURRENT". Ignore if this value is not needed.
2024-10-12 20:57:07 INFO        | 		Could not find -ReadCurrent (uA): in cell file.
2024-10-12 20:57:07 INFO        | 	Failed to calculate "READ_ENERGY". Ignore if this value is not needed.
2024-10-12 20:57:07 INFO        | 		Could not find -ReadEnergy (pJ): in cell file.
2024-10-12 20:57:07 INFO        | 	Failed to calculate "cellCapacitanceMultiplier:". Ignore if this value is not needed.
2024-10-12 20:57:07 INFO        | 		Could not find -CellCapacitanceMultiplier: in cell file.
2024-10-12 20:57:07 INFO        | 	Failed to calculate "cellCapacitanceAdjust:". Ignore if this value is not needed.
2024-10-12 20:57:07 INFO        | 		Could not find -CellCapacitanceAdjust (F): in cell file.
2024-10-12 20:57:07 INFO        | 	Failed to calculate "deviceRoadmap:". Ignore if this value is not needed.
2024-10-12 20:57:07 INFO        | 		Could not find -DeviceRoadmap -1LP 1HP 2LSTP: in cell file.
2024-10-12 20:57:07 INFO        | Running /usr/local/share/accelergy/estimation_plug_ins/accelergy-neurosim-plugin/NeuroSim/main /usr/local/share/accelergy/estimation_plug_ins/accelergy-neurosim-plugin/neurosim_input_28297.cfg
2024-10-12 20:57:07 INFO        | Crossbar minimum latency is 2.344 ns to read 8.0 columns at once.
2024-10-12 20:57:08 INFO        
2024-10-12 20:57:08 INFO        ENERGY ESTIMATION for SRAM(width=64, depth=16384, n_rdwr_ports=1, global_cycle_seconds=1e-09, action_latency_cycles=1, cycle_seconds=1e-09, technology=32nm, n_instances=1).read(global_cycle_seconds=1e-09, action_latency_cycles=1, cycle_seconds=1e-09, technology=32nm, n_instances=1)
2024-10-12 20:57:09 INFO        CactiSRAM estimated 1.81554e-11 with accuracy 80%. Messages:
2024-10-12 20:57:09 INFO        | Unused arguments (n_rdwr_ports, global_cycle_seconds, action_latency_cycles, cycle_seconds, n_instances) provided for ['SRAM', 'sram'].__init__. Arguments used: (width, depth, technology)
2024-10-12 20:57:09 INFO        | Unused arguments (global_cycle_seconds, action_latency_cycles, cycle_seconds, technology, n_instances) provided for ['SRAM', 'sram'].read. Arguments used: ()
2024-10-12 20:57:09 INFO        | Calling CACTI with cache_size=131072 n_rw_ports=1 block_size=8 tech_node_um=0.032 n_banks=1 tag_size=0 associativity=1
2024-10-12 20:57:09 INFO        | Calling CACTI with input path /usr/local/share/accelergy/estimation_plug_ins/accelergy-cacti-plug-in/cacti_inputs_outputs/tmpyokm67_s
2024-10-12 20:57:09 INFO        | CACTI output will be written to /usr/local/share/accelergy/estimation_plug_ins/accelergy-cacti-plug-in/cacti_inputs_outputs/tmpi88ffwm9
2024-10-12 20:57:09 INFO        | CACTI executable not found at /usr/local/share/accelergy/estimation_plug_ins/accelergy-cacti-plug-in/cacti/cacti
2024-10-12 20:57:09 INFO        | Calling: cd /usr/local/share/accelergy/estimation_plug_ins/accelergy-cacti-plug-in ; ./cacti -infile /usr/local/share/accelergy/estimation_plug_ins/accelergy-cacti-plug-in/cacti_inputs_outputs/tmpyokm67_s >> /usr/local/share/accelergy/estimation_plug_ins/accelergy-cacti-plug-in/cacti_inputs_outputs/tmpi88ffwm9 2>&1
2024-10-12 20:57:09 INFO        | Cache bandwidth: 8.0 bytes/cycle
2024-10-12 20:57:09 INFO        | Cache bandwidth: 49177808513.908104 bits/second
2024-10-12 20:57:09 INFO        
2024-10-12 20:57:09 INFO        ENERGY ESTIMATION for intadder(n_bits=14, precision=14, global_cycle_seconds=1e-09, action_latency_cycles=1, cycle_seconds=1e-09, technology=32nm, n_instances=1).add(global_cycle_seconds=1e-09, action_latency_cycles=1, cycle_seconds=1e-09, technology=32nm, n_instances=1)
2024-10-12 20:57:09 INFO        Neurosim Plug-In estimated 0.028429009999999998p with accuracy 70%. Messages:
2024-10-12 20:57:09 INFO        | WARN: Non-numeric 32nm for parameter technology. Using 32 instead.
2024-10-12 20:57:09 INFO        
2024-10-12 20:57:09 INFO        ENERGY ESTIMATION for SRAM(width=64, depth=16384, n_rdwr_ports=1, global_cycle_seconds=1e-09, action_latency_cycles=1, cycle_seconds=1e-09, technology=32nm, n_instances=1).leak(global_cycle_seconds=1e-09, action_latency_cycles=1, cycle_seconds=1e-09, technology=32nm, n_instances=1)
2024-10-12 20:57:11 INFO        CactiSRAM estimated 5.645290000000001e-15 with accuracy 80%. Messages:
2024-10-12 20:57:11 INFO        | Unused arguments (n_rdwr_ports, global_cycle_seconds, action_latency_cycles, cycle_seconds, n_instances) provided for ['SRAM', 'sram'].__init__. Arguments used: (width, depth, technology)
2024-10-12 20:57:11 INFO        | Unused arguments (action_latency_cycles, cycle_seconds, technology, n_instances) provided for ['SRAM', 'sram'].leak. Arguments used: (global_cycle_seconds)
2024-10-12 20:57:11 INFO        | Calling CACTI with cache_size=131072 n_rw_ports=1 block_size=8 tech_node_um=0.032 n_banks=1 tag_size=0 associativity=1
2024-10-12 20:57:11 INFO        | Calling CACTI with input path /usr/local/share/accelergy/estimation_plug_ins/accelergy-cacti-plug-in/cacti_inputs_outputs/tmpu0s4bgj8
2024-10-12 20:57:11 INFO        | CACTI output will be written to /usr/local/share/accelergy/estimation_plug_ins/accelergy-cacti-plug-in/cacti_inputs_outputs/tmpv0id71rr
2024-10-12 20:57:11 INFO        | CACTI executable not found at /usr/local/share/accelergy/estimation_plug_ins/accelergy-cacti-plug-in/cacti/cacti
2024-10-12 20:57:11 INFO        | Calling: cd /usr/local/share/accelergy/estimation_plug_ins/accelergy-cacti-plug-in ; ./cacti -infile /usr/local/share/accelergy/estimation_plug_ins/accelergy-cacti-plug-in/cacti_inputs_outputs/tmpu0s4bgj8 >> /usr/local/share/accelergy/estimation_plug_ins/accelergy-cacti-plug-in/cacti_inputs_outputs/tmpv0id71rr 2>&1
2024-10-12 20:57:11 INFO        | Cache bandwidth: 8.0 bytes/cycle
2024-10-12 20:57:11 INFO        | Cache bandwidth: 49177808513.908104 bits/second
2024-10-12 20:57:11 INFO        | Global cycle time 1e-09 is less than the cache's random cycle time 1.3013999999999999e-09
2024-10-12 20:57:11 INFO        | Multiplying by n_instances 1
2024-10-12 20:57:11 INFO        
2024-10-12 20:57:11 INFO        ENERGY ESTIMATION for intadder(n_bits=14, precision=14, global_cycle_seconds=1e-09, action_latency_cycles=1, cycle_seconds=1e-09, technology=32nm, n_instances=1).leak(global_cycle_seconds=1e-09, action_latency_cycles=1, cycle_seconds=1e-09, technology=32nm, n_instances=1)
2024-10-12 20:57:11 INFO        Neurosim Plug-In estimated 3.124068e-06p with accuracy 70%. Messages:
2024-10-12 20:57:11 INFO        | WARN: Non-numeric 32nm for parameter technology. Using 32 instead.
2024-10-12 20:57:11 INFO        | Multiplying by n_instances 1
2024-10-12 20:57:11 INFO        
2024-10-12 20:57:11 INFO        ENERGY ESTIMATION for SRAM(width=64, depth=16384, n_rdwr_ports=1, global_cycle_seconds=1e-09, action_latency_cycles=1, cycle_seconds=1e-09, technology=32nm, n_instances=1).write(global_cycle_seconds=1e-09, action_latency_cycles=1, cycle_seconds=1e-09, technology=32nm, n_instances=1)
2024-10-12 20:57:12 INFO        CactiSRAM estimated 1.4109500000000001e-11 with accuracy 80%. Messages:
2024-10-12 20:57:12 INFO        | Unused arguments (n_rdwr_ports, global_cycle_seconds, action_latency_cycles, cycle_seconds, n_instances) provided for ['SRAM', 'sram'].__init__. Arguments used: (width, depth, technology)
2024-10-12 20:57:12 INFO        | Unused arguments (global_cycle_seconds, action_latency_cycles, cycle_seconds, technology, n_instances) provided for ['SRAM', 'sram'].write. Arguments used: ()
2024-10-12 20:57:12 INFO        | Calling CACTI with cache_size=131072 n_rw_ports=1 block_size=8 tech_node_um=0.032 n_banks=1 tag_size=0 associativity=1
2024-10-12 20:57:12 INFO        | Calling CACTI with input path /usr/local/share/accelergy/estimation_plug_ins/accelergy-cacti-plug-in/cacti_inputs_outputs/tmp3misc6qz
2024-10-12 20:57:12 INFO        | CACTI output will be written to /usr/local/share/accelergy/estimation_plug_ins/accelergy-cacti-plug-in/cacti_inputs_outputs/tmp21bfnj00
2024-10-12 20:57:12 INFO        | CACTI executable not found at /usr/local/share/accelergy/estimation_plug_ins/accelergy-cacti-plug-in/cacti/cacti
2024-10-12 20:57:12 INFO        | Calling: cd /usr/local/share/accelergy/estimation_plug_ins/accelergy-cacti-plug-in ; ./cacti -infile /usr/local/share/accelergy/estimation_plug_ins/accelergy-cacti-plug-in/cacti_inputs_outputs/tmp3misc6qz >> /usr/local/share/accelergy/estimation_plug_ins/accelergy-cacti-plug-in/cacti_inputs_outputs/tmp21bfnj00 2>&1
2024-10-12 20:57:12 INFO        | Cache bandwidth: 8.0 bytes/cycle
2024-10-12 20:57:12 INFO        | Cache bandwidth: 49177808513.908104 bits/second
2024-10-12 20:57:12 INFO        
2024-10-12 20:57:12 INFO        ENERGY ESTIMATION for intadder(n_bits=14, precision=14, global_cycle_seconds=1e-09, action_latency_cycles=1, cycle_seconds=1e-09, technology=32nm, n_instances=1).add(global_cycle_seconds=1e-09, action_latency_cycles=1, cycle_seconds=1e-09, technology=32nm, n_instances=1)
2024-10-12 20:57:12 INFO        Neurosim Plug-In estimated 0.028429009999999998p with accuracy 70%. Messages:
2024-10-12 20:57:12 INFO        | WARN: Non-numeric 32nm for parameter technology. Using 32 instead.
2024-10-12 20:57:12 INFO        
2024-10-12 20:57:12 INFO        ENERGY ESTIMATION for SRAM(width=32, depth=64, n_rdwr_ports=1, global_cycle_seconds=1e-09, action_latency_cycles=1, cycle_seconds=1e-09, technology=32nm, n_instances=1).write(global_cycle_seconds=1e-09, action_latency_cycles=1, cycle_seconds=1e-09, technology=32nm, n_instances=1)
2024-10-12 20:57:12 INFO        CactiSRAM estimated 5.88474e-13 with accuracy 80%. Messages:
2024-10-12 20:57:12 INFO        | Unused arguments (n_rdwr_ports, global_cycle_seconds, action_latency_cycles, cycle_seconds, n_instances) provided for ['SRAM', 'sram'].__init__. Arguments used: (width, depth, technology)
2024-10-12 20:57:12 INFO        | Unused arguments (global_cycle_seconds, action_latency_cycles, cycle_seconds, technology, n_instances) provided for ['SRAM', 'sram'].write. Arguments used: ()
2024-10-12 20:57:12 INFO        | Calling CACTI with cache_size=256 n_rw_ports=1 block_size=4 tech_node_um=0.032 n_banks=1 tag_size=0 associativity=1
2024-10-12 20:57:12 INFO        | Calling CACTI with input path /usr/local/share/accelergy/estimation_plug_ins/accelergy-cacti-plug-in/cacti_inputs_outputs/tmp252v62n4
2024-10-12 20:57:12 INFO        | CACTI output will be written to /usr/local/share/accelergy/estimation_plug_ins/accelergy-cacti-plug-in/cacti_inputs_outputs/tmp26nezw8y
2024-10-12 20:57:12 INFO        | CACTI executable not found at /usr/local/share/accelergy/estimation_plug_ins/accelergy-cacti-plug-in/cacti/cacti
2024-10-12 20:57:12 INFO        | Calling: cd /usr/local/share/accelergy/estimation_plug_ins/accelergy-cacti-plug-in ; ./cacti -infile /usr/local/share/accelergy/estimation_plug_ins/accelergy-cacti-plug-in/cacti_inputs_outputs/tmp252v62n4 >> /usr/local/share/accelergy/estimation_plug_ins/accelergy-cacti-plug-in/cacti_inputs_outputs/tmp26nezw8y 2>&1
2024-10-12 20:57:12 INFO        | Cache bandwidth: 4.0 bytes/cycle
2024-10-12 20:57:12 INFO        | Cache bandwidth: 85256943112.3047 bits/second
2024-10-12 20:57:12 INFO        
2024-10-12 20:57:12 INFO        ENERGY ESTIMATION for intadder(n_bits=4, precision=4, global_cycle_seconds=1e-09, action_latency_cycles=1, cycle_seconds=1e-09, technology=32nm, n_instances=1).add(global_cycle_seconds=1e-09, action_latency_cycles=1, cycle_seconds=1e-09, technology=32nm, n_instances=1)
2024-10-12 20:57:13 INFO        Neurosim Plug-In estimated 0.008220707p with accuracy 70%. Messages:
2024-10-12 20:57:13 INFO        | WARN: Non-numeric 32nm for parameter technology. Using 32 instead.
2024-10-12 20:57:13 INFO        | Building a crossbar with cell file /usr/local/share/accelergy/estimation_plug_ins/accelergy-neurosim-plugin/cells/placeholder.cell
2024-10-12 20:57:13 INFO        | Neurosim Plugin parsing cell file...
2024-10-12 20:57:13 INFO        | 	Failed to calculate "widthSRAMCellNMOS:". Ignore if this value is not needed.
2024-10-12 20:57:13 INFO        | 		Could not find -SRAMCellNMOSWidth (F): in cell file.
2024-10-12 20:57:13 INFO        | 	Failed to calculate "widthSRAMCellPMOS:". Ignore if this value is not needed.
2024-10-12 20:57:13 INFO        | 		Could not find -SRAMCellPMOSWidth (F): in cell file.
2024-10-12 20:57:13 INFO        | 	Failed to calculate "minSenseVoltage:". Ignore if this value is not needed.
2024-10-12 20:57:13 INFO        | 		Could not find -MinSenseVoltage (mV): in cell file.
2024-10-12 20:57:13 INFO        | 	Failed to calculate "accessTransistorResistance:". Ignore if this value is not needed.
2024-10-12 20:57:13 INFO        | 		Could not find -AccessTransistorResistance (ohm): in cell file.
2024-10-12 20:57:13 INFO        | 	Failed to calculate "WriteVoltage:". Ignore if this value is not needed.
2024-10-12 20:57:13 INFO        | 		Could not find -WriteVoltage (V): in cell file.
2024-10-12 20:57:13 INFO        | 	Failed to calculate "SET_CURRENT". Ignore if this value is not needed.
2024-10-12 20:57:13 INFO        | 		Could not find -SetCurrent (uA): in cell file.
2024-10-12 20:57:13 INFO        | 	Failed to calculate "SET_POWER". Ignore if this value is not needed.
2024-10-12 20:57:13 INFO        | 		Could not find -SetPower (uW): in cell file.
2024-10-12 20:57:13 INFO        | 	Failed to calculate "READ_CURRENT". Ignore if this value is not needed.
2024-10-12 20:57:13 INFO        | 		Could not find -ReadCurrent (uA): in cell file.
2024-10-12 20:57:13 INFO        | 	Failed to calculate "READ_ENERGY". Ignore if this value is not needed.
2024-10-12 20:57:13 INFO        | 		Could not find -ReadEnergy (pJ): in cell file.
2024-10-12 20:57:13 INFO        | 	Failed to calculate "cellCapacitanceMultiplier:". Ignore if this value is not needed.
2024-10-12 20:57:13 INFO        | 		Could not find -CellCapacitanceMultiplier: in cell file.
2024-10-12 20:57:13 INFO        | 	Failed to calculate "cellCapacitanceAdjust:". Ignore if this value is not needed.
2024-10-12 20:57:13 INFO        | 		Could not find -CellCapacitanceAdjust (F): in cell file.
2024-10-12 20:57:13 INFO        | 	Failed to calculate "deviceRoadmap:". Ignore if this value is not needed.
2024-10-12 20:57:13 INFO        | 		Could not find -DeviceRoadmap -1LP 1HP 2LSTP: in cell file.
2024-10-12 20:57:13 INFO        | Running /usr/local/share/accelergy/estimation_plug_ins/accelergy-neurosim-plugin/NeuroSim/main /usr/local/share/accelergy/estimation_plug_ins/accelergy-neurosim-plugin/neurosim_input_28297.cfg
2024-10-12 20:57:13 INFO        | Crossbar minimum latency is 2.344 ns to read 8.0 columns at once.
2024-10-12 20:57:13 INFO        
2024-10-12 20:57:13 INFO        ENERGY ESTIMATION for SRAM(width=32, depth=64, n_rdwr_ports=1, global_cycle_seconds=1e-09, action_latency_cycles=1, cycle_seconds=1e-09, technology=32nm, n_instances=1).read(global_cycle_seconds=1e-09, action_latency_cycles=1, cycle_seconds=1e-09, technology=32nm, n_instances=1)
2024-10-12 20:57:13 INFO        CactiSRAM estimated 3.5030100000000005e-13 with accuracy 80%. Messages:
2024-10-12 20:57:13 INFO        | Unused arguments (n_rdwr_ports, global_cycle_seconds, action_latency_cycles, cycle_seconds, n_instances) provided for ['SRAM', 'sram'].__init__. Arguments used: (width, depth, technology)
2024-10-12 20:57:13 INFO        | Unused arguments (global_cycle_seconds, action_latency_cycles, cycle_seconds, technology, n_instances) provided for ['SRAM', 'sram'].read. Arguments used: ()
2024-10-12 20:57:13 INFO        | Calling CACTI with cache_size=256 n_rw_ports=1 block_size=4 tech_node_um=0.032 n_banks=1 tag_size=0 associativity=1
2024-10-12 20:57:13 INFO        | Calling CACTI with input path /usr/local/share/accelergy/estimation_plug_ins/accelergy-cacti-plug-in/cacti_inputs_outputs/tmpy22k6o3l
2024-10-12 20:57:13 INFO        | CACTI output will be written to /usr/local/share/accelergy/estimation_plug_ins/accelergy-cacti-plug-in/cacti_inputs_outputs/tmp5w0k7hrm
2024-10-12 20:57:13 INFO        | CACTI executable not found at /usr/local/share/accelergy/estimation_plug_ins/accelergy-cacti-plug-in/cacti/cacti
2024-10-12 20:57:13 INFO        | Calling: cd /usr/local/share/accelergy/estimation_plug_ins/accelergy-cacti-plug-in ; ./cacti -infile /usr/local/share/accelergy/estimation_plug_ins/accelergy-cacti-plug-in/cacti_inputs_outputs/tmpy22k6o3l >> /usr/local/share/accelergy/estimation_plug_ins/accelergy-cacti-plug-in/cacti_inputs_outputs/tmp5w0k7hrm 2>&1
2024-10-12 20:57:13 INFO        | Cache bandwidth: 4.0 bytes/cycle
2024-10-12 20:57:13 INFO        | Cache bandwidth: 85256943112.3047 bits/second
2024-10-12 20:57:13 INFO        
2024-10-12 20:57:13 INFO        ENERGY ESTIMATION for intadder(n_bits=4, precision=4, global_cycle_seconds=1e-09, action_latency_cycles=1, cycle_seconds=1e-09, technology=32nm, n_instances=1).add(global_cycle_seconds=1e-09, action_latency_cycles=1, cycle_seconds=1e-09, technology=32nm, n_instances=1)
2024-10-12 20:57:13 INFO        Neurosim Plug-In estimated 0.008220707p with accuracy 70%. Messages:
2024-10-12 20:57:13 INFO        | WARN: Non-numeric 32nm for parameter technology. Using 32 instead.
2024-10-12 20:57:13 INFO        
2024-10-12 20:57:13 INFO        ENERGY ESTIMATION for SRAM(width=32, depth=64, n_rdwr_ports=1, global_cycle_seconds=1e-09, action_latency_cycles=1, cycle_seconds=1e-09, technology=32nm, n_instances=1).leak(global_cycle_seconds=1e-09, action_latency_cycles=1, cycle_seconds=1e-09, technology=32nm, n_instances=1)
2024-10-12 20:57:13 INFO        CactiSRAM estimated 2.2557900000000002e-17 with accuracy 80%. Messages:
2024-10-12 20:57:13 INFO        | Unused arguments (n_rdwr_ports, global_cycle_seconds, action_latency_cycles, cycle_seconds, n_instances) provided for ['SRAM', 'sram'].__init__. Arguments used: (width, depth, technology)
2024-10-12 20:57:13 INFO        | Unused arguments (action_latency_cycles, cycle_seconds, technology, n_instances) provided for ['SRAM', 'sram'].leak. Arguments used: (global_cycle_seconds)
2024-10-12 20:57:13 INFO        | Calling CACTI with cache_size=256 n_rw_ports=1 block_size=4 tech_node_um=0.032 n_banks=1 tag_size=0 associativity=1
2024-10-12 20:57:13 INFO        | Calling CACTI with input path /usr/local/share/accelergy/estimation_plug_ins/accelergy-cacti-plug-in/cacti_inputs_outputs/tmpmuwzzhx2
2024-10-12 20:57:13 INFO        | CACTI output will be written to /usr/local/share/accelergy/estimation_plug_ins/accelergy-cacti-plug-in/cacti_inputs_outputs/tmp63f6g0at
2024-10-12 20:57:13 INFO        | CACTI executable not found at /usr/local/share/accelergy/estimation_plug_ins/accelergy-cacti-plug-in/cacti/cacti
2024-10-12 20:57:13 INFO        | Calling: cd /usr/local/share/accelergy/estimation_plug_ins/accelergy-cacti-plug-in ; ./cacti -infile /usr/local/share/accelergy/estimation_plug_ins/accelergy-cacti-plug-in/cacti_inputs_outputs/tmpmuwzzhx2 >> /usr/local/share/accelergy/estimation_plug_ins/accelergy-cacti-plug-in/cacti_inputs_outputs/tmp63f6g0at 2>&1
2024-10-12 20:57:13 INFO        | Cache bandwidth: 4.0 bytes/cycle
2024-10-12 20:57:13 INFO        | Cache bandwidth: 85256943112.3047 bits/second
2024-10-12 20:57:13 INFO        | Multiplying by n_instances 1
2024-10-12 20:57:13 INFO        
2024-10-12 20:57:13 INFO        ENERGY ESTIMATION for intadder(n_bits=4, precision=4, global_cycle_seconds=1e-09, action_latency_cycles=1, cycle_seconds=1e-09, technology=32nm, n_instances=1).leak(global_cycle_seconds=1e-09, action_latency_cycles=1, cycle_seconds=1e-09, technology=32nm, n_instances=1)
2024-10-12 20:57:13 INFO        Neurosim Plug-In estimated 8.925909999999997e-07p with accuracy 70%. Messages:
2024-10-12 20:57:13 INFO        | WARN: Non-numeric 32nm for parameter technology. Using 32 instead.
2024-10-12 20:57:13 INFO        | Multiplying by n_instances 1
2024-10-12 20:57:13 INFO        
2024-10-12 20:57:13 INFO        ENERGY ESTIMATION for SRAM(width=32, depth=64, n_rdwr_ports=1, global_cycle_seconds=1e-09, action_latency_cycles=1, cycle_seconds=1e-09, technology=32nm, n_instances=1).write(global_cycle_seconds=1e-09, action_latency_cycles=1, cycle_seconds=1e-09, technology=32nm, n_instances=1)
2024-10-12 20:57:13 INFO        CactiSRAM estimated 5.88474e-13 with accuracy 80%. Messages:
2024-10-12 20:57:13 INFO        | Unused arguments (n_rdwr_ports, global_cycle_seconds, action_latency_cycles, cycle_seconds, n_instances) provided for ['SRAM', 'sram'].__init__. Arguments used: (width, depth, technology)
2024-10-12 20:57:13 INFO        | Unused arguments (global_cycle_seconds, action_latency_cycles, cycle_seconds, technology, n_instances) provided for ['SRAM', 'sram'].write. Arguments used: ()
2024-10-12 20:57:13 INFO        | Calling CACTI with cache_size=256 n_rw_ports=1 block_size=4 tech_node_um=0.032 n_banks=1 tag_size=0 associativity=1
2024-10-12 20:57:13 INFO        | Calling CACTI with input path /usr/local/share/accelergy/estimation_plug_ins/accelergy-cacti-plug-in/cacti_inputs_outputs/tmp4kobl15q
2024-10-12 20:57:13 INFO        | CACTI output will be written to /usr/local/share/accelergy/estimation_plug_ins/accelergy-cacti-plug-in/cacti_inputs_outputs/tmph8ozso06
2024-10-12 20:57:13 INFO        | CACTI executable not found at /usr/local/share/accelergy/estimation_plug_ins/accelergy-cacti-plug-in/cacti/cacti
2024-10-12 20:57:13 INFO        | Calling: cd /usr/local/share/accelergy/estimation_plug_ins/accelergy-cacti-plug-in ; ./cacti -infile /usr/local/share/accelergy/estimation_plug_ins/accelergy-cacti-plug-in/cacti_inputs_outputs/tmp4kobl15q >> /usr/local/share/accelergy/estimation_plug_ins/accelergy-cacti-plug-in/cacti_inputs_outputs/tmph8ozso06 2>&1
2024-10-12 20:57:13 INFO        | Cache bandwidth: 4.0 bytes/cycle
2024-10-12 20:57:13 INFO        | Cache bandwidth: 85256943112.3047 bits/second
2024-10-12 20:57:13 INFO        
2024-10-12 20:57:13 INFO        ENERGY ESTIMATION for intadder(n_bits=4, precision=4, global_cycle_seconds=1e-09, action_latency_cycles=1, cycle_seconds=1e-09, technology=32nm, n_instances=1).add(global_cycle_seconds=1e-09, action_latency_cycles=1, cycle_seconds=1e-09, technology=32nm, n_instances=1)
2024-10-12 20:57:13 INFO        Neurosim Plug-In estimated 0.008220707p with accuracy 70%. Messages:
2024-10-12 20:57:13 INFO        | WARN: Non-numeric 32nm for parameter technology. Using 32 instead.
2024-10-12 20:57:13 INFO        
2024-10-12 20:57:13 INFO        ENERGY ESTIMATION for SRAM(width=32, depth=192, n_rdwr_ports=1, global_cycle_seconds=1e-09, action_latency_cycles=1, cycle_seconds=1e-09, technology=32nm, n_instances=1).write(global_cycle_seconds=1e-09, action_latency_cycles=1, cycle_seconds=1e-09, technology=32nm, n_instances=1)
2024-10-12 20:57:13 INFO        CactiSRAM estimated 9.074310000000001e-13 with accuracy 80%. Messages:
2024-10-12 20:57:13 INFO        | Unused arguments (n_rdwr_ports, global_cycle_seconds, action_latency_cycles, cycle_seconds, n_instances) provided for ['SRAM', 'sram'].__init__. Arguments used: (width, depth, technology)
2024-10-12 20:57:13 INFO        | Unused arguments (global_cycle_seconds, action_latency_cycles, cycle_seconds, technology, n_instances) provided for ['SRAM', 'sram'].write. Arguments used: ()
2024-10-12 20:57:13 INFO        | Calling CACTI with cache_size=768 n_rw_ports=1 block_size=4 tech_node_um=0.032 n_banks=1 tag_size=0 associativity=1
2024-10-12 20:57:13 INFO        | Calling CACTI with input path /usr/local/share/accelergy/estimation_plug_ins/accelergy-cacti-plug-in/cacti_inputs_outputs/tmp_0kb68v_
2024-10-12 20:57:13 INFO        | CACTI output will be written to /usr/local/share/accelergy/estimation_plug_ins/accelergy-cacti-plug-in/cacti_inputs_outputs/tmpn6mp6mc_
2024-10-12 20:57:13 INFO        | CACTI executable not found at /usr/local/share/accelergy/estimation_plug_ins/accelergy-cacti-plug-in/cacti/cacti
2024-10-12 20:57:13 INFO        | Calling: cd /usr/local/share/accelergy/estimation_plug_ins/accelergy-cacti-plug-in ; ./cacti -infile /usr/local/share/accelergy/estimation_plug_ins/accelergy-cacti-plug-in/cacti_inputs_outputs/tmp_0kb68v_ >> /usr/local/share/accelergy/estimation_plug_ins/accelergy-cacti-plug-in/cacti_inputs_outputs/tmpn6mp6mc_ 2>&1
2024-10-12 20:57:13 INFO        | Cache bandwidth: 4.0 bytes/cycle
2024-10-12 20:57:13 INFO        | Cache bandwidth: 69384215091.06677 bits/second
2024-10-12 20:57:13 INFO        
2024-10-12 20:57:13 INFO        ENERGY ESTIMATION for intadder(n_bits=8, precision=8, global_cycle_seconds=1e-09, action_latency_cycles=1, cycle_seconds=1e-09, technology=32nm, n_instances=1).add(global_cycle_seconds=1e-09, action_latency_cycles=1, cycle_seconds=1e-09, technology=32nm, n_instances=1)
2024-10-12 20:57:13 INFO        Neurosim Plug-In estimated 0.016304029999999997p with accuracy 70%. Messages:
2024-10-12 20:57:13 INFO        | WARN: Non-numeric 32nm for parameter technology. Using 32 instead.
2024-10-12 20:57:13 INFO        | Building a crossbar with cell file /usr/local/share/accelergy/estimation_plug_ins/accelergy-neurosim-plugin/cells/placeholder.cell
2024-10-12 20:57:13 INFO        | Neurosim Plugin parsing cell file...
2024-10-12 20:57:13 INFO        | 	Failed to calculate "widthSRAMCellNMOS:". Ignore if this value is not needed.
2024-10-12 20:57:13 INFO        | 		Could not find -SRAMCellNMOSWidth (F): in cell file.
2024-10-12 20:57:13 INFO        | 	Failed to calculate "widthSRAMCellPMOS:". Ignore if this value is not needed.
2024-10-12 20:57:13 INFO        | 		Could not find -SRAMCellPMOSWidth (F): in cell file.
2024-10-12 20:57:13 INFO        | 	Failed to calculate "minSenseVoltage:". Ignore if this value is not needed.
2024-10-12 20:57:13 INFO        | 		Could not find -MinSenseVoltage (mV): in cell file.
2024-10-12 20:57:13 INFO        | 	Failed to calculate "accessTransistorResistance:". Ignore if this value is not needed.
2024-10-12 20:57:13 INFO        | 		Could not find -AccessTransistorResistance (ohm): in cell file.
2024-10-12 20:57:13 INFO        | 	Failed to calculate "WriteVoltage:". Ignore if this value is not needed.
2024-10-12 20:57:13 INFO        | 		Could not find -WriteVoltage (V): in cell file.
2024-10-12 20:57:13 INFO        | 	Failed to calculate "SET_CURRENT". Ignore if this value is not needed.
2024-10-12 20:57:13 INFO        | 		Could not find -SetCurrent (uA): in cell file.
2024-10-12 20:57:13 INFO        | 	Failed to calculate "SET_POWER". Ignore if this value is not needed.
2024-10-12 20:57:13 INFO        | 		Could not find -SetPower (uW): in cell file.
2024-10-12 20:57:13 INFO        | 	Failed to calculate "READ_CURRENT". Ignore if this value is not needed.
2024-10-12 20:57:13 INFO        | 		Could not find -ReadCurrent (uA): in cell file.
2024-10-12 20:57:13 INFO        | 	Failed to calculate "READ_ENERGY". Ignore if this value is not needed.
2024-10-12 20:57:13 INFO        | 		Could not find -ReadEnergy (pJ): in cell file.
2024-10-12 20:57:13 INFO        | 	Failed to calculate "cellCapacitanceMultiplier:". Ignore if this value is not needed.
2024-10-12 20:57:13 INFO        | 		Could not find -CellCapacitanceMultiplier: in cell file.
2024-10-12 20:57:13 INFO        | 	Failed to calculate "cellCapacitanceAdjust:". Ignore if this value is not needed.
2024-10-12 20:57:13 INFO        | 		Could not find -CellCapacitanceAdjust (F): in cell file.
2024-10-12 20:57:13 INFO        | 	Failed to calculate "deviceRoadmap:". Ignore if this value is not needed.
2024-10-12 20:57:13 INFO        | 		Could not find -DeviceRoadmap -1LP 1HP 2LSTP: in cell file.
2024-10-12 20:57:13 INFO        | Running /usr/local/share/accelergy/estimation_plug_ins/accelergy-neurosim-plugin/NeuroSim/main /usr/local/share/accelergy/estimation_plug_ins/accelergy-neurosim-plugin/neurosim_input_28297.cfg
2024-10-12 20:57:13 INFO        | Crossbar minimum latency is 2.344 ns to read 8.0 columns at once.
2024-10-12 20:57:13 INFO        
2024-10-12 20:57:13 INFO        ENERGY ESTIMATION for SRAM(width=32, depth=192, n_rdwr_ports=1, global_cycle_seconds=1e-09, action_latency_cycles=1, cycle_seconds=1e-09, technology=32nm, n_instances=1).read(global_cycle_seconds=1e-09, action_latency_cycles=1, cycle_seconds=1e-09, technology=32nm, n_instances=1)
2024-10-12 20:57:13 INFO        CactiSRAM estimated 6.16851e-13 with accuracy 80%. Messages:
2024-10-12 20:57:13 INFO        | Unused arguments (n_rdwr_ports, global_cycle_seconds, action_latency_cycles, cycle_seconds, n_instances) provided for ['SRAM', 'sram'].__init__. Arguments used: (width, depth, technology)
2024-10-12 20:57:13 INFO        | Unused arguments (global_cycle_seconds, action_latency_cycles, cycle_seconds, technology, n_instances) provided for ['SRAM', 'sram'].read. Arguments used: ()
2024-10-12 20:57:13 INFO        | Calling CACTI with cache_size=768 n_rw_ports=1 block_size=4 tech_node_um=0.032 n_banks=1 tag_size=0 associativity=1
2024-10-12 20:57:13 INFO        | Calling CACTI with input path /usr/local/share/accelergy/estimation_plug_ins/accelergy-cacti-plug-in/cacti_inputs_outputs/tmpfcevjobn
2024-10-12 20:57:13 INFO        | CACTI output will be written to /usr/local/share/accelergy/estimation_plug_ins/accelergy-cacti-plug-in/cacti_inputs_outputs/tmp1331k9at
2024-10-12 20:57:13 INFO        | CACTI executable not found at /usr/local/share/accelergy/estimation_plug_ins/accelergy-cacti-plug-in/cacti/cacti
2024-10-12 20:57:13 INFO        | Calling: cd /usr/local/share/accelergy/estimation_plug_ins/accelergy-cacti-plug-in ; ./cacti -infile /usr/local/share/accelergy/estimation_plug_ins/accelergy-cacti-plug-in/cacti_inputs_outputs/tmpfcevjobn >> /usr/local/share/accelergy/estimation_plug_ins/accelergy-cacti-plug-in/cacti_inputs_outputs/tmp1331k9at 2>&1
2024-10-12 20:57:13 INFO        | Cache bandwidth: 4.0 bytes/cycle
2024-10-12 20:57:13 INFO        | Cache bandwidth: 69384215091.06677 bits/second
2024-10-12 20:57:13 INFO        
2024-10-12 20:57:13 INFO        ENERGY ESTIMATION for intadder(n_bits=8, precision=8, global_cycle_seconds=1e-09, action_latency_cycles=1, cycle_seconds=1e-09, technology=32nm, n_instances=1).add(global_cycle_seconds=1e-09, action_latency_cycles=1, cycle_seconds=1e-09, technology=32nm, n_instances=1)
2024-10-12 20:57:13 INFO        Neurosim Plug-In estimated 0.016304029999999997p with accuracy 70%. Messages:
2024-10-12 20:57:13 INFO        | WARN: Non-numeric 32nm for parameter technology. Using 32 instead.
2024-10-12 20:57:13 INFO        
2024-10-12 20:57:13 INFO        ENERGY ESTIMATION for SRAM(width=32, depth=192, n_rdwr_ports=1, global_cycle_seconds=1e-09, action_latency_cycles=1, cycle_seconds=1e-09, technology=32nm, n_instances=1).leak(global_cycle_seconds=1e-09, action_latency_cycles=1, cycle_seconds=1e-09, technology=32nm, n_instances=1)
2024-10-12 20:57:14 INFO        CactiSRAM estimated 4.8105e-17 with accuracy 80%. Messages:
2024-10-12 20:57:14 INFO        | Unused arguments (n_rdwr_ports, global_cycle_seconds, action_latency_cycles, cycle_seconds, n_instances) provided for ['SRAM', 'sram'].__init__. Arguments used: (width, depth, technology)
2024-10-12 20:57:14 INFO        | Unused arguments (action_latency_cycles, cycle_seconds, technology, n_instances) provided for ['SRAM', 'sram'].leak. Arguments used: (global_cycle_seconds)
2024-10-12 20:57:14 INFO        | Calling CACTI with cache_size=768 n_rw_ports=1 block_size=4 tech_node_um=0.032 n_banks=1 tag_size=0 associativity=1
2024-10-12 20:57:14 INFO        | Calling CACTI with input path /usr/local/share/accelergy/estimation_plug_ins/accelergy-cacti-plug-in/cacti_inputs_outputs/tmpt2tikmfk
2024-10-12 20:57:14 INFO        | CACTI output will be written to /usr/local/share/accelergy/estimation_plug_ins/accelergy-cacti-plug-in/cacti_inputs_outputs/tmpz4q_3lho
2024-10-12 20:57:14 INFO        | CACTI executable not found at /usr/local/share/accelergy/estimation_plug_ins/accelergy-cacti-plug-in/cacti/cacti
2024-10-12 20:57:14 INFO        | Calling: cd /usr/local/share/accelergy/estimation_plug_ins/accelergy-cacti-plug-in ; ./cacti -infile /usr/local/share/accelergy/estimation_plug_ins/accelergy-cacti-plug-in/cacti_inputs_outputs/tmpt2tikmfk >> /usr/local/share/accelergy/estimation_plug_ins/accelergy-cacti-plug-in/cacti_inputs_outputs/tmpz4q_3lho 2>&1
2024-10-12 20:57:14 INFO        | Cache bandwidth: 4.0 bytes/cycle
2024-10-12 20:57:14 INFO        | Cache bandwidth: 69384215091.06677 bits/second
2024-10-12 20:57:14 INFO        | Multiplying by n_instances 1
2024-10-12 20:57:14 INFO        
2024-10-12 20:57:14 INFO        ENERGY ESTIMATION for intadder(n_bits=8, precision=8, global_cycle_seconds=1e-09, action_latency_cycles=1, cycle_seconds=1e-09, technology=32nm, n_instances=1).leak(global_cycle_seconds=1e-09, action_latency_cycles=1, cycle_seconds=1e-09, technology=32nm, n_instances=1)
2024-10-12 20:57:14 INFO        Neurosim Plug-In estimated 1.7851820000000002e-06p with accuracy 70%. Messages:
2024-10-12 20:57:14 INFO        | WARN: Non-numeric 32nm for parameter technology. Using 32 instead.
2024-10-12 20:57:14 INFO        | Multiplying by n_instances 1
2024-10-12 20:57:14 INFO        
2024-10-12 20:57:14 INFO        ENERGY ESTIMATION for SRAM(width=32, depth=192, n_rdwr_ports=1, global_cycle_seconds=1e-09, action_latency_cycles=1, cycle_seconds=1e-09, technology=32nm, n_instances=1).write(global_cycle_seconds=1e-09, action_latency_cycles=1, cycle_seconds=1e-09, technology=32nm, n_instances=1)
2024-10-12 20:57:14 INFO        CactiSRAM estimated 9.074310000000001e-13 with accuracy 80%. Messages:
2024-10-12 20:57:14 INFO        | Unused arguments (n_rdwr_ports, global_cycle_seconds, action_latency_cycles, cycle_seconds, n_instances) provided for ['SRAM', 'sram'].__init__. Arguments used: (width, depth, technology)
2024-10-12 20:57:14 INFO        | Unused arguments (global_cycle_seconds, action_latency_cycles, cycle_seconds, technology, n_instances) provided for ['SRAM', 'sram'].write. Arguments used: ()
2024-10-12 20:57:14 INFO        | Calling CACTI with cache_size=768 n_rw_ports=1 block_size=4 tech_node_um=0.032 n_banks=1 tag_size=0 associativity=1
2024-10-12 20:57:14 INFO        | Calling CACTI with input path /usr/local/share/accelergy/estimation_plug_ins/accelergy-cacti-plug-in/cacti_inputs_outputs/tmp572u8wvl
2024-10-12 20:57:14 INFO        | CACTI output will be written to /usr/local/share/accelergy/estimation_plug_ins/accelergy-cacti-plug-in/cacti_inputs_outputs/tmpmhale87g
2024-10-12 20:57:14 INFO        | CACTI executable not found at /usr/local/share/accelergy/estimation_plug_ins/accelergy-cacti-plug-in/cacti/cacti
2024-10-12 20:57:14 INFO        | Calling: cd /usr/local/share/accelergy/estimation_plug_ins/accelergy-cacti-plug-in ; ./cacti -infile /usr/local/share/accelergy/estimation_plug_ins/accelergy-cacti-plug-in/cacti_inputs_outputs/tmp572u8wvl >> /usr/local/share/accelergy/estimation_plug_ins/accelergy-cacti-plug-in/cacti_inputs_outputs/tmpmhale87g 2>&1
2024-10-12 20:57:14 INFO        | Cache bandwidth: 4.0 bytes/cycle
2024-10-12 20:57:14 INFO        | Cache bandwidth: 69384215091.06677 bits/second
2024-10-12 20:57:14 INFO        
2024-10-12 20:57:14 INFO        ENERGY ESTIMATION for intadder(n_bits=8, precision=8, global_cycle_seconds=1e-09, action_latency_cycles=1, cycle_seconds=1e-09, technology=32nm, n_instances=1).add(global_cycle_seconds=1e-09, action_latency_cycles=1, cycle_seconds=1e-09, technology=32nm, n_instances=1)
2024-10-12 20:57:14 INFO        Neurosim Plug-In estimated 0.016304029999999997p with accuracy 70%. Messages:
2024-10-12 20:57:14 INFO        | WARN: Non-numeric 32nm for parameter technology. Using 32 instead.
2024-10-12 20:57:14 INFO        
2024-10-12 20:57:14 INFO        ENERGY ESTIMATION for SRAM(width=32, depth=64, n_rdwr_ports=1, global_cycle_seconds=1e-09, action_latency_cycles=1, cycle_seconds=1e-09, technology=32nm, n_instances=1).write(global_cycle_seconds=1e-09, action_latency_cycles=1, cycle_seconds=1e-09, technology=32nm, n_instances=1)
2024-10-12 20:57:14 INFO        CactiSRAM estimated 5.88474e-13 with accuracy 80%. Messages:
2024-10-12 20:57:14 INFO        | Unused arguments (n_rdwr_ports, global_cycle_seconds, action_latency_cycles, cycle_seconds, n_instances) provided for ['SRAM', 'sram'].__init__. Arguments used: (width, depth, technology)
2024-10-12 20:57:14 INFO        | Unused arguments (global_cycle_seconds, action_latency_cycles, cycle_seconds, technology, n_instances) provided for ['SRAM', 'sram'].write. Arguments used: ()
2024-10-12 20:57:14 INFO        | Calling CACTI with cache_size=256 n_rw_ports=1 block_size=4 tech_node_um=0.032 n_banks=1 tag_size=0 associativity=1
2024-10-12 20:57:14 INFO        | Calling CACTI with input path /usr/local/share/accelergy/estimation_plug_ins/accelergy-cacti-plug-in/cacti_inputs_outputs/tmpr706l15z
2024-10-12 20:57:14 INFO        | CACTI output will be written to /usr/local/share/accelergy/estimation_plug_ins/accelergy-cacti-plug-in/cacti_inputs_outputs/tmpi7mcvrdz
2024-10-12 20:57:14 INFO        | CACTI executable not found at /usr/local/share/accelergy/estimation_plug_ins/accelergy-cacti-plug-in/cacti/cacti
2024-10-12 20:57:14 INFO        | Calling: cd /usr/local/share/accelergy/estimation_plug_ins/accelergy-cacti-plug-in ; ./cacti -infile /usr/local/share/accelergy/estimation_plug_ins/accelergy-cacti-plug-in/cacti_inputs_outputs/tmpr706l15z >> /usr/local/share/accelergy/estimation_plug_ins/accelergy-cacti-plug-in/cacti_inputs_outputs/tmpi7mcvrdz 2>&1
2024-10-12 20:57:14 INFO        | Cache bandwidth: 4.0 bytes/cycle
2024-10-12 20:57:14 INFO        | Cache bandwidth: 85256943112.3047 bits/second
2024-10-12 20:57:14 INFO        
2024-10-12 20:57:14 INFO        ENERGY ESTIMATION for intadder(n_bits=4, precision=4, global_cycle_seconds=1e-09, action_latency_cycles=1, cycle_seconds=1e-09, technology=32nm, n_instances=1).add(global_cycle_seconds=1e-09, action_latency_cycles=1, cycle_seconds=1e-09, technology=32nm, n_instances=1)
2024-10-12 20:57:14 INFO        Neurosim Plug-In estimated 0.008220707p with accuracy 70%. Messages:
2024-10-12 20:57:14 INFO        | WARN: Non-numeric 32nm for parameter technology. Using 32 instead.
2024-10-12 20:57:14 INFO        
2024-10-12 20:57:14 INFO        ENERGY ESTIMATION for SRAM(width=32, depth=64, n_rdwr_ports=1, global_cycle_seconds=1e-09, action_latency_cycles=1, cycle_seconds=1e-09, technology=32nm, n_instances=1).read(global_cycle_seconds=1e-09, action_latency_cycles=1, cycle_seconds=1e-09, technology=32nm, n_instances=1)
2024-10-12 20:57:14 INFO        CactiSRAM estimated 3.5030100000000005e-13 with accuracy 80%. Messages:
2024-10-12 20:57:14 INFO        | Unused arguments (n_rdwr_ports, global_cycle_seconds, action_latency_cycles, cycle_seconds, n_instances) provided for ['SRAM', 'sram'].__init__. Arguments used: (width, depth, technology)
2024-10-12 20:57:14 INFO        | Unused arguments (global_cycle_seconds, action_latency_cycles, cycle_seconds, technology, n_instances) provided for ['SRAM', 'sram'].read. Arguments used: ()
2024-10-12 20:57:14 INFO        | Calling CACTI with cache_size=256 n_rw_ports=1 block_size=4 tech_node_um=0.032 n_banks=1 tag_size=0 associativity=1
2024-10-12 20:57:14 INFO        | Calling CACTI with input path /usr/local/share/accelergy/estimation_plug_ins/accelergy-cacti-plug-in/cacti_inputs_outputs/tmp8vcmg6if
2024-10-12 20:57:14 INFO        | CACTI output will be written to /usr/local/share/accelergy/estimation_plug_ins/accelergy-cacti-plug-in/cacti_inputs_outputs/tmp5gja8udo
2024-10-12 20:57:14 INFO        | CACTI executable not found at /usr/local/share/accelergy/estimation_plug_ins/accelergy-cacti-plug-in/cacti/cacti
2024-10-12 20:57:14 INFO        | Calling: cd /usr/local/share/accelergy/estimation_plug_ins/accelergy-cacti-plug-in ; ./cacti -infile /usr/local/share/accelergy/estimation_plug_ins/accelergy-cacti-plug-in/cacti_inputs_outputs/tmp8vcmg6if >> /usr/local/share/accelergy/estimation_plug_ins/accelergy-cacti-plug-in/cacti_inputs_outputs/tmp5gja8udo 2>&1
2024-10-12 20:57:14 INFO        | Cache bandwidth: 4.0 bytes/cycle
2024-10-12 20:57:14 INFO        | Cache bandwidth: 85256943112.3047 bits/second
2024-10-12 20:57:14 INFO        
2024-10-12 20:57:14 INFO        ENERGY ESTIMATION for intadder(n_bits=4, precision=4, global_cycle_seconds=1e-09, action_latency_cycles=1, cycle_seconds=1e-09, technology=32nm, n_instances=1).add(global_cycle_seconds=1e-09, action_latency_cycles=1, cycle_seconds=1e-09, technology=32nm, n_instances=1)
2024-10-12 20:57:14 INFO        Neurosim Plug-In estimated 0.008220707p with accuracy 70%. Messages:
2024-10-12 20:57:14 INFO        | WARN: Non-numeric 32nm for parameter technology. Using 32 instead.
2024-10-12 20:57:14 INFO        
2024-10-12 20:57:14 INFO        ENERGY ESTIMATION for SRAM(width=32, depth=64, n_rdwr_ports=1, global_cycle_seconds=1e-09, action_latency_cycles=1, cycle_seconds=1e-09, technology=32nm, n_instances=1).leak(global_cycle_seconds=1e-09, action_latency_cycles=1, cycle_seconds=1e-09, technology=32nm, n_instances=1)
2024-10-12 20:57:14 INFO        CactiSRAM estimated 2.2557900000000002e-17 with accuracy 80%. Messages:
2024-10-12 20:57:14 INFO        | Unused arguments (n_rdwr_ports, global_cycle_seconds, action_latency_cycles, cycle_seconds, n_instances) provided for ['SRAM', 'sram'].__init__. Arguments used: (width, depth, technology)
2024-10-12 20:57:14 INFO        | Unused arguments (action_latency_cycles, cycle_seconds, technology, n_instances) provided for ['SRAM', 'sram'].leak. Arguments used: (global_cycle_seconds)
2024-10-12 20:57:14 INFO        | Calling CACTI with cache_size=256 n_rw_ports=1 block_size=4 tech_node_um=0.032 n_banks=1 tag_size=0 associativity=1
2024-10-12 20:57:14 INFO        | Calling CACTI with input path /usr/local/share/accelergy/estimation_plug_ins/accelergy-cacti-plug-in/cacti_inputs_outputs/tmp58dv17b0
2024-10-12 20:57:14 INFO        | CACTI output will be written to /usr/local/share/accelergy/estimation_plug_ins/accelergy-cacti-plug-in/cacti_inputs_outputs/tmp_sql26_f
2024-10-12 20:57:14 INFO        | CACTI executable not found at /usr/local/share/accelergy/estimation_plug_ins/accelergy-cacti-plug-in/cacti/cacti
2024-10-12 20:57:14 INFO        | Calling: cd /usr/local/share/accelergy/estimation_plug_ins/accelergy-cacti-plug-in ; ./cacti -infile /usr/local/share/accelergy/estimation_plug_ins/accelergy-cacti-plug-in/cacti_inputs_outputs/tmp58dv17b0 >> /usr/local/share/accelergy/estimation_plug_ins/accelergy-cacti-plug-in/cacti_inputs_outputs/tmp_sql26_f 2>&1
2024-10-12 20:57:14 INFO        | Cache bandwidth: 4.0 bytes/cycle
2024-10-12 20:57:14 INFO        | Cache bandwidth: 85256943112.3047 bits/second
2024-10-12 20:57:14 INFO        | Multiplying by n_instances 1
2024-10-12 20:57:14 INFO        
2024-10-12 20:57:14 INFO        ENERGY ESTIMATION for intadder(n_bits=4, precision=4, global_cycle_seconds=1e-09, action_latency_cycles=1, cycle_seconds=1e-09, technology=32nm, n_instances=1).leak(global_cycle_seconds=1e-09, action_latency_cycles=1, cycle_seconds=1e-09, technology=32nm, n_instances=1)
2024-10-12 20:57:14 INFO        Neurosim Plug-In estimated 8.925909999999997e-07p with accuracy 70%. Messages:
2024-10-12 20:57:14 INFO        | WARN: Non-numeric 32nm for parameter technology. Using 32 instead.
2024-10-12 20:57:14 INFO        | Multiplying by n_instances 1
2024-10-12 20:57:14 INFO        
2024-10-12 20:57:14 INFO        ENERGY ESTIMATION for SRAM(width=32, depth=64, n_rdwr_ports=1, global_cycle_seconds=1e-09, action_latency_cycles=1, cycle_seconds=1e-09, technology=32nm, n_instances=1).write(global_cycle_seconds=1e-09, action_latency_cycles=1, cycle_seconds=1e-09, technology=32nm, n_instances=1)
2024-10-12 20:57:14 INFO        CactiSRAM estimated 5.88474e-13 with accuracy 80%. Messages:
2024-10-12 20:57:14 INFO        | Unused arguments (n_rdwr_ports, global_cycle_seconds, action_latency_cycles, cycle_seconds, n_instances) provided for ['SRAM', 'sram'].__init__. Arguments used: (width, depth, technology)
2024-10-12 20:57:14 INFO        | Unused arguments (global_cycle_seconds, action_latency_cycles, cycle_seconds, technology, n_instances) provided for ['SRAM', 'sram'].write. Arguments used: ()
2024-10-12 20:57:14 INFO        | Calling CACTI with cache_size=256 n_rw_ports=1 block_size=4 tech_node_um=0.032 n_banks=1 tag_size=0 associativity=1
2024-10-12 20:57:14 INFO        | Calling CACTI with input path /usr/local/share/accelergy/estimation_plug_ins/accelergy-cacti-plug-in/cacti_inputs_outputs/tmpzryco0rw
2024-10-12 20:57:14 INFO        | CACTI output will be written to /usr/local/share/accelergy/estimation_plug_ins/accelergy-cacti-plug-in/cacti_inputs_outputs/tmpokt7rh9_
2024-10-12 20:57:14 INFO        | CACTI executable not found at /usr/local/share/accelergy/estimation_plug_ins/accelergy-cacti-plug-in/cacti/cacti
2024-10-12 20:57:14 INFO        | Calling: cd /usr/local/share/accelergy/estimation_plug_ins/accelergy-cacti-plug-in ; ./cacti -infile /usr/local/share/accelergy/estimation_plug_ins/accelergy-cacti-plug-in/cacti_inputs_outputs/tmpzryco0rw >> /usr/local/share/accelergy/estimation_plug_ins/accelergy-cacti-plug-in/cacti_inputs_outputs/tmpokt7rh9_ 2>&1
2024-10-12 20:57:14 INFO        | Cache bandwidth: 4.0 bytes/cycle
2024-10-12 20:57:14 INFO        | Cache bandwidth: 85256943112.3047 bits/second
2024-10-12 20:57:14 INFO        
2024-10-12 20:57:14 INFO        ENERGY ESTIMATION for intadder(n_bits=4, precision=4, global_cycle_seconds=1e-09, action_latency_cycles=1, cycle_seconds=1e-09, technology=32nm, n_instances=1).add(global_cycle_seconds=1e-09, action_latency_cycles=1, cycle_seconds=1e-09, technology=32nm, n_instances=1)
2024-10-12 20:57:14 INFO        Neurosim Plug-In estimated 0.008220707p with accuracy 70%. Messages:
2024-10-12 20:57:14 INFO        | WARN: Non-numeric 32nm for parameter technology. Using 32 instead.
2024-10-12 20:57:14 INFO        
2024-10-12 20:57:14 INFO        ENERGY ESTIMATION for aladdin_adder(width=16, global_cycle_seconds=1e-09, action_latency_cycles=1, cycle_seconds=1e-09, technology=32nm, n_instances=1).read(global_cycle_seconds=1e-09, action_latency_cycles=1, cycle_seconds=1e-09, technology=32nm, n_instances=1)
2024-10-12 20:57:14 INFO        Library estimated 0.06923072927188248p with accuracy 90%. Messages:
2024-10-12 20:57:14 INFO        | Found 1 entries for aladdin_adder.read.
2024-10-12 20:57:14 INFO        | Checking entry "{'technology': '45nm', 'global_cycle_seconds': '1e-9', 'width|datawidth': '32', 'energy': '0.21', 'area': '2.78E+02', 'action': 'read', 'name': 'aladdin_adder', 'n_instances': 1}
2024-10-12 20:57:14 INFO        | value=0.21, matching_attrs=2, log=['Scaling width from 32 to 16', 'Scaling global_cycle_seconds from 1e-9 to 1e-09', 'Scaling technology from 45nm to 32nm', 'Scaled aladdin_adder.width from 32.0 to 16.0: 0.5x energy', 'Scaled aladdin_adder.global_cycle_seconds from 1e-09 to 1e-09: 1x energy', 'Scaled aladdin_adder.technology from 45.0 to 32.0: 0.6593402787798331x energy', 'aladdin_adder energy has been scaled 0.32967013938991657x']
2024-10-12 20:57:14 INFO        | Best-matching entry: {'technology': '45nm', 'global_cycle_seconds': '1e-9', 'width|datawidth': '32', 'energy': '0.21', 'area': '2.78E+02', 'action': 'read', 'name': 'aladdin_adder', 'n_instances': 1}
2024-10-12 20:57:14 INFO        | Scaling width from 32 to 16
2024-10-12 20:57:14 INFO        | Scaling global_cycle_seconds from 1e-9 to 1e-09
2024-10-12 20:57:14 INFO        | Scaling technology from 45nm to 32nm
2024-10-12 20:57:14 INFO        | Scaled aladdin_adder.width from 32.0 to 16.0: 0.5x energy
2024-10-12 20:57:14 INFO        | Scaled aladdin_adder.global_cycle_seconds from 1e-09 to 1e-09: 1x energy
2024-10-12 20:57:14 INFO        | Scaled aladdin_adder.technology from 45.0 to 32.0: 0.6593402787798331x energy
2024-10-12 20:57:14 INFO        | aladdin_adder energy has been scaled 0.32967013938991657x
2024-10-12 20:57:14 INFO        
2024-10-12 20:57:14 INFO        ENERGY ESTIMATION for aladdin_adder(width_a=8, width_b=8, global_cycle_seconds=1e-09, action_latency_cycles=1, cycle_seconds=1e-09, technology=32nm, n_instances=1).read(global_cycle_seconds=1e-09, action_latency_cycles=1, cycle_seconds=1e-09, technology=32nm, n_instances=1)
2024-10-12 20:57:14 INFO        Library estimated 0.13846145854376496p with accuracy 90%. Messages:
2024-10-12 20:57:14 INFO        | Found 1 entries for aladdin_adder.read.
2024-10-12 20:57:14 INFO        | Checking entry "{'technology': '45nm', 'global_cycle_seconds': '1e-9', 'width|datawidth': '32', 'energy': '0.21', 'area': '2.78E+02', 'action': 'read', 'name': 'aladdin_adder', 'n_instances': 1}
2024-10-12 20:57:14 INFO        | value=0.21, matching_attrs=2, log=['Scaling global_cycle_seconds from 1e-9 to 1e-09', 'Scaling technology from 45nm to 32nm', 'Scaled aladdin_adder.global_cycle_seconds from 1e-09 to 1e-09: 1x energy', 'Scaled aladdin_adder.technology from 45.0 to 32.0: 0.6593402787798331x energy', 'aladdin_adder energy has been scaled 0.6593402787798331x']
2024-10-12 20:57:14 INFO        | Best-matching entry: {'technology': '45nm', 'global_cycle_seconds': '1e-9', 'width|datawidth': '32', 'energy': '0.21', 'area': '2.78E+02', 'action': 'read', 'name': 'aladdin_adder', 'n_instances': 1}
2024-10-12 20:57:14 INFO        | Scaling global_cycle_seconds from 1e-9 to 1e-09
2024-10-12 20:57:14 INFO        | Scaling technology from 45nm to 32nm
2024-10-12 20:57:14 INFO        | Scaled aladdin_adder.global_cycle_seconds from 1e-09 to 1e-09: 1x energy
2024-10-12 20:57:14 INFO        | Scaled aladdin_adder.technology from 45.0 to 32.0: 0.6593402787798331x energy
2024-10-12 20:57:14 INFO        | aladdin_adder energy has been scaled 0.6593402787798331x
2024-10-12 20:57:14 INFO        
2024-10-12 20:57:14 INFO        ENERGY ESTIMATION for aladdin_adder(width=16, global_cycle_seconds=1e-09, action_latency_cycles=1, cycle_seconds=1e-09, technology=32nm, n_instances=1).leak(global_cycle_seconds=1e-09, action_latency_cycles=1, cycle_seconds=1e-09, technology=32nm, n_instances=1)
2024-10-12 20:57:14 INFO        Library estimated 0.0007912083345357997p with accuracy 90%. Messages:
2024-10-12 20:57:14 INFO        | Found 1 entries for aladdin_adder.leak.
2024-10-12 20:57:14 INFO        | Checking entry "{'technology': '45nm', 'global_cycle_seconds': '1e-9', 'width|datawidth': '32', 'energy': '0.0024', 'area': '2.78E+02', 'action': 'leak', 'name': 'aladdin_adder', 'n_instances': 1}
2024-10-12 20:57:14 INFO        | value=0.0024, matching_attrs=2, log=['Scaling width from 32 to 16', 'Scaling global_cycle_seconds from 1e-9 to 1e-09', 'Scaling technology from 45nm to 32nm', 'Scaled aladdin_adder.width from 32.0 to 16.0: 0.5x leak', 'Scaled aladdin_adder.global_cycle_seconds from 1e-09 to 1e-09: 1.0x leak', 'Scaled aladdin_adder.technology from 45.0 to 32.0: 0.6593402787798331x leak', 'aladdin_adder leak has been scaled 0.32967013938991657x']
2024-10-12 20:57:14 INFO        | Best-matching entry: {'technology': '45nm', 'global_cycle_seconds': '1e-9', 'width|datawidth': '32', 'energy': '0.0024', 'area': '2.78E+02', 'action': 'leak', 'name': 'aladdin_adder', 'n_instances': 1}
2024-10-12 20:57:14 INFO        | Scaling width from 32 to 16
2024-10-12 20:57:14 INFO        | Scaling global_cycle_seconds from 1e-9 to 1e-09
2024-10-12 20:57:14 INFO        | Scaling technology from 45nm to 32nm
2024-10-12 20:57:14 INFO        | Scaled aladdin_adder.width from 32.0 to 16.0: 0.5x leak
2024-10-12 20:57:14 INFO        | Scaled aladdin_adder.global_cycle_seconds from 1e-09 to 1e-09: 1.0x leak
2024-10-12 20:57:14 INFO        | Scaled aladdin_adder.technology from 45.0 to 32.0: 0.6593402787798331x leak
2024-10-12 20:57:14 INFO        | aladdin_adder leak has been scaled 0.32967013938991657x
2024-10-12 20:57:14 INFO        | Multiplying by n_instances 1
2024-10-12 20:57:14 INFO        
2024-10-12 20:57:14 INFO        ENERGY ESTIMATION for aladdin_adder(width_a=8, width_b=8, global_cycle_seconds=1e-09, action_latency_cycles=1, cycle_seconds=1e-09, technology=32nm, n_instances=1).leak(global_cycle_seconds=1e-09, action_latency_cycles=1, cycle_seconds=1e-09, technology=32nm, n_instances=1)
2024-10-12 20:57:14 INFO        Library estimated 0.0015824166690715995p with accuracy 90%. Messages:
2024-10-12 20:57:14 INFO        | Found 1 entries for aladdin_adder.leak.
2024-10-12 20:57:14 INFO        | Checking entry "{'technology': '45nm', 'global_cycle_seconds': '1e-9', 'width|datawidth': '32', 'energy': '0.0024', 'area': '2.78E+02', 'action': 'leak', 'name': 'aladdin_adder', 'n_instances': 1}
2024-10-12 20:57:14 INFO        | value=0.0024, matching_attrs=2, log=['Scaling global_cycle_seconds from 1e-9 to 1e-09', 'Scaling technology from 45nm to 32nm', 'Scaled aladdin_adder.global_cycle_seconds from 1e-09 to 1e-09: 1.0x leak', 'Scaled aladdin_adder.technology from 45.0 to 32.0: 0.6593402787798331x leak', 'aladdin_adder leak has been scaled 0.6593402787798331x']
2024-10-12 20:57:14 INFO        | Best-matching entry: {'technology': '45nm', 'global_cycle_seconds': '1e-9', 'width|datawidth': '32', 'energy': '0.0024', 'area': '2.78E+02', 'action': 'leak', 'name': 'aladdin_adder', 'n_instances': 1}
2024-10-12 20:57:14 INFO        | Scaling global_cycle_seconds from 1e-9 to 1e-09
2024-10-12 20:57:14 INFO        | Scaling technology from 45nm to 32nm
2024-10-12 20:57:14 INFO        | Scaled aladdin_adder.global_cycle_seconds from 1e-09 to 1e-09: 1.0x leak
2024-10-12 20:57:14 INFO        | Scaled aladdin_adder.technology from 45.0 to 32.0: 0.6593402787798331x leak
2024-10-12 20:57:14 INFO        | aladdin_adder leak has been scaled 0.6593402787798331x
2024-10-12 20:57:14 INFO        | Multiplying by n_instances 1
2024-10-12 20:57:14 WARNING     No action counts are specified as yaml input
2024-10-12 20:57:14 INFO        
2024-10-12 20:57:14 INFO        AREA ESTIMATION for DRAM(type=LPDDR4, width=64, datawidth=8, has_power_gating=False, n_banks=2, cluster_size=1, reduction_supported=True, multiple_buffering=1, min_utilization=0, allow_overbooking=False, meshX=1, meshY=1, technology=32nm, global_cycle_seconds=1e-09, version=0.4, action_latency_cycles=1, cycle_seconds=1e-09, n_instances=1)
2024-10-12 20:57:14 INFO        CactiDRAM estimated 0 with accuracy 80%. Messages:
2024-10-12 20:57:14 INFO        | Unused arguments (datawidth, has_power_gating, n_banks, cluster_size, reduction_supported, multiple_buffering, min_utilization, allow_overbooking, meshX, meshY, technology, global_cycle_seconds, version, action_latency_cycles, cycle_seconds, n_instances) provided for ['DRAM', 'dram'].__init__. Arguments used: (type, width)
2024-10-12 20:57:14 INFO        | Multiplying by n_instances 1
2024-10-12 20:57:14 INFO        
2024-10-12 20:57:14 INFO        AREA ESTIMATION for dummy_storage(width=1, depth=1, datawidth=1, technology=-1, has_power_gating=False, n_banks=2, cluster_size=1, reduction_supported=True, multiple_buffering=1, min_utilization=0, allow_overbooking=False, meshX=1, meshY=1, global_cycle_seconds=1e-09, version=0.4, action_latency_cycles=1, cycle_seconds=1e-09, n_instances=1)
2024-10-12 20:57:14 INFO        dummy estimated 1u^2 with accuracy 100%. Messages:
2024-10-12 20:57:14 INFO        | Multiplying by n_instances 1
2024-10-12 20:57:14 INFO        
2024-10-12 20:57:14 INFO        AREA ESTIMATION for dummy_storage(width=1, depth=1, datawidth=1, technology=-1, has_power_gating=False, n_banks=2, cluster_size=1, reduction_supported=True, multiple_buffering=1, min_utilization=0, allow_overbooking=False, meshX=30, meshY=1, global_cycle_seconds=1e-09, version=0.4, action_latency_cycles=1, cycle_seconds=1e-09, n_instances=1)
2024-10-12 20:57:14 INFO        dummy estimated 1u^2 with accuracy 100%. Messages:
2024-10-12 20:57:14 INFO        | Multiplying by n_instances 1
2024-10-12 20:57:14 INFO        
2024-10-12 20:57:14 INFO        AREA ESTIMATION for SRAM(width=64, depth=16384, n_rdwr_ports=1, global_cycle_seconds=1e-09, action_latency_cycles=1, cycle_seconds=1e-09, technology=32nm, n_instances=1)
2024-10-12 20:57:16 INFO        CactiSRAM estimated 2.17281e-07 with accuracy 80%. Messages:
2024-10-12 20:57:16 INFO        | Unused arguments (n_rdwr_ports, global_cycle_seconds, action_latency_cycles, cycle_seconds, n_instances) provided for ['SRAM', 'sram'].__init__. Arguments used: (width, depth, technology)
2024-10-12 20:57:16 INFO        | Calling CACTI with cache_size=131072 n_rw_ports=1 block_size=8 tech_node_um=0.032 n_banks=1 tag_size=0 associativity=1
2024-10-12 20:57:16 INFO        | Calling CACTI with input path /usr/local/share/accelergy/estimation_plug_ins/accelergy-cacti-plug-in/cacti_inputs_outputs/tmp4k1i_u_0
2024-10-12 20:57:16 INFO        | CACTI output will be written to /usr/local/share/accelergy/estimation_plug_ins/accelergy-cacti-plug-in/cacti_inputs_outputs/tmpedi_yjlp
2024-10-12 20:57:16 INFO        | CACTI executable not found at /usr/local/share/accelergy/estimation_plug_ins/accelergy-cacti-plug-in/cacti/cacti
2024-10-12 20:57:16 INFO        | Calling: cd /usr/local/share/accelergy/estimation_plug_ins/accelergy-cacti-plug-in ; ./cacti -infile /usr/local/share/accelergy/estimation_plug_ins/accelergy-cacti-plug-in/cacti_inputs_outputs/tmp4k1i_u_0 >> /usr/local/share/accelergy/estimation_plug_ins/accelergy-cacti-plug-in/cacti_inputs_outputs/tmpedi_yjlp 2>&1
2024-10-12 20:57:16 INFO        | Cache bandwidth: 8.0 bytes/cycle
2024-10-12 20:57:16 INFO        | Cache bandwidth: 49177808513.908104 bits/second
2024-10-12 20:57:16 INFO        | Multiplying by n_instances 1
2024-10-12 20:57:16 INFO        
2024-10-12 20:57:16 INFO        AREA ESTIMATION for intadder(n_bits=14, precision=14, global_cycle_seconds=1e-09, action_latency_cycles=1, cycle_seconds=1e-09, technology=32nm, n_instances=1)
2024-10-12 20:57:16 INFO        Neurosim Plug-In estimated 41.18446u^2 with accuracy 70%. Messages:
2024-10-12 20:57:16 INFO        | WARN: Non-numeric 32nm for parameter technology. Using 32 instead.
2024-10-12 20:57:16 INFO        | Multiplying by n_instances 1
2024-10-12 20:57:16 INFO        
2024-10-12 20:57:16 INFO        AREA ESTIMATION for SRAM(width=32, depth=64, n_rdwr_ports=1, global_cycle_seconds=1e-09, action_latency_cycles=1, cycle_seconds=1e-09, technology=32nm, n_instances=1)
2024-10-12 20:57:16 INFO        CactiSRAM estimated 5.36416e-10 with accuracy 80%. Messages:
2024-10-12 20:57:16 INFO        | Unused arguments (n_rdwr_ports, global_cycle_seconds, action_latency_cycles, cycle_seconds, n_instances) provided for ['SRAM', 'sram'].__init__. Arguments used: (width, depth, technology)
2024-10-12 20:57:16 INFO        | Calling CACTI with cache_size=256 n_rw_ports=1 block_size=4 tech_node_um=0.032 n_banks=1 tag_size=0 associativity=1
2024-10-12 20:57:16 INFO        | Calling CACTI with input path /usr/local/share/accelergy/estimation_plug_ins/accelergy-cacti-plug-in/cacti_inputs_outputs/tmpcdgmc1r7
2024-10-12 20:57:16 INFO        | CACTI output will be written to /usr/local/share/accelergy/estimation_plug_ins/accelergy-cacti-plug-in/cacti_inputs_outputs/tmp1vaulqu5
2024-10-12 20:57:16 INFO        | CACTI executable not found at /usr/local/share/accelergy/estimation_plug_ins/accelergy-cacti-plug-in/cacti/cacti
2024-10-12 20:57:16 INFO        | Calling: cd /usr/local/share/accelergy/estimation_plug_ins/accelergy-cacti-plug-in ; ./cacti -infile /usr/local/share/accelergy/estimation_plug_ins/accelergy-cacti-plug-in/cacti_inputs_outputs/tmpcdgmc1r7 >> /usr/local/share/accelergy/estimation_plug_ins/accelergy-cacti-plug-in/cacti_inputs_outputs/tmp1vaulqu5 2>&1
2024-10-12 20:57:16 INFO        | Cache bandwidth: 4.0 bytes/cycle
2024-10-12 20:57:16 INFO        | Cache bandwidth: 85256943112.3047 bits/second
2024-10-12 20:57:16 INFO        | Multiplying by n_instances 1
2024-10-12 20:57:16 INFO        
2024-10-12 20:57:16 INFO        AREA ESTIMATION for intadder(n_bits=4, precision=4, global_cycle_seconds=1e-09, action_latency_cycles=1, cycle_seconds=1e-09, technology=32nm, n_instances=1)
2024-10-12 20:57:16 INFO        Neurosim Plug-In estimated 11.766989999999998u^2 with accuracy 70%. Messages:
2024-10-12 20:57:16 INFO        | WARN: Non-numeric 32nm for parameter technology. Using 32 instead.
2024-10-12 20:57:16 INFO        | Multiplying by n_instances 1
2024-10-12 20:57:16 INFO        
2024-10-12 20:57:16 INFO        AREA ESTIMATION for SRAM(width=32, depth=192, n_rdwr_ports=1, global_cycle_seconds=1e-09, action_latency_cycles=1, cycle_seconds=1e-09, technology=32nm, n_instances=1)
2024-10-12 20:57:16 INFO        CactiSRAM estimated 1.3549099999999998e-09 with accuracy 80%. Messages:
2024-10-12 20:57:16 INFO        | Unused arguments (n_rdwr_ports, global_cycle_seconds, action_latency_cycles, cycle_seconds, n_instances) provided for ['SRAM', 'sram'].__init__. Arguments used: (width, depth, technology)
2024-10-12 20:57:16 INFO        | Calling CACTI with cache_size=768 n_rw_ports=1 block_size=4 tech_node_um=0.032 n_banks=1 tag_size=0 associativity=1
2024-10-12 20:57:16 INFO        | Calling CACTI with input path /usr/local/share/accelergy/estimation_plug_ins/accelergy-cacti-plug-in/cacti_inputs_outputs/tmp6hl8m_by
2024-10-12 20:57:16 INFO        | CACTI output will be written to /usr/local/share/accelergy/estimation_plug_ins/accelergy-cacti-plug-in/cacti_inputs_outputs/tmpo3bmabnh
2024-10-12 20:57:16 INFO        | CACTI executable not found at /usr/local/share/accelergy/estimation_plug_ins/accelergy-cacti-plug-in/cacti/cacti
2024-10-12 20:57:16 INFO        | Calling: cd /usr/local/share/accelergy/estimation_plug_ins/accelergy-cacti-plug-in ; ./cacti -infile /usr/local/share/accelergy/estimation_plug_ins/accelergy-cacti-plug-in/cacti_inputs_outputs/tmp6hl8m_by >> /usr/local/share/accelergy/estimation_plug_ins/accelergy-cacti-plug-in/cacti_inputs_outputs/tmpo3bmabnh 2>&1
2024-10-12 20:57:16 INFO        | Cache bandwidth: 4.0 bytes/cycle
2024-10-12 20:57:16 INFO        | Cache bandwidth: 69384215091.06677 bits/second
2024-10-12 20:57:16 INFO        | Multiplying by n_instances 1
2024-10-12 20:57:16 INFO        
2024-10-12 20:57:16 INFO        AREA ESTIMATION for intadder(n_bits=8, precision=8, global_cycle_seconds=1e-09, action_latency_cycles=1, cycle_seconds=1e-09, technology=32nm, n_instances=1)
2024-10-12 20:57:16 INFO        Neurosim Plug-In estimated 23.533979999999996u^2 with accuracy 70%. Messages:
2024-10-12 20:57:16 INFO        | WARN: Non-numeric 32nm for parameter technology. Using 32 instead.
2024-10-12 20:57:16 INFO        | Multiplying by n_instances 1
2024-10-12 20:57:16 INFO        
2024-10-12 20:57:16 INFO        AREA ESTIMATION for SRAM(width=32, depth=64, n_rdwr_ports=1, global_cycle_seconds=1e-09, action_latency_cycles=1, cycle_seconds=1e-09, technology=32nm, n_instances=1)
2024-10-12 20:57:16 INFO        CactiSRAM estimated 5.36416e-10 with accuracy 80%. Messages:
2024-10-12 20:57:16 INFO        | Unused arguments (n_rdwr_ports, global_cycle_seconds, action_latency_cycles, cycle_seconds, n_instances) provided for ['SRAM', 'sram'].__init__. Arguments used: (width, depth, technology)
2024-10-12 20:57:16 INFO        | Calling CACTI with cache_size=256 n_rw_ports=1 block_size=4 tech_node_um=0.032 n_banks=1 tag_size=0 associativity=1
2024-10-12 20:57:16 INFO        | Calling CACTI with input path /usr/local/share/accelergy/estimation_plug_ins/accelergy-cacti-plug-in/cacti_inputs_outputs/tmpo2ovrtzy
2024-10-12 20:57:16 INFO        | CACTI output will be written to /usr/local/share/accelergy/estimation_plug_ins/accelergy-cacti-plug-in/cacti_inputs_outputs/tmp2f0d4ytq
2024-10-12 20:57:16 INFO        | CACTI executable not found at /usr/local/share/accelergy/estimation_plug_ins/accelergy-cacti-plug-in/cacti/cacti
2024-10-12 20:57:16 INFO        | Calling: cd /usr/local/share/accelergy/estimation_plug_ins/accelergy-cacti-plug-in ; ./cacti -infile /usr/local/share/accelergy/estimation_plug_ins/accelergy-cacti-plug-in/cacti_inputs_outputs/tmpo2ovrtzy >> /usr/local/share/accelergy/estimation_plug_ins/accelergy-cacti-plug-in/cacti_inputs_outputs/tmp2f0d4ytq 2>&1
2024-10-12 20:57:16 INFO        | Cache bandwidth: 4.0 bytes/cycle
2024-10-12 20:57:16 INFO        | Cache bandwidth: 85256943112.3047 bits/second
2024-10-12 20:57:16 INFO        | Multiplying by n_instances 1
2024-10-12 20:57:16 INFO        
2024-10-12 20:57:16 INFO        AREA ESTIMATION for intadder(n_bits=4, precision=4, global_cycle_seconds=1e-09, action_latency_cycles=1, cycle_seconds=1e-09, technology=32nm, n_instances=1)
2024-10-12 20:57:16 INFO        Neurosim Plug-In estimated 11.766989999999998u^2 with accuracy 70%. Messages:
2024-10-12 20:57:16 INFO        | WARN: Non-numeric 32nm for parameter technology. Using 32 instead.
2024-10-12 20:57:16 INFO        | Multiplying by n_instances 1
2024-10-12 20:57:16 INFO        
2024-10-12 20:57:16 INFO        AREA ESTIMATION for aladdin_adder(width=16, global_cycle_seconds=1e-09, action_latency_cycles=1, cycle_seconds=1e-09, technology=32nm, n_instances=1)
2024-10-12 20:57:16 INFO        Library estimated 63.940000000000005u^2 with accuracy 90%. Messages:
2024-10-12 20:57:16 INFO        | Found 5 entries for aladdin_adder.
2024-10-12 20:57:16 INFO        | Checking entry "{'technology': '45nm', 'global_cycle_seconds': '1e-9', 'width|datawidth': '32', 'energy': '0.21', 'area': '2.78E+02', 'action': 'add', 'name': 'aladdin_adder', 'n_instances': 1}
2024-10-12 20:57:16 INFO        | value=278.0, matching_attrs=2, log=['Scaling width from 32 to 16', 'Scaling global_cycle_seconds from 1e-9 to 1e-09', 'Scaling technology from 45nm to 32nm', 'Scaled aladdin_adder.width from 32.0 to 16.0: 0.5x area', 'Scaled aladdin_adder.global_cycle_seconds from 1e-09 to 1e-09: 1x area', 'Scaled aladdin_adder.technology from 45.0 to 32.0: 0.46x area', 'aladdin_adder area has been scaled 0.23x']
2024-10-12 20:57:16 INFO        | Checking entry "{'technology': '45nm', 'global_cycle_seconds': '1e-9', 'width|datawidth': '32', 'energy': '0.21', 'area': '2.78E+02', 'action': 'read', 'name': 'aladdin_adder', 'n_instances': 1}
2024-10-12 20:57:16 INFO        | value=278.0, matching_attrs=2, log=['Scaling width from 32 to 16', 'Scaling global_cycle_seconds from 1e-9 to 1e-09', 'Scaling technology from 45nm to 32nm', 'Scaled aladdin_adder.width from 32.0 to 16.0: 0.5x area', 'Scaled aladdin_adder.global_cycle_seconds from 1e-09 to 1e-09: 1x area', 'Scaled aladdin_adder.technology from 45.0 to 32.0: 0.46x area', 'aladdin_adder area has been scaled 0.23x']
2024-10-12 20:57:16 INFO        | Checking entry "{'technology': '45nm', 'global_cycle_seconds': '1e-9', 'width|datawidth': '32', 'energy': '0.0024', 'area': '2.78E+02', 'action': 'leak', 'name': 'aladdin_adder', 'n_instances': 1}
2024-10-12 20:57:16 INFO        | value=278.0, matching_attrs=2, log=['Scaling width from 32 to 16', 'Scaling global_cycle_seconds from 1e-9 to 1e-09', 'Scaling technology from 45nm to 32nm', 'Scaled aladdin_adder.width from 32.0 to 16.0: 0.5x area', 'Scaled aladdin_adder.global_cycle_seconds from 1e-09 to 1e-09: 1x area', 'Scaled aladdin_adder.technology from 45.0 to 32.0: 0.46x area', 'aladdin_adder area has been scaled 0.23x']
2024-10-12 20:57:16 INFO        | Checking entry "{'technology': '45nm', 'global_cycle_seconds': '1e-9', 'width|datawidth': '32', 'energy': '0', 'area': '2.78E+02', 'action': 'update', 'name': 'aladdin_adder', 'n_instances': 1}
2024-10-12 20:57:16 INFO        | value=278.0, matching_attrs=2, log=['Scaling width from 32 to 16', 'Scaling global_cycle_seconds from 1e-9 to 1e-09', 'Scaling technology from 45nm to 32nm', 'Scaled aladdin_adder.width from 32.0 to 16.0: 0.5x area', 'Scaled aladdin_adder.global_cycle_seconds from 1e-09 to 1e-09: 1x area', 'Scaled aladdin_adder.technology from 45.0 to 32.0: 0.46x area', 'aladdin_adder area has been scaled 0.23x']
2024-10-12 20:57:16 INFO        | Checking entry "{'technology': '45nm', 'global_cycle_seconds': '1e-9', 'width|datawidth': '32', 'energy': '0', 'area': '2.78E+02', 'action': 'write', 'name': 'aladdin_adder', 'n_instances': 1}
2024-10-12 20:57:16 INFO        | value=278.0, matching_attrs=2, log=['Scaling width from 32 to 16', 'Scaling global_cycle_seconds from 1e-9 to 1e-09', 'Scaling technology from 45nm to 32nm', 'Scaled aladdin_adder.width from 32.0 to 16.0: 0.5x area', 'Scaled aladdin_adder.global_cycle_seconds from 1e-09 to 1e-09: 1x area', 'Scaled aladdin_adder.technology from 45.0 to 32.0: 0.46x area', 'aladdin_adder area has been scaled 0.23x']
2024-10-12 20:57:16 INFO        | Best-matching entry: {'technology': '45nm', 'global_cycle_seconds': '1e-9', 'width|datawidth': '32', 'energy': '0.21', 'area': '2.78E+02', 'action': 'add', 'name': 'aladdin_adder', 'n_instances': 1}
2024-10-12 20:57:16 INFO        | Scaling width from 32 to 16
2024-10-12 20:57:16 INFO        | Scaling global_cycle_seconds from 1e-9 to 1e-09
2024-10-12 20:57:16 INFO        | Scaling technology from 45nm to 32nm
2024-10-12 20:57:16 INFO        | Scaled aladdin_adder.width from 32.0 to 16.0: 0.5x area
2024-10-12 20:57:16 INFO        | Scaled aladdin_adder.global_cycle_seconds from 1e-09 to 1e-09: 1x area
2024-10-12 20:57:16 INFO        | Scaled aladdin_adder.technology from 45.0 to 32.0: 0.46x area
2024-10-12 20:57:16 INFO        | aladdin_adder area has been scaled 0.23x
2024-10-12 20:57:16 INFO        | Multiplying by n_instances 1
2024-10-12 20:57:16 INFO        
2024-10-12 20:57:16 INFO        AREA ESTIMATION for aladdin_adder(width_a=8, width_b=8, global_cycle_seconds=1e-09, action_latency_cycles=1, cycle_seconds=1e-09, technology=32nm, n_instances=1)
2024-10-12 20:57:16 INFO        Library estimated 127.88000000000001u^2 with accuracy 90%. Messages:
2024-10-12 20:57:16 INFO        | Found 5 entries for aladdin_adder.
2024-10-12 20:57:16 INFO        | Checking entry "{'technology': '45nm', 'global_cycle_seconds': '1e-9', 'width|datawidth': '32', 'energy': '0.21', 'area': '2.78E+02', 'action': 'add', 'name': 'aladdin_adder', 'n_instances': 1}
2024-10-12 20:57:16 INFO        | value=278.0, matching_attrs=2, log=['Scaling global_cycle_seconds from 1e-9 to 1e-09', 'Scaling technology from 45nm to 32nm', 'Scaled aladdin_adder.global_cycle_seconds from 1e-09 to 1e-09: 1x area', 'Scaled aladdin_adder.technology from 45.0 to 32.0: 0.46x area', 'aladdin_adder area has been scaled 0.46x']
2024-10-12 20:57:16 INFO        | Checking entry "{'technology': '45nm', 'global_cycle_seconds': '1e-9', 'width|datawidth': '32', 'energy': '0.21', 'area': '2.78E+02', 'action': 'read', 'name': 'aladdin_adder', 'n_instances': 1}
2024-10-12 20:57:16 INFO        | value=278.0, matching_attrs=2, log=['Scaling global_cycle_seconds from 1e-9 to 1e-09', 'Scaling technology from 45nm to 32nm', 'Scaled aladdin_adder.global_cycle_seconds from 1e-09 to 1e-09: 1x area', 'Scaled aladdin_adder.technology from 45.0 to 32.0: 0.46x area', 'aladdin_adder area has been scaled 0.46x']
2024-10-12 20:57:16 INFO        | Checking entry "{'technology': '45nm', 'global_cycle_seconds': '1e-9', 'width|datawidth': '32', 'energy': '0.0024', 'area': '2.78E+02', 'action': 'leak', 'name': 'aladdin_adder', 'n_instances': 1}
2024-10-12 20:57:16 INFO        | value=278.0, matching_attrs=2, log=['Scaling global_cycle_seconds from 1e-9 to 1e-09', 'Scaling technology from 45nm to 32nm', 'Scaled aladdin_adder.global_cycle_seconds from 1e-09 to 1e-09: 1x area', 'Scaled aladdin_adder.technology from 45.0 to 32.0: 0.46x area', 'aladdin_adder area has been scaled 0.46x']
2024-10-12 20:57:16 INFO        | Checking entry "{'technology': '45nm', 'global_cycle_seconds': '1e-9', 'width|datawidth': '32', 'energy': '0', 'area': '2.78E+02', 'action': 'update', 'name': 'aladdin_adder', 'n_instances': 1}
2024-10-12 20:57:16 INFO        | value=278.0, matching_attrs=2, log=['Scaling global_cycle_seconds from 1e-9 to 1e-09', 'Scaling technology from 45nm to 32nm', 'Scaled aladdin_adder.global_cycle_seconds from 1e-09 to 1e-09: 1x area', 'Scaled aladdin_adder.technology from 45.0 to 32.0: 0.46x area', 'aladdin_adder area has been scaled 0.46x']
2024-10-12 20:57:16 INFO        | Checking entry "{'technology': '45nm', 'global_cycle_seconds': '1e-9', 'width|datawidth': '32', 'energy': '0', 'area': '2.78E+02', 'action': 'write', 'name': 'aladdin_adder', 'n_instances': 1}
2024-10-12 20:57:16 INFO        | value=278.0, matching_attrs=2, log=['Scaling global_cycle_seconds from 1e-9 to 1e-09', 'Scaling technology from 45nm to 32nm', 'Scaled aladdin_adder.global_cycle_seconds from 1e-09 to 1e-09: 1x area', 'Scaled aladdin_adder.technology from 45.0 to 32.0: 0.46x area', 'aladdin_adder area has been scaled 0.46x']
2024-10-12 20:57:16 INFO        | Best-matching entry: {'technology': '45nm', 'global_cycle_seconds': '1e-9', 'width|datawidth': '32', 'energy': '0.21', 'area': '2.78E+02', 'action': 'add', 'name': 'aladdin_adder', 'n_instances': 1}
2024-10-12 20:57:16 INFO        | Scaling global_cycle_seconds from 1e-9 to 1e-09
2024-10-12 20:57:16 INFO        | Scaling technology from 45nm to 32nm
2024-10-12 20:57:16 INFO        | Scaled aladdin_adder.global_cycle_seconds from 1e-09 to 1e-09: 1x area
2024-10-12 20:57:16 INFO        | Scaled aladdin_adder.technology from 45.0 to 32.0: 0.46x area
2024-10-12 20:57:16 INFO        | aladdin_adder area has been scaled 0.46x
2024-10-12 20:57:16 INFO        | Multiplying by n_instances 1
2024-10-12 20:57:16 INFO        flattened architecture is saved to:
2024-10-12 20:57:16 INFO        ./timeloop-mapper.flattened_architecture.yaml
2024-10-12 20:57:16 INFO        energy reference table is saved to:
2024-10-12 20:57:16 INFO        ./timeloop-mapper.ERT.yaml
2024-10-12 20:57:16 INFO        energy reference table summary is saved to:
2024-10-12 20:57:16 INFO        ./timeloop-mapper.ERT_summary.yaml
2024-10-12 20:57:16 WARNING     no runtime energy estimations are generated... not generating energy_estimation.yaml
2024-10-12 20:57:16 INFO        area reference table is saved to:
2024-10-12 20:57:16 INFO        ./timeloop-mapper.ART.yaml
2024-10-12 20:57:16 INFO        area reference table summary is saved to:
2024-10-12 20:57:16 INFO        ./timeloop-mapper.ART_summary.yaml
