2024-10-12 20:52:51 INFO            _                _                      
2024-10-12 20:52:51 INFO           / \   ___ ___ ___| | ___ _ __ __ _ _   _ 
2024-10-12 20:52:51 INFO          / _ \ / __/ __/ _ \ |/ _ \ '__/ _` | | | |
2024-10-12 20:52:51 INFO         / ___ \ (_| (_|  __/ |  __/ | | (_| | |_| |
2024-10-12 20:52:51 INFO        /_/   \_\___\___\___|_|\___|_|  \__, |\__, |
2024-10-12 20:52:51 INFO                                        |___/ |___/ 
2024-10-12 20:52:51 INFO        generating outputs according to the following specified output flags... 
2024-10-12 20:52:51 INFO         Please use the -f flag to update the preference (default to all output files)
2024-10-12 20:52:51 INFO        {'ERT': 1, 'ERT_summary': 1, 'ART': 1, 'ART_summary': 1, 'energy_estimation': 1, 'flattened_arch': 1}
2024-10-12 20:52:51 INFO        Located config file at /home/workspace/.config/accelergy/accelergy_config.yaml.
2024-10-12 20:52:51 INFO        config file located:
2024-10-12 20:52:51 INFO        /home/workspace/.config/accelergy/accelergy_config.yaml
2024-10-12 20:52:52 INFO        Parsing file /home/workspace/outputsFinal.vgg16/eyeriss_like/12/parsed-processed-input.yaml for architecture info
2024-10-12 20:52:52 INFO        Parsing file /home/workspace/outputsFinal.vgg16/eyeriss_like/12/parsed-processed-input.yaml for compound_components info
2024-10-12 20:52:52 INFO        Adding required action "read" to class DRAM
2024-10-12 20:52:52 INFO        Adding required action "update" to class DRAM
2024-10-12 20:52:52 INFO        Adding required action "write" to class DRAM
2024-10-12 20:52:52 INFO        Adding required action "leak" to class DRAM
2024-10-12 20:52:52 INFO        Calculated Architecture class smartbuffer_SRAM attributes"memory_width" as "max(32, width)" = 64.
2024-10-12 20:52:52 INFO        Calculated Architecture class smartbuffer_SRAM attributes"memory_depth" as "max(64, depth)" = 16384.
2024-10-12 20:52:52 INFO        Calculated Architecture class smartbuffer_SRAM attributes"widthscale" as "width / memory_width" = 1.0.
2024-10-12 20:52:52 INFO        Calculated Architecture class smartbuffer_SRAM attributes"depthscale" as "depth / memory_depth" = 1.0.
2024-10-12 20:52:52 INFO        Calculated Architecture class smartbuffer_SRAM attributes"real_depth" as "depth" = 16384.
2024-10-12 20:52:52 INFO        Calculated Architecture class smartbuffer_SRAM attributes"area_scale" as "widthscale * depthscale" = 1.0.
2024-10-12 20:52:52 INFO        Calculated Architecture class smartbuffer_SRAM attributes"dynamic_energy_scale" as "widthscale * (depthscale ** (1.56 / 2))" = 1.0.
2024-10-12 20:52:52 INFO        Calculated Architecture class smartbuffer_SRAM attributes"static_energy_scale" as "area_scale" = 1.0.
2024-10-12 20:52:52 INFO        Calculated Architecture class smartbuffer_SRAM attributes"memory_width" as "max(32, width)" = 32.
2024-10-12 20:52:52 INFO        Calculated Architecture class smartbuffer_SRAM attributes"memory_depth" as "max(64, depth)" = 64.
2024-10-12 20:52:52 INFO        Calculated Architecture class smartbuffer_SRAM attributes"widthscale" as "width / memory_width" = 0.5.
2024-10-12 20:52:52 INFO        Calculated Architecture class smartbuffer_SRAM attributes"depthscale" as "depth / memory_depth" = 0.1875.
2024-10-12 20:52:52 INFO        Calculated Architecture class smartbuffer_SRAM attributes"real_depth" as "depth" = 12.
2024-10-12 20:52:52 INFO        Calculated Architecture class smartbuffer_SRAM attributes"area_scale" as "widthscale * depthscale" = 0.09375.
2024-10-12 20:52:52 INFO        Calculated Architecture class smartbuffer_SRAM attributes"dynamic_energy_scale" as "widthscale * (depthscale ** (1.56 / 2))" = 0.1354911710963393.
2024-10-12 20:52:52 INFO        Calculated Architecture class smartbuffer_SRAM attributes"static_energy_scale" as "area_scale" = 0.09375.
2024-10-12 20:52:52 INFO        Calculated Architecture class smartbuffer_SRAM attributes"memory_width" as "max(32, width)" = 32.
2024-10-12 20:52:52 INFO        Calculated Architecture class smartbuffer_SRAM attributes"memory_depth" as "max(64, depth)" = 192.
2024-10-12 20:52:52 INFO        Calculated Architecture class smartbuffer_SRAM attributes"widthscale" as "width / memory_width" = 0.5.
2024-10-12 20:52:52 INFO        Calculated Architecture class smartbuffer_SRAM attributes"depthscale" as "depth / memory_depth" = 1.0.
2024-10-12 20:52:52 INFO        Calculated Architecture class smartbuffer_SRAM attributes"real_depth" as "depth" = 192.
2024-10-12 20:52:52 INFO        Calculated Architecture class smartbuffer_SRAM attributes"area_scale" as "widthscale * depthscale" = 0.5.
2024-10-12 20:52:52 INFO        Calculated Architecture class smartbuffer_SRAM attributes"dynamic_energy_scale" as "widthscale * (depthscale ** (1.56 / 2))" = 0.5.
2024-10-12 20:52:52 INFO        Calculated Architecture class smartbuffer_SRAM attributes"static_energy_scale" as "area_scale" = 0.5.
2024-10-12 20:52:52 INFO        Calculated Architecture class smartbuffer_SRAM attributes"memory_width" as "max(32, width)" = 32.
2024-10-12 20:52:52 INFO        Calculated Architecture class smartbuffer_SRAM attributes"memory_depth" as "max(64, depth)" = 64.
2024-10-12 20:52:52 INFO        Calculated Architecture class smartbuffer_SRAM attributes"widthscale" as "width / memory_width" = 0.5.
2024-10-12 20:52:52 INFO        Calculated Architecture class smartbuffer_SRAM attributes"depthscale" as "depth / memory_depth" = 0.25.
2024-10-12 20:52:52 INFO        Calculated Architecture class smartbuffer_SRAM attributes"real_depth" as "depth" = 16.
2024-10-12 20:52:52 INFO        Calculated Architecture class smartbuffer_SRAM attributes"area_scale" as "widthscale * depthscale" = 0.125.
2024-10-12 20:52:52 INFO        Calculated Architecture class smartbuffer_SRAM attributes"dynamic_energy_scale" as "widthscale * (depthscale ** (1.56 / 2))" = 0.16957554093095897.
2024-10-12 20:52:52 INFO        Calculated Architecture class smartbuffer_SRAM attributes"static_energy_scale" as "area_scale" = 0.125.
2024-10-12 20:52:52 WARNING     Area scale in attributes is deprecated. Use it on the same level as the attributes, not a subkey.
2024-10-12 20:52:52 WARNING     Area scale in attributes is deprecated. Use it on the same level as the attributes, not a subkey.
2024-10-12 20:52:52 WARNING     Area scale in attributes is deprecated. Use it on the same level as the attributes, not a subkey.
2024-10-12 20:52:52 WARNING     Area scale in attributes is deprecated. Use it on the same level as the attributes, not a subkey.
2024-10-12 20:52:52 INFO        Estimator plug-in identified by: /usr/local/share/accelergy/estimation_plug_ins/accelergy-neurosim-plugin/neurosim.estimator.yaml
2024-10-12 20:52:52 INFO        Estimator plug-in identified by: /usr/local/share/accelergy/estimation_plug_ins/dummy_tables/dummy.estimator.yaml
2024-10-12 20:52:52 INFO        Estimator plug-in identified by: /usr/local/share/accelergy/estimation_plug_ins/accelergy-cacti-plug-in/cacti.estimator.yaml
2024-10-12 20:52:52 INFO        Estimator plug-in identified by: /usr/local/share/accelergy/estimation_plug_ins/accelergy-table-based-plug-ins/table.estimator.yaml
2024-10-12 20:52:52 INFO        Estimator plug-in identified by: /usr/local/share/accelergy/estimation_plug_ins/accelergy-library-plugin/library.estimator.yaml
2024-10-12 20:52:52 INFO        Estimator plug-in identified by: /usr/local/share/accelergy/estimation_plug_ins/accelergy-adc-plug-in/adc.estimator.yaml
2024-10-12 20:52:52 INFO        Estimator plug-in identified by: /usr/local/share/accelergy/estimation_plug_ins/accelergy-aladdin-plug-in/aladdin.estimator.yaml
2024-10-12 20:52:52 INFO        Getting all estimators in module <module 'python_plug_in' from '/usr/local/share/accelergy/estimation_plug_ins/accelergy-cacti-plug-in/cacti_wrapper.py'>
2024-10-12 20:52:52 INFO        Added estimator CactiCache that estimates cache with actions idle, read, read_access, update, update_access, write, write_access, leak
2024-10-12 20:52:52 INFO        Added estimator CactiDRAM that estimates ['DRAM', 'dram'] with actions idle, read, update, write, leak
2024-10-12 20:52:52 INFO        Added estimator CactiSRAM that estimates ['SRAM', 'sram'] with actions idle, read, update, write, leak
2024-10-12 20:52:52 INFO        Found estimator plug-in: Neurosim Plug-In (<NeuroWrapper.NeuroWrapper object at 0x75d39ef9ae20>)
2024-10-12 20:52:52 INFO        Found estimator plug-in: dummy (<DummyTable.DummyTable object at 0x75d39ef9ad60>)
2024-10-12 20:52:52 INFO        Found estimator plug-in: DEPRECATED table-based-plug-ins. Use the Library plug-in instead. (<SetsOfTables.SetsOfTables object at 0x75d3a0028fa0>)
2024-10-12 20:52:52 INFO        Found estimator plug-in: Library (<LibraryEstimator.LibraryEstimator object at 0x75d39ef7df10>)
2024-10-12 20:52:52 INFO        Found estimator plug-in: ADC Plug-In (<ADCEstimator.ADCEstimator object at 0x75d39ef032b0>)
2024-10-12 20:52:52 INFO        Found estimator plug-in: Aladdin_table (<AladdinTable.AladdinTable object at 0x75d39ef03fa0>)
2024-10-12 20:52:52 INFO        Found estimator plug-in: CactiCache (<accelergy.plug_in_interface.estimator_wrapper.EstimatorWrapper object at 0x75d39efc8850>)
2024-10-12 20:52:52 INFO        Found estimator plug-in: CactiDRAM (<accelergy.plug_in_interface.estimator_wrapper.EstimatorWrapper object at 0x75d39efc87f0>)
2024-10-12 20:52:52 INFO        Found estimator plug-in: CactiSRAM (<accelergy.plug_in_interface.estimator_wrapper.EstimatorWrapper object at 0x75d39efbbc40>)
2024-10-12 20:52:52 INFO        Calculated storage."width" as "memory_width" = 64.
2024-10-12 20:52:52 INFO        Calculated storage."depth" as "memory_depth" = 16384.
2024-10-12 20:52:52 INFO        Calculated storage."n_rdwr_ports" as "n_rdwr_ports" = 1.
2024-10-12 20:52:52 INFO        Calculated storage."global_cycle_seconds" as "global_cycle_seconds" = 1e-09.
2024-10-12 20:52:52 INFO        Calculated storage.area_scale as "area_scale" = 1.0.
2024-10-12 20:52:52 INFO        Calculated address_generators[0..1]."n_bits" as "max(1, ceil(log2(real_depth))) if real_depth >= 1 else 1" = 14.
2024-10-12 20:52:52 INFO        Calculated address_generators[0..1]."precision" as "max(1, ceil(log2(real_depth))) if real_depth >= 1 else 1" = 14.
2024-10-12 20:52:52 INFO        Calculated address_generators[0..1]."global_cycle_seconds" as "global_cycle_seconds" = 1e-09.
2024-10-12 20:52:52 INFO        Calculated action write energy_scale as "dynamic_energy_scale" = 1.0.
2024-10-12 20:52:52 INFO        Calculated action read energy_scale as "dynamic_energy_scale" = 1.0.
2024-10-12 20:52:52 INFO        Calculated action leak energy_scale as "static_energy_scale" = 1.0.
2024-10-12 20:52:52 INFO        Calculated action write energy_scale as "dynamic_energy_scale" = 1.0.
2024-10-12 20:52:52 INFO        Calculated storage."width" as "memory_width" = 32.
2024-10-12 20:52:52 INFO        Calculated storage."depth" as "memory_depth" = 64.
2024-10-12 20:52:52 INFO        Calculated storage."n_rdwr_ports" as "n_rdwr_ports" = 1.
2024-10-12 20:52:52 INFO        Calculated storage."global_cycle_seconds" as "global_cycle_seconds" = 1e-09.
2024-10-12 20:52:52 INFO        Calculated storage.area_scale as "area_scale" = 0.09375.
2024-10-12 20:52:52 INFO        Calculated address_generators[0..1]."n_bits" as "max(1, ceil(log2(real_depth))) if real_depth >= 1 else 1" = 4.
2024-10-12 20:52:52 INFO        Calculated address_generators[0..1]."precision" as "max(1, ceil(log2(real_depth))) if real_depth >= 1 else 1" = 4.
2024-10-12 20:52:52 INFO        Calculated address_generators[0..1]."global_cycle_seconds" as "global_cycle_seconds" = 1e-09.
2024-10-12 20:52:53 INFO        Calculated action write energy_scale as "dynamic_energy_scale" = 0.1354911710963393.
2024-10-12 20:52:53 INFO        Calculated action read energy_scale as "dynamic_energy_scale" = 0.1354911710963393.
2024-10-12 20:52:53 INFO        Calculated action leak energy_scale as "static_energy_scale" = 0.09375.
2024-10-12 20:52:53 INFO        Calculated action write energy_scale as "dynamic_energy_scale" = 0.1354911710963393.
2024-10-12 20:52:53 INFO        Calculated storage."width" as "memory_width" = 32.
2024-10-12 20:52:53 INFO        Calculated storage."depth" as "memory_depth" = 192.
2024-10-12 20:52:53 INFO        Calculated storage."n_rdwr_ports" as "n_rdwr_ports" = 1.
2024-10-12 20:52:53 INFO        Calculated storage."global_cycle_seconds" as "global_cycle_seconds" = 1e-09.
2024-10-12 20:52:53 INFO        Calculated storage.area_scale as "area_scale" = 0.5.
2024-10-12 20:52:53 INFO        Calculated address_generators[0..1]."n_bits" as "max(1, ceil(log2(real_depth))) if real_depth >= 1 else 1" = 8.
2024-10-12 20:52:53 INFO        Calculated address_generators[0..1]."precision" as "max(1, ceil(log2(real_depth))) if real_depth >= 1 else 1" = 8.
2024-10-12 20:52:53 INFO        Calculated address_generators[0..1]."global_cycle_seconds" as "global_cycle_seconds" = 1e-09.
2024-10-12 20:52:53 INFO        Calculated action write energy_scale as "dynamic_energy_scale" = 0.5.
2024-10-12 20:52:53 INFO        Calculated action read energy_scale as "dynamic_energy_scale" = 0.5.
2024-10-12 20:52:53 INFO        Calculated action leak energy_scale as "static_energy_scale" = 0.5.
2024-10-12 20:52:53 INFO        Calculated action write energy_scale as "dynamic_energy_scale" = 0.5.
2024-10-12 20:52:53 INFO        Calculated storage."width" as "memory_width" = 32.
2024-10-12 20:52:53 INFO        Calculated storage."depth" as "memory_depth" = 64.
2024-10-12 20:52:53 INFO        Calculated storage."n_rdwr_ports" as "n_rdwr_ports" = 1.
2024-10-12 20:52:53 INFO        Calculated storage."global_cycle_seconds" as "global_cycle_seconds" = 1e-09.
2024-10-12 20:52:53 INFO        Calculated storage.area_scale as "area_scale" = 0.125.
2024-10-12 20:52:53 INFO        Calculated address_generators[0..1]."n_bits" as "max(1, ceil(log2(real_depth))) if real_depth >= 1 else 1" = 4.
2024-10-12 20:52:53 INFO        Calculated address_generators[0..1]."precision" as "max(1, ceil(log2(real_depth))) if real_depth >= 1 else 1" = 4.
2024-10-12 20:52:53 INFO        Calculated address_generators[0..1]."global_cycle_seconds" as "global_cycle_seconds" = 1e-09.
2024-10-12 20:52:53 INFO        Calculated action write energy_scale as "dynamic_energy_scale" = 0.16957554093095897.
2024-10-12 20:52:53 INFO        Calculated action read energy_scale as "dynamic_energy_scale" = 0.16957554093095897.
2024-10-12 20:52:53 INFO        Calculated action leak energy_scale as "static_energy_scale" = 0.125.
2024-10-12 20:52:53 INFO        Calculated action write energy_scale as "dynamic_energy_scale" = 0.16957554093095897.
2024-10-12 20:52:53 INFO        Calculated intadder."width" as "adder_width" = 16.
2024-10-12 20:52:53 INFO        Calculated intmultiplier."width_a" as "multiplier_width" = 8.
2024-10-12 20:52:53 INFO        Calculated intmultiplier."width_b" as "multiplier_width" = 8.
2024-10-12 20:52:53 INFO        
2024-10-12 20:52:53 INFO        ENERGY ESTIMATION for DRAM(type=LPDDR4, width=64, datawidth=8, has_power_gating=False, n_banks=2, cluster_size=1, reduction_supported=True, multiple_buffering=1, min_utilization=0, allow_overbooking=False, meshX=1, meshY=1, technology=32nm, global_cycle_seconds=1e-09, version=0.4, action_latency_cycles=1, cycle_seconds=1e-09, n_instances=1).read(global_cycle_seconds=1e-09, action_latency_cycles=1)
2024-10-12 20:52:53 INFO        CactiDRAM estimated 5.12e-10 with accuracy 80%. Messages:
2024-10-12 20:52:53 INFO        | Unused arguments (datawidth, has_power_gating, n_banks, cluster_size, reduction_supported, multiple_buffering, min_utilization, allow_overbooking, meshX, meshY, technology, global_cycle_seconds, version, action_latency_cycles, cycle_seconds, n_instances) provided for ['DRAM', 'dram'].__init__. Arguments used: (type, width)
2024-10-12 20:52:53 INFO        | Unused arguments (global_cycle_seconds, action_latency_cycles) provided for ['DRAM', 'dram'].read. Arguments used: ()
2024-10-12 20:52:53 INFO        
2024-10-12 20:52:53 INFO        ENERGY ESTIMATION for DRAM(type=LPDDR4, width=64, datawidth=8, has_power_gating=False, n_banks=2, cluster_size=1, reduction_supported=True, multiple_buffering=1, min_utilization=0, allow_overbooking=False, meshX=1, meshY=1, technology=32nm, global_cycle_seconds=1e-09, version=0.4, action_latency_cycles=1, cycle_seconds=1e-09, n_instances=1).update(global_cycle_seconds=1e-09, action_latency_cycles=1)
2024-10-12 20:52:53 INFO        CactiDRAM estimated 5.12e-10 with accuracy 80%. Messages:
2024-10-12 20:52:53 INFO        | Unused arguments (datawidth, has_power_gating, n_banks, cluster_size, reduction_supported, multiple_buffering, min_utilization, allow_overbooking, meshX, meshY, technology, global_cycle_seconds, version, action_latency_cycles, cycle_seconds, n_instances) provided for ['DRAM', 'dram'].__init__. Arguments used: (type, width)
2024-10-12 20:52:53 INFO        | Unused arguments (global_cycle_seconds, action_latency_cycles) provided for ['DRAM', 'dram'].update. Arguments used: ()
2024-10-12 20:52:53 INFO        
2024-10-12 20:52:53 INFO        ENERGY ESTIMATION for DRAM(type=LPDDR4, width=64, datawidth=8, has_power_gating=False, n_banks=2, cluster_size=1, reduction_supported=True, multiple_buffering=1, min_utilization=0, allow_overbooking=False, meshX=1, meshY=1, technology=32nm, global_cycle_seconds=1e-09, version=0.4, action_latency_cycles=1, cycle_seconds=1e-09, n_instances=1).write(global_cycle_seconds=1e-09, action_latency_cycles=1)
2024-10-12 20:52:53 INFO        CactiDRAM estimated 5.12e-10 with accuracy 80%. Messages:
2024-10-12 20:52:53 INFO        | Unused arguments (datawidth, has_power_gating, n_banks, cluster_size, reduction_supported, multiple_buffering, min_utilization, allow_overbooking, meshX, meshY, technology, global_cycle_seconds, version, action_latency_cycles, cycle_seconds, n_instances) provided for ['DRAM', 'dram'].__init__. Arguments used: (type, width)
2024-10-12 20:52:53 INFO        | Unused arguments (global_cycle_seconds, action_latency_cycles) provided for ['DRAM', 'dram'].write. Arguments used: ()
2024-10-12 20:52:53 INFO        
2024-10-12 20:52:53 INFO        ENERGY ESTIMATION for DRAM(type=LPDDR4, width=64, datawidth=8, has_power_gating=False, n_banks=2, cluster_size=1, reduction_supported=True, multiple_buffering=1, min_utilization=0, allow_overbooking=False, meshX=1, meshY=1, technology=32nm, global_cycle_seconds=1e-09, version=0.4, action_latency_cycles=1, cycle_seconds=1e-09, n_instances=1).leak(global_cycle_seconds=1e-09, action_latency_cycles=1)
2024-10-12 20:52:53 INFO        CactiDRAM estimated 0 with accuracy 80%. Messages:
2024-10-12 20:52:53 INFO        | Unused arguments (datawidth, has_power_gating, n_banks, cluster_size, reduction_supported, multiple_buffering, min_utilization, allow_overbooking, meshX, meshY, technology, global_cycle_seconds, version, action_latency_cycles, cycle_seconds, n_instances) provided for ['DRAM', 'dram'].__init__. Arguments used: (type, width)
2024-10-12 20:52:53 INFO        | Unused arguments (action_latency_cycles) provided for ['DRAM', 'dram'].leak. Arguments used: (global_cycle_seconds)
2024-10-12 20:52:53 INFO        | Multiplying by n_instances 1
2024-10-12 20:52:53 INFO        
2024-10-12 20:52:53 INFO        ENERGY ESTIMATION for SRAM(width=64, depth=16384, n_rdwr_ports=1, global_cycle_seconds=1e-09, action_latency_cycles=1, cycle_seconds=1e-09, technology=32nm, n_instances=1).write(global_cycle_seconds=1e-09, action_latency_cycles=1, cycle_seconds=1e-09, technology=32nm, n_instances=1)
2024-10-12 20:52:55 INFO        CactiSRAM estimated 1.4109500000000001e-11 with accuracy 80%. Messages:
2024-10-12 20:52:55 INFO        | Unused arguments (n_rdwr_ports, global_cycle_seconds, action_latency_cycles, cycle_seconds, n_instances) provided for ['SRAM', 'sram'].__init__. Arguments used: (width, depth, technology)
2024-10-12 20:52:55 INFO        | Unused arguments (global_cycle_seconds, action_latency_cycles, cycle_seconds, technology, n_instances) provided for ['SRAM', 'sram'].write. Arguments used: ()
2024-10-12 20:52:55 INFO        | Calling CACTI with cache_size=131072 n_rw_ports=1 block_size=8 tech_node_um=0.032 n_banks=1 tag_size=0 associativity=1
2024-10-12 20:52:55 INFO        | Calling CACTI with input path /usr/local/share/accelergy/estimation_plug_ins/accelergy-cacti-plug-in/cacti_inputs_outputs/tmpefemzuq_
2024-10-12 20:52:55 INFO        | CACTI output will be written to /usr/local/share/accelergy/estimation_plug_ins/accelergy-cacti-plug-in/cacti_inputs_outputs/tmp9xl655lc
2024-10-12 20:52:55 INFO        | CACTI executable not found at /usr/local/share/accelergy/estimation_plug_ins/accelergy-cacti-plug-in/cacti/cacti
2024-10-12 20:52:55 INFO        | Calling: cd /usr/local/share/accelergy/estimation_plug_ins/accelergy-cacti-plug-in ; ./cacti -infile /usr/local/share/accelergy/estimation_plug_ins/accelergy-cacti-plug-in/cacti_inputs_outputs/tmpefemzuq_ >> /usr/local/share/accelergy/estimation_plug_ins/accelergy-cacti-plug-in/cacti_inputs_outputs/tmp9xl655lc 2>&1
2024-10-12 20:52:55 INFO        | Cache bandwidth: 8.0 bytes/cycle
2024-10-12 20:52:55 INFO        | Cache bandwidth: 49177808513.908104 bits/second
2024-10-12 20:52:55 INFO        
2024-10-12 20:52:55 INFO        ENERGY ESTIMATION for intadder(n_bits=14, precision=14, global_cycle_seconds=1e-09, action_latency_cycles=1, cycle_seconds=1e-09, technology=32nm, n_instances=1).add(global_cycle_seconds=1e-09, action_latency_cycles=1, cycle_seconds=1e-09, technology=32nm, n_instances=1)
2024-10-12 20:52:55 INFO        Neurosim Plug-In estimated 0.028429009999999998p with accuracy 70%. Messages:
2024-10-12 20:52:55 INFO        | WARN: Non-numeric 32nm for parameter technology. Using 32 instead.
2024-10-12 20:52:55 INFO        | Building a crossbar with cell file /usr/local/share/accelergy/estimation_plug_ins/accelergy-neurosim-plugin/cells/placeholder.cell
2024-10-12 20:52:55 INFO        | Neurosim Plugin parsing cell file...
2024-10-12 20:52:55 INFO        | 	Failed to calculate "widthSRAMCellNMOS:". Ignore if this value is not needed.
2024-10-12 20:52:55 INFO        | 		Could not find -SRAMCellNMOSWidth (F): in cell file.
2024-10-12 20:52:55 INFO        | 	Failed to calculate "widthSRAMCellPMOS:". Ignore if this value is not needed.
2024-10-12 20:52:55 INFO        | 		Could not find -SRAMCellPMOSWidth (F): in cell file.
2024-10-12 20:52:55 INFO        | 	Failed to calculate "minSenseVoltage:". Ignore if this value is not needed.
2024-10-12 20:52:55 INFO        | 		Could not find -MinSenseVoltage (mV): in cell file.
2024-10-12 20:52:55 INFO        | 	Failed to calculate "accessTransistorResistance:". Ignore if this value is not needed.
2024-10-12 20:52:55 INFO        | 		Could not find -AccessTransistorResistance (ohm): in cell file.
2024-10-12 20:52:55 INFO        | 	Failed to calculate "WriteVoltage:". Ignore if this value is not needed.
2024-10-12 20:52:55 INFO        | 		Could not find -WriteVoltage (V): in cell file.
2024-10-12 20:52:55 INFO        | 	Failed to calculate "SET_CURRENT". Ignore if this value is not needed.
2024-10-12 20:52:55 INFO        | 		Could not find -SetCurrent (uA): in cell file.
2024-10-12 20:52:55 INFO        | 	Failed to calculate "SET_POWER". Ignore if this value is not needed.
2024-10-12 20:52:55 INFO        | 		Could not find -SetPower (uW): in cell file.
2024-10-12 20:52:55 INFO        | 	Failed to calculate "READ_CURRENT". Ignore if this value is not needed.
2024-10-12 20:52:55 INFO        | 		Could not find -ReadCurrent (uA): in cell file.
2024-10-12 20:52:55 INFO        | 	Failed to calculate "READ_ENERGY". Ignore if this value is not needed.
2024-10-12 20:52:55 INFO        | 		Could not find -ReadEnergy (pJ): in cell file.
2024-10-12 20:52:55 INFO        | 	Failed to calculate "cellCapacitanceMultiplier:". Ignore if this value is not needed.
2024-10-12 20:52:55 INFO        | 		Could not find -CellCapacitanceMultiplier: in cell file.
2024-10-12 20:52:55 INFO        | 	Failed to calculate "cellCapacitanceAdjust:". Ignore if this value is not needed.
2024-10-12 20:52:55 INFO        | 		Could not find -CellCapacitanceAdjust (F): in cell file.
2024-10-12 20:52:55 INFO        | 	Failed to calculate "deviceRoadmap:". Ignore if this value is not needed.
2024-10-12 20:52:55 INFO        | 		Could not find -DeviceRoadmap -1LP 1HP 2LSTP: in cell file.
2024-10-12 20:52:55 INFO        | Running /usr/local/share/accelergy/estimation_plug_ins/accelergy-neurosim-plugin/NeuroSim/main /usr/local/share/accelergy/estimation_plug_ins/accelergy-neurosim-plugin/neurosim_input_27525.cfg
2024-10-12 20:52:55 INFO        | Crossbar minimum latency is 2.344 ns to read 8.0 columns at once.
2024-10-12 20:52:55 INFO        
2024-10-12 20:52:55 INFO        ENERGY ESTIMATION for SRAM(width=64, depth=16384, n_rdwr_ports=1, global_cycle_seconds=1e-09, action_latency_cycles=1, cycle_seconds=1e-09, technology=32nm, n_instances=1).read(global_cycle_seconds=1e-09, action_latency_cycles=1, cycle_seconds=1e-09, technology=32nm, n_instances=1)
2024-10-12 20:52:57 INFO        CactiSRAM estimated 1.81554e-11 with accuracy 80%. Messages:
2024-10-12 20:52:57 INFO        | Unused arguments (n_rdwr_ports, global_cycle_seconds, action_latency_cycles, cycle_seconds, n_instances) provided for ['SRAM', 'sram'].__init__. Arguments used: (width, depth, technology)
2024-10-12 20:52:57 INFO        | Unused arguments (global_cycle_seconds, action_latency_cycles, cycle_seconds, technology, n_instances) provided for ['SRAM', 'sram'].read. Arguments used: ()
2024-10-12 20:52:57 INFO        | Calling CACTI with cache_size=131072 n_rw_ports=1 block_size=8 tech_node_um=0.032 n_banks=1 tag_size=0 associativity=1
2024-10-12 20:52:57 INFO        | Calling CACTI with input path /usr/local/share/accelergy/estimation_plug_ins/accelergy-cacti-plug-in/cacti_inputs_outputs/tmpm_nj3lh0
2024-10-12 20:52:57 INFO        | CACTI output will be written to /usr/local/share/accelergy/estimation_plug_ins/accelergy-cacti-plug-in/cacti_inputs_outputs/tmpuzeiqlv8
2024-10-12 20:52:57 INFO        | CACTI executable not found at /usr/local/share/accelergy/estimation_plug_ins/accelergy-cacti-plug-in/cacti/cacti
2024-10-12 20:52:57 INFO        | Calling: cd /usr/local/share/accelergy/estimation_plug_ins/accelergy-cacti-plug-in ; ./cacti -infile /usr/local/share/accelergy/estimation_plug_ins/accelergy-cacti-plug-in/cacti_inputs_outputs/tmpm_nj3lh0 >> /usr/local/share/accelergy/estimation_plug_ins/accelergy-cacti-plug-in/cacti_inputs_outputs/tmpuzeiqlv8 2>&1
2024-10-12 20:52:57 INFO        | Cache bandwidth: 8.0 bytes/cycle
2024-10-12 20:52:57 INFO        | Cache bandwidth: 49177808513.908104 bits/second
2024-10-12 20:52:57 INFO        
2024-10-12 20:52:57 INFO        ENERGY ESTIMATION for intadder(n_bits=14, precision=14, global_cycle_seconds=1e-09, action_latency_cycles=1, cycle_seconds=1e-09, technology=32nm, n_instances=1).add(global_cycle_seconds=1e-09, action_latency_cycles=1, cycle_seconds=1e-09, technology=32nm, n_instances=1)
2024-10-12 20:52:57 INFO        Neurosim Plug-In estimated 0.028429009999999998p with accuracy 70%. Messages:
2024-10-12 20:52:57 INFO        | WARN: Non-numeric 32nm for parameter technology. Using 32 instead.
2024-10-12 20:52:57 INFO        
2024-10-12 20:52:57 INFO        ENERGY ESTIMATION for SRAM(width=64, depth=16384, n_rdwr_ports=1, global_cycle_seconds=1e-09, action_latency_cycles=1, cycle_seconds=1e-09, technology=32nm, n_instances=1).leak(global_cycle_seconds=1e-09, action_latency_cycles=1, cycle_seconds=1e-09, technology=32nm, n_instances=1)
2024-10-12 20:52:59 INFO        CactiSRAM estimated 5.645290000000001e-15 with accuracy 80%. Messages:
2024-10-12 20:52:59 INFO        | Unused arguments (n_rdwr_ports, global_cycle_seconds, action_latency_cycles, cycle_seconds, n_instances) provided for ['SRAM', 'sram'].__init__. Arguments used: (width, depth, technology)
2024-10-12 20:52:59 INFO        | Unused arguments (action_latency_cycles, cycle_seconds, technology, n_instances) provided for ['SRAM', 'sram'].leak. Arguments used: (global_cycle_seconds)
2024-10-12 20:52:59 INFO        | Calling CACTI with cache_size=131072 n_rw_ports=1 block_size=8 tech_node_um=0.032 n_banks=1 tag_size=0 associativity=1
2024-10-12 20:52:59 INFO        | Calling CACTI with input path /usr/local/share/accelergy/estimation_plug_ins/accelergy-cacti-plug-in/cacti_inputs_outputs/tmpy2zshl1b
2024-10-12 20:52:59 INFO        | CACTI output will be written to /usr/local/share/accelergy/estimation_plug_ins/accelergy-cacti-plug-in/cacti_inputs_outputs/tmp2fxy_yvs
2024-10-12 20:52:59 INFO        | CACTI executable not found at /usr/local/share/accelergy/estimation_plug_ins/accelergy-cacti-plug-in/cacti/cacti
2024-10-12 20:52:59 INFO        | Calling: cd /usr/local/share/accelergy/estimation_plug_ins/accelergy-cacti-plug-in ; ./cacti -infile /usr/local/share/accelergy/estimation_plug_ins/accelergy-cacti-plug-in/cacti_inputs_outputs/tmpy2zshl1b >> /usr/local/share/accelergy/estimation_plug_ins/accelergy-cacti-plug-in/cacti_inputs_outputs/tmp2fxy_yvs 2>&1
2024-10-12 20:52:59 INFO        | Cache bandwidth: 8.0 bytes/cycle
2024-10-12 20:52:59 INFO        | Cache bandwidth: 49177808513.908104 bits/second
2024-10-12 20:52:59 INFO        | Global cycle time 1e-09 is less than the cache's random cycle time 1.3013999999999999e-09
2024-10-12 20:52:59 INFO        | Multiplying by n_instances 1
2024-10-12 20:52:59 INFO        
2024-10-12 20:52:59 INFO        ENERGY ESTIMATION for intadder(n_bits=14, precision=14, global_cycle_seconds=1e-09, action_latency_cycles=1, cycle_seconds=1e-09, technology=32nm, n_instances=1).leak(global_cycle_seconds=1e-09, action_latency_cycles=1, cycle_seconds=1e-09, technology=32nm, n_instances=1)
2024-10-12 20:52:59 INFO        Neurosim Plug-In estimated 3.124068e-06p with accuracy 70%. Messages:
2024-10-12 20:52:59 INFO        | WARN: Non-numeric 32nm for parameter technology. Using 32 instead.
2024-10-12 20:52:59 INFO        | Multiplying by n_instances 1
2024-10-12 20:52:59 INFO        
2024-10-12 20:52:59 INFO        ENERGY ESTIMATION for SRAM(width=64, depth=16384, n_rdwr_ports=1, global_cycle_seconds=1e-09, action_latency_cycles=1, cycle_seconds=1e-09, technology=32nm, n_instances=1).write(global_cycle_seconds=1e-09, action_latency_cycles=1, cycle_seconds=1e-09, technology=32nm, n_instances=1)
2024-10-12 20:53:01 INFO        CactiSRAM estimated 1.4109500000000001e-11 with accuracy 80%. Messages:
2024-10-12 20:53:01 INFO        | Unused arguments (n_rdwr_ports, global_cycle_seconds, action_latency_cycles, cycle_seconds, n_instances) provided for ['SRAM', 'sram'].__init__. Arguments used: (width, depth, technology)
2024-10-12 20:53:01 INFO        | Unused arguments (global_cycle_seconds, action_latency_cycles, cycle_seconds, technology, n_instances) provided for ['SRAM', 'sram'].write. Arguments used: ()
2024-10-12 20:53:01 INFO        | Calling CACTI with cache_size=131072 n_rw_ports=1 block_size=8 tech_node_um=0.032 n_banks=1 tag_size=0 associativity=1
2024-10-12 20:53:01 INFO        | Calling CACTI with input path /usr/local/share/accelergy/estimation_plug_ins/accelergy-cacti-plug-in/cacti_inputs_outputs/tmp8k0aso0a
2024-10-12 20:53:01 INFO        | CACTI output will be written to /usr/local/share/accelergy/estimation_plug_ins/accelergy-cacti-plug-in/cacti_inputs_outputs/tmps2wd0_12
2024-10-12 20:53:01 INFO        | CACTI executable not found at /usr/local/share/accelergy/estimation_plug_ins/accelergy-cacti-plug-in/cacti/cacti
2024-10-12 20:53:01 INFO        | Calling: cd /usr/local/share/accelergy/estimation_plug_ins/accelergy-cacti-plug-in ; ./cacti -infile /usr/local/share/accelergy/estimation_plug_ins/accelergy-cacti-plug-in/cacti_inputs_outputs/tmp8k0aso0a >> /usr/local/share/accelergy/estimation_plug_ins/accelergy-cacti-plug-in/cacti_inputs_outputs/tmps2wd0_12 2>&1
2024-10-12 20:53:01 INFO        | Cache bandwidth: 8.0 bytes/cycle
2024-10-12 20:53:01 INFO        | Cache bandwidth: 49177808513.908104 bits/second
2024-10-12 20:53:01 INFO        
2024-10-12 20:53:01 INFO        ENERGY ESTIMATION for intadder(n_bits=14, precision=14, global_cycle_seconds=1e-09, action_latency_cycles=1, cycle_seconds=1e-09, technology=32nm, n_instances=1).add(global_cycle_seconds=1e-09, action_latency_cycles=1, cycle_seconds=1e-09, technology=32nm, n_instances=1)
2024-10-12 20:53:01 INFO        Neurosim Plug-In estimated 0.028429009999999998p with accuracy 70%. Messages:
2024-10-12 20:53:01 INFO        | WARN: Non-numeric 32nm for parameter technology. Using 32 instead.
2024-10-12 20:53:01 INFO        
2024-10-12 20:53:01 INFO        ENERGY ESTIMATION for SRAM(width=32, depth=64, n_rdwr_ports=1, global_cycle_seconds=1e-09, action_latency_cycles=1, cycle_seconds=1e-09, technology=32nm, n_instances=1).write(global_cycle_seconds=1e-09, action_latency_cycles=1, cycle_seconds=1e-09, technology=32nm, n_instances=1)
2024-10-12 20:53:01 INFO        CactiSRAM estimated 5.88474e-13 with accuracy 80%. Messages:
2024-10-12 20:53:01 INFO        | Unused arguments (n_rdwr_ports, global_cycle_seconds, action_latency_cycles, cycle_seconds, n_instances) provided for ['SRAM', 'sram'].__init__. Arguments used: (width, depth, technology)
2024-10-12 20:53:01 INFO        | Unused arguments (global_cycle_seconds, action_latency_cycles, cycle_seconds, technology, n_instances) provided for ['SRAM', 'sram'].write. Arguments used: ()
2024-10-12 20:53:01 INFO        | Calling CACTI with cache_size=256 n_rw_ports=1 block_size=4 tech_node_um=0.032 n_banks=1 tag_size=0 associativity=1
2024-10-12 20:53:01 INFO        | Calling CACTI with input path /usr/local/share/accelergy/estimation_plug_ins/accelergy-cacti-plug-in/cacti_inputs_outputs/tmpqzmzhrvq
2024-10-12 20:53:01 INFO        | CACTI output will be written to /usr/local/share/accelergy/estimation_plug_ins/accelergy-cacti-plug-in/cacti_inputs_outputs/tmpxmldl4mv
2024-10-12 20:53:01 INFO        | CACTI executable not found at /usr/local/share/accelergy/estimation_plug_ins/accelergy-cacti-plug-in/cacti/cacti
2024-10-12 20:53:01 INFO        | Calling: cd /usr/local/share/accelergy/estimation_plug_ins/accelergy-cacti-plug-in ; ./cacti -infile /usr/local/share/accelergy/estimation_plug_ins/accelergy-cacti-plug-in/cacti_inputs_outputs/tmpqzmzhrvq >> /usr/local/share/accelergy/estimation_plug_ins/accelergy-cacti-plug-in/cacti_inputs_outputs/tmpxmldl4mv 2>&1
2024-10-12 20:53:01 INFO        | Cache bandwidth: 4.0 bytes/cycle
2024-10-12 20:53:01 INFO        | Cache bandwidth: 85256943112.3047 bits/second
2024-10-12 20:53:01 INFO        
2024-10-12 20:53:01 INFO        ENERGY ESTIMATION for intadder(n_bits=4, precision=4, global_cycle_seconds=1e-09, action_latency_cycles=1, cycle_seconds=1e-09, technology=32nm, n_instances=1).add(global_cycle_seconds=1e-09, action_latency_cycles=1, cycle_seconds=1e-09, technology=32nm, n_instances=1)
2024-10-12 20:53:01 INFO        Neurosim Plug-In estimated 0.008220707p with accuracy 70%. Messages:
2024-10-12 20:53:01 INFO        | WARN: Non-numeric 32nm for parameter technology. Using 32 instead.
2024-10-12 20:53:01 INFO        | Building a crossbar with cell file /usr/local/share/accelergy/estimation_plug_ins/accelergy-neurosim-plugin/cells/placeholder.cell
2024-10-12 20:53:01 INFO        | Neurosim Plugin parsing cell file...
2024-10-12 20:53:01 INFO        | 	Failed to calculate "widthSRAMCellNMOS:". Ignore if this value is not needed.
2024-10-12 20:53:01 INFO        | 		Could not find -SRAMCellNMOSWidth (F): in cell file.
2024-10-12 20:53:01 INFO        | 	Failed to calculate "widthSRAMCellPMOS:". Ignore if this value is not needed.
2024-10-12 20:53:01 INFO        | 		Could not find -SRAMCellPMOSWidth (F): in cell file.
2024-10-12 20:53:01 INFO        | 	Failed to calculate "minSenseVoltage:". Ignore if this value is not needed.
2024-10-12 20:53:01 INFO        | 		Could not find -MinSenseVoltage (mV): in cell file.
2024-10-12 20:53:01 INFO        | 	Failed to calculate "accessTransistorResistance:". Ignore if this value is not needed.
2024-10-12 20:53:01 INFO        | 		Could not find -AccessTransistorResistance (ohm): in cell file.
2024-10-12 20:53:01 INFO        | 	Failed to calculate "WriteVoltage:". Ignore if this value is not needed.
2024-10-12 20:53:01 INFO        | 		Could not find -WriteVoltage (V): in cell file.
2024-10-12 20:53:01 INFO        | 	Failed to calculate "SET_CURRENT". Ignore if this value is not needed.
2024-10-12 20:53:01 INFO        | 		Could not find -SetCurrent (uA): in cell file.
2024-10-12 20:53:01 INFO        | 	Failed to calculate "SET_POWER". Ignore if this value is not needed.
2024-10-12 20:53:01 INFO        | 		Could not find -SetPower (uW): in cell file.
2024-10-12 20:53:01 INFO        | 	Failed to calculate "READ_CURRENT". Ignore if this value is not needed.
2024-10-12 20:53:01 INFO        | 		Could not find -ReadCurrent (uA): in cell file.
2024-10-12 20:53:01 INFO        | 	Failed to calculate "READ_ENERGY". Ignore if this value is not needed.
2024-10-12 20:53:01 INFO        | 		Could not find -ReadEnergy (pJ): in cell file.
2024-10-12 20:53:01 INFO        | 	Failed to calculate "cellCapacitanceMultiplier:". Ignore if this value is not needed.
2024-10-12 20:53:01 INFO        | 		Could not find -CellCapacitanceMultiplier: in cell file.
2024-10-12 20:53:01 INFO        | 	Failed to calculate "cellCapacitanceAdjust:". Ignore if this value is not needed.
2024-10-12 20:53:01 INFO        | 		Could not find -CellCapacitanceAdjust (F): in cell file.
2024-10-12 20:53:01 INFO        | 	Failed to calculate "deviceRoadmap:". Ignore if this value is not needed.
2024-10-12 20:53:01 INFO        | 		Could not find -DeviceRoadmap -1LP 1HP 2LSTP: in cell file.
2024-10-12 20:53:01 INFO        | Running /usr/local/share/accelergy/estimation_plug_ins/accelergy-neurosim-plugin/NeuroSim/main /usr/local/share/accelergy/estimation_plug_ins/accelergy-neurosim-plugin/neurosim_input_27525.cfg
2024-10-12 20:53:01 INFO        | Crossbar minimum latency is 2.344 ns to read 8.0 columns at once.
2024-10-12 20:53:01 INFO        
2024-10-12 20:53:01 INFO        ENERGY ESTIMATION for SRAM(width=32, depth=64, n_rdwr_ports=1, global_cycle_seconds=1e-09, action_latency_cycles=1, cycle_seconds=1e-09, technology=32nm, n_instances=1).read(global_cycle_seconds=1e-09, action_latency_cycles=1, cycle_seconds=1e-09, technology=32nm, n_instances=1)
2024-10-12 20:53:01 INFO        CactiSRAM estimated 3.5030100000000005e-13 with accuracy 80%. Messages:
2024-10-12 20:53:01 INFO        | Unused arguments (n_rdwr_ports, global_cycle_seconds, action_latency_cycles, cycle_seconds, n_instances) provided for ['SRAM', 'sram'].__init__. Arguments used: (width, depth, technology)
2024-10-12 20:53:01 INFO        | Unused arguments (global_cycle_seconds, action_latency_cycles, cycle_seconds, technology, n_instances) provided for ['SRAM', 'sram'].read. Arguments used: ()
2024-10-12 20:53:01 INFO        | Calling CACTI with cache_size=256 n_rw_ports=1 block_size=4 tech_node_um=0.032 n_banks=1 tag_size=0 associativity=1
2024-10-12 20:53:01 INFO        | Calling CACTI with input path /usr/local/share/accelergy/estimation_plug_ins/accelergy-cacti-plug-in/cacti_inputs_outputs/tmpbk6436ov
2024-10-12 20:53:01 INFO        | CACTI output will be written to /usr/local/share/accelergy/estimation_plug_ins/accelergy-cacti-plug-in/cacti_inputs_outputs/tmpnxuoidz5
2024-10-12 20:53:01 INFO        | CACTI executable not found at /usr/local/share/accelergy/estimation_plug_ins/accelergy-cacti-plug-in/cacti/cacti
2024-10-12 20:53:01 INFO        | Calling: cd /usr/local/share/accelergy/estimation_plug_ins/accelergy-cacti-plug-in ; ./cacti -infile /usr/local/share/accelergy/estimation_plug_ins/accelergy-cacti-plug-in/cacti_inputs_outputs/tmpbk6436ov >> /usr/local/share/accelergy/estimation_plug_ins/accelergy-cacti-plug-in/cacti_inputs_outputs/tmpnxuoidz5 2>&1
2024-10-12 20:53:01 INFO        | Cache bandwidth: 4.0 bytes/cycle
2024-10-12 20:53:01 INFO        | Cache bandwidth: 85256943112.3047 bits/second
2024-10-12 20:53:01 INFO        
2024-10-12 20:53:01 INFO        ENERGY ESTIMATION for intadder(n_bits=4, precision=4, global_cycle_seconds=1e-09, action_latency_cycles=1, cycle_seconds=1e-09, technology=32nm, n_instances=1).add(global_cycle_seconds=1e-09, action_latency_cycles=1, cycle_seconds=1e-09, technology=32nm, n_instances=1)
2024-10-12 20:53:01 INFO        Neurosim Plug-In estimated 0.008220707p with accuracy 70%. Messages:
2024-10-12 20:53:01 INFO        | WARN: Non-numeric 32nm for parameter technology. Using 32 instead.
2024-10-12 20:53:01 INFO        
2024-10-12 20:53:01 INFO        ENERGY ESTIMATION for SRAM(width=32, depth=64, n_rdwr_ports=1, global_cycle_seconds=1e-09, action_latency_cycles=1, cycle_seconds=1e-09, technology=32nm, n_instances=1).leak(global_cycle_seconds=1e-09, action_latency_cycles=1, cycle_seconds=1e-09, technology=32nm, n_instances=1)
2024-10-12 20:53:01 INFO        CactiSRAM estimated 2.2557900000000002e-17 with accuracy 80%. Messages:
2024-10-12 20:53:01 INFO        | Unused arguments (n_rdwr_ports, global_cycle_seconds, action_latency_cycles, cycle_seconds, n_instances) provided for ['SRAM', 'sram'].__init__. Arguments used: (width, depth, technology)
2024-10-12 20:53:01 INFO        | Unused arguments (action_latency_cycles, cycle_seconds, technology, n_instances) provided for ['SRAM', 'sram'].leak. Arguments used: (global_cycle_seconds)
2024-10-12 20:53:01 INFO        | Calling CACTI with cache_size=256 n_rw_ports=1 block_size=4 tech_node_um=0.032 n_banks=1 tag_size=0 associativity=1
2024-10-12 20:53:01 INFO        | Calling CACTI with input path /usr/local/share/accelergy/estimation_plug_ins/accelergy-cacti-plug-in/cacti_inputs_outputs/tmpv0wo0byv
2024-10-12 20:53:01 INFO        | CACTI output will be written to /usr/local/share/accelergy/estimation_plug_ins/accelergy-cacti-plug-in/cacti_inputs_outputs/tmpotlyqt45
2024-10-12 20:53:01 INFO        | CACTI executable not found at /usr/local/share/accelergy/estimation_plug_ins/accelergy-cacti-plug-in/cacti/cacti
2024-10-12 20:53:01 INFO        | Calling: cd /usr/local/share/accelergy/estimation_plug_ins/accelergy-cacti-plug-in ; ./cacti -infile /usr/local/share/accelergy/estimation_plug_ins/accelergy-cacti-plug-in/cacti_inputs_outputs/tmpv0wo0byv >> /usr/local/share/accelergy/estimation_plug_ins/accelergy-cacti-plug-in/cacti_inputs_outputs/tmpotlyqt45 2>&1
2024-10-12 20:53:01 INFO        | Cache bandwidth: 4.0 bytes/cycle
2024-10-12 20:53:01 INFO        | Cache bandwidth: 85256943112.3047 bits/second
2024-10-12 20:53:01 INFO        | Multiplying by n_instances 1
2024-10-12 20:53:01 INFO        
2024-10-12 20:53:01 INFO        ENERGY ESTIMATION for intadder(n_bits=4, precision=4, global_cycle_seconds=1e-09, action_latency_cycles=1, cycle_seconds=1e-09, technology=32nm, n_instances=1).leak(global_cycle_seconds=1e-09, action_latency_cycles=1, cycle_seconds=1e-09, technology=32nm, n_instances=1)
2024-10-12 20:53:01 INFO        Neurosim Plug-In estimated 8.925909999999997e-07p with accuracy 70%. Messages:
2024-10-12 20:53:01 INFO        | WARN: Non-numeric 32nm for parameter technology. Using 32 instead.
2024-10-12 20:53:01 INFO        | Multiplying by n_instances 1
2024-10-12 20:53:01 INFO        
2024-10-12 20:53:01 INFO        ENERGY ESTIMATION for SRAM(width=32, depth=64, n_rdwr_ports=1, global_cycle_seconds=1e-09, action_latency_cycles=1, cycle_seconds=1e-09, technology=32nm, n_instances=1).write(global_cycle_seconds=1e-09, action_latency_cycles=1, cycle_seconds=1e-09, technology=32nm, n_instances=1)
2024-10-12 20:53:01 INFO        CactiSRAM estimated 5.88474e-13 with accuracy 80%. Messages:
2024-10-12 20:53:01 INFO        | Unused arguments (n_rdwr_ports, global_cycle_seconds, action_latency_cycles, cycle_seconds, n_instances) provided for ['SRAM', 'sram'].__init__. Arguments used: (width, depth, technology)
2024-10-12 20:53:01 INFO        | Unused arguments (global_cycle_seconds, action_latency_cycles, cycle_seconds, technology, n_instances) provided for ['SRAM', 'sram'].write. Arguments used: ()
2024-10-12 20:53:01 INFO        | Calling CACTI with cache_size=256 n_rw_ports=1 block_size=4 tech_node_um=0.032 n_banks=1 tag_size=0 associativity=1
2024-10-12 20:53:01 INFO        | Calling CACTI with input path /usr/local/share/accelergy/estimation_plug_ins/accelergy-cacti-plug-in/cacti_inputs_outputs/tmplz8zpts3
2024-10-12 20:53:01 INFO        | CACTI output will be written to /usr/local/share/accelergy/estimation_plug_ins/accelergy-cacti-plug-in/cacti_inputs_outputs/tmppjd8x9t_
2024-10-12 20:53:01 INFO        | CACTI executable not found at /usr/local/share/accelergy/estimation_plug_ins/accelergy-cacti-plug-in/cacti/cacti
2024-10-12 20:53:01 INFO        | Calling: cd /usr/local/share/accelergy/estimation_plug_ins/accelergy-cacti-plug-in ; ./cacti -infile /usr/local/share/accelergy/estimation_plug_ins/accelergy-cacti-plug-in/cacti_inputs_outputs/tmplz8zpts3 >> /usr/local/share/accelergy/estimation_plug_ins/accelergy-cacti-plug-in/cacti_inputs_outputs/tmppjd8x9t_ 2>&1
2024-10-12 20:53:01 INFO        | Cache bandwidth: 4.0 bytes/cycle
2024-10-12 20:53:01 INFO        | Cache bandwidth: 85256943112.3047 bits/second
2024-10-12 20:53:01 INFO        
2024-10-12 20:53:01 INFO        ENERGY ESTIMATION for intadder(n_bits=4, precision=4, global_cycle_seconds=1e-09, action_latency_cycles=1, cycle_seconds=1e-09, technology=32nm, n_instances=1).add(global_cycle_seconds=1e-09, action_latency_cycles=1, cycle_seconds=1e-09, technology=32nm, n_instances=1)
2024-10-12 20:53:01 INFO        Neurosim Plug-In estimated 0.008220707p with accuracy 70%. Messages:
2024-10-12 20:53:01 INFO        | WARN: Non-numeric 32nm for parameter technology. Using 32 instead.
2024-10-12 20:53:01 INFO        
2024-10-12 20:53:01 INFO        ENERGY ESTIMATION for SRAM(width=32, depth=192, n_rdwr_ports=1, global_cycle_seconds=1e-09, action_latency_cycles=1, cycle_seconds=1e-09, technology=32nm, n_instances=1).write(global_cycle_seconds=1e-09, action_latency_cycles=1, cycle_seconds=1e-09, technology=32nm, n_instances=1)
2024-10-12 20:53:02 INFO        CactiSRAM estimated 9.074310000000001e-13 with accuracy 80%. Messages:
2024-10-12 20:53:02 INFO        | Unused arguments (n_rdwr_ports, global_cycle_seconds, action_latency_cycles, cycle_seconds, n_instances) provided for ['SRAM', 'sram'].__init__. Arguments used: (width, depth, technology)
2024-10-12 20:53:02 INFO        | Unused arguments (global_cycle_seconds, action_latency_cycles, cycle_seconds, technology, n_instances) provided for ['SRAM', 'sram'].write. Arguments used: ()
2024-10-12 20:53:02 INFO        | Calling CACTI with cache_size=768 n_rw_ports=1 block_size=4 tech_node_um=0.032 n_banks=1 tag_size=0 associativity=1
2024-10-12 20:53:02 INFO        | Calling CACTI with input path /usr/local/share/accelergy/estimation_plug_ins/accelergy-cacti-plug-in/cacti_inputs_outputs/tmpvw4r3xce
2024-10-12 20:53:02 INFO        | CACTI output will be written to /usr/local/share/accelergy/estimation_plug_ins/accelergy-cacti-plug-in/cacti_inputs_outputs/tmp62pjww5j
2024-10-12 20:53:02 INFO        | CACTI executable not found at /usr/local/share/accelergy/estimation_plug_ins/accelergy-cacti-plug-in/cacti/cacti
2024-10-12 20:53:02 INFO        | Calling: cd /usr/local/share/accelergy/estimation_plug_ins/accelergy-cacti-plug-in ; ./cacti -infile /usr/local/share/accelergy/estimation_plug_ins/accelergy-cacti-plug-in/cacti_inputs_outputs/tmpvw4r3xce >> /usr/local/share/accelergy/estimation_plug_ins/accelergy-cacti-plug-in/cacti_inputs_outputs/tmp62pjww5j 2>&1
2024-10-12 20:53:02 INFO        | Cache bandwidth: 4.0 bytes/cycle
2024-10-12 20:53:02 INFO        | Cache bandwidth: 69384215091.06677 bits/second
2024-10-12 20:53:02 INFO        
2024-10-12 20:53:02 INFO        ENERGY ESTIMATION for intadder(n_bits=8, precision=8, global_cycle_seconds=1e-09, action_latency_cycles=1, cycle_seconds=1e-09, technology=32nm, n_instances=1).add(global_cycle_seconds=1e-09, action_latency_cycles=1, cycle_seconds=1e-09, technology=32nm, n_instances=1)
2024-10-12 20:53:02 INFO        Neurosim Plug-In estimated 0.016304029999999997p with accuracy 70%. Messages:
2024-10-12 20:53:02 INFO        | WARN: Non-numeric 32nm for parameter technology. Using 32 instead.
2024-10-12 20:53:02 INFO        | Building a crossbar with cell file /usr/local/share/accelergy/estimation_plug_ins/accelergy-neurosim-plugin/cells/placeholder.cell
2024-10-12 20:53:02 INFO        | Neurosim Plugin parsing cell file...
2024-10-12 20:53:02 INFO        | 	Failed to calculate "widthSRAMCellNMOS:". Ignore if this value is not needed.
2024-10-12 20:53:02 INFO        | 		Could not find -SRAMCellNMOSWidth (F): in cell file.
2024-10-12 20:53:02 INFO        | 	Failed to calculate "widthSRAMCellPMOS:". Ignore if this value is not needed.
2024-10-12 20:53:02 INFO        | 		Could not find -SRAMCellPMOSWidth (F): in cell file.
2024-10-12 20:53:02 INFO        | 	Failed to calculate "minSenseVoltage:". Ignore if this value is not needed.
2024-10-12 20:53:02 INFO        | 		Could not find -MinSenseVoltage (mV): in cell file.
2024-10-12 20:53:02 INFO        | 	Failed to calculate "accessTransistorResistance:". Ignore if this value is not needed.
2024-10-12 20:53:02 INFO        | 		Could not find -AccessTransistorResistance (ohm): in cell file.
2024-10-12 20:53:02 INFO        | 	Failed to calculate "WriteVoltage:". Ignore if this value is not needed.
2024-10-12 20:53:02 INFO        | 		Could not find -WriteVoltage (V): in cell file.
2024-10-12 20:53:02 INFO        | 	Failed to calculate "SET_CURRENT". Ignore if this value is not needed.
2024-10-12 20:53:02 INFO        | 		Could not find -SetCurrent (uA): in cell file.
2024-10-12 20:53:02 INFO        | 	Failed to calculate "SET_POWER". Ignore if this value is not needed.
2024-10-12 20:53:02 INFO        | 		Could not find -SetPower (uW): in cell file.
2024-10-12 20:53:02 INFO        | 	Failed to calculate "READ_CURRENT". Ignore if this value is not needed.
2024-10-12 20:53:02 INFO        | 		Could not find -ReadCurrent (uA): in cell file.
2024-10-12 20:53:02 INFO        | 	Failed to calculate "READ_ENERGY". Ignore if this value is not needed.
2024-10-12 20:53:02 INFO        | 		Could not find -ReadEnergy (pJ): in cell file.
2024-10-12 20:53:02 INFO        | 	Failed to calculate "cellCapacitanceMultiplier:". Ignore if this value is not needed.
2024-10-12 20:53:02 INFO        | 		Could not find -CellCapacitanceMultiplier: in cell file.
2024-10-12 20:53:02 INFO        | 	Failed to calculate "cellCapacitanceAdjust:". Ignore if this value is not needed.
2024-10-12 20:53:02 INFO        | 		Could not find -CellCapacitanceAdjust (F): in cell file.
2024-10-12 20:53:02 INFO        | 	Failed to calculate "deviceRoadmap:". Ignore if this value is not needed.
2024-10-12 20:53:02 INFO        | 		Could not find -DeviceRoadmap -1LP 1HP 2LSTP: in cell file.
2024-10-12 20:53:02 INFO        | Running /usr/local/share/accelergy/estimation_plug_ins/accelergy-neurosim-plugin/NeuroSim/main /usr/local/share/accelergy/estimation_plug_ins/accelergy-neurosim-plugin/neurosim_input_27525.cfg
2024-10-12 20:53:02 INFO        | Crossbar minimum latency is 2.344 ns to read 8.0 columns at once.
2024-10-12 20:53:02 INFO        
2024-10-12 20:53:02 INFO        ENERGY ESTIMATION for SRAM(width=32, depth=192, n_rdwr_ports=1, global_cycle_seconds=1e-09, action_latency_cycles=1, cycle_seconds=1e-09, technology=32nm, n_instances=1).read(global_cycle_seconds=1e-09, action_latency_cycles=1, cycle_seconds=1e-09, technology=32nm, n_instances=1)
2024-10-12 20:53:02 INFO        CactiSRAM estimated 6.16851e-13 with accuracy 80%. Messages:
2024-10-12 20:53:02 INFO        | Unused arguments (n_rdwr_ports, global_cycle_seconds, action_latency_cycles, cycle_seconds, n_instances) provided for ['SRAM', 'sram'].__init__. Arguments used: (width, depth, technology)
2024-10-12 20:53:02 INFO        | Unused arguments (global_cycle_seconds, action_latency_cycles, cycle_seconds, technology, n_instances) provided for ['SRAM', 'sram'].read. Arguments used: ()
2024-10-12 20:53:02 INFO        | Calling CACTI with cache_size=768 n_rw_ports=1 block_size=4 tech_node_um=0.032 n_banks=1 tag_size=0 associativity=1
2024-10-12 20:53:02 INFO        | Calling CACTI with input path /usr/local/share/accelergy/estimation_plug_ins/accelergy-cacti-plug-in/cacti_inputs_outputs/tmpc7b3uq6m
2024-10-12 20:53:02 INFO        | CACTI output will be written to /usr/local/share/accelergy/estimation_plug_ins/accelergy-cacti-plug-in/cacti_inputs_outputs/tmpscgmvbxi
2024-10-12 20:53:02 INFO        | CACTI executable not found at /usr/local/share/accelergy/estimation_plug_ins/accelergy-cacti-plug-in/cacti/cacti
2024-10-12 20:53:02 INFO        | Calling: cd /usr/local/share/accelergy/estimation_plug_ins/accelergy-cacti-plug-in ; ./cacti -infile /usr/local/share/accelergy/estimation_plug_ins/accelergy-cacti-plug-in/cacti_inputs_outputs/tmpc7b3uq6m >> /usr/local/share/accelergy/estimation_plug_ins/accelergy-cacti-plug-in/cacti_inputs_outputs/tmpscgmvbxi 2>&1
2024-10-12 20:53:02 INFO        | Cache bandwidth: 4.0 bytes/cycle
2024-10-12 20:53:02 INFO        | Cache bandwidth: 69384215091.06677 bits/second
2024-10-12 20:53:02 INFO        
2024-10-12 20:53:02 INFO        ENERGY ESTIMATION for intadder(n_bits=8, precision=8, global_cycle_seconds=1e-09, action_latency_cycles=1, cycle_seconds=1e-09, technology=32nm, n_instances=1).add(global_cycle_seconds=1e-09, action_latency_cycles=1, cycle_seconds=1e-09, technology=32nm, n_instances=1)
2024-10-12 20:53:02 INFO        Neurosim Plug-In estimated 0.016304029999999997p with accuracy 70%. Messages:
2024-10-12 20:53:02 INFO        | WARN: Non-numeric 32nm for parameter technology. Using 32 instead.
2024-10-12 20:53:02 INFO        
2024-10-12 20:53:02 INFO        ENERGY ESTIMATION for SRAM(width=32, depth=192, n_rdwr_ports=1, global_cycle_seconds=1e-09, action_latency_cycles=1, cycle_seconds=1e-09, technology=32nm, n_instances=1).leak(global_cycle_seconds=1e-09, action_latency_cycles=1, cycle_seconds=1e-09, technology=32nm, n_instances=1)
2024-10-12 20:53:02 INFO        CactiSRAM estimated 4.8105e-17 with accuracy 80%. Messages:
2024-10-12 20:53:02 INFO        | Unused arguments (n_rdwr_ports, global_cycle_seconds, action_latency_cycles, cycle_seconds, n_instances) provided for ['SRAM', 'sram'].__init__. Arguments used: (width, depth, technology)
2024-10-12 20:53:02 INFO        | Unused arguments (action_latency_cycles, cycle_seconds, technology, n_instances) provided for ['SRAM', 'sram'].leak. Arguments used: (global_cycle_seconds)
2024-10-12 20:53:02 INFO        | Calling CACTI with cache_size=768 n_rw_ports=1 block_size=4 tech_node_um=0.032 n_banks=1 tag_size=0 associativity=1
2024-10-12 20:53:02 INFO        | Calling CACTI with input path /usr/local/share/accelergy/estimation_plug_ins/accelergy-cacti-plug-in/cacti_inputs_outputs/tmpwelcu9lt
2024-10-12 20:53:02 INFO        | CACTI output will be written to /usr/local/share/accelergy/estimation_plug_ins/accelergy-cacti-plug-in/cacti_inputs_outputs/tmp_hv0758v
2024-10-12 20:53:02 INFO        | CACTI executable not found at /usr/local/share/accelergy/estimation_plug_ins/accelergy-cacti-plug-in/cacti/cacti
2024-10-12 20:53:02 INFO        | Calling: cd /usr/local/share/accelergy/estimation_plug_ins/accelergy-cacti-plug-in ; ./cacti -infile /usr/local/share/accelergy/estimation_plug_ins/accelergy-cacti-plug-in/cacti_inputs_outputs/tmpwelcu9lt >> /usr/local/share/accelergy/estimation_plug_ins/accelergy-cacti-plug-in/cacti_inputs_outputs/tmp_hv0758v 2>&1
2024-10-12 20:53:02 INFO        | Cache bandwidth: 4.0 bytes/cycle
2024-10-12 20:53:02 INFO        | Cache bandwidth: 69384215091.06677 bits/second
2024-10-12 20:53:02 INFO        | Multiplying by n_instances 1
2024-10-12 20:53:02 INFO        
2024-10-12 20:53:02 INFO        ENERGY ESTIMATION for intadder(n_bits=8, precision=8, global_cycle_seconds=1e-09, action_latency_cycles=1, cycle_seconds=1e-09, technology=32nm, n_instances=1).leak(global_cycle_seconds=1e-09, action_latency_cycles=1, cycle_seconds=1e-09, technology=32nm, n_instances=1)
2024-10-12 20:53:02 INFO        Neurosim Plug-In estimated 1.7851820000000002e-06p with accuracy 70%. Messages:
2024-10-12 20:53:02 INFO        | WARN: Non-numeric 32nm for parameter technology. Using 32 instead.
2024-10-12 20:53:02 INFO        | Multiplying by n_instances 1
2024-10-12 20:53:02 INFO        
2024-10-12 20:53:02 INFO        ENERGY ESTIMATION for SRAM(width=32, depth=192, n_rdwr_ports=1, global_cycle_seconds=1e-09, action_latency_cycles=1, cycle_seconds=1e-09, technology=32nm, n_instances=1).write(global_cycle_seconds=1e-09, action_latency_cycles=1, cycle_seconds=1e-09, technology=32nm, n_instances=1)
2024-10-12 20:53:02 INFO        CactiSRAM estimated 9.074310000000001e-13 with accuracy 80%. Messages:
2024-10-12 20:53:02 INFO        | Unused arguments (n_rdwr_ports, global_cycle_seconds, action_latency_cycles, cycle_seconds, n_instances) provided for ['SRAM', 'sram'].__init__. Arguments used: (width, depth, technology)
2024-10-12 20:53:02 INFO        | Unused arguments (global_cycle_seconds, action_latency_cycles, cycle_seconds, technology, n_instances) provided for ['SRAM', 'sram'].write. Arguments used: ()
2024-10-12 20:53:02 INFO        | Calling CACTI with cache_size=768 n_rw_ports=1 block_size=4 tech_node_um=0.032 n_banks=1 tag_size=0 associativity=1
2024-10-12 20:53:02 INFO        | Calling CACTI with input path /usr/local/share/accelergy/estimation_plug_ins/accelergy-cacti-plug-in/cacti_inputs_outputs/tmpuknc7xz1
2024-10-12 20:53:02 INFO        | CACTI output will be written to /usr/local/share/accelergy/estimation_plug_ins/accelergy-cacti-plug-in/cacti_inputs_outputs/tmpe9id_xpx
2024-10-12 20:53:02 INFO        | CACTI executable not found at /usr/local/share/accelergy/estimation_plug_ins/accelergy-cacti-plug-in/cacti/cacti
2024-10-12 20:53:02 INFO        | Calling: cd /usr/local/share/accelergy/estimation_plug_ins/accelergy-cacti-plug-in ; ./cacti -infile /usr/local/share/accelergy/estimation_plug_ins/accelergy-cacti-plug-in/cacti_inputs_outputs/tmpuknc7xz1 >> /usr/local/share/accelergy/estimation_plug_ins/accelergy-cacti-plug-in/cacti_inputs_outputs/tmpe9id_xpx 2>&1
2024-10-12 20:53:02 INFO        | Cache bandwidth: 4.0 bytes/cycle
2024-10-12 20:53:02 INFO        | Cache bandwidth: 69384215091.06677 bits/second
2024-10-12 20:53:02 INFO        
2024-10-12 20:53:02 INFO        ENERGY ESTIMATION for intadder(n_bits=8, precision=8, global_cycle_seconds=1e-09, action_latency_cycles=1, cycle_seconds=1e-09, technology=32nm, n_instances=1).add(global_cycle_seconds=1e-09, action_latency_cycles=1, cycle_seconds=1e-09, technology=32nm, n_instances=1)
2024-10-12 20:53:02 INFO        Neurosim Plug-In estimated 0.016304029999999997p with accuracy 70%. Messages:
2024-10-12 20:53:02 INFO        | WARN: Non-numeric 32nm for parameter technology. Using 32 instead.
2024-10-12 20:53:02 INFO        
2024-10-12 20:53:02 INFO        ENERGY ESTIMATION for SRAM(width=32, depth=64, n_rdwr_ports=1, global_cycle_seconds=1e-09, action_latency_cycles=1, cycle_seconds=1e-09, technology=32nm, n_instances=1).write(global_cycle_seconds=1e-09, action_latency_cycles=1, cycle_seconds=1e-09, technology=32nm, n_instances=1)
2024-10-12 20:53:02 INFO        CactiSRAM estimated 5.88474e-13 with accuracy 80%. Messages:
2024-10-12 20:53:02 INFO        | Unused arguments (n_rdwr_ports, global_cycle_seconds, action_latency_cycles, cycle_seconds, n_instances) provided for ['SRAM', 'sram'].__init__. Arguments used: (width, depth, technology)
2024-10-12 20:53:02 INFO        | Unused arguments (global_cycle_seconds, action_latency_cycles, cycle_seconds, technology, n_instances) provided for ['SRAM', 'sram'].write. Arguments used: ()
2024-10-12 20:53:02 INFO        | Calling CACTI with cache_size=256 n_rw_ports=1 block_size=4 tech_node_um=0.032 n_banks=1 tag_size=0 associativity=1
2024-10-12 20:53:02 INFO        | Calling CACTI with input path /usr/local/share/accelergy/estimation_plug_ins/accelergy-cacti-plug-in/cacti_inputs_outputs/tmp7iao0w10
2024-10-12 20:53:02 INFO        | CACTI output will be written to /usr/local/share/accelergy/estimation_plug_ins/accelergy-cacti-plug-in/cacti_inputs_outputs/tmpd7g61ur9
2024-10-12 20:53:02 INFO        | CACTI executable not found at /usr/local/share/accelergy/estimation_plug_ins/accelergy-cacti-plug-in/cacti/cacti
2024-10-12 20:53:02 INFO        | Calling: cd /usr/local/share/accelergy/estimation_plug_ins/accelergy-cacti-plug-in ; ./cacti -infile /usr/local/share/accelergy/estimation_plug_ins/accelergy-cacti-plug-in/cacti_inputs_outputs/tmp7iao0w10 >> /usr/local/share/accelergy/estimation_plug_ins/accelergy-cacti-plug-in/cacti_inputs_outputs/tmpd7g61ur9 2>&1
2024-10-12 20:53:02 INFO        | Cache bandwidth: 4.0 bytes/cycle
2024-10-12 20:53:02 INFO        | Cache bandwidth: 85256943112.3047 bits/second
2024-10-12 20:53:02 INFO        
2024-10-12 20:53:02 INFO        ENERGY ESTIMATION for intadder(n_bits=4, precision=4, global_cycle_seconds=1e-09, action_latency_cycles=1, cycle_seconds=1e-09, technology=32nm, n_instances=1).add(global_cycle_seconds=1e-09, action_latency_cycles=1, cycle_seconds=1e-09, technology=32nm, n_instances=1)
2024-10-12 20:53:02 INFO        Neurosim Plug-In estimated 0.008220707p with accuracy 70%. Messages:
2024-10-12 20:53:02 INFO        | WARN: Non-numeric 32nm for parameter technology. Using 32 instead.
2024-10-12 20:53:02 INFO        
2024-10-12 20:53:02 INFO        ENERGY ESTIMATION for SRAM(width=32, depth=64, n_rdwr_ports=1, global_cycle_seconds=1e-09, action_latency_cycles=1, cycle_seconds=1e-09, technology=32nm, n_instances=1).read(global_cycle_seconds=1e-09, action_latency_cycles=1, cycle_seconds=1e-09, technology=32nm, n_instances=1)
2024-10-12 20:53:03 INFO        CactiSRAM estimated 3.5030100000000005e-13 with accuracy 80%. Messages:
2024-10-12 20:53:03 INFO        | Unused arguments (n_rdwr_ports, global_cycle_seconds, action_latency_cycles, cycle_seconds, n_instances) provided for ['SRAM', 'sram'].__init__. Arguments used: (width, depth, technology)
2024-10-12 20:53:03 INFO        | Unused arguments (global_cycle_seconds, action_latency_cycles, cycle_seconds, technology, n_instances) provided for ['SRAM', 'sram'].read. Arguments used: ()
2024-10-12 20:53:03 INFO        | Calling CACTI with cache_size=256 n_rw_ports=1 block_size=4 tech_node_um=0.032 n_banks=1 tag_size=0 associativity=1
2024-10-12 20:53:03 INFO        | Calling CACTI with input path /usr/local/share/accelergy/estimation_plug_ins/accelergy-cacti-plug-in/cacti_inputs_outputs/tmpzjv33cwv
2024-10-12 20:53:03 INFO        | CACTI output will be written to /usr/local/share/accelergy/estimation_plug_ins/accelergy-cacti-plug-in/cacti_inputs_outputs/tmp_h_76gjn
2024-10-12 20:53:03 INFO        | CACTI executable not found at /usr/local/share/accelergy/estimation_plug_ins/accelergy-cacti-plug-in/cacti/cacti
2024-10-12 20:53:03 INFO        | Calling: cd /usr/local/share/accelergy/estimation_plug_ins/accelergy-cacti-plug-in ; ./cacti -infile /usr/local/share/accelergy/estimation_plug_ins/accelergy-cacti-plug-in/cacti_inputs_outputs/tmpzjv33cwv >> /usr/local/share/accelergy/estimation_plug_ins/accelergy-cacti-plug-in/cacti_inputs_outputs/tmp_h_76gjn 2>&1
2024-10-12 20:53:03 INFO        | Cache bandwidth: 4.0 bytes/cycle
2024-10-12 20:53:03 INFO        | Cache bandwidth: 85256943112.3047 bits/second
2024-10-12 20:53:03 INFO        
2024-10-12 20:53:03 INFO        ENERGY ESTIMATION for intadder(n_bits=4, precision=4, global_cycle_seconds=1e-09, action_latency_cycles=1, cycle_seconds=1e-09, technology=32nm, n_instances=1).add(global_cycle_seconds=1e-09, action_latency_cycles=1, cycle_seconds=1e-09, technology=32nm, n_instances=1)
2024-10-12 20:53:03 INFO        Neurosim Plug-In estimated 0.008220707p with accuracy 70%. Messages:
2024-10-12 20:53:03 INFO        | WARN: Non-numeric 32nm for parameter technology. Using 32 instead.
2024-10-12 20:53:03 INFO        
2024-10-12 20:53:03 INFO        ENERGY ESTIMATION for SRAM(width=32, depth=64, n_rdwr_ports=1, global_cycle_seconds=1e-09, action_latency_cycles=1, cycle_seconds=1e-09, technology=32nm, n_instances=1).leak(global_cycle_seconds=1e-09, action_latency_cycles=1, cycle_seconds=1e-09, technology=32nm, n_instances=1)
2024-10-12 20:53:03 INFO        CactiSRAM estimated 2.2557900000000002e-17 with accuracy 80%. Messages:
2024-10-12 20:53:03 INFO        | Unused arguments (n_rdwr_ports, global_cycle_seconds, action_latency_cycles, cycle_seconds, n_instances) provided for ['SRAM', 'sram'].__init__. Arguments used: (width, depth, technology)
2024-10-12 20:53:03 INFO        | Unused arguments (action_latency_cycles, cycle_seconds, technology, n_instances) provided for ['SRAM', 'sram'].leak. Arguments used: (global_cycle_seconds)
2024-10-12 20:53:03 INFO        | Calling CACTI with cache_size=256 n_rw_ports=1 block_size=4 tech_node_um=0.032 n_banks=1 tag_size=0 associativity=1
2024-10-12 20:53:03 INFO        | Calling CACTI with input path /usr/local/share/accelergy/estimation_plug_ins/accelergy-cacti-plug-in/cacti_inputs_outputs/tmpqu_wi_je
2024-10-12 20:53:03 INFO        | CACTI output will be written to /usr/local/share/accelergy/estimation_plug_ins/accelergy-cacti-plug-in/cacti_inputs_outputs/tmpssnm7blo
2024-10-12 20:53:03 INFO        | CACTI executable not found at /usr/local/share/accelergy/estimation_plug_ins/accelergy-cacti-plug-in/cacti/cacti
2024-10-12 20:53:03 INFO        | Calling: cd /usr/local/share/accelergy/estimation_plug_ins/accelergy-cacti-plug-in ; ./cacti -infile /usr/local/share/accelergy/estimation_plug_ins/accelergy-cacti-plug-in/cacti_inputs_outputs/tmpqu_wi_je >> /usr/local/share/accelergy/estimation_plug_ins/accelergy-cacti-plug-in/cacti_inputs_outputs/tmpssnm7blo 2>&1
2024-10-12 20:53:03 INFO        | Cache bandwidth: 4.0 bytes/cycle
2024-10-12 20:53:03 INFO        | Cache bandwidth: 85256943112.3047 bits/second
2024-10-12 20:53:03 INFO        | Multiplying by n_instances 1
2024-10-12 20:53:03 INFO        
2024-10-12 20:53:03 INFO        ENERGY ESTIMATION for intadder(n_bits=4, precision=4, global_cycle_seconds=1e-09, action_latency_cycles=1, cycle_seconds=1e-09, technology=32nm, n_instances=1).leak(global_cycle_seconds=1e-09, action_latency_cycles=1, cycle_seconds=1e-09, technology=32nm, n_instances=1)
2024-10-12 20:53:03 INFO        Neurosim Plug-In estimated 8.925909999999997e-07p with accuracy 70%. Messages:
2024-10-12 20:53:03 INFO        | WARN: Non-numeric 32nm for parameter technology. Using 32 instead.
2024-10-12 20:53:03 INFO        | Multiplying by n_instances 1
2024-10-12 20:53:03 INFO        
2024-10-12 20:53:03 INFO        ENERGY ESTIMATION for SRAM(width=32, depth=64, n_rdwr_ports=1, global_cycle_seconds=1e-09, action_latency_cycles=1, cycle_seconds=1e-09, technology=32nm, n_instances=1).write(global_cycle_seconds=1e-09, action_latency_cycles=1, cycle_seconds=1e-09, technology=32nm, n_instances=1)
2024-10-12 20:53:03 INFO        CactiSRAM estimated 5.88474e-13 with accuracy 80%. Messages:
2024-10-12 20:53:03 INFO        | Unused arguments (n_rdwr_ports, global_cycle_seconds, action_latency_cycles, cycle_seconds, n_instances) provided for ['SRAM', 'sram'].__init__. Arguments used: (width, depth, technology)
2024-10-12 20:53:03 INFO        | Unused arguments (global_cycle_seconds, action_latency_cycles, cycle_seconds, technology, n_instances) provided for ['SRAM', 'sram'].write. Arguments used: ()
2024-10-12 20:53:03 INFO        | Calling CACTI with cache_size=256 n_rw_ports=1 block_size=4 tech_node_um=0.032 n_banks=1 tag_size=0 associativity=1
2024-10-12 20:53:03 INFO        | Calling CACTI with input path /usr/local/share/accelergy/estimation_plug_ins/accelergy-cacti-plug-in/cacti_inputs_outputs/tmpf9rn1amm
2024-10-12 20:53:03 INFO        | CACTI output will be written to /usr/local/share/accelergy/estimation_plug_ins/accelergy-cacti-plug-in/cacti_inputs_outputs/tmp84cugro4
2024-10-12 20:53:03 INFO        | CACTI executable not found at /usr/local/share/accelergy/estimation_plug_ins/accelergy-cacti-plug-in/cacti/cacti
2024-10-12 20:53:03 INFO        | Calling: cd /usr/local/share/accelergy/estimation_plug_ins/accelergy-cacti-plug-in ; ./cacti -infile /usr/local/share/accelergy/estimation_plug_ins/accelergy-cacti-plug-in/cacti_inputs_outputs/tmpf9rn1amm >> /usr/local/share/accelergy/estimation_plug_ins/accelergy-cacti-plug-in/cacti_inputs_outputs/tmp84cugro4 2>&1
2024-10-12 20:53:03 INFO        | Cache bandwidth: 4.0 bytes/cycle
2024-10-12 20:53:03 INFO        | Cache bandwidth: 85256943112.3047 bits/second
2024-10-12 20:53:03 INFO        
2024-10-12 20:53:03 INFO        ENERGY ESTIMATION for intadder(n_bits=4, precision=4, global_cycle_seconds=1e-09, action_latency_cycles=1, cycle_seconds=1e-09, technology=32nm, n_instances=1).add(global_cycle_seconds=1e-09, action_latency_cycles=1, cycle_seconds=1e-09, technology=32nm, n_instances=1)
2024-10-12 20:53:03 INFO        Neurosim Plug-In estimated 0.008220707p with accuracy 70%. Messages:
2024-10-12 20:53:03 INFO        | WARN: Non-numeric 32nm for parameter technology. Using 32 instead.
2024-10-12 20:53:03 INFO        
2024-10-12 20:53:03 INFO        ENERGY ESTIMATION for aladdin_adder(width=16, global_cycle_seconds=1e-09, action_latency_cycles=1, cycle_seconds=1e-09, technology=32nm, n_instances=1).read(global_cycle_seconds=1e-09, action_latency_cycles=1, cycle_seconds=1e-09, technology=32nm, n_instances=1)
2024-10-12 20:53:03 INFO        Library estimated 0.06923072927188248p with accuracy 90%. Messages:
2024-10-12 20:53:03 INFO        | Found 1 entries for aladdin_adder.read.
2024-10-12 20:53:03 INFO        | Checking entry "{'technology': '45nm', 'global_cycle_seconds': '1e-9', 'width|datawidth': '32', 'energy': '0.21', 'area': '2.78E+02', 'action': 'read', 'name': 'aladdin_adder', 'n_instances': 1}
2024-10-12 20:53:03 INFO        | value=0.21, matching_attrs=2, log=['Scaling width from 32 to 16', 'Scaling global_cycle_seconds from 1e-9 to 1e-09', 'Scaling technology from 45nm to 32nm', 'Scaled aladdin_adder.width from 32.0 to 16.0: 0.5x energy', 'Scaled aladdin_adder.global_cycle_seconds from 1e-09 to 1e-09: 1x energy', 'Scaled aladdin_adder.technology from 45.0 to 32.0: 0.6593402787798331x energy', 'aladdin_adder energy has been scaled 0.32967013938991657x']
2024-10-12 20:53:03 INFO        | Best-matching entry: {'technology': '45nm', 'global_cycle_seconds': '1e-9', 'width|datawidth': '32', 'energy': '0.21', 'area': '2.78E+02', 'action': 'read', 'name': 'aladdin_adder', 'n_instances': 1}
2024-10-12 20:53:03 INFO        | Scaling width from 32 to 16
2024-10-12 20:53:03 INFO        | Scaling global_cycle_seconds from 1e-9 to 1e-09
2024-10-12 20:53:03 INFO        | Scaling technology from 45nm to 32nm
2024-10-12 20:53:03 INFO        | Scaled aladdin_adder.width from 32.0 to 16.0: 0.5x energy
2024-10-12 20:53:03 INFO        | Scaled aladdin_adder.global_cycle_seconds from 1e-09 to 1e-09: 1x energy
2024-10-12 20:53:03 INFO        | Scaled aladdin_adder.technology from 45.0 to 32.0: 0.6593402787798331x energy
2024-10-12 20:53:03 INFO        | aladdin_adder energy has been scaled 0.32967013938991657x
2024-10-12 20:53:03 INFO        
2024-10-12 20:53:03 INFO        ENERGY ESTIMATION for aladdin_adder(width_a=8, width_b=8, global_cycle_seconds=1e-09, action_latency_cycles=1, cycle_seconds=1e-09, technology=32nm, n_instances=1).read(global_cycle_seconds=1e-09, action_latency_cycles=1, cycle_seconds=1e-09, technology=32nm, n_instances=1)
2024-10-12 20:53:03 INFO        Library estimated 0.13846145854376496p with accuracy 90%. Messages:
2024-10-12 20:53:03 INFO        | Found 1 entries for aladdin_adder.read.
2024-10-12 20:53:03 INFO        | Checking entry "{'technology': '45nm', 'global_cycle_seconds': '1e-9', 'width|datawidth': '32', 'energy': '0.21', 'area': '2.78E+02', 'action': 'read', 'name': 'aladdin_adder', 'n_instances': 1}
2024-10-12 20:53:03 INFO        | value=0.21, matching_attrs=2, log=['Scaling global_cycle_seconds from 1e-9 to 1e-09', 'Scaling technology from 45nm to 32nm', 'Scaled aladdin_adder.global_cycle_seconds from 1e-09 to 1e-09: 1x energy', 'Scaled aladdin_adder.technology from 45.0 to 32.0: 0.6593402787798331x energy', 'aladdin_adder energy has been scaled 0.6593402787798331x']
2024-10-12 20:53:03 INFO        | Best-matching entry: {'technology': '45nm', 'global_cycle_seconds': '1e-9', 'width|datawidth': '32', 'energy': '0.21', 'area': '2.78E+02', 'action': 'read', 'name': 'aladdin_adder', 'n_instances': 1}
2024-10-12 20:53:03 INFO        | Scaling global_cycle_seconds from 1e-9 to 1e-09
2024-10-12 20:53:03 INFO        | Scaling technology from 45nm to 32nm
2024-10-12 20:53:03 INFO        | Scaled aladdin_adder.global_cycle_seconds from 1e-09 to 1e-09: 1x energy
2024-10-12 20:53:03 INFO        | Scaled aladdin_adder.technology from 45.0 to 32.0: 0.6593402787798331x energy
2024-10-12 20:53:03 INFO        | aladdin_adder energy has been scaled 0.6593402787798331x
2024-10-12 20:53:03 INFO        
2024-10-12 20:53:03 INFO        ENERGY ESTIMATION for aladdin_adder(width=16, global_cycle_seconds=1e-09, action_latency_cycles=1, cycle_seconds=1e-09, technology=32nm, n_instances=1).leak(global_cycle_seconds=1e-09, action_latency_cycles=1, cycle_seconds=1e-09, technology=32nm, n_instances=1)
2024-10-12 20:53:03 INFO        Library estimated 0.0007912083345357997p with accuracy 90%. Messages:
2024-10-12 20:53:03 INFO        | Found 1 entries for aladdin_adder.leak.
2024-10-12 20:53:03 INFO        | Checking entry "{'technology': '45nm', 'global_cycle_seconds': '1e-9', 'width|datawidth': '32', 'energy': '0.0024', 'area': '2.78E+02', 'action': 'leak', 'name': 'aladdin_adder', 'n_instances': 1}
2024-10-12 20:53:03 INFO        | value=0.0024, matching_attrs=2, log=['Scaling width from 32 to 16', 'Scaling global_cycle_seconds from 1e-9 to 1e-09', 'Scaling technology from 45nm to 32nm', 'Scaled aladdin_adder.width from 32.0 to 16.0: 0.5x leak', 'Scaled aladdin_adder.global_cycle_seconds from 1e-09 to 1e-09: 1.0x leak', 'Scaled aladdin_adder.technology from 45.0 to 32.0: 0.6593402787798331x leak', 'aladdin_adder leak has been scaled 0.32967013938991657x']
2024-10-12 20:53:03 INFO        | Best-matching entry: {'technology': '45nm', 'global_cycle_seconds': '1e-9', 'width|datawidth': '32', 'energy': '0.0024', 'area': '2.78E+02', 'action': 'leak', 'name': 'aladdin_adder', 'n_instances': 1}
2024-10-12 20:53:03 INFO        | Scaling width from 32 to 16
2024-10-12 20:53:03 INFO        | Scaling global_cycle_seconds from 1e-9 to 1e-09
2024-10-12 20:53:03 INFO        | Scaling technology from 45nm to 32nm
2024-10-12 20:53:03 INFO        | Scaled aladdin_adder.width from 32.0 to 16.0: 0.5x leak
2024-10-12 20:53:03 INFO        | Scaled aladdin_adder.global_cycle_seconds from 1e-09 to 1e-09: 1.0x leak
2024-10-12 20:53:03 INFO        | Scaled aladdin_adder.technology from 45.0 to 32.0: 0.6593402787798331x leak
2024-10-12 20:53:03 INFO        | aladdin_adder leak has been scaled 0.32967013938991657x
2024-10-12 20:53:03 INFO        | Multiplying by n_instances 1
2024-10-12 20:53:03 INFO        
2024-10-12 20:53:03 INFO        ENERGY ESTIMATION for aladdin_adder(width_a=8, width_b=8, global_cycle_seconds=1e-09, action_latency_cycles=1, cycle_seconds=1e-09, technology=32nm, n_instances=1).leak(global_cycle_seconds=1e-09, action_latency_cycles=1, cycle_seconds=1e-09, technology=32nm, n_instances=1)
2024-10-12 20:53:03 INFO        Library estimated 0.0015824166690715995p with accuracy 90%. Messages:
2024-10-12 20:53:03 INFO        | Found 1 entries for aladdin_adder.leak.
2024-10-12 20:53:03 INFO        | Checking entry "{'technology': '45nm', 'global_cycle_seconds': '1e-9', 'width|datawidth': '32', 'energy': '0.0024', 'area': '2.78E+02', 'action': 'leak', 'name': 'aladdin_adder', 'n_instances': 1}
2024-10-12 20:53:03 INFO        | value=0.0024, matching_attrs=2, log=['Scaling global_cycle_seconds from 1e-9 to 1e-09', 'Scaling technology from 45nm to 32nm', 'Scaled aladdin_adder.global_cycle_seconds from 1e-09 to 1e-09: 1.0x leak', 'Scaled aladdin_adder.technology from 45.0 to 32.0: 0.6593402787798331x leak', 'aladdin_adder leak has been scaled 0.6593402787798331x']
2024-10-12 20:53:03 INFO        | Best-matching entry: {'technology': '45nm', 'global_cycle_seconds': '1e-9', 'width|datawidth': '32', 'energy': '0.0024', 'area': '2.78E+02', 'action': 'leak', 'name': 'aladdin_adder', 'n_instances': 1}
2024-10-12 20:53:03 INFO        | Scaling global_cycle_seconds from 1e-9 to 1e-09
2024-10-12 20:53:03 INFO        | Scaling technology from 45nm to 32nm
2024-10-12 20:53:03 INFO        | Scaled aladdin_adder.global_cycle_seconds from 1e-09 to 1e-09: 1.0x leak
2024-10-12 20:53:03 INFO        | Scaled aladdin_adder.technology from 45.0 to 32.0: 0.6593402787798331x leak
2024-10-12 20:53:03 INFO        | aladdin_adder leak has been scaled 0.6593402787798331x
2024-10-12 20:53:03 INFO        | Multiplying by n_instances 1
2024-10-12 20:53:03 WARNING     No action counts are specified as yaml input
2024-10-12 20:53:03 INFO        
2024-10-12 20:53:03 INFO        AREA ESTIMATION for DRAM(type=LPDDR4, width=64, datawidth=8, has_power_gating=False, n_banks=2, cluster_size=1, reduction_supported=True, multiple_buffering=1, min_utilization=0, allow_overbooking=False, meshX=1, meshY=1, technology=32nm, global_cycle_seconds=1e-09, version=0.4, action_latency_cycles=1, cycle_seconds=1e-09, n_instances=1)
2024-10-12 20:53:03 INFO        CactiDRAM estimated 0 with accuracy 80%. Messages:
2024-10-12 20:53:03 INFO        | Unused arguments (datawidth, has_power_gating, n_banks, cluster_size, reduction_supported, multiple_buffering, min_utilization, allow_overbooking, meshX, meshY, technology, global_cycle_seconds, version, action_latency_cycles, cycle_seconds, n_instances) provided for ['DRAM', 'dram'].__init__. Arguments used: (type, width)
2024-10-12 20:53:03 INFO        | Multiplying by n_instances 1
2024-10-12 20:53:03 INFO        
2024-10-12 20:53:03 INFO        AREA ESTIMATION for dummy_storage(width=1, depth=1, datawidth=1, technology=-1, has_power_gating=False, n_banks=2, cluster_size=1, reduction_supported=True, multiple_buffering=1, min_utilization=0, allow_overbooking=False, meshX=1, meshY=1, global_cycle_seconds=1e-09, version=0.4, action_latency_cycles=1, cycle_seconds=1e-09, n_instances=1)
2024-10-12 20:53:03 INFO        dummy estimated 1u^2 with accuracy 100%. Messages:
2024-10-12 20:53:03 INFO        | Multiplying by n_instances 1
2024-10-12 20:53:03 INFO        
2024-10-12 20:53:03 INFO        AREA ESTIMATION for dummy_storage(width=1, depth=1, datawidth=1, technology=-1, has_power_gating=False, n_banks=2, cluster_size=1, reduction_supported=True, multiple_buffering=1, min_utilization=0, allow_overbooking=False, meshX=30, meshY=1, global_cycle_seconds=1e-09, version=0.4, action_latency_cycles=1, cycle_seconds=1e-09, n_instances=1)
2024-10-12 20:53:03 INFO        dummy estimated 1u^2 with accuracy 100%. Messages:
2024-10-12 20:53:03 INFO        | Multiplying by n_instances 1
2024-10-12 20:53:03 INFO        
2024-10-12 20:53:03 INFO        AREA ESTIMATION for SRAM(width=64, depth=16384, n_rdwr_ports=1, global_cycle_seconds=1e-09, action_latency_cycles=1, cycle_seconds=1e-09, technology=32nm, n_instances=1)
2024-10-12 20:53:05 INFO        CactiSRAM estimated 2.17281e-07 with accuracy 80%. Messages:
2024-10-12 20:53:05 INFO        | Unused arguments (n_rdwr_ports, global_cycle_seconds, action_latency_cycles, cycle_seconds, n_instances) provided for ['SRAM', 'sram'].__init__. Arguments used: (width, depth, technology)
2024-10-12 20:53:05 INFO        | Calling CACTI with cache_size=131072 n_rw_ports=1 block_size=8 tech_node_um=0.032 n_banks=1 tag_size=0 associativity=1
2024-10-12 20:53:05 INFO        | Calling CACTI with input path /usr/local/share/accelergy/estimation_plug_ins/accelergy-cacti-plug-in/cacti_inputs_outputs/tmp36mh6mlq
2024-10-12 20:53:05 INFO        | CACTI output will be written to /usr/local/share/accelergy/estimation_plug_ins/accelergy-cacti-plug-in/cacti_inputs_outputs/tmp7dusqzl1
2024-10-12 20:53:05 INFO        | CACTI executable not found at /usr/local/share/accelergy/estimation_plug_ins/accelergy-cacti-plug-in/cacti/cacti
2024-10-12 20:53:05 INFO        | Calling: cd /usr/local/share/accelergy/estimation_plug_ins/accelergy-cacti-plug-in ; ./cacti -infile /usr/local/share/accelergy/estimation_plug_ins/accelergy-cacti-plug-in/cacti_inputs_outputs/tmp36mh6mlq >> /usr/local/share/accelergy/estimation_plug_ins/accelergy-cacti-plug-in/cacti_inputs_outputs/tmp7dusqzl1 2>&1
2024-10-12 20:53:05 INFO        | Cache bandwidth: 8.0 bytes/cycle
2024-10-12 20:53:05 INFO        | Cache bandwidth: 49177808513.908104 bits/second
2024-10-12 20:53:05 INFO        | Multiplying by n_instances 1
2024-10-12 20:53:05 INFO        
2024-10-12 20:53:05 INFO        AREA ESTIMATION for intadder(n_bits=14, precision=14, global_cycle_seconds=1e-09, action_latency_cycles=1, cycle_seconds=1e-09, technology=32nm, n_instances=1)
2024-10-12 20:53:05 INFO        Neurosim Plug-In estimated 41.18446u^2 with accuracy 70%. Messages:
2024-10-12 20:53:05 INFO        | WARN: Non-numeric 32nm for parameter technology. Using 32 instead.
2024-10-12 20:53:05 INFO        | Multiplying by n_instances 1
2024-10-12 20:53:05 INFO        
2024-10-12 20:53:05 INFO        AREA ESTIMATION for SRAM(width=32, depth=64, n_rdwr_ports=1, global_cycle_seconds=1e-09, action_latency_cycles=1, cycle_seconds=1e-09, technology=32nm, n_instances=1)
2024-10-12 20:53:05 INFO        CactiSRAM estimated 5.36416e-10 with accuracy 80%. Messages:
2024-10-12 20:53:05 INFO        | Unused arguments (n_rdwr_ports, global_cycle_seconds, action_latency_cycles, cycle_seconds, n_instances) provided for ['SRAM', 'sram'].__init__. Arguments used: (width, depth, technology)
2024-10-12 20:53:05 INFO        | Calling CACTI with cache_size=256 n_rw_ports=1 block_size=4 tech_node_um=0.032 n_banks=1 tag_size=0 associativity=1
2024-10-12 20:53:05 INFO        | Calling CACTI with input path /usr/local/share/accelergy/estimation_plug_ins/accelergy-cacti-plug-in/cacti_inputs_outputs/tmpmll2nmga
2024-10-12 20:53:05 INFO        | CACTI output will be written to /usr/local/share/accelergy/estimation_plug_ins/accelergy-cacti-plug-in/cacti_inputs_outputs/tmpvofl4dkb
2024-10-12 20:53:05 INFO        | CACTI executable not found at /usr/local/share/accelergy/estimation_plug_ins/accelergy-cacti-plug-in/cacti/cacti
2024-10-12 20:53:05 INFO        | Calling: cd /usr/local/share/accelergy/estimation_plug_ins/accelergy-cacti-plug-in ; ./cacti -infile /usr/local/share/accelergy/estimation_plug_ins/accelergy-cacti-plug-in/cacti_inputs_outputs/tmpmll2nmga >> /usr/local/share/accelergy/estimation_plug_ins/accelergy-cacti-plug-in/cacti_inputs_outputs/tmpvofl4dkb 2>&1
2024-10-12 20:53:05 INFO        | Cache bandwidth: 4.0 bytes/cycle
2024-10-12 20:53:05 INFO        | Cache bandwidth: 85256943112.3047 bits/second
2024-10-12 20:53:05 INFO        | Multiplying by n_instances 1
2024-10-12 20:53:05 INFO        
2024-10-12 20:53:05 INFO        AREA ESTIMATION for intadder(n_bits=4, precision=4, global_cycle_seconds=1e-09, action_latency_cycles=1, cycle_seconds=1e-09, technology=32nm, n_instances=1)
2024-10-12 20:53:05 INFO        Neurosim Plug-In estimated 11.766989999999998u^2 with accuracy 70%. Messages:
2024-10-12 20:53:05 INFO        | WARN: Non-numeric 32nm for parameter technology. Using 32 instead.
2024-10-12 20:53:05 INFO        | Multiplying by n_instances 1
2024-10-12 20:53:05 INFO        
2024-10-12 20:53:05 INFO        AREA ESTIMATION for SRAM(width=32, depth=192, n_rdwr_ports=1, global_cycle_seconds=1e-09, action_latency_cycles=1, cycle_seconds=1e-09, technology=32nm, n_instances=1)
2024-10-12 20:53:05 INFO        CactiSRAM estimated 1.3549099999999998e-09 with accuracy 80%. Messages:
2024-10-12 20:53:05 INFO        | Unused arguments (n_rdwr_ports, global_cycle_seconds, action_latency_cycles, cycle_seconds, n_instances) provided for ['SRAM', 'sram'].__init__. Arguments used: (width, depth, technology)
2024-10-12 20:53:05 INFO        | Calling CACTI with cache_size=768 n_rw_ports=1 block_size=4 tech_node_um=0.032 n_banks=1 tag_size=0 associativity=1
2024-10-12 20:53:05 INFO        | Calling CACTI with input path /usr/local/share/accelergy/estimation_plug_ins/accelergy-cacti-plug-in/cacti_inputs_outputs/tmpqbda1em6
2024-10-12 20:53:05 INFO        | CACTI output will be written to /usr/local/share/accelergy/estimation_plug_ins/accelergy-cacti-plug-in/cacti_inputs_outputs/tmpg464p2qh
2024-10-12 20:53:05 INFO        | CACTI executable not found at /usr/local/share/accelergy/estimation_plug_ins/accelergy-cacti-plug-in/cacti/cacti
2024-10-12 20:53:05 INFO        | Calling: cd /usr/local/share/accelergy/estimation_plug_ins/accelergy-cacti-plug-in ; ./cacti -infile /usr/local/share/accelergy/estimation_plug_ins/accelergy-cacti-plug-in/cacti_inputs_outputs/tmpqbda1em6 >> /usr/local/share/accelergy/estimation_plug_ins/accelergy-cacti-plug-in/cacti_inputs_outputs/tmpg464p2qh 2>&1
2024-10-12 20:53:05 INFO        | Cache bandwidth: 4.0 bytes/cycle
2024-10-12 20:53:05 INFO        | Cache bandwidth: 69384215091.06677 bits/second
2024-10-12 20:53:05 INFO        | Multiplying by n_instances 1
2024-10-12 20:53:05 INFO        
2024-10-12 20:53:05 INFO        AREA ESTIMATION for intadder(n_bits=8, precision=8, global_cycle_seconds=1e-09, action_latency_cycles=1, cycle_seconds=1e-09, technology=32nm, n_instances=1)
2024-10-12 20:53:05 INFO        Neurosim Plug-In estimated 23.533979999999996u^2 with accuracy 70%. Messages:
2024-10-12 20:53:05 INFO        | WARN: Non-numeric 32nm for parameter technology. Using 32 instead.
2024-10-12 20:53:05 INFO        | Multiplying by n_instances 1
2024-10-12 20:53:05 INFO        
2024-10-12 20:53:05 INFO        AREA ESTIMATION for SRAM(width=32, depth=64, n_rdwr_ports=1, global_cycle_seconds=1e-09, action_latency_cycles=1, cycle_seconds=1e-09, technology=32nm, n_instances=1)
2024-10-12 20:53:05 INFO        CactiSRAM estimated 5.36416e-10 with accuracy 80%. Messages:
2024-10-12 20:53:05 INFO        | Unused arguments (n_rdwr_ports, global_cycle_seconds, action_latency_cycles, cycle_seconds, n_instances) provided for ['SRAM', 'sram'].__init__. Arguments used: (width, depth, technology)
2024-10-12 20:53:05 INFO        | Calling CACTI with cache_size=256 n_rw_ports=1 block_size=4 tech_node_um=0.032 n_banks=1 tag_size=0 associativity=1
2024-10-12 20:53:05 INFO        | Calling CACTI with input path /usr/local/share/accelergy/estimation_plug_ins/accelergy-cacti-plug-in/cacti_inputs_outputs/tmp6sln9h0x
2024-10-12 20:53:05 INFO        | CACTI output will be written to /usr/local/share/accelergy/estimation_plug_ins/accelergy-cacti-plug-in/cacti_inputs_outputs/tmpsejkfj5q
2024-10-12 20:53:05 INFO        | CACTI executable not found at /usr/local/share/accelergy/estimation_plug_ins/accelergy-cacti-plug-in/cacti/cacti
2024-10-12 20:53:05 INFO        | Calling: cd /usr/local/share/accelergy/estimation_plug_ins/accelergy-cacti-plug-in ; ./cacti -infile /usr/local/share/accelergy/estimation_plug_ins/accelergy-cacti-plug-in/cacti_inputs_outputs/tmp6sln9h0x >> /usr/local/share/accelergy/estimation_plug_ins/accelergy-cacti-plug-in/cacti_inputs_outputs/tmpsejkfj5q 2>&1
2024-10-12 20:53:05 INFO        | Cache bandwidth: 4.0 bytes/cycle
2024-10-12 20:53:05 INFO        | Cache bandwidth: 85256943112.3047 bits/second
2024-10-12 20:53:05 INFO        | Multiplying by n_instances 1
2024-10-12 20:53:05 INFO        
2024-10-12 20:53:05 INFO        AREA ESTIMATION for intadder(n_bits=4, precision=4, global_cycle_seconds=1e-09, action_latency_cycles=1, cycle_seconds=1e-09, technology=32nm, n_instances=1)
2024-10-12 20:53:05 INFO        Neurosim Plug-In estimated 11.766989999999998u^2 with accuracy 70%. Messages:
2024-10-12 20:53:05 INFO        | WARN: Non-numeric 32nm for parameter technology. Using 32 instead.
2024-10-12 20:53:05 INFO        | Multiplying by n_instances 1
2024-10-12 20:53:05 INFO        
2024-10-12 20:53:05 INFO        AREA ESTIMATION for aladdin_adder(width=16, global_cycle_seconds=1e-09, action_latency_cycles=1, cycle_seconds=1e-09, technology=32nm, n_instances=1)
2024-10-12 20:53:05 INFO        Library estimated 63.940000000000005u^2 with accuracy 90%. Messages:
2024-10-12 20:53:05 INFO        | Found 5 entries for aladdin_adder.
2024-10-12 20:53:05 INFO        | Checking entry "{'technology': '45nm', 'global_cycle_seconds': '1e-9', 'width|datawidth': '32', 'energy': '0.21', 'area': '2.78E+02', 'action': 'add', 'name': 'aladdin_adder', 'n_instances': 1}
2024-10-12 20:53:05 INFO        | value=278.0, matching_attrs=2, log=['Scaling width from 32 to 16', 'Scaling global_cycle_seconds from 1e-9 to 1e-09', 'Scaling technology from 45nm to 32nm', 'Scaled aladdin_adder.width from 32.0 to 16.0: 0.5x area', 'Scaled aladdin_adder.global_cycle_seconds from 1e-09 to 1e-09: 1x area', 'Scaled aladdin_adder.technology from 45.0 to 32.0: 0.46x area', 'aladdin_adder area has been scaled 0.23x']
2024-10-12 20:53:05 INFO        | Checking entry "{'technology': '45nm', 'global_cycle_seconds': '1e-9', 'width|datawidth': '32', 'energy': '0.21', 'area': '2.78E+02', 'action': 'read', 'name': 'aladdin_adder', 'n_instances': 1}
2024-10-12 20:53:05 INFO        | value=278.0, matching_attrs=2, log=['Scaling width from 32 to 16', 'Scaling global_cycle_seconds from 1e-9 to 1e-09', 'Scaling technology from 45nm to 32nm', 'Scaled aladdin_adder.width from 32.0 to 16.0: 0.5x area', 'Scaled aladdin_adder.global_cycle_seconds from 1e-09 to 1e-09: 1x area', 'Scaled aladdin_adder.technology from 45.0 to 32.0: 0.46x area', 'aladdin_adder area has been scaled 0.23x']
2024-10-12 20:53:05 INFO        | Checking entry "{'technology': '45nm', 'global_cycle_seconds': '1e-9', 'width|datawidth': '32', 'energy': '0.0024', 'area': '2.78E+02', 'action': 'leak', 'name': 'aladdin_adder', 'n_instances': 1}
2024-10-12 20:53:05 INFO        | value=278.0, matching_attrs=2, log=['Scaling width from 32 to 16', 'Scaling global_cycle_seconds from 1e-9 to 1e-09', 'Scaling technology from 45nm to 32nm', 'Scaled aladdin_adder.width from 32.0 to 16.0: 0.5x area', 'Scaled aladdin_adder.global_cycle_seconds from 1e-09 to 1e-09: 1x area', 'Scaled aladdin_adder.technology from 45.0 to 32.0: 0.46x area', 'aladdin_adder area has been scaled 0.23x']
2024-10-12 20:53:05 INFO        | Checking entry "{'technology': '45nm', 'global_cycle_seconds': '1e-9', 'width|datawidth': '32', 'energy': '0', 'area': '2.78E+02', 'action': 'update', 'name': 'aladdin_adder', 'n_instances': 1}
2024-10-12 20:53:05 INFO        | value=278.0, matching_attrs=2, log=['Scaling width from 32 to 16', 'Scaling global_cycle_seconds from 1e-9 to 1e-09', 'Scaling technology from 45nm to 32nm', 'Scaled aladdin_adder.width from 32.0 to 16.0: 0.5x area', 'Scaled aladdin_adder.global_cycle_seconds from 1e-09 to 1e-09: 1x area', 'Scaled aladdin_adder.technology from 45.0 to 32.0: 0.46x area', 'aladdin_adder area has been scaled 0.23x']
2024-10-12 20:53:05 INFO        | Checking entry "{'technology': '45nm', 'global_cycle_seconds': '1e-9', 'width|datawidth': '32', 'energy': '0', 'area': '2.78E+02', 'action': 'write', 'name': 'aladdin_adder', 'n_instances': 1}
2024-10-12 20:53:05 INFO        | value=278.0, matching_attrs=2, log=['Scaling width from 32 to 16', 'Scaling global_cycle_seconds from 1e-9 to 1e-09', 'Scaling technology from 45nm to 32nm', 'Scaled aladdin_adder.width from 32.0 to 16.0: 0.5x area', 'Scaled aladdin_adder.global_cycle_seconds from 1e-09 to 1e-09: 1x area', 'Scaled aladdin_adder.technology from 45.0 to 32.0: 0.46x area', 'aladdin_adder area has been scaled 0.23x']
2024-10-12 20:53:05 INFO        | Best-matching entry: {'technology': '45nm', 'global_cycle_seconds': '1e-9', 'width|datawidth': '32', 'energy': '0.21', 'area': '2.78E+02', 'action': 'add', 'name': 'aladdin_adder', 'n_instances': 1}
2024-10-12 20:53:05 INFO        | Scaling width from 32 to 16
2024-10-12 20:53:05 INFO        | Scaling global_cycle_seconds from 1e-9 to 1e-09
2024-10-12 20:53:05 INFO        | Scaling technology from 45nm to 32nm
2024-10-12 20:53:05 INFO        | Scaled aladdin_adder.width from 32.0 to 16.0: 0.5x area
2024-10-12 20:53:05 INFO        | Scaled aladdin_adder.global_cycle_seconds from 1e-09 to 1e-09: 1x area
2024-10-12 20:53:05 INFO        | Scaled aladdin_adder.technology from 45.0 to 32.0: 0.46x area
2024-10-12 20:53:05 INFO        | aladdin_adder area has been scaled 0.23x
2024-10-12 20:53:05 INFO        | Multiplying by n_instances 1
2024-10-12 20:53:05 INFO        
2024-10-12 20:53:05 INFO        AREA ESTIMATION for aladdin_adder(width_a=8, width_b=8, global_cycle_seconds=1e-09, action_latency_cycles=1, cycle_seconds=1e-09, technology=32nm, n_instances=1)
2024-10-12 20:53:05 INFO        Library estimated 127.88000000000001u^2 with accuracy 90%. Messages:
2024-10-12 20:53:05 INFO        | Found 5 entries for aladdin_adder.
2024-10-12 20:53:05 INFO        | Checking entry "{'technology': '45nm', 'global_cycle_seconds': '1e-9', 'width|datawidth': '32', 'energy': '0.21', 'area': '2.78E+02', 'action': 'add', 'name': 'aladdin_adder', 'n_instances': 1}
2024-10-12 20:53:05 INFO        | value=278.0, matching_attrs=2, log=['Scaling global_cycle_seconds from 1e-9 to 1e-09', 'Scaling technology from 45nm to 32nm', 'Scaled aladdin_adder.global_cycle_seconds from 1e-09 to 1e-09: 1x area', 'Scaled aladdin_adder.technology from 45.0 to 32.0: 0.46x area', 'aladdin_adder area has been scaled 0.46x']
2024-10-12 20:53:05 INFO        | Checking entry "{'technology': '45nm', 'global_cycle_seconds': '1e-9', 'width|datawidth': '32', 'energy': '0.21', 'area': '2.78E+02', 'action': 'read', 'name': 'aladdin_adder', 'n_instances': 1}
2024-10-12 20:53:05 INFO        | value=278.0, matching_attrs=2, log=['Scaling global_cycle_seconds from 1e-9 to 1e-09', 'Scaling technology from 45nm to 32nm', 'Scaled aladdin_adder.global_cycle_seconds from 1e-09 to 1e-09: 1x area', 'Scaled aladdin_adder.technology from 45.0 to 32.0: 0.46x area', 'aladdin_adder area has been scaled 0.46x']
2024-10-12 20:53:05 INFO        | Checking entry "{'technology': '45nm', 'global_cycle_seconds': '1e-9', 'width|datawidth': '32', 'energy': '0.0024', 'area': '2.78E+02', 'action': 'leak', 'name': 'aladdin_adder', 'n_instances': 1}
2024-10-12 20:53:05 INFO        | value=278.0, matching_attrs=2, log=['Scaling global_cycle_seconds from 1e-9 to 1e-09', 'Scaling technology from 45nm to 32nm', 'Scaled aladdin_adder.global_cycle_seconds from 1e-09 to 1e-09: 1x area', 'Scaled aladdin_adder.technology from 45.0 to 32.0: 0.46x area', 'aladdin_adder area has been scaled 0.46x']
2024-10-12 20:53:05 INFO        | Checking entry "{'technology': '45nm', 'global_cycle_seconds': '1e-9', 'width|datawidth': '32', 'energy': '0', 'area': '2.78E+02', 'action': 'update', 'name': 'aladdin_adder', 'n_instances': 1}
2024-10-12 20:53:05 INFO        | value=278.0, matching_attrs=2, log=['Scaling global_cycle_seconds from 1e-9 to 1e-09', 'Scaling technology from 45nm to 32nm', 'Scaled aladdin_adder.global_cycle_seconds from 1e-09 to 1e-09: 1x area', 'Scaled aladdin_adder.technology from 45.0 to 32.0: 0.46x area', 'aladdin_adder area has been scaled 0.46x']
2024-10-12 20:53:05 INFO        | Checking entry "{'technology': '45nm', 'global_cycle_seconds': '1e-9', 'width|datawidth': '32', 'energy': '0', 'area': '2.78E+02', 'action': 'write', 'name': 'aladdin_adder', 'n_instances': 1}
2024-10-12 20:53:05 INFO        | value=278.0, matching_attrs=2, log=['Scaling global_cycle_seconds from 1e-9 to 1e-09', 'Scaling technology from 45nm to 32nm', 'Scaled aladdin_adder.global_cycle_seconds from 1e-09 to 1e-09: 1x area', 'Scaled aladdin_adder.technology from 45.0 to 32.0: 0.46x area', 'aladdin_adder area has been scaled 0.46x']
2024-10-12 20:53:05 INFO        | Best-matching entry: {'technology': '45nm', 'global_cycle_seconds': '1e-9', 'width|datawidth': '32', 'energy': '0.21', 'area': '2.78E+02', 'action': 'add', 'name': 'aladdin_adder', 'n_instances': 1}
2024-10-12 20:53:05 INFO        | Scaling global_cycle_seconds from 1e-9 to 1e-09
2024-10-12 20:53:05 INFO        | Scaling technology from 45nm to 32nm
2024-10-12 20:53:05 INFO        | Scaled aladdin_adder.global_cycle_seconds from 1e-09 to 1e-09: 1x area
2024-10-12 20:53:05 INFO        | Scaled aladdin_adder.technology from 45.0 to 32.0: 0.46x area
2024-10-12 20:53:05 INFO        | aladdin_adder area has been scaled 0.46x
2024-10-12 20:53:05 INFO        | Multiplying by n_instances 1
2024-10-12 20:53:05 INFO        flattened architecture is saved to:
2024-10-12 20:53:05 INFO        ./timeloop-mapper.flattened_architecture.yaml
2024-10-12 20:53:05 INFO        energy reference table is saved to:
2024-10-12 20:53:05 INFO        ./timeloop-mapper.ERT.yaml
2024-10-12 20:53:06 INFO        energy reference table summary is saved to:
2024-10-12 20:53:06 INFO        ./timeloop-mapper.ERT_summary.yaml
2024-10-12 20:53:06 WARNING     no runtime energy estimations are generated... not generating energy_estimation.yaml
2024-10-12 20:53:06 INFO        area reference table is saved to:
2024-10-12 20:53:06 INFO        ./timeloop-mapper.ART.yaml
2024-10-12 20:53:06 INFO        area reference table summary is saved to:
2024-10-12 20:53:06 INFO        ./timeloop-mapper.ART_summary.yaml
