2024-08-06 22:19:25 INFO            _                _                      
2024-08-06 22:19:25 INFO           / \   ___ ___ ___| | ___ _ __ __ _ _   _ 
2024-08-06 22:19:25 INFO          / _ \ / __/ __/ _ \ |/ _ \ '__/ _` | | | |
2024-08-06 22:19:25 INFO         / ___ \ (_| (_|  __/ |  __/ | | (_| | |_| |
2024-08-06 22:19:25 INFO        /_/   \_\___\___\___|_|\___|_|  \__, |\__, |
2024-08-06 22:19:25 INFO                                        |___/ |___/ 
2024-08-06 22:19:25 INFO        generating outputs according to the following specified output flags... 
2024-08-06 22:19:25 INFO         Please use the -f flag to update the preference (default to all output files)
2024-08-06 22:19:25 INFO        {'ERT': 1, 'ERT_summary': 1, 'ART': 1, 'ART_summary': 1, 'energy_estimation': 1, 'flattened_arch': 1}
2024-08-06 22:19:25 INFO        Located config file at /home/workspace/.config/accelergy/accelergy_config.yaml.
2024-08-06 22:19:25 INFO        config file located:
2024-08-06 22:19:25 INFO        /home/workspace/.config/accelergy/accelergy_config.yaml
2024-08-06 22:19:27 INFO        Parsing file /home/workspace/outputs6.UNet/simpleCSMaxDim32x32_8kb/09/parsed-processed-input.yaml for architecture info
2024-08-06 22:19:27 INFO        Parsing file /home/workspace/outputs6.UNet/simpleCSMaxDim32x32_8kb/09/parsed-processed-input.yaml for compound_components info
2024-08-06 22:19:29 INFO        Adding required action "update" to class DRAM
2024-08-06 22:19:29 INFO        Adding required action "read" to class DRAM
2024-08-06 22:19:29 INFO        Adding required action "leak" to class DRAM
2024-08-06 22:19:29 INFO        Adding required action "write" to class DRAM
2024-08-06 22:19:29 INFO        Calculated Architecture class smartbuffer_SRAM attributes"memory_width" as "max(32, width)" = 64.
2024-08-06 22:19:29 INFO        Calculated Architecture class smartbuffer_SRAM attributes"memory_depth" as "max(64, depth)" = 8192.
2024-08-06 22:19:29 INFO        Calculated Architecture class smartbuffer_SRAM attributes"widthscale" as "width / memory_width" = 1.0.
2024-08-06 22:19:29 INFO        Calculated Architecture class smartbuffer_SRAM attributes"depthscale" as "depth / memory_depth" = 1.0.
2024-08-06 22:19:29 INFO        Calculated Architecture class smartbuffer_SRAM attributes"real_depth" as "depth" = 8192.
2024-08-06 22:19:29 INFO        Calculated Architecture class smartbuffer_SRAM attributes"area_scale" as "widthscale * depthscale" = 1.0.
2024-08-06 22:19:29 INFO        Calculated Architecture class smartbuffer_SRAM attributes"dynamic_energy_scale" as "widthscale * (depthscale ** (1.56 / 2))" = 1.0.
2024-08-06 22:19:29 INFO        Calculated Architecture class smartbuffer_SRAM attributes"static_energy_scale" as "area_scale" = 1.0.
2024-08-06 22:19:29 INFO        Calculated Architecture class smartbuffer_SRAM attributes"memory_width" as "max(32, width)" = 32.
2024-08-06 22:19:29 INFO        Calculated Architecture class smartbuffer_SRAM attributes"memory_depth" as "max(64, depth)" = 192.
2024-08-06 22:19:29 INFO        Calculated Architecture class smartbuffer_SRAM attributes"widthscale" as "width / memory_width" = 0.5.
2024-08-06 22:19:29 INFO        Calculated Architecture class smartbuffer_SRAM attributes"depthscale" as "depth / memory_depth" = 1.0.
2024-08-06 22:19:29 INFO        Calculated Architecture class smartbuffer_SRAM attributes"real_depth" as "depth" = 192.
2024-08-06 22:19:29 INFO        Calculated Architecture class smartbuffer_SRAM attributes"area_scale" as "widthscale * depthscale" = 0.5.
2024-08-06 22:19:29 INFO        Calculated Architecture class smartbuffer_SRAM attributes"dynamic_energy_scale" as "widthscale * (depthscale ** (1.56 / 2))" = 0.5.
2024-08-06 22:19:29 INFO        Calculated Architecture class smartbuffer_SRAM attributes"static_energy_scale" as "area_scale" = 0.5.
2024-08-06 22:19:29 INFO        Adding required action "update" to class aladdin_register
2024-08-06 22:19:29 INFO        Adding required action "read" to class aladdin_register
2024-08-06 22:19:29 INFO        Adding required action "leak" to class aladdin_register
2024-08-06 22:19:29 INFO        Adding required action "write" to class aladdin_register
2024-08-06 22:19:29 INFO        Calculated storage."width" as "memory_width" = 64.
2024-08-06 22:19:29 INFO        Calculated storage."depth" as "memory_depth" = 8192.
2024-08-06 22:19:29 INFO        Calculated storage."n_rdwr_ports" as "n_rdwr_ports" = 1.
2024-08-06 22:19:29 INFO        Calculated storage."global_cycle_seconds" as "global_cycle_seconds" = 1e-09.
2024-08-06 22:19:29 INFO        Calculated storage.area_scale as "area_scale" = 1.0.
2024-08-06 22:19:29 INFO        Calculated address_generators[0..1]."n_bits" as "max(1, ceil(log2(real_depth))) if real_depth >= 1 else 1" = 13.
2024-08-06 22:19:29 INFO        Calculated address_generators[0..1]."precision" as "max(1, ceil(log2(real_depth))) if real_depth >= 1 else 1" = 13.
2024-08-06 22:19:29 INFO        Calculated address_generators[0..1]."global_cycle_seconds" as "global_cycle_seconds" = 1e-09.
2024-08-06 22:19:29 INFO        Calculated action write energy_scale as "dynamic_energy_scale" = 1.0.
2024-08-06 22:19:29 INFO        Calculated action read energy_scale as "dynamic_energy_scale" = 1.0.
2024-08-06 22:19:29 INFO        Calculated action leak energy_scale as "static_energy_scale" = 1.0.
2024-08-06 22:19:29 INFO        Calculated action write energy_scale as "dynamic_energy_scale" = 1.0.
2024-08-06 22:19:29 INFO        Calculated storage."width" as "memory_width" = 32.
2024-08-06 22:19:29 INFO        Calculated storage."depth" as "memory_depth" = 192.
2024-08-06 22:19:29 INFO        Calculated storage."n_rdwr_ports" as "n_rdwr_ports" = 1.
2024-08-06 22:19:29 INFO        Calculated storage."global_cycle_seconds" as "global_cycle_seconds" = 1e-09.
2024-08-06 22:19:29 INFO        Calculated storage.area_scale as "area_scale" = 0.5.
2024-08-06 22:19:29 INFO        Calculated address_generators[0..1]."n_bits" as "max(1, ceil(log2(real_depth))) if real_depth >= 1 else 1" = 8.
2024-08-06 22:19:29 INFO        Calculated address_generators[0..1]."precision" as "max(1, ceil(log2(real_depth))) if real_depth >= 1 else 1" = 8.
2024-08-06 22:19:29 INFO        Calculated address_generators[0..1]."global_cycle_seconds" as "global_cycle_seconds" = 1e-09.
2024-08-06 22:19:29 INFO        Calculated action write energy_scale as "dynamic_energy_scale" = 0.5.
2024-08-06 22:19:29 INFO        Calculated action read energy_scale as "dynamic_energy_scale" = 0.5.
2024-08-06 22:19:29 INFO        Calculated action leak energy_scale as "static_energy_scale" = 0.5.
2024-08-06 22:19:29 INFO        Calculated action write energy_scale as "dynamic_energy_scale" = 0.5.
2024-08-06 22:19:29 INFO        Calculated intadder."width" as "adder_width" = 16.
2024-08-06 22:19:29 INFO        Calculated intmultiplier."width_a" as "multiplier_width" = 8.
2024-08-06 22:19:29 INFO        Calculated intmultiplier."width_b" as "multiplier_width" = 8.
2024-08-06 22:19:29 INFO        Estimator plug-in identified by: /usr/local/share/accelergy/estimation_plug_ins/accelergy-cacti-plug-in/cacti.estimator.yaml
2024-08-06 22:19:29 INFO        Estimator plug-in identified by: /usr/local/share/accelergy/estimation_plug_ins/accelergy-adc-plug-in/adc.estimator.yaml
2024-08-06 22:19:29 INFO        Estimator plug-in identified by: /usr/local/share/accelergy/estimation_plug_ins/accelergy-neurosim-plugin/neurosim.estimator.yaml
2024-08-06 22:19:29 INFO        Estimator plug-in identified by: /usr/local/share/accelergy/estimation_plug_ins/accelergy-table-based-plug-ins/table.estimator.yaml
2024-08-06 22:19:29 INFO        Estimator plug-in identified by: /usr/local/share/accelergy/estimation_plug_ins/accelergy-aladdin-plug-in/aladdin.estimator.yaml
2024-08-06 22:19:29 INFO        Estimator plug-in identified by: /usr/local/share/accelergy/estimation_plug_ins/accelergy-library-plugin/library.estimator.yaml
2024-08-06 22:19:29 INFO        Estimator plug-in identified by: /usr/local/share/accelergy/estimation_plug_ins/dummy_tables/dummy.estimator.yaml
2024-08-06 22:19:30 INFO        Getting all estimators in module <module 'python_plug_in' from '/usr/local/share/accelergy/estimation_plug_ins/accelergy-cacti-plug-in/cacti_wrapper.py'>
2024-08-06 22:19:30 INFO        Added estimator CactiCache that estimates cache with actions idle, read, read_access, update, update_access, write, write_access, leak
2024-08-06 22:19:30 INFO        Added estimator CactiDRAM that estimates ['DRAM', 'dram'] with actions idle, read, update, write, leak
2024-08-06 22:19:30 INFO        Added estimator CactiSRAM that estimates ['SRAM', 'sram'] with actions idle, read, update, write, leak
2024-08-06 22:19:30 INFO        Found estimator plug-in: ADC Plug-In (<ADCEstimator.ADCEstimator object at 0x7f6c7e429ca0>)
2024-08-06 22:19:30 INFO        Found estimator plug-in: Neurosim Plug-In (<NeuroWrapper.NeuroWrapper object at 0x7f6c7e3658b0>)
2024-08-06 22:19:30 INFO        Found estimator plug-in: table-based-plug-ins (<SetsOfTables.SetsOfTables object at 0x7f6c7e2c5a30>)
2024-08-06 22:19:30 INFO        Found estimator plug-in: Aladdin_table (<AladdinTable.AladdinTable object at 0x7f6c7e318820>)
2024-08-06 22:19:30 INFO        Found estimator plug-in: Library (<LibraryEstimator.LibraryEstimator object at 0x7f6c7e33d160>)
2024-08-06 22:19:30 INFO        Found estimator plug-in: dummy_table (<DummyTable.DummyTable object at 0x7f6c7e318640>)
2024-08-06 22:19:30 INFO        Found estimator plug-in: CactiCache (<accelergy.plug_in_interface.estimator_wrapper.EstimatorWrapper object at 0x7f6c7e2c5ac0>)
2024-08-06 22:19:30 INFO        Found estimator plug-in: CactiDRAM (<accelergy.plug_in_interface.estimator_wrapper.EstimatorWrapper object at 0x7f6c7e429f10>)
2024-08-06 22:19:30 INFO        Found estimator plug-in: CactiSRAM (<accelergy.plug_in_interface.estimator_wrapper.EstimatorWrapper object at 0x7f6c7e313ca0>)
2024-08-06 22:19:30 INFO        
2024-08-06 22:19:30 INFO        ENERGY ESTIMATION for DRAM(type=LPDDR4, width=64, datawidth=16, has_power_gating=False, n_banks=2, cluster_size=1, reduction_supported=True, multiple_buffering=1, min_utilization=0, allow_overbooking=False, meshX=1, meshY=1, technology=32nm, global_cycle_seconds=1e-09, version=0.4, action_latency_cycles=1, cycle_seconds=1e-09, n_instances=1).update(global_cycle_seconds=1e-09, action_latency_cycles=1)
2024-08-06 22:19:30 INFO        CactiDRAM estimated 5.12e-10 with accuracy 80%. Messages:
2024-08-06 22:19:30 INFO        | Unused arguments (datawidth, has_power_gating, n_banks, cluster_size, reduction_supported, multiple_buffering, min_utilization, allow_overbooking, meshX, meshY, technology, global_cycle_seconds, version, action_latency_cycles, cycle_seconds, n_instances) provided for ['DRAM', 'dram'].__init__. Arguments used: (type, width)
2024-08-06 22:19:30 INFO        | Unused arguments (global_cycle_seconds, action_latency_cycles) provided for ['DRAM', 'dram'].update. Arguments used: ()
2024-08-06 22:19:30 INFO        
2024-08-06 22:19:30 INFO        ENERGY ESTIMATION for DRAM(type=LPDDR4, width=64, datawidth=16, has_power_gating=False, n_banks=2, cluster_size=1, reduction_supported=True, multiple_buffering=1, min_utilization=0, allow_overbooking=False, meshX=1, meshY=1, technology=32nm, global_cycle_seconds=1e-09, version=0.4, action_latency_cycles=1, cycle_seconds=1e-09, n_instances=1).read(global_cycle_seconds=1e-09, action_latency_cycles=1)
2024-08-06 22:19:30 INFO        CactiDRAM estimated 5.12e-10 with accuracy 80%. Messages:
2024-08-06 22:19:30 INFO        | Unused arguments (datawidth, has_power_gating, n_banks, cluster_size, reduction_supported, multiple_buffering, min_utilization, allow_overbooking, meshX, meshY, technology, global_cycle_seconds, version, action_latency_cycles, cycle_seconds, n_instances) provided for ['DRAM', 'dram'].__init__. Arguments used: (type, width)
2024-08-06 22:19:30 INFO        | Unused arguments (global_cycle_seconds, action_latency_cycles) provided for ['DRAM', 'dram'].read. Arguments used: ()
2024-08-06 22:19:30 INFO        
2024-08-06 22:19:30 INFO        ENERGY ESTIMATION for DRAM(type=LPDDR4, width=64, datawidth=16, has_power_gating=False, n_banks=2, cluster_size=1, reduction_supported=True, multiple_buffering=1, min_utilization=0, allow_overbooking=False, meshX=1, meshY=1, technology=32nm, global_cycle_seconds=1e-09, version=0.4, action_latency_cycles=1, cycle_seconds=1e-09, n_instances=1).leak(global_cycle_seconds=1e-09, action_latency_cycles=1)
2024-08-06 22:19:30 INFO        CactiDRAM estimated 0 with accuracy 80%. Messages:
2024-08-06 22:19:30 INFO        | Unused arguments (datawidth, has_power_gating, n_banks, cluster_size, reduction_supported, multiple_buffering, min_utilization, allow_overbooking, meshX, meshY, technology, global_cycle_seconds, version, action_latency_cycles, cycle_seconds, n_instances) provided for ['DRAM', 'dram'].__init__. Arguments used: (type, width)
2024-08-06 22:19:30 INFO        | Unused arguments (action_latency_cycles) provided for ['DRAM', 'dram'].leak. Arguments used: (global_cycle_seconds)
2024-08-06 22:19:30 INFO        | Multiplying by n_instances 1
2024-08-06 22:19:30 INFO        
2024-08-06 22:19:30 INFO        ENERGY ESTIMATION for DRAM(type=LPDDR4, width=64, datawidth=16, has_power_gating=False, n_banks=2, cluster_size=1, reduction_supported=True, multiple_buffering=1, min_utilization=0, allow_overbooking=False, meshX=1, meshY=1, technology=32nm, global_cycle_seconds=1e-09, version=0.4, action_latency_cycles=1, cycle_seconds=1e-09, n_instances=1).write(global_cycle_seconds=1e-09, action_latency_cycles=1)
2024-08-06 22:19:30 INFO        CactiDRAM estimated 5.12e-10 with accuracy 80%. Messages:
2024-08-06 22:19:30 INFO        | Unused arguments (datawidth, has_power_gating, n_banks, cluster_size, reduction_supported, multiple_buffering, min_utilization, allow_overbooking, meshX, meshY, technology, global_cycle_seconds, version, action_latency_cycles, cycle_seconds, n_instances) provided for ['DRAM', 'dram'].__init__. Arguments used: (type, width)
2024-08-06 22:19:30 INFO        | Unused arguments (global_cycle_seconds, action_latency_cycles) provided for ['DRAM', 'dram'].write. Arguments used: ()
2024-08-06 22:19:30 INFO        
2024-08-06 22:19:30 INFO        ENERGY ESTIMATION for aladdin_register(depth=1, width=16, datawidth=16, has_power_gating=False, n_banks=2, cluster_size=1, reduction_supported=True, multiple_buffering=1, min_utilization=0, allow_overbooking=False, meshX=32, meshY=32, technology=45nm, global_cycle_seconds=1e-09, version=0.4, action_latency_cycles=1, cycle_seconds=1e-09, n_instances=1).update(global_cycle_seconds=1e-09, action_latency_cycles=1)
2024-08-06 22:19:30 INFO        Library estimated 0.0p with accuracy 90%. Messages:
2024-08-06 22:19:30 INFO        | Found 1 entries for aladdin_register.update.
2024-08-06 22:19:30 INFO        | Checking entry "{'technology': '45nm', 'global_cycle_seconds': '1e-9', 'width|datawidth': '1', 'dynamic energy(pJ)': '0', 'area(um^2)': '5.98E+00', 'action': 'update', 'name': 'aladdin_register', 'area_scale': 1, 'energy_scale': 1, 'n_instances': 1}
2024-08-06 22:19:30 INFO        | value=0.0, matching_attrs=3, log=['Scaling width from 1 to 16', 'Scaling global_cycle_seconds from 1e-9 to 1e-09', 'Scaled aladdin_register.width from 1.0 to 16.0: 16.0x energy', 'Scaled aladdin_register.global_cycle_seconds from 1e-09 to 1e-09: 1x energy', 'aladdin_register energy has been scaled 16.0x']
2024-08-06 22:19:30 INFO        | Best-matching entry: {'technology': '45nm', 'global_cycle_seconds': '1e-9', 'width|datawidth': '1', 'dynamic energy(pJ)': '0', 'area(um^2)': '5.98E+00', 'action': 'update', 'name': 'aladdin_register', 'area_scale': 1, 'energy_scale': 1, 'n_instances': 1}
2024-08-06 22:19:30 INFO        | Scaling width from 1 to 16
2024-08-06 22:19:30 INFO        | Scaling global_cycle_seconds from 1e-9 to 1e-09
2024-08-06 22:19:30 INFO        | Scaled aladdin_register.width from 1.0 to 16.0: 16.0x energy
2024-08-06 22:19:30 INFO        | Scaled aladdin_register.global_cycle_seconds from 1e-09 to 1e-09: 1x energy
2024-08-06 22:19:30 INFO        | aladdin_register energy has been scaled 16.0x
2024-08-06 22:19:30 INFO        
2024-08-06 22:19:30 INFO        ENERGY ESTIMATION for aladdin_register(depth=1, width=16, datawidth=16, has_power_gating=False, n_banks=2, cluster_size=1, reduction_supported=True, multiple_buffering=1, min_utilization=0, allow_overbooking=False, meshX=32, meshY=32, technology=45nm, global_cycle_seconds=1e-09, version=0.4, action_latency_cycles=1, cycle_seconds=1e-09, n_instances=1).read(global_cycle_seconds=1e-09, action_latency_cycles=1)
2024-08-06 22:19:30 INFO        Library estimated 0.144p with accuracy 90%. Messages:
2024-08-06 22:19:30 INFO        | Found 1 entries for aladdin_register.read.
2024-08-06 22:19:30 INFO        | Checking entry "{'technology': '45nm', 'global_cycle_seconds': '1e-9', 'width|datawidth': '1', 'dynamic energy(pJ)': '0.009', 'area(um^2)': '5.98E+00', 'action': 'read', 'name': 'aladdin_register', 'area_scale': 1, 'energy_scale': 1, 'n_instances': 1}
2024-08-06 22:19:30 INFO        | value=0.009, matching_attrs=3, log=['Scaling width from 1 to 16', 'Scaling global_cycle_seconds from 1e-9 to 1e-09', 'Scaled aladdin_register.width from 1.0 to 16.0: 16.0x energy', 'Scaled aladdin_register.global_cycle_seconds from 1e-09 to 1e-09: 1x energy', 'aladdin_register energy has been scaled 16.0x']
2024-08-06 22:19:30 INFO        | Best-matching entry: {'technology': '45nm', 'global_cycle_seconds': '1e-9', 'width|datawidth': '1', 'dynamic energy(pJ)': '0.009', 'area(um^2)': '5.98E+00', 'action': 'read', 'name': 'aladdin_register', 'area_scale': 1, 'energy_scale': 1, 'n_instances': 1}
2024-08-06 22:19:30 INFO        | Scaling width from 1 to 16
2024-08-06 22:19:30 INFO        | Scaling global_cycle_seconds from 1e-9 to 1e-09
2024-08-06 22:19:30 INFO        | Scaled aladdin_register.width from 1.0 to 16.0: 16.0x energy
2024-08-06 22:19:30 INFO        | Scaled aladdin_register.global_cycle_seconds from 1e-09 to 1e-09: 1x energy
2024-08-06 22:19:30 INFO        | aladdin_register energy has been scaled 16.0x
2024-08-06 22:19:30 INFO        
2024-08-06 22:19:30 INFO        ENERGY ESTIMATION for aladdin_register(depth=1, width=16, datawidth=16, has_power_gating=False, n_banks=2, cluster_size=1, reduction_supported=True, multiple_buffering=1, min_utilization=0, allow_overbooking=False, meshX=32, meshY=32, technology=45nm, global_cycle_seconds=1e-09, version=0.4, action_latency_cycles=1, cycle_seconds=1e-09, n_instances=1).leak(global_cycle_seconds=1e-09, action_latency_cycles=1)
2024-08-06 22:19:30 INFO        Library estimated 0.0p with accuracy 90%. Messages:
2024-08-06 22:19:30 INFO        | Found 1 entries for aladdin_register.leak.
2024-08-06 22:19:30 INFO        | Checking entry "{'technology': '45nm', 'global_cycle_seconds': '1e-9', 'width|datawidth': '1', 'dynamic energy(pJ)': '0', 'area(um^2)': '5.98E+00', 'action': 'leak', 'name': 'aladdin_register', 'area_scale': 1, 'energy_scale': 1, 'n_instances': 1}
2024-08-06 22:19:30 INFO        | value=0.0, matching_attrs=3, log=['Scaling width from 1 to 16', 'Scaling global_cycle_seconds from 1e-9 to 1e-09', 'Scaled aladdin_register.width from 1.0 to 16.0: 16.0x leak', 'Scaled aladdin_register.global_cycle_seconds from 1e-09 to 1e-09: 1.0x leak', 'aladdin_register leak has been scaled 16.0x']
2024-08-06 22:19:30 INFO        | Best-matching entry: {'technology': '45nm', 'global_cycle_seconds': '1e-9', 'width|datawidth': '1', 'dynamic energy(pJ)': '0', 'area(um^2)': '5.98E+00', 'action': 'leak', 'name': 'aladdin_register', 'area_scale': 1, 'energy_scale': 1, 'n_instances': 1}
2024-08-06 22:19:30 INFO        | Scaling width from 1 to 16
2024-08-06 22:19:30 INFO        | Scaling global_cycle_seconds from 1e-9 to 1e-09
2024-08-06 22:19:30 INFO        | Scaled aladdin_register.width from 1.0 to 16.0: 16.0x leak
2024-08-06 22:19:30 INFO        | Scaled aladdin_register.global_cycle_seconds from 1e-09 to 1e-09: 1.0x leak
2024-08-06 22:19:30 INFO        | aladdin_register leak has been scaled 16.0x
2024-08-06 22:19:30 INFO        | Multiplying by n_instances 1
2024-08-06 22:19:30 INFO        
2024-08-06 22:19:30 INFO        ENERGY ESTIMATION for aladdin_register(depth=1, width=16, datawidth=16, has_power_gating=False, n_banks=2, cluster_size=1, reduction_supported=True, multiple_buffering=1, min_utilization=0, allow_overbooking=False, meshX=32, meshY=32, technology=45nm, global_cycle_seconds=1e-09, version=0.4, action_latency_cycles=1, cycle_seconds=1e-09, n_instances=1).write(global_cycle_seconds=1e-09, action_latency_cycles=1)
2024-08-06 22:19:30 INFO        Library estimated 0.0p with accuracy 90%. Messages:
2024-08-06 22:19:30 INFO        | Found 1 entries for aladdin_register.write.
2024-08-06 22:19:30 INFO        | Checking entry "{'technology': '45nm', 'global_cycle_seconds': '1e-9', 'width|datawidth': '1', 'dynamic energy(pJ)': '0', 'area(um^2)': '5.98E+00', 'action': 'write', 'name': 'aladdin_register', 'area_scale': 1, 'energy_scale': 1, 'n_instances': 1}
2024-08-06 22:19:30 INFO        | value=0.0, matching_attrs=3, log=['Scaling width from 1 to 16', 'Scaling global_cycle_seconds from 1e-9 to 1e-09', 'Scaled aladdin_register.width from 1.0 to 16.0: 16.0x energy', 'Scaled aladdin_register.global_cycle_seconds from 1e-09 to 1e-09: 1x energy', 'aladdin_register energy has been scaled 16.0x']
2024-08-06 22:19:30 INFO        | Best-matching entry: {'technology': '45nm', 'global_cycle_seconds': '1e-9', 'width|datawidth': '1', 'dynamic energy(pJ)': '0', 'area(um^2)': '5.98E+00', 'action': 'write', 'name': 'aladdin_register', 'area_scale': 1, 'energy_scale': 1, 'n_instances': 1}
2024-08-06 22:19:30 INFO        | Scaling width from 1 to 16
2024-08-06 22:19:30 INFO        | Scaling global_cycle_seconds from 1e-9 to 1e-09
2024-08-06 22:19:30 INFO        | Scaled aladdin_register.width from 1.0 to 16.0: 16.0x energy
2024-08-06 22:19:30 INFO        | Scaled aladdin_register.global_cycle_seconds from 1e-09 to 1e-09: 1x energy
2024-08-06 22:19:30 INFO        | aladdin_register energy has been scaled 16.0x
2024-08-06 22:19:30 INFO        
2024-08-06 22:19:30 INFO        ENERGY ESTIMATION for aladdin_register(depth=1, width=16, datawidth=16, has_power_gating=False, n_banks=2, cluster_size=1, reduction_supported=True, multiple_buffering=1, min_utilization=0, allow_overbooking=False, meshX=32, meshY=32, technology=45nm, global_cycle_seconds=1e-09, version=0.4, action_latency_cycles=1, cycle_seconds=1e-09, n_instances=1).update(global_cycle_seconds=1e-09, action_latency_cycles=1)
2024-08-06 22:19:30 INFO        Library estimated 0.0p with accuracy 90%. Messages:
2024-08-06 22:19:30 INFO        | Found 1 entries for aladdin_register.update.
2024-08-06 22:19:30 INFO        | Checking entry "{'technology': '45nm', 'global_cycle_seconds': '1e-9', 'width|datawidth': '1', 'dynamic energy(pJ)': '0', 'area(um^2)': '5.98E+00', 'action': 'update', 'name': 'aladdin_register', 'area_scale': 1, 'energy_scale': 1, 'n_instances': 1}
2024-08-06 22:19:30 INFO        | value=0.0, matching_attrs=3, log=['Scaling width from 1 to 16', 'Scaling global_cycle_seconds from 1e-9 to 1e-09', 'Scaled aladdin_register.width from 1.0 to 16.0: 16.0x energy', 'Scaled aladdin_register.global_cycle_seconds from 1e-09 to 1e-09: 1x energy', 'aladdin_register energy has been scaled 16.0x']
2024-08-06 22:19:30 INFO        | Best-matching entry: {'technology': '45nm', 'global_cycle_seconds': '1e-9', 'width|datawidth': '1', 'dynamic energy(pJ)': '0', 'area(um^2)': '5.98E+00', 'action': 'update', 'name': 'aladdin_register', 'area_scale': 1, 'energy_scale': 1, 'n_instances': 1}
2024-08-06 22:19:30 INFO        | Scaling width from 1 to 16
2024-08-06 22:19:30 INFO        | Scaling global_cycle_seconds from 1e-9 to 1e-09
2024-08-06 22:19:30 INFO        | Scaled aladdin_register.width from 1.0 to 16.0: 16.0x energy
2024-08-06 22:19:30 INFO        | Scaled aladdin_register.global_cycle_seconds from 1e-09 to 1e-09: 1x energy
2024-08-06 22:19:30 INFO        | aladdin_register energy has been scaled 16.0x
2024-08-06 22:19:30 INFO        
2024-08-06 22:19:30 INFO        ENERGY ESTIMATION for aladdin_register(depth=1, width=16, datawidth=16, has_power_gating=False, n_banks=2, cluster_size=1, reduction_supported=True, multiple_buffering=1, min_utilization=0, allow_overbooking=False, meshX=32, meshY=32, technology=45nm, global_cycle_seconds=1e-09, version=0.4, action_latency_cycles=1, cycle_seconds=1e-09, n_instances=1).read(global_cycle_seconds=1e-09, action_latency_cycles=1)
2024-08-06 22:19:30 INFO        Library estimated 0.144p with accuracy 90%. Messages:
2024-08-06 22:19:30 INFO        | Found 1 entries for aladdin_register.read.
2024-08-06 22:19:30 INFO        | Checking entry "{'technology': '45nm', 'global_cycle_seconds': '1e-9', 'width|datawidth': '1', 'dynamic energy(pJ)': '0.009', 'area(um^2)': '5.98E+00', 'action': 'read', 'name': 'aladdin_register', 'area_scale': 1, 'energy_scale': 1, 'n_instances': 1}
2024-08-06 22:19:30 INFO        | value=0.009, matching_attrs=3, log=['Scaling width from 1 to 16', 'Scaling global_cycle_seconds from 1e-9 to 1e-09', 'Scaled aladdin_register.width from 1.0 to 16.0: 16.0x energy', 'Scaled aladdin_register.global_cycle_seconds from 1e-09 to 1e-09: 1x energy', 'aladdin_register energy has been scaled 16.0x']
2024-08-06 22:19:30 INFO        | Best-matching entry: {'technology': '45nm', 'global_cycle_seconds': '1e-9', 'width|datawidth': '1', 'dynamic energy(pJ)': '0.009', 'area(um^2)': '5.98E+00', 'action': 'read', 'name': 'aladdin_register', 'area_scale': 1, 'energy_scale': 1, 'n_instances': 1}
2024-08-06 22:19:30 INFO        | Scaling width from 1 to 16
2024-08-06 22:19:30 INFO        | Scaling global_cycle_seconds from 1e-9 to 1e-09
2024-08-06 22:19:30 INFO        | Scaled aladdin_register.width from 1.0 to 16.0: 16.0x energy
2024-08-06 22:19:30 INFO        | Scaled aladdin_register.global_cycle_seconds from 1e-09 to 1e-09: 1x energy
2024-08-06 22:19:30 INFO        | aladdin_register energy has been scaled 16.0x
2024-08-06 22:19:30 INFO        
2024-08-06 22:19:30 INFO        ENERGY ESTIMATION for aladdin_register(depth=1, width=16, datawidth=16, has_power_gating=False, n_banks=2, cluster_size=1, reduction_supported=True, multiple_buffering=1, min_utilization=0, allow_overbooking=False, meshX=32, meshY=32, technology=45nm, global_cycle_seconds=1e-09, version=0.4, action_latency_cycles=1, cycle_seconds=1e-09, n_instances=1).leak(global_cycle_seconds=1e-09, action_latency_cycles=1)
2024-08-06 22:19:30 INFO        Library estimated 0.0p with accuracy 90%. Messages:
2024-08-06 22:19:30 INFO        | Found 1 entries for aladdin_register.leak.
2024-08-06 22:19:30 INFO        | Checking entry "{'technology': '45nm', 'global_cycle_seconds': '1e-9', 'width|datawidth': '1', 'dynamic energy(pJ)': '0', 'area(um^2)': '5.98E+00', 'action': 'leak', 'name': 'aladdin_register', 'area_scale': 1, 'energy_scale': 1, 'n_instances': 1}
2024-08-06 22:19:30 INFO        | value=0.0, matching_attrs=3, log=['Scaling width from 1 to 16', 'Scaling global_cycle_seconds from 1e-9 to 1e-09', 'Scaled aladdin_register.width from 1.0 to 16.0: 16.0x leak', 'Scaled aladdin_register.global_cycle_seconds from 1e-09 to 1e-09: 1.0x leak', 'aladdin_register leak has been scaled 16.0x']
2024-08-06 22:19:30 INFO        | Best-matching entry: {'technology': '45nm', 'global_cycle_seconds': '1e-9', 'width|datawidth': '1', 'dynamic energy(pJ)': '0', 'area(um^2)': '5.98E+00', 'action': 'leak', 'name': 'aladdin_register', 'area_scale': 1, 'energy_scale': 1, 'n_instances': 1}
2024-08-06 22:19:30 INFO        | Scaling width from 1 to 16
2024-08-06 22:19:30 INFO        | Scaling global_cycle_seconds from 1e-9 to 1e-09
2024-08-06 22:19:30 INFO        | Scaled aladdin_register.width from 1.0 to 16.0: 16.0x leak
2024-08-06 22:19:30 INFO        | Scaled aladdin_register.global_cycle_seconds from 1e-09 to 1e-09: 1.0x leak
2024-08-06 22:19:30 INFO        | aladdin_register leak has been scaled 16.0x
2024-08-06 22:19:30 INFO        | Multiplying by n_instances 1
2024-08-06 22:19:30 INFO        
2024-08-06 22:19:30 INFO        ENERGY ESTIMATION for aladdin_register(depth=1, width=16, datawidth=16, has_power_gating=False, n_banks=2, cluster_size=1, reduction_supported=True, multiple_buffering=1, min_utilization=0, allow_overbooking=False, meshX=32, meshY=32, technology=45nm, global_cycle_seconds=1e-09, version=0.4, action_latency_cycles=1, cycle_seconds=1e-09, n_instances=1).write(global_cycle_seconds=1e-09, action_latency_cycles=1)
2024-08-06 22:19:30 INFO        Library estimated 0.0p with accuracy 90%. Messages:
2024-08-06 22:19:30 INFO        | Found 1 entries for aladdin_register.write.
2024-08-06 22:19:30 INFO        | Checking entry "{'technology': '45nm', 'global_cycle_seconds': '1e-9', 'width|datawidth': '1', 'dynamic energy(pJ)': '0', 'area(um^2)': '5.98E+00', 'action': 'write', 'name': 'aladdin_register', 'area_scale': 1, 'energy_scale': 1, 'n_instances': 1}
2024-08-06 22:19:30 INFO        | value=0.0, matching_attrs=3, log=['Scaling width from 1 to 16', 'Scaling global_cycle_seconds from 1e-9 to 1e-09', 'Scaled aladdin_register.width from 1.0 to 16.0: 16.0x energy', 'Scaled aladdin_register.global_cycle_seconds from 1e-09 to 1e-09: 1x energy', 'aladdin_register energy has been scaled 16.0x']
2024-08-06 22:19:30 INFO        | Best-matching entry: {'technology': '45nm', 'global_cycle_seconds': '1e-9', 'width|datawidth': '1', 'dynamic energy(pJ)': '0', 'area(um^2)': '5.98E+00', 'action': 'write', 'name': 'aladdin_register', 'area_scale': 1, 'energy_scale': 1, 'n_instances': 1}
2024-08-06 22:19:30 INFO        | Scaling width from 1 to 16
2024-08-06 22:19:30 INFO        | Scaling global_cycle_seconds from 1e-9 to 1e-09
2024-08-06 22:19:30 INFO        | Scaled aladdin_register.width from 1.0 to 16.0: 16.0x energy
2024-08-06 22:19:30 INFO        | Scaled aladdin_register.global_cycle_seconds from 1e-09 to 1e-09: 1x energy
2024-08-06 22:19:30 INFO        | aladdin_register energy has been scaled 16.0x
2024-08-06 22:19:30 INFO        
2024-08-06 22:19:30 INFO        ENERGY ESTIMATION for aladdin_register(depth=1, width=16, datawidth=16, has_power_gating=False, n_banks=2, cluster_size=1, reduction_supported=True, multiple_buffering=1, min_utilization=0, allow_overbooking=False, meshX=32, meshY=32, technology=45nm, global_cycle_seconds=1e-09, version=0.4, action_latency_cycles=1, cycle_seconds=1e-09, n_instances=1).update(global_cycle_seconds=1e-09, action_latency_cycles=1)
2024-08-06 22:19:30 INFO        Library estimated 0.0p with accuracy 90%. Messages:
2024-08-06 22:19:30 INFO        | Found 1 entries for aladdin_register.update.
2024-08-06 22:19:30 INFO        | Checking entry "{'technology': '45nm', 'global_cycle_seconds': '1e-9', 'width|datawidth': '1', 'dynamic energy(pJ)': '0', 'area(um^2)': '5.98E+00', 'action': 'update', 'name': 'aladdin_register', 'area_scale': 1, 'energy_scale': 1, 'n_instances': 1}
2024-08-06 22:19:30 INFO        | value=0.0, matching_attrs=3, log=['Scaling width from 1 to 16', 'Scaling global_cycle_seconds from 1e-9 to 1e-09', 'Scaled aladdin_register.width from 1.0 to 16.0: 16.0x energy', 'Scaled aladdin_register.global_cycle_seconds from 1e-09 to 1e-09: 1x energy', 'aladdin_register energy has been scaled 16.0x']
2024-08-06 22:19:30 INFO        | Best-matching entry: {'technology': '45nm', 'global_cycle_seconds': '1e-9', 'width|datawidth': '1', 'dynamic energy(pJ)': '0', 'area(um^2)': '5.98E+00', 'action': 'update', 'name': 'aladdin_register', 'area_scale': 1, 'energy_scale': 1, 'n_instances': 1}
2024-08-06 22:19:30 INFO        | Scaling width from 1 to 16
2024-08-06 22:19:30 INFO        | Scaling global_cycle_seconds from 1e-9 to 1e-09
2024-08-06 22:19:30 INFO        | Scaled aladdin_register.width from 1.0 to 16.0: 16.0x energy
2024-08-06 22:19:30 INFO        | Scaled aladdin_register.global_cycle_seconds from 1e-09 to 1e-09: 1x energy
2024-08-06 22:19:30 INFO        | aladdin_register energy has been scaled 16.0x
2024-08-06 22:19:30 INFO        
2024-08-06 22:19:30 INFO        ENERGY ESTIMATION for aladdin_register(depth=1, width=16, datawidth=16, has_power_gating=False, n_banks=2, cluster_size=1, reduction_supported=True, multiple_buffering=1, min_utilization=0, allow_overbooking=False, meshX=32, meshY=32, technology=45nm, global_cycle_seconds=1e-09, version=0.4, action_latency_cycles=1, cycle_seconds=1e-09, n_instances=1).read(global_cycle_seconds=1e-09, action_latency_cycles=1)
2024-08-06 22:19:30 INFO        Library estimated 0.144p with accuracy 90%. Messages:
2024-08-06 22:19:30 INFO        | Found 1 entries for aladdin_register.read.
2024-08-06 22:19:30 INFO        | Checking entry "{'technology': '45nm', 'global_cycle_seconds': '1e-9', 'width|datawidth': '1', 'dynamic energy(pJ)': '0.009', 'area(um^2)': '5.98E+00', 'action': 'read', 'name': 'aladdin_register', 'area_scale': 1, 'energy_scale': 1, 'n_instances': 1}
2024-08-06 22:19:30 INFO        | value=0.009, matching_attrs=3, log=['Scaling width from 1 to 16', 'Scaling global_cycle_seconds from 1e-9 to 1e-09', 'Scaled aladdin_register.width from 1.0 to 16.0: 16.0x energy', 'Scaled aladdin_register.global_cycle_seconds from 1e-09 to 1e-09: 1x energy', 'aladdin_register energy has been scaled 16.0x']
2024-08-06 22:19:30 INFO        | Best-matching entry: {'technology': '45nm', 'global_cycle_seconds': '1e-9', 'width|datawidth': '1', 'dynamic energy(pJ)': '0.009', 'area(um^2)': '5.98E+00', 'action': 'read', 'name': 'aladdin_register', 'area_scale': 1, 'energy_scale': 1, 'n_instances': 1}
2024-08-06 22:19:30 INFO        | Scaling width from 1 to 16
2024-08-06 22:19:30 INFO        | Scaling global_cycle_seconds from 1e-9 to 1e-09
2024-08-06 22:19:30 INFO        | Scaled aladdin_register.width from 1.0 to 16.0: 16.0x energy
2024-08-06 22:19:30 INFO        | Scaled aladdin_register.global_cycle_seconds from 1e-09 to 1e-09: 1x energy
2024-08-06 22:19:30 INFO        | aladdin_register energy has been scaled 16.0x
2024-08-06 22:19:30 INFO        
2024-08-06 22:19:30 INFO        ENERGY ESTIMATION for aladdin_register(depth=1, width=16, datawidth=16, has_power_gating=False, n_banks=2, cluster_size=1, reduction_supported=True, multiple_buffering=1, min_utilization=0, allow_overbooking=False, meshX=32, meshY=32, technology=45nm, global_cycle_seconds=1e-09, version=0.4, action_latency_cycles=1, cycle_seconds=1e-09, n_instances=1).leak(global_cycle_seconds=1e-09, action_latency_cycles=1)
2024-08-06 22:19:30 INFO        Library estimated 0.0p with accuracy 90%. Messages:
2024-08-06 22:19:30 INFO        | Found 1 entries for aladdin_register.leak.
2024-08-06 22:19:30 INFO        | Checking entry "{'technology': '45nm', 'global_cycle_seconds': '1e-9', 'width|datawidth': '1', 'dynamic energy(pJ)': '0', 'area(um^2)': '5.98E+00', 'action': 'leak', 'name': 'aladdin_register', 'area_scale': 1, 'energy_scale': 1, 'n_instances': 1}
2024-08-06 22:19:30 INFO        | value=0.0, matching_attrs=3, log=['Scaling width from 1 to 16', 'Scaling global_cycle_seconds from 1e-9 to 1e-09', 'Scaled aladdin_register.width from 1.0 to 16.0: 16.0x leak', 'Scaled aladdin_register.global_cycle_seconds from 1e-09 to 1e-09: 1.0x leak', 'aladdin_register leak has been scaled 16.0x']
2024-08-06 22:19:30 INFO        | Best-matching entry: {'technology': '45nm', 'global_cycle_seconds': '1e-9', 'width|datawidth': '1', 'dynamic energy(pJ)': '0', 'area(um^2)': '5.98E+00', 'action': 'leak', 'name': 'aladdin_register', 'area_scale': 1, 'energy_scale': 1, 'n_instances': 1}
2024-08-06 22:19:30 INFO        | Scaling width from 1 to 16
2024-08-06 22:19:30 INFO        | Scaling global_cycle_seconds from 1e-9 to 1e-09
2024-08-06 22:19:30 INFO        | Scaled aladdin_register.width from 1.0 to 16.0: 16.0x leak
2024-08-06 22:19:30 INFO        | Scaled aladdin_register.global_cycle_seconds from 1e-09 to 1e-09: 1.0x leak
2024-08-06 22:19:30 INFO        | aladdin_register leak has been scaled 16.0x
2024-08-06 22:19:30 INFO        | Multiplying by n_instances 1
2024-08-06 22:19:30 INFO        
2024-08-06 22:19:30 INFO        ENERGY ESTIMATION for aladdin_register(depth=1, width=16, datawidth=16, has_power_gating=False, n_banks=2, cluster_size=1, reduction_supported=True, multiple_buffering=1, min_utilization=0, allow_overbooking=False, meshX=32, meshY=32, technology=45nm, global_cycle_seconds=1e-09, version=0.4, action_latency_cycles=1, cycle_seconds=1e-09, n_instances=1).write(global_cycle_seconds=1e-09, action_latency_cycles=1)
2024-08-06 22:19:30 INFO        Library estimated 0.0p with accuracy 90%. Messages:
2024-08-06 22:19:30 INFO        | Found 1 entries for aladdin_register.write.
2024-08-06 22:19:30 INFO        | Checking entry "{'technology': '45nm', 'global_cycle_seconds': '1e-9', 'width|datawidth': '1', 'dynamic energy(pJ)': '0', 'area(um^2)': '5.98E+00', 'action': 'write', 'name': 'aladdin_register', 'area_scale': 1, 'energy_scale': 1, 'n_instances': 1}
2024-08-06 22:19:30 INFO        | value=0.0, matching_attrs=3, log=['Scaling width from 1 to 16', 'Scaling global_cycle_seconds from 1e-9 to 1e-09', 'Scaled aladdin_register.width from 1.0 to 16.0: 16.0x energy', 'Scaled aladdin_register.global_cycle_seconds from 1e-09 to 1e-09: 1x energy', 'aladdin_register energy has been scaled 16.0x']
2024-08-06 22:19:30 INFO        | Best-matching entry: {'technology': '45nm', 'global_cycle_seconds': '1e-9', 'width|datawidth': '1', 'dynamic energy(pJ)': '0', 'area(um^2)': '5.98E+00', 'action': 'write', 'name': 'aladdin_register', 'area_scale': 1, 'energy_scale': 1, 'n_instances': 1}
2024-08-06 22:19:30 INFO        | Scaling width from 1 to 16
2024-08-06 22:19:30 INFO        | Scaling global_cycle_seconds from 1e-9 to 1e-09
2024-08-06 22:19:30 INFO        | Scaled aladdin_register.width from 1.0 to 16.0: 16.0x energy
2024-08-06 22:19:30 INFO        | Scaled aladdin_register.global_cycle_seconds from 1e-09 to 1e-09: 1x energy
2024-08-06 22:19:30 INFO        | aladdin_register energy has been scaled 16.0x
2024-08-06 22:19:30 INFO        
2024-08-06 22:19:30 INFO        ENERGY ESTIMATION for SRAM(width=64, depth=8192, n_rdwr_ports=1, global_cycle_seconds=1e-09, action_latency_cycles=1, cycle_seconds=1e-09, technology=45nm, n_instances=1).write(global_cycle_seconds=1e-09, action_latency_cycles=1, cycle_seconds=1e-09, technology=45nm, n_instances=1)
2024-08-06 22:19:35 INFO        CactiSRAM estimated 1.96486e-11 with accuracy 80%. Messages:
2024-08-06 22:19:35 INFO        | Unused arguments (n_rdwr_ports, global_cycle_seconds, action_latency_cycles, cycle_seconds, n_instances) provided for ['SRAM', 'sram'].__init__. Arguments used: (width, depth, technology)
2024-08-06 22:19:35 INFO        | Unused arguments (global_cycle_seconds, action_latency_cycles, cycle_seconds, technology, n_instances) provided for ['SRAM', 'sram'].write. Arguments used: ()
2024-08-06 22:19:35 INFO        | Calling CACTI with cache_size=65536 n_rw_ports=1 block_size=8 tech_node_um=0.045 n_banks=1 tag_size=0 associativity=1
2024-08-06 22:19:35 INFO        | Calling CACTI with input path /usr/local/share/accelergy/estimation_plug_ins/accelergy-cacti-plug-in/cacti_inputs_outputs/tmp70_0taxe
2024-08-06 22:19:35 INFO        | CACTI output will be written to /usr/local/share/accelergy/estimation_plug_ins/accelergy-cacti-plug-in/cacti_inputs_outputs/tmp_fqmmauw
2024-08-06 22:19:35 INFO        | CACTI executable not found at /usr/local/share/accelergy/estimation_plug_ins/accelergy-cacti-plug-in/cacti/cacti
2024-08-06 22:19:35 INFO        | Calling: cd /usr/local/share/accelergy/estimation_plug_ins/accelergy-cacti-plug-in ; ./cacti -infile /usr/local/share/accelergy/estimation_plug_ins/accelergy-cacti-plug-in/cacti_inputs_outputs/tmp70_0taxe >> /usr/local/share/accelergy/estimation_plug_ins/accelergy-cacti-plug-in/cacti_inputs_outputs/tmp_fqmmauw 2>&1
2024-08-06 22:19:35 INFO        | Cache bandwidth: 8.0 bits/cycle
2024-08-06 22:19:35 INFO        | Cache bandwidth: 38.765559223477396 Gbits/second
2024-08-06 22:19:35 INFO        
2024-08-06 22:19:35 INFO        ENERGY ESTIMATION for intadder(n_bits=13, precision=13, global_cycle_seconds=1e-09, action_latency_cycles=1, cycle_seconds=1e-09, technology=45nm, n_instances=1).add(global_cycle_seconds=1e-09, action_latency_cycles=1, cycle_seconds=1e-09, technology=45nm, n_instances=1)
2024-08-06 22:19:35 INFO        Neurosim Plug-In estimated 0.05253236000000001p with accuracy 70%. Messages:
2024-08-06 22:19:35 INFO        | WARN: Non-numeric 45nm for parameter technology. Using 45 instead.
2024-08-06 22:19:35 INFO        | Building a crossbar with cell file /usr/local/share/accelergy/estimation_plug_ins/accelergy-neurosim-plugin/cells/placeholder.cell
2024-08-06 22:19:35 INFO        | Neurosim Plugin parsing cell file...
2024-08-06 22:19:35 INFO        | 	Failed to calculate "widthSRAMCellNMOS:". Ignore if this value is not needed.
2024-08-06 22:19:35 INFO        | 		Could not find -SRAMCellNMOSWidth (F): in cell file.
2024-08-06 22:19:35 INFO        | 	Failed to calculate "widthSRAMCellPMOS:". Ignore if this value is not needed.
2024-08-06 22:19:35 INFO        | 		Could not find -SRAMCellPMOSWidth (F): in cell file.
2024-08-06 22:19:35 INFO        | 	Failed to calculate "minSenseVoltage:". Ignore if this value is not needed.
2024-08-06 22:19:35 INFO        | 		Could not find -MinSenseVoltage (mV): in cell file.
2024-08-06 22:19:35 INFO        | 	Failed to calculate "accessTransistorResistance:". Ignore if this value is not needed.
2024-08-06 22:19:35 INFO        | 		Could not find -AccessTransistorResistance (ohm): in cell file.
2024-08-06 22:19:35 INFO        | 	Failed to calculate "WriteVoltage:". Ignore if this value is not needed.
2024-08-06 22:19:35 INFO        | 		Could not find -WriteVoltage (V): in cell file.
2024-08-06 22:19:35 INFO        | 	Failed to calculate "SET_CURRENT". Ignore if this value is not needed.
2024-08-06 22:19:35 INFO        | 		Could not find -SetCurrent (uA): in cell file.
2024-08-06 22:19:35 INFO        | 	Failed to calculate "SET_POWER". Ignore if this value is not needed.
2024-08-06 22:19:35 INFO        | 		Could not find -SetPower (uW): in cell file.
2024-08-06 22:19:35 INFO        | 	Failed to calculate "READ_CURRENT". Ignore if this value is not needed.
2024-08-06 22:19:35 INFO        | 		Could not find -ReadCurrent (uA): in cell file.
2024-08-06 22:19:35 INFO        | 	Failed to calculate "READ_ENERGY". Ignore if this value is not needed.
2024-08-06 22:19:35 INFO        | 		Could not find -ReadEnergy (pJ): in cell file.
2024-08-06 22:19:35 INFO        | 	Failed to calculate "cellCapacitanceMultiplier:". Ignore if this value is not needed.
2024-08-06 22:19:35 INFO        | 		Could not find -CellCapacitanceMultiplier: in cell file.
2024-08-06 22:19:35 INFO        | 	Failed to calculate "cellCapacitanceAdjust:". Ignore if this value is not needed.
2024-08-06 22:19:35 INFO        | 		Could not find -CellCapacitanceAdjust (F): in cell file.
2024-08-06 22:19:35 INFO        | 	Failed to calculate "deviceRoadmap:". Ignore if this value is not needed.
2024-08-06 22:19:35 INFO        | 		Could not find -DeviceRoadmap -1LP 1HP 2LSTP: in cell file.
2024-08-06 22:19:35 INFO        | Running /usr/local/share/accelergy/estimation_plug_ins/accelergy-neurosim-plugin/NeuroSim/main /usr/local/share/accelergy/estimation_plug_ins/accelergy-neurosim-plugin/neurosim_input_4321.cfg
2024-08-06 22:19:35 INFO        | Crossbar minimum latency is 2.808 ns to read 8.0 columns at once.
2024-08-06 22:19:35 INFO        
2024-08-06 22:19:35 INFO        ENERGY ESTIMATION for SRAM(width=64, depth=8192, n_rdwr_ports=1, global_cycle_seconds=1e-09, action_latency_cycles=1, cycle_seconds=1e-09, technology=45nm, n_instances=1).read(global_cycle_seconds=1e-09, action_latency_cycles=1, cycle_seconds=1e-09, technology=45nm, n_instances=1)
2024-08-06 22:19:41 INFO        CactiSRAM estimated 2.5869500000000002e-11 with accuracy 80%. Messages:
2024-08-06 22:19:41 INFO        | Unused arguments (n_rdwr_ports, global_cycle_seconds, action_latency_cycles, cycle_seconds, n_instances) provided for ['SRAM', 'sram'].__init__. Arguments used: (width, depth, technology)
2024-08-06 22:19:41 INFO        | Unused arguments (global_cycle_seconds, action_latency_cycles, cycle_seconds, technology, n_instances) provided for ['SRAM', 'sram'].read. Arguments used: ()
2024-08-06 22:19:41 INFO        | Calling CACTI with cache_size=65536 n_rw_ports=1 block_size=8 tech_node_um=0.045 n_banks=1 tag_size=0 associativity=1
2024-08-06 22:19:41 INFO        | Calling CACTI with input path /usr/local/share/accelergy/estimation_plug_ins/accelergy-cacti-plug-in/cacti_inputs_outputs/tmpz02f_o6c
2024-08-06 22:19:41 INFO        | CACTI output will be written to /usr/local/share/accelergy/estimation_plug_ins/accelergy-cacti-plug-in/cacti_inputs_outputs/tmp1p85w1ox
2024-08-06 22:19:41 INFO        | CACTI executable not found at /usr/local/share/accelergy/estimation_plug_ins/accelergy-cacti-plug-in/cacti/cacti
2024-08-06 22:19:41 INFO        | Calling: cd /usr/local/share/accelergy/estimation_plug_ins/accelergy-cacti-plug-in ; ./cacti -infile /usr/local/share/accelergy/estimation_plug_ins/accelergy-cacti-plug-in/cacti_inputs_outputs/tmpz02f_o6c >> /usr/local/share/accelergy/estimation_plug_ins/accelergy-cacti-plug-in/cacti_inputs_outputs/tmp1p85w1ox 2>&1
2024-08-06 22:19:41 INFO        | Cache bandwidth: 8.0 bits/cycle
2024-08-06 22:19:41 INFO        | Cache bandwidth: 38.765559223477396 Gbits/second
2024-08-06 22:19:41 INFO        
2024-08-06 22:19:41 INFO        ENERGY ESTIMATION for intadder(n_bits=13, precision=13, global_cycle_seconds=1e-09, action_latency_cycles=1, cycle_seconds=1e-09, technology=45nm, n_instances=1).add(global_cycle_seconds=1e-09, action_latency_cycles=1, cycle_seconds=1e-09, technology=45nm, n_instances=1)
2024-08-06 22:19:41 INFO        Neurosim Plug-In estimated 0.05253236000000001p with accuracy 70%. Messages:
2024-08-06 22:19:41 INFO        | WARN: Non-numeric 45nm for parameter technology. Using 45 instead.
2024-08-06 22:19:41 INFO        
2024-08-06 22:19:41 INFO        ENERGY ESTIMATION for SRAM(width=64, depth=8192, n_rdwr_ports=1, global_cycle_seconds=1e-09, action_latency_cycles=1, cycle_seconds=1e-09, technology=45nm, n_instances=1).leak(global_cycle_seconds=1e-09, action_latency_cycles=1, cycle_seconds=1e-09, technology=45nm, n_instances=1)
2024-08-06 22:19:46 INFO        CactiSRAM estimated 1.67027e-15 with accuracy 80%. Messages:
2024-08-06 22:19:46 INFO        | Unused arguments (n_rdwr_ports, global_cycle_seconds, action_latency_cycles, cycle_seconds, n_instances) provided for ['SRAM', 'sram'].__init__. Arguments used: (width, depth, technology)
2024-08-06 22:19:46 INFO        | Unused arguments (action_latency_cycles, cycle_seconds, technology, n_instances) provided for ['SRAM', 'sram'].leak. Arguments used: (global_cycle_seconds)
2024-08-06 22:19:46 INFO        | Calling CACTI with cache_size=65536 n_rw_ports=1 block_size=8 tech_node_um=0.045 n_banks=1 tag_size=0 associativity=1
2024-08-06 22:19:46 INFO        | Calling CACTI with input path /usr/local/share/accelergy/estimation_plug_ins/accelergy-cacti-plug-in/cacti_inputs_outputs/tmpun6kp5wt
2024-08-06 22:19:46 INFO        | CACTI output will be written to /usr/local/share/accelergy/estimation_plug_ins/accelergy-cacti-plug-in/cacti_inputs_outputs/tmp3xwt1y8r
2024-08-06 22:19:46 INFO        | CACTI executable not found at /usr/local/share/accelergy/estimation_plug_ins/accelergy-cacti-plug-in/cacti/cacti
2024-08-06 22:19:46 INFO        | Calling: cd /usr/local/share/accelergy/estimation_plug_ins/accelergy-cacti-plug-in ; ./cacti -infile /usr/local/share/accelergy/estimation_plug_ins/accelergy-cacti-plug-in/cacti_inputs_outputs/tmpun6kp5wt >> /usr/local/share/accelergy/estimation_plug_ins/accelergy-cacti-plug-in/cacti_inputs_outputs/tmp3xwt1y8r 2>&1
2024-08-06 22:19:46 INFO        | Cache bandwidth: 8.0 bits/cycle
2024-08-06 22:19:46 INFO        | Cache bandwidth: 38.765559223477396 Gbits/second
2024-08-06 22:19:46 INFO        | Global cycle time 1e-09 is less than the cache's random cycle time 1.65095
2024-08-06 22:19:46 INFO        | Multiplying by n_instances 1
2024-08-06 22:19:46 INFO        
2024-08-06 22:19:46 INFO        ENERGY ESTIMATION for intadder(n_bits=13, precision=13, global_cycle_seconds=1e-09, action_latency_cycles=1, cycle_seconds=1e-09, technology=45nm, n_instances=1).leak(global_cycle_seconds=1e-09, action_latency_cycles=1, cycle_seconds=1e-09, technology=45nm, n_instances=1)
2024-08-06 22:19:46 INFO        Neurosim Plug-In estimated 4.812332999999999e-06p with accuracy 70%. Messages:
2024-08-06 22:19:46 INFO        | WARN: Non-numeric 45nm for parameter technology. Using 45 instead.
2024-08-06 22:19:46 INFO        | Multiplying by n_instances 1
2024-08-06 22:19:46 INFO        
2024-08-06 22:19:46 INFO        ENERGY ESTIMATION for SRAM(width=64, depth=8192, n_rdwr_ports=1, global_cycle_seconds=1e-09, action_latency_cycles=1, cycle_seconds=1e-09, technology=45nm, n_instances=1).write(global_cycle_seconds=1e-09, action_latency_cycles=1, cycle_seconds=1e-09, technology=45nm, n_instances=1)
2024-08-06 22:19:52 INFO        CactiSRAM estimated 1.96486e-11 with accuracy 80%. Messages:
2024-08-06 22:19:52 INFO        | Unused arguments (n_rdwr_ports, global_cycle_seconds, action_latency_cycles, cycle_seconds, n_instances) provided for ['SRAM', 'sram'].__init__. Arguments used: (width, depth, technology)
2024-08-06 22:19:52 INFO        | Unused arguments (global_cycle_seconds, action_latency_cycles, cycle_seconds, technology, n_instances) provided for ['SRAM', 'sram'].write. Arguments used: ()
2024-08-06 22:19:52 INFO        | Calling CACTI with cache_size=65536 n_rw_ports=1 block_size=8 tech_node_um=0.045 n_banks=1 tag_size=0 associativity=1
2024-08-06 22:19:52 INFO        | Calling CACTI with input path /usr/local/share/accelergy/estimation_plug_ins/accelergy-cacti-plug-in/cacti_inputs_outputs/tmplj3ep6d0
2024-08-06 22:19:52 INFO        | CACTI output will be written to /usr/local/share/accelergy/estimation_plug_ins/accelergy-cacti-plug-in/cacti_inputs_outputs/tmp15zmpkm8
2024-08-06 22:19:52 INFO        | CACTI executable not found at /usr/local/share/accelergy/estimation_plug_ins/accelergy-cacti-plug-in/cacti/cacti
2024-08-06 22:19:52 INFO        | Calling: cd /usr/local/share/accelergy/estimation_plug_ins/accelergy-cacti-plug-in ; ./cacti -infile /usr/local/share/accelergy/estimation_plug_ins/accelergy-cacti-plug-in/cacti_inputs_outputs/tmplj3ep6d0 >> /usr/local/share/accelergy/estimation_plug_ins/accelergy-cacti-plug-in/cacti_inputs_outputs/tmp15zmpkm8 2>&1
2024-08-06 22:19:52 INFO        | Cache bandwidth: 8.0 bits/cycle
2024-08-06 22:19:52 INFO        | Cache bandwidth: 38.765559223477396 Gbits/second
2024-08-06 22:19:52 INFO        
2024-08-06 22:19:52 INFO        ENERGY ESTIMATION for intadder(n_bits=13, precision=13, global_cycle_seconds=1e-09, action_latency_cycles=1, cycle_seconds=1e-09, technology=45nm, n_instances=1).add(global_cycle_seconds=1e-09, action_latency_cycles=1, cycle_seconds=1e-09, technology=45nm, n_instances=1)
2024-08-06 22:19:52 INFO        Neurosim Plug-In estimated 0.05253236000000001p with accuracy 70%. Messages:
2024-08-06 22:19:52 INFO        | WARN: Non-numeric 45nm for parameter technology. Using 45 instead.
2024-08-06 22:19:52 INFO        
2024-08-06 22:19:52 INFO        ENERGY ESTIMATION for SRAM(width=32, depth=192, n_rdwr_ports=1, global_cycle_seconds=1e-09, action_latency_cycles=1, cycle_seconds=1e-09, technology=45nm, n_instances=1).write(global_cycle_seconds=1e-09, action_latency_cycles=1, cycle_seconds=1e-09, technology=45nm, n_instances=1)
2024-08-06 22:19:53 INFO        CactiSRAM estimated 2.35412e-12 with accuracy 80%. Messages:
2024-08-06 22:19:53 INFO        | Unused arguments (n_rdwr_ports, global_cycle_seconds, action_latency_cycles, cycle_seconds, n_instances) provided for ['SRAM', 'sram'].__init__. Arguments used: (width, depth, technology)
2024-08-06 22:19:53 INFO        | Unused arguments (global_cycle_seconds, action_latency_cycles, cycle_seconds, technology, n_instances) provided for ['SRAM', 'sram'].write. Arguments used: ()
2024-08-06 22:19:53 INFO        | Calling CACTI with cache_size=768 n_rw_ports=1 block_size=4 tech_node_um=0.045 n_banks=1 tag_size=0 associativity=1
2024-08-06 22:19:53 INFO        | Calling CACTI with input path /usr/local/share/accelergy/estimation_plug_ins/accelergy-cacti-plug-in/cacti_inputs_outputs/tmpz5h72igf
2024-08-06 22:19:53 INFO        | CACTI output will be written to /usr/local/share/accelergy/estimation_plug_ins/accelergy-cacti-plug-in/cacti_inputs_outputs/tmpbqc6x637
2024-08-06 22:19:53 INFO        | CACTI executable not found at /usr/local/share/accelergy/estimation_plug_ins/accelergy-cacti-plug-in/cacti/cacti
2024-08-06 22:19:53 INFO        | Calling: cd /usr/local/share/accelergy/estimation_plug_ins/accelergy-cacti-plug-in ; ./cacti -infile /usr/local/share/accelergy/estimation_plug_ins/accelergy-cacti-plug-in/cacti_inputs_outputs/tmpz5h72igf >> /usr/local/share/accelergy/estimation_plug_ins/accelergy-cacti-plug-in/cacti_inputs_outputs/tmpbqc6x637 2>&1
2024-08-06 22:19:53 INFO        | Cache bandwidth: 4.0 bits/cycle
2024-08-06 22:19:53 INFO        | Cache bandwidth: 52.904979350525245 Gbits/second
2024-08-06 22:19:53 INFO        
2024-08-06 22:19:53 INFO        ENERGY ESTIMATION for intadder(n_bits=8, precision=8, global_cycle_seconds=1e-09, action_latency_cycles=1, cycle_seconds=1e-09, technology=45nm, n_instances=1).add(global_cycle_seconds=1e-09, action_latency_cycles=1, cycle_seconds=1e-09, technology=45nm, n_instances=1)
2024-08-06 22:19:53 INFO        Neurosim Plug-In estimated 0.03243378p with accuracy 70%. Messages:
2024-08-06 22:19:53 INFO        | WARN: Non-numeric 45nm for parameter technology. Using 45 instead.
2024-08-06 22:19:53 INFO        | Building a crossbar with cell file /usr/local/share/accelergy/estimation_plug_ins/accelergy-neurosim-plugin/cells/placeholder.cell
2024-08-06 22:19:53 INFO        | Neurosim Plugin parsing cell file...
2024-08-06 22:19:53 INFO        | 	Failed to calculate "widthSRAMCellNMOS:". Ignore if this value is not needed.
2024-08-06 22:19:53 INFO        | 		Could not find -SRAMCellNMOSWidth (F): in cell file.
2024-08-06 22:19:53 INFO        | 	Failed to calculate "widthSRAMCellPMOS:". Ignore if this value is not needed.
2024-08-06 22:19:53 INFO        | 		Could not find -SRAMCellPMOSWidth (F): in cell file.
2024-08-06 22:19:53 INFO        | 	Failed to calculate "minSenseVoltage:". Ignore if this value is not needed.
2024-08-06 22:19:53 INFO        | 		Could not find -MinSenseVoltage (mV): in cell file.
2024-08-06 22:19:53 INFO        | 	Failed to calculate "accessTransistorResistance:". Ignore if this value is not needed.
2024-08-06 22:19:53 INFO        | 		Could not find -AccessTransistorResistance (ohm): in cell file.
2024-08-06 22:19:53 INFO        | 	Failed to calculate "WriteVoltage:". Ignore if this value is not needed.
2024-08-06 22:19:53 INFO        | 		Could not find -WriteVoltage (V): in cell file.
2024-08-06 22:19:53 INFO        | 	Failed to calculate "SET_CURRENT". Ignore if this value is not needed.
2024-08-06 22:19:53 INFO        | 		Could not find -SetCurrent (uA): in cell file.
2024-08-06 22:19:53 INFO        | 	Failed to calculate "SET_POWER". Ignore if this value is not needed.
2024-08-06 22:19:53 INFO        | 		Could not find -SetPower (uW): in cell file.
2024-08-06 22:19:53 INFO        | 	Failed to calculate "READ_CURRENT". Ignore if this value is not needed.
2024-08-06 22:19:53 INFO        | 		Could not find -ReadCurrent (uA): in cell file.
2024-08-06 22:19:53 INFO        | 	Failed to calculate "READ_ENERGY". Ignore if this value is not needed.
2024-08-06 22:19:53 INFO        | 		Could not find -ReadEnergy (pJ): in cell file.
2024-08-06 22:19:53 INFO        | 	Failed to calculate "cellCapacitanceMultiplier:". Ignore if this value is not needed.
2024-08-06 22:19:53 INFO        | 		Could not find -CellCapacitanceMultiplier: in cell file.
2024-08-06 22:19:53 INFO        | 	Failed to calculate "cellCapacitanceAdjust:". Ignore if this value is not needed.
2024-08-06 22:19:53 INFO        | 		Could not find -CellCapacitanceAdjust (F): in cell file.
2024-08-06 22:19:53 INFO        | 	Failed to calculate "deviceRoadmap:". Ignore if this value is not needed.
2024-08-06 22:19:53 INFO        | 		Could not find -DeviceRoadmap -1LP 1HP 2LSTP: in cell file.
2024-08-06 22:19:53 INFO        | Running /usr/local/share/accelergy/estimation_plug_ins/accelergy-neurosim-plugin/NeuroSim/main /usr/local/share/accelergy/estimation_plug_ins/accelergy-neurosim-plugin/neurosim_input_4321.cfg
2024-08-06 22:19:53 INFO        | Crossbar minimum latency is 2.808 ns to read 8.0 columns at once.
2024-08-06 22:19:53 INFO        
2024-08-06 22:19:53 INFO        ENERGY ESTIMATION for SRAM(width=32, depth=192, n_rdwr_ports=1, global_cycle_seconds=1e-09, action_latency_cycles=1, cycle_seconds=1e-09, technology=45nm, n_instances=1).read(global_cycle_seconds=1e-09, action_latency_cycles=1, cycle_seconds=1e-09, technology=45nm, n_instances=1)
2024-08-06 22:19:54 INFO        CactiSRAM estimated 9.65749e-13 with accuracy 80%. Messages:
2024-08-06 22:19:54 INFO        | Unused arguments (n_rdwr_ports, global_cycle_seconds, action_latency_cycles, cycle_seconds, n_instances) provided for ['SRAM', 'sram'].__init__. Arguments used: (width, depth, technology)
2024-08-06 22:19:54 INFO        | Unused arguments (global_cycle_seconds, action_latency_cycles, cycle_seconds, technology, n_instances) provided for ['SRAM', 'sram'].read. Arguments used: ()
2024-08-06 22:19:54 INFO        | Calling CACTI with cache_size=768 n_rw_ports=1 block_size=4 tech_node_um=0.045 n_banks=1 tag_size=0 associativity=1
2024-08-06 22:19:54 INFO        | Calling CACTI with input path /usr/local/share/accelergy/estimation_plug_ins/accelergy-cacti-plug-in/cacti_inputs_outputs/tmpfxoa02gz
2024-08-06 22:19:54 INFO        | CACTI output will be written to /usr/local/share/accelergy/estimation_plug_ins/accelergy-cacti-plug-in/cacti_inputs_outputs/tmpr5_7zz9q
2024-08-06 22:19:54 INFO        | CACTI executable not found at /usr/local/share/accelergy/estimation_plug_ins/accelergy-cacti-plug-in/cacti/cacti
2024-08-06 22:19:54 INFO        | Calling: cd /usr/local/share/accelergy/estimation_plug_ins/accelergy-cacti-plug-in ; ./cacti -infile /usr/local/share/accelergy/estimation_plug_ins/accelergy-cacti-plug-in/cacti_inputs_outputs/tmpfxoa02gz >> /usr/local/share/accelergy/estimation_plug_ins/accelergy-cacti-plug-in/cacti_inputs_outputs/tmpr5_7zz9q 2>&1
2024-08-06 22:19:54 INFO        | Cache bandwidth: 4.0 bits/cycle
2024-08-06 22:19:54 INFO        | Cache bandwidth: 52.904979350525245 Gbits/second
2024-08-06 22:19:54 INFO        
2024-08-06 22:19:54 INFO        ENERGY ESTIMATION for intadder(n_bits=8, precision=8, global_cycle_seconds=1e-09, action_latency_cycles=1, cycle_seconds=1e-09, technology=45nm, n_instances=1).add(global_cycle_seconds=1e-09, action_latency_cycles=1, cycle_seconds=1e-09, technology=45nm, n_instances=1)
2024-08-06 22:19:54 INFO        Neurosim Plug-In estimated 0.03243378p with accuracy 70%. Messages:
2024-08-06 22:19:54 INFO        | WARN: Non-numeric 45nm for parameter technology. Using 45 instead.
2024-08-06 22:19:54 INFO        
2024-08-06 22:19:54 INFO        ENERGY ESTIMATION for SRAM(width=32, depth=192, n_rdwr_ports=1, global_cycle_seconds=1e-09, action_latency_cycles=1, cycle_seconds=1e-09, technology=45nm, n_instances=1).leak(global_cycle_seconds=1e-09, action_latency_cycles=1, cycle_seconds=1e-09, technology=45nm, n_instances=1)
2024-08-06 22:19:55 INFO        CactiSRAM estimated 3.05099e-17 with accuracy 80%. Messages:
2024-08-06 22:19:55 INFO        | Unused arguments (n_rdwr_ports, global_cycle_seconds, action_latency_cycles, cycle_seconds, n_instances) provided for ['SRAM', 'sram'].__init__. Arguments used: (width, depth, technology)
2024-08-06 22:19:55 INFO        | Unused arguments (action_latency_cycles, cycle_seconds, technology, n_instances) provided for ['SRAM', 'sram'].leak. Arguments used: (global_cycle_seconds)
2024-08-06 22:19:55 INFO        | Calling CACTI with cache_size=768 n_rw_ports=1 block_size=4 tech_node_um=0.045 n_banks=1 tag_size=0 associativity=1
2024-08-06 22:19:55 INFO        | Calling CACTI with input path /usr/local/share/accelergy/estimation_plug_ins/accelergy-cacti-plug-in/cacti_inputs_outputs/tmplqk5pem6
2024-08-06 22:19:55 INFO        | CACTI output will be written to /usr/local/share/accelergy/estimation_plug_ins/accelergy-cacti-plug-in/cacti_inputs_outputs/tmpx5dcxdgp
2024-08-06 22:19:55 INFO        | CACTI executable not found at /usr/local/share/accelergy/estimation_plug_ins/accelergy-cacti-plug-in/cacti/cacti
2024-08-06 22:19:55 INFO        | Calling: cd /usr/local/share/accelergy/estimation_plug_ins/accelergy-cacti-plug-in ; ./cacti -infile /usr/local/share/accelergy/estimation_plug_ins/accelergy-cacti-plug-in/cacti_inputs_outputs/tmplqk5pem6 >> /usr/local/share/accelergy/estimation_plug_ins/accelergy-cacti-plug-in/cacti_inputs_outputs/tmpx5dcxdgp 2>&1
2024-08-06 22:19:55 INFO        | Cache bandwidth: 4.0 bits/cycle
2024-08-06 22:19:55 INFO        | Cache bandwidth: 52.904979350525245 Gbits/second
2024-08-06 22:19:55 INFO        | Global cycle time 1e-09 is less than the cache's random cycle time 0.604858
2024-08-06 22:19:55 INFO        | Multiplying by n_instances 1
2024-08-06 22:19:55 INFO        
2024-08-06 22:19:55 INFO        ENERGY ESTIMATION for intadder(n_bits=8, precision=8, global_cycle_seconds=1e-09, action_latency_cycles=1, cycle_seconds=1e-09, technology=45nm, n_instances=1).leak(global_cycle_seconds=1e-09, action_latency_cycles=1, cycle_seconds=1e-09, technology=45nm, n_instances=1)
2024-08-06 22:19:55 INFO        Neurosim Plug-In estimated 2.9614360000000003e-06p with accuracy 70%. Messages:
2024-08-06 22:19:55 INFO        | WARN: Non-numeric 45nm for parameter technology. Using 45 instead.
2024-08-06 22:19:55 INFO        | Multiplying by n_instances 1
2024-08-06 22:19:55 INFO        
2024-08-06 22:19:55 INFO        ENERGY ESTIMATION for SRAM(width=32, depth=192, n_rdwr_ports=1, global_cycle_seconds=1e-09, action_latency_cycles=1, cycle_seconds=1e-09, technology=45nm, n_instances=1).write(global_cycle_seconds=1e-09, action_latency_cycles=1, cycle_seconds=1e-09, technology=45nm, n_instances=1)
2024-08-06 22:19:56 INFO        CactiSRAM estimated 2.35412e-12 with accuracy 80%. Messages:
2024-08-06 22:19:56 INFO        | Unused arguments (n_rdwr_ports, global_cycle_seconds, action_latency_cycles, cycle_seconds, n_instances) provided for ['SRAM', 'sram'].__init__. Arguments used: (width, depth, technology)
2024-08-06 22:19:56 INFO        | Unused arguments (global_cycle_seconds, action_latency_cycles, cycle_seconds, technology, n_instances) provided for ['SRAM', 'sram'].write. Arguments used: ()
2024-08-06 22:19:56 INFO        | Calling CACTI with cache_size=768 n_rw_ports=1 block_size=4 tech_node_um=0.045 n_banks=1 tag_size=0 associativity=1
2024-08-06 22:19:56 INFO        | Calling CACTI with input path /usr/local/share/accelergy/estimation_plug_ins/accelergy-cacti-plug-in/cacti_inputs_outputs/tmp6lcc3cno
2024-08-06 22:19:56 INFO        | CACTI output will be written to /usr/local/share/accelergy/estimation_plug_ins/accelergy-cacti-plug-in/cacti_inputs_outputs/tmp4hdjb4pw
2024-08-06 22:19:56 INFO        | CACTI executable not found at /usr/local/share/accelergy/estimation_plug_ins/accelergy-cacti-plug-in/cacti/cacti
2024-08-06 22:19:56 INFO        | Calling: cd /usr/local/share/accelergy/estimation_plug_ins/accelergy-cacti-plug-in ; ./cacti -infile /usr/local/share/accelergy/estimation_plug_ins/accelergy-cacti-plug-in/cacti_inputs_outputs/tmp6lcc3cno >> /usr/local/share/accelergy/estimation_plug_ins/accelergy-cacti-plug-in/cacti_inputs_outputs/tmp4hdjb4pw 2>&1
2024-08-06 22:19:56 INFO        | Cache bandwidth: 4.0 bits/cycle
2024-08-06 22:19:56 INFO        | Cache bandwidth: 52.904979350525245 Gbits/second
2024-08-06 22:19:56 INFO        
2024-08-06 22:19:56 INFO        ENERGY ESTIMATION for intadder(n_bits=8, precision=8, global_cycle_seconds=1e-09, action_latency_cycles=1, cycle_seconds=1e-09, technology=45nm, n_instances=1).add(global_cycle_seconds=1e-09, action_latency_cycles=1, cycle_seconds=1e-09, technology=45nm, n_instances=1)
2024-08-06 22:19:56 INFO        Neurosim Plug-In estimated 0.03243378p with accuracy 70%. Messages:
2024-08-06 22:19:56 INFO        | WARN: Non-numeric 45nm for parameter technology. Using 45 instead.
2024-08-06 22:19:56 INFO        
2024-08-06 22:19:56 INFO        ENERGY ESTIMATION for aladdin_adder(width=16, global_cycle_seconds=1e-09, action_latency_cycles=1, cycle_seconds=1e-09, technology=45nm, n_instances=1).read(global_cycle_seconds=1e-09, action_latency_cycles=1, cycle_seconds=1e-09, technology=45nm, n_instances=1)
2024-08-06 22:19:56 INFO        Library estimated 0.105p with accuracy 90%. Messages:
2024-08-06 22:19:56 INFO        | Found 1 entries for aladdin_adder.read.
2024-08-06 22:19:56 INFO        | Checking entry "{'technology': '45nm', 'global_cycle_seconds': '1e-9', 'width|datawidth': '32', 'energy': '0.21', 'area': '2.78E+02', 'action': 'read', 'name': 'aladdin_adder', 'area_scale': 1, 'energy_scale': 1, 'n_instances': 1}
2024-08-06 22:19:56 INFO        | value=0.21, matching_attrs=3, log=['Scaling width from 32 to 16', 'Scaling global_cycle_seconds from 1e-9 to 1e-09', 'Scaled aladdin_adder.width from 32.0 to 16.0: 0.5x energy', 'Scaled aladdin_adder.global_cycle_seconds from 1e-09 to 1e-09: 1x energy', 'aladdin_adder energy has been scaled 0.5x']
2024-08-06 22:19:56 INFO        | Best-matching entry: {'technology': '45nm', 'global_cycle_seconds': '1e-9', 'width|datawidth': '32', 'energy': '0.21', 'area': '2.78E+02', 'action': 'read', 'name': 'aladdin_adder', 'area_scale': 1, 'energy_scale': 1, 'n_instances': 1}
2024-08-06 22:19:56 INFO        | Scaling width from 32 to 16
2024-08-06 22:19:56 INFO        | Scaling global_cycle_seconds from 1e-9 to 1e-09
2024-08-06 22:19:56 INFO        | Scaled aladdin_adder.width from 32.0 to 16.0: 0.5x energy
2024-08-06 22:19:56 INFO        | Scaled aladdin_adder.global_cycle_seconds from 1e-09 to 1e-09: 1x energy
2024-08-06 22:19:56 INFO        | aladdin_adder energy has been scaled 0.5x
2024-08-06 22:19:56 INFO        
2024-08-06 22:19:56 INFO        ENERGY ESTIMATION for aladdin_adder(width_a=8, width_b=8, global_cycle_seconds=1e-09, action_latency_cycles=1, cycle_seconds=1e-09, technology=45nm, n_instances=1).read(global_cycle_seconds=1e-09, action_latency_cycles=1, cycle_seconds=1e-09, technology=45nm, n_instances=1)
2024-08-06 22:19:56 INFO        Library estimated 0.21p with accuracy 90%. Messages:
2024-08-06 22:19:56 INFO        | Found 1 entries for aladdin_adder.read.
2024-08-06 22:19:56 INFO        | Checking entry "{'technology': '45nm', 'global_cycle_seconds': '1e-9', 'width|datawidth': '32', 'energy': '0.21', 'area': '2.78E+02', 'action': 'read', 'name': 'aladdin_adder', 'area_scale': 1, 'energy_scale': 1, 'n_instances': 1}
2024-08-06 22:19:56 INFO        | value=0.21, matching_attrs=3, log=['Scaling global_cycle_seconds from 1e-9 to 1e-09', 'Scaled aladdin_adder.global_cycle_seconds from 1e-09 to 1e-09: 1x energy', 'aladdin_adder energy has been scaled 1x']
2024-08-06 22:19:56 INFO        | Best-matching entry: {'technology': '45nm', 'global_cycle_seconds': '1e-9', 'width|datawidth': '32', 'energy': '0.21', 'area': '2.78E+02', 'action': 'read', 'name': 'aladdin_adder', 'area_scale': 1, 'energy_scale': 1, 'n_instances': 1}
2024-08-06 22:19:56 INFO        | Scaling global_cycle_seconds from 1e-9 to 1e-09
2024-08-06 22:19:56 INFO        | Scaled aladdin_adder.global_cycle_seconds from 1e-09 to 1e-09: 1x energy
2024-08-06 22:19:56 INFO        | aladdin_adder energy has been scaled 1x
2024-08-06 22:19:56 INFO        
2024-08-06 22:19:56 INFO        ENERGY ESTIMATION for aladdin_adder(width=16, global_cycle_seconds=1e-09, action_latency_cycles=1, cycle_seconds=1e-09, technology=45nm, n_instances=1).leak(global_cycle_seconds=1e-09, action_latency_cycles=1, cycle_seconds=1e-09, technology=45nm, n_instances=1)
2024-08-06 22:19:56 INFO        Library estimated 0.0012p with accuracy 90%. Messages:
2024-08-06 22:19:56 INFO        | Found 1 entries for aladdin_adder.leak.
2024-08-06 22:19:56 INFO        | Checking entry "{'technology': '45nm', 'global_cycle_seconds': '1e-9', 'width|datawidth': '32', 'energy': '0.0024', 'area': '2.78E+02', 'action': 'leak', 'name': 'aladdin_adder', 'area_scale': 1, 'energy_scale': 1, 'n_instances': 1}
2024-08-06 22:19:56 INFO        | value=0.0024, matching_attrs=3, log=['Scaling width from 32 to 16', 'Scaling global_cycle_seconds from 1e-9 to 1e-09', 'Scaled aladdin_adder.width from 32.0 to 16.0: 0.5x leak', 'Scaled aladdin_adder.global_cycle_seconds from 1e-09 to 1e-09: 1.0x leak', 'aladdin_adder leak has been scaled 0.5x']
2024-08-06 22:19:56 INFO        | Best-matching entry: {'technology': '45nm', 'global_cycle_seconds': '1e-9', 'width|datawidth': '32', 'energy': '0.0024', 'area': '2.78E+02', 'action': 'leak', 'name': 'aladdin_adder', 'area_scale': 1, 'energy_scale': 1, 'n_instances': 1}
2024-08-06 22:19:56 INFO        | Scaling width from 32 to 16
2024-08-06 22:19:56 INFO        | Scaling global_cycle_seconds from 1e-9 to 1e-09
2024-08-06 22:19:56 INFO        | Scaled aladdin_adder.width from 32.0 to 16.0: 0.5x leak
2024-08-06 22:19:56 INFO        | Scaled aladdin_adder.global_cycle_seconds from 1e-09 to 1e-09: 1.0x leak
2024-08-06 22:19:56 INFO        | aladdin_adder leak has been scaled 0.5x
2024-08-06 22:19:56 INFO        | Multiplying by n_instances 1
2024-08-06 22:19:56 INFO        
2024-08-06 22:19:56 INFO        ENERGY ESTIMATION for aladdin_adder(width_a=8, width_b=8, global_cycle_seconds=1e-09, action_latency_cycles=1, cycle_seconds=1e-09, technology=45nm, n_instances=1).leak(global_cycle_seconds=1e-09, action_latency_cycles=1, cycle_seconds=1e-09, technology=45nm, n_instances=1)
2024-08-06 22:19:56 INFO        Library estimated 0.0024p with accuracy 90%. Messages:
2024-08-06 22:19:56 INFO        | Found 1 entries for aladdin_adder.leak.
2024-08-06 22:19:56 INFO        | Checking entry "{'technology': '45nm', 'global_cycle_seconds': '1e-9', 'width|datawidth': '32', 'energy': '0.0024', 'area': '2.78E+02', 'action': 'leak', 'name': 'aladdin_adder', 'area_scale': 1, 'energy_scale': 1, 'n_instances': 1}
2024-08-06 22:19:56 INFO        | value=0.0024, matching_attrs=3, log=['Scaling global_cycle_seconds from 1e-9 to 1e-09', 'Scaled aladdin_adder.global_cycle_seconds from 1e-09 to 1e-09: 1.0x leak', 'aladdin_adder leak has been scaled 1.0x']
2024-08-06 22:19:56 INFO        | Best-matching entry: {'technology': '45nm', 'global_cycle_seconds': '1e-9', 'width|datawidth': '32', 'energy': '0.0024', 'area': '2.78E+02', 'action': 'leak', 'name': 'aladdin_adder', 'area_scale': 1, 'energy_scale': 1, 'n_instances': 1}
2024-08-06 22:19:56 INFO        | Scaling global_cycle_seconds from 1e-9 to 1e-09
2024-08-06 22:19:56 INFO        | Scaled aladdin_adder.global_cycle_seconds from 1e-09 to 1e-09: 1.0x leak
2024-08-06 22:19:56 INFO        | aladdin_adder leak has been scaled 1.0x
2024-08-06 22:19:56 INFO        | Multiplying by n_instances 1
2024-08-06 22:19:56 WARNING     No action counts are specified as yaml input
2024-08-06 22:19:56 INFO        
2024-08-06 22:19:56 INFO        AREA ESTIMATION for DRAM(type=LPDDR4, width=64, datawidth=16, has_power_gating=False, n_banks=2, cluster_size=1, reduction_supported=True, multiple_buffering=1, min_utilization=0, allow_overbooking=False, meshX=1, meshY=1, technology=32nm, global_cycle_seconds=1e-09, version=0.4, action_latency_cycles=1, cycle_seconds=1e-09, n_instances=1)
2024-08-06 22:19:56 INFO        CactiDRAM estimated 0 with accuracy 80%. Messages:
2024-08-06 22:19:56 INFO        | Unused arguments (datawidth, has_power_gating, n_banks, cluster_size, reduction_supported, multiple_buffering, min_utilization, allow_overbooking, meshX, meshY, technology, global_cycle_seconds, version, action_latency_cycles, cycle_seconds, n_instances) provided for ['DRAM', 'dram'].__init__. Arguments used: (type, width)
2024-08-06 22:19:56 INFO        | Multiplying by n_instances 1
2024-08-06 22:19:56 INFO        
2024-08-06 22:19:56 INFO        AREA ESTIMATION for dummy_storage(width=1, depth=1, datawidth=1, technology=-1, has_power_gating=False, n_banks=2, cluster_size=1, reduction_supported=True, multiple_buffering=1, min_utilization=0, allow_overbooking=False, meshX=1, meshY=1, global_cycle_seconds=1e-09, version=0.4, action_latency_cycles=1, cycle_seconds=1e-09, n_instances=1)
2024-08-06 22:19:56 INFO        dummy_table estimated 1u^2 with accuracy 100%. Messages:
2024-08-06 22:19:56 INFO        | Multiplying by n_instances 1
2024-08-06 22:19:56 INFO        
2024-08-06 22:19:56 INFO        AREA ESTIMATION for dummy_storage(width=1, depth=1, datawidth=1, technology=-1, has_power_gating=False, n_banks=2, cluster_size=1, reduction_supported=True, multiple_buffering=1, min_utilization=0, allow_overbooking=False, meshX=32, meshY=1, global_cycle_seconds=1e-09, version=0.4, action_latency_cycles=1, cycle_seconds=1e-09, n_instances=1)
2024-08-06 22:19:56 INFO        dummy_table estimated 1u^2 with accuracy 100%. Messages:
2024-08-06 22:19:56 INFO        | Multiplying by n_instances 1
2024-08-06 22:19:56 INFO        
2024-08-06 22:19:56 INFO        AREA ESTIMATION for aladdin_register(depth=1, width=16, datawidth=16, has_power_gating=False, n_banks=2, cluster_size=1, reduction_supported=True, multiple_buffering=1, min_utilization=0, allow_overbooking=False, meshX=32, meshY=32, technology=45nm, global_cycle_seconds=1e-09, version=0.4, action_latency_cycles=1, cycle_seconds=1e-09, n_instances=1)
2024-08-06 22:19:56 INFO        Library estimated 95.68u^2 with accuracy 90%. Messages:
2024-08-06 22:19:56 INFO        | Found 4 entries for aladdin_register.
2024-08-06 22:19:56 INFO        | Checking entry "{'technology': '45nm', 'global_cycle_seconds': '1e-9', 'width|datawidth': '1', 'dynamic energy(pJ)': '0.009', 'area(um^2)': '5.98E+00', 'action': 'read', 'name': 'aladdin_register', 'area_scale': 1, 'energy_scale': 1, 'n_instances': 1}
2024-08-06 22:19:56 INFO        | value=5.98, matching_attrs=3, log=['Scaling width from 1 to 16', 'Scaling global_cycle_seconds from 1e-9 to 1e-09', 'Scaled aladdin_register.width from 1.0 to 16.0: 16.0x area', 'Scaled aladdin_register.global_cycle_seconds from 1e-09 to 1e-09: 1x area', 'aladdin_register area has been scaled 16.0x']
2024-08-06 22:19:56 INFO        | Checking entry "{'technology': '45nm', 'global_cycle_seconds': '1e-9', 'width|datawidth': '1', 'dynamic energy(pJ)': '0', 'area(um^2)': '5.98E+00', 'action': 'write', 'name': 'aladdin_register', 'area_scale': 1, 'energy_scale': 1, 'n_instances': 1}
2024-08-06 22:19:56 INFO        | value=5.98, matching_attrs=3, log=['Scaling width from 1 to 16', 'Scaling global_cycle_seconds from 1e-9 to 1e-09', 'Scaled aladdin_register.width from 1.0 to 16.0: 16.0x area', 'Scaled aladdin_register.global_cycle_seconds from 1e-09 to 1e-09: 1x area', 'aladdin_register area has been scaled 16.0x']
2024-08-06 22:19:56 INFO        | Checking entry "{'technology': '45nm', 'global_cycle_seconds': '1e-9', 'width|datawidth': '1', 'dynamic energy(pJ)': '0', 'area(um^2)': '5.98E+00', 'action': 'leak', 'name': 'aladdin_register', 'area_scale': 1, 'energy_scale': 1, 'n_instances': 1}
2024-08-06 22:19:56 INFO        | value=5.98, matching_attrs=3, log=['Scaling width from 1 to 16', 'Scaling global_cycle_seconds from 1e-9 to 1e-09', 'Scaled aladdin_register.width from 1.0 to 16.0: 16.0x area', 'Scaled aladdin_register.global_cycle_seconds from 1e-09 to 1e-09: 1x area', 'aladdin_register area has been scaled 16.0x']
2024-08-06 22:19:56 INFO        | Checking entry "{'technology': '45nm', 'global_cycle_seconds': '1e-9', 'width|datawidth': '1', 'dynamic energy(pJ)': '0', 'area(um^2)': '5.98E+00', 'action': 'update', 'name': 'aladdin_register', 'area_scale': 1, 'energy_scale': 1, 'n_instances': 1}
2024-08-06 22:19:56 INFO        | value=5.98, matching_attrs=3, log=['Scaling width from 1 to 16', 'Scaling global_cycle_seconds from 1e-9 to 1e-09', 'Scaled aladdin_register.width from 1.0 to 16.0: 16.0x area', 'Scaled aladdin_register.global_cycle_seconds from 1e-09 to 1e-09: 1x area', 'aladdin_register area has been scaled 16.0x']
2024-08-06 22:19:56 INFO        | Best-matching entry: {'technology': '45nm', 'global_cycle_seconds': '1e-9', 'width|datawidth': '1', 'dynamic energy(pJ)': '0.009', 'area(um^2)': '5.98E+00', 'action': 'read', 'name': 'aladdin_register', 'area_scale': 1, 'energy_scale': 1, 'n_instances': 1}
2024-08-06 22:19:56 INFO        | Scaling width from 1 to 16
2024-08-06 22:19:56 INFO        | Scaling global_cycle_seconds from 1e-9 to 1e-09
2024-08-06 22:19:56 INFO        | Scaled aladdin_register.width from 1.0 to 16.0: 16.0x area
2024-08-06 22:19:56 INFO        | Scaled aladdin_register.global_cycle_seconds from 1e-09 to 1e-09: 1x area
2024-08-06 22:19:56 INFO        | aladdin_register area has been scaled 16.0x
2024-08-06 22:19:56 INFO        | Multiplying by n_instances 1
2024-08-06 22:19:56 INFO        
2024-08-06 22:19:56 INFO        AREA ESTIMATION for aladdin_register(depth=1, width=16, datawidth=16, has_power_gating=False, n_banks=2, cluster_size=1, reduction_supported=True, multiple_buffering=1, min_utilization=0, allow_overbooking=False, meshX=32, meshY=32, technology=45nm, global_cycle_seconds=1e-09, version=0.4, action_latency_cycles=1, cycle_seconds=1e-09, n_instances=1)
2024-08-06 22:19:56 INFO        Library estimated 95.68u^2 with accuracy 90%. Messages:
2024-08-06 22:19:56 INFO        | Found 4 entries for aladdin_register.
2024-08-06 22:19:56 INFO        | Checking entry "{'technology': '45nm', 'global_cycle_seconds': '1e-9', 'width|datawidth': '1', 'dynamic energy(pJ)': '0.009', 'area(um^2)': '5.98E+00', 'action': 'read', 'name': 'aladdin_register', 'area_scale': 1, 'energy_scale': 1, 'n_instances': 1}
2024-08-06 22:19:56 INFO        | value=5.98, matching_attrs=3, log=['Scaling width from 1 to 16', 'Scaling global_cycle_seconds from 1e-9 to 1e-09', 'Scaled aladdin_register.width from 1.0 to 16.0: 16.0x area', 'Scaled aladdin_register.global_cycle_seconds from 1e-09 to 1e-09: 1x area', 'aladdin_register area has been scaled 16.0x']
2024-08-06 22:19:56 INFO        | Checking entry "{'technology': '45nm', 'global_cycle_seconds': '1e-9', 'width|datawidth': '1', 'dynamic energy(pJ)': '0', 'area(um^2)': '5.98E+00', 'action': 'write', 'name': 'aladdin_register', 'area_scale': 1, 'energy_scale': 1, 'n_instances': 1}
2024-08-06 22:19:56 INFO        | value=5.98, matching_attrs=3, log=['Scaling width from 1 to 16', 'Scaling global_cycle_seconds from 1e-9 to 1e-09', 'Scaled aladdin_register.width from 1.0 to 16.0: 16.0x area', 'Scaled aladdin_register.global_cycle_seconds from 1e-09 to 1e-09: 1x area', 'aladdin_register area has been scaled 16.0x']
2024-08-06 22:19:56 INFO        | Checking entry "{'technology': '45nm', 'global_cycle_seconds': '1e-9', 'width|datawidth': '1', 'dynamic energy(pJ)': '0', 'area(um^2)': '5.98E+00', 'action': 'leak', 'name': 'aladdin_register', 'area_scale': 1, 'energy_scale': 1, 'n_instances': 1}
2024-08-06 22:19:56 INFO        | value=5.98, matching_attrs=3, log=['Scaling width from 1 to 16', 'Scaling global_cycle_seconds from 1e-9 to 1e-09', 'Scaled aladdin_register.width from 1.0 to 16.0: 16.0x area', 'Scaled aladdin_register.global_cycle_seconds from 1e-09 to 1e-09: 1x area', 'aladdin_register area has been scaled 16.0x']
2024-08-06 22:19:56 INFO        | Checking entry "{'technology': '45nm', 'global_cycle_seconds': '1e-9', 'width|datawidth': '1', 'dynamic energy(pJ)': '0', 'area(um^2)': '5.98E+00', 'action': 'update', 'name': 'aladdin_register', 'area_scale': 1, 'energy_scale': 1, 'n_instances': 1}
2024-08-06 22:19:56 INFO        | value=5.98, matching_attrs=3, log=['Scaling width from 1 to 16', 'Scaling global_cycle_seconds from 1e-9 to 1e-09', 'Scaled aladdin_register.width from 1.0 to 16.0: 16.0x area', 'Scaled aladdin_register.global_cycle_seconds from 1e-09 to 1e-09: 1x area', 'aladdin_register area has been scaled 16.0x']
2024-08-06 22:19:56 INFO        | Best-matching entry: {'technology': '45nm', 'global_cycle_seconds': '1e-9', 'width|datawidth': '1', 'dynamic energy(pJ)': '0.009', 'area(um^2)': '5.98E+00', 'action': 'read', 'name': 'aladdin_register', 'area_scale': 1, 'energy_scale': 1, 'n_instances': 1}
2024-08-06 22:19:56 INFO        | Scaling width from 1 to 16
2024-08-06 22:19:56 INFO        | Scaling global_cycle_seconds from 1e-9 to 1e-09
2024-08-06 22:19:56 INFO        | Scaled aladdin_register.width from 1.0 to 16.0: 16.0x area
2024-08-06 22:19:56 INFO        | Scaled aladdin_register.global_cycle_seconds from 1e-09 to 1e-09: 1x area
2024-08-06 22:19:56 INFO        | aladdin_register area has been scaled 16.0x
2024-08-06 22:19:56 INFO        | Multiplying by n_instances 1
2024-08-06 22:19:56 INFO        
2024-08-06 22:19:56 INFO        AREA ESTIMATION for aladdin_register(depth=1, width=16, datawidth=16, has_power_gating=False, n_banks=2, cluster_size=1, reduction_supported=True, multiple_buffering=1, min_utilization=0, allow_overbooking=False, meshX=32, meshY=32, technology=45nm, global_cycle_seconds=1e-09, version=0.4, action_latency_cycles=1, cycle_seconds=1e-09, n_instances=1)
2024-08-06 22:19:56 INFO        Library estimated 95.68u^2 with accuracy 90%. Messages:
2024-08-06 22:19:56 INFO        | Found 4 entries for aladdin_register.
2024-08-06 22:19:56 INFO        | Checking entry "{'technology': '45nm', 'global_cycle_seconds': '1e-9', 'width|datawidth': '1', 'dynamic energy(pJ)': '0.009', 'area(um^2)': '5.98E+00', 'action': 'read', 'name': 'aladdin_register', 'area_scale': 1, 'energy_scale': 1, 'n_instances': 1}
2024-08-06 22:19:56 INFO        | value=5.98, matching_attrs=3, log=['Scaling width from 1 to 16', 'Scaling global_cycle_seconds from 1e-9 to 1e-09', 'Scaled aladdin_register.width from 1.0 to 16.0: 16.0x area', 'Scaled aladdin_register.global_cycle_seconds from 1e-09 to 1e-09: 1x area', 'aladdin_register area has been scaled 16.0x']
2024-08-06 22:19:56 INFO        | Checking entry "{'technology': '45nm', 'global_cycle_seconds': '1e-9', 'width|datawidth': '1', 'dynamic energy(pJ)': '0', 'area(um^2)': '5.98E+00', 'action': 'write', 'name': 'aladdin_register', 'area_scale': 1, 'energy_scale': 1, 'n_instances': 1}
2024-08-06 22:19:56 INFO        | value=5.98, matching_attrs=3, log=['Scaling width from 1 to 16', 'Scaling global_cycle_seconds from 1e-9 to 1e-09', 'Scaled aladdin_register.width from 1.0 to 16.0: 16.0x area', 'Scaled aladdin_register.global_cycle_seconds from 1e-09 to 1e-09: 1x area', 'aladdin_register area has been scaled 16.0x']
2024-08-06 22:19:56 INFO        | Checking entry "{'technology': '45nm', 'global_cycle_seconds': '1e-9', 'width|datawidth': '1', 'dynamic energy(pJ)': '0', 'area(um^2)': '5.98E+00', 'action': 'leak', 'name': 'aladdin_register', 'area_scale': 1, 'energy_scale': 1, 'n_instances': 1}
2024-08-06 22:19:56 INFO        | value=5.98, matching_attrs=3, log=['Scaling width from 1 to 16', 'Scaling global_cycle_seconds from 1e-9 to 1e-09', 'Scaled aladdin_register.width from 1.0 to 16.0: 16.0x area', 'Scaled aladdin_register.global_cycle_seconds from 1e-09 to 1e-09: 1x area', 'aladdin_register area has been scaled 16.0x']
2024-08-06 22:19:56 INFO        | Checking entry "{'technology': '45nm', 'global_cycle_seconds': '1e-9', 'width|datawidth': '1', 'dynamic energy(pJ)': '0', 'area(um^2)': '5.98E+00', 'action': 'update', 'name': 'aladdin_register', 'area_scale': 1, 'energy_scale': 1, 'n_instances': 1}
2024-08-06 22:19:56 INFO        | value=5.98, matching_attrs=3, log=['Scaling width from 1 to 16', 'Scaling global_cycle_seconds from 1e-9 to 1e-09', 'Scaled aladdin_register.width from 1.0 to 16.0: 16.0x area', 'Scaled aladdin_register.global_cycle_seconds from 1e-09 to 1e-09: 1x area', 'aladdin_register area has been scaled 16.0x']
2024-08-06 22:19:56 INFO        | Best-matching entry: {'technology': '45nm', 'global_cycle_seconds': '1e-9', 'width|datawidth': '1', 'dynamic energy(pJ)': '0.009', 'area(um^2)': '5.98E+00', 'action': 'read', 'name': 'aladdin_register', 'area_scale': 1, 'energy_scale': 1, 'n_instances': 1}
2024-08-06 22:19:56 INFO        | Scaling width from 1 to 16
2024-08-06 22:19:56 INFO        | Scaling global_cycle_seconds from 1e-9 to 1e-09
2024-08-06 22:19:56 INFO        | Scaled aladdin_register.width from 1.0 to 16.0: 16.0x area
2024-08-06 22:19:56 INFO        | Scaled aladdin_register.global_cycle_seconds from 1e-09 to 1e-09: 1x area
2024-08-06 22:19:56 INFO        | aladdin_register area has been scaled 16.0x
2024-08-06 22:19:56 INFO        | Multiplying by n_instances 1
2024-08-06 22:19:56 INFO        
2024-08-06 22:19:56 INFO        AREA ESTIMATION for SRAM(width=64, depth=8192, n_rdwr_ports=1, global_cycle_seconds=1e-09, action_latency_cycles=1, cycle_seconds=1e-09, technology=45nm, n_instances=1)
2024-08-06 22:20:03 INFO        CactiSRAM estimated 2.09046e-07 with accuracy 80%. Messages:
2024-08-06 22:20:03 INFO        | Unused arguments (n_rdwr_ports, global_cycle_seconds, action_latency_cycles, cycle_seconds, n_instances, datawidth) provided for ['SRAM', 'sram'].__init__. Arguments used: (width, depth, technology)
2024-08-06 22:20:03 INFO        | Calling CACTI with cache_size=65536 n_rw_ports=1 block_size=8 tech_node_um=0.045 n_banks=1 tag_size=0 associativity=1
2024-08-06 22:20:03 INFO        | Calling CACTI with input path /usr/local/share/accelergy/estimation_plug_ins/accelergy-cacti-plug-in/cacti_inputs_outputs/tmpkzrza8yq
2024-08-06 22:20:03 INFO        | CACTI output will be written to /usr/local/share/accelergy/estimation_plug_ins/accelergy-cacti-plug-in/cacti_inputs_outputs/tmpgmcs7qeb
2024-08-06 22:20:03 INFO        | CACTI executable not found at /usr/local/share/accelergy/estimation_plug_ins/accelergy-cacti-plug-in/cacti/cacti
2024-08-06 22:20:03 INFO        | Calling: cd /usr/local/share/accelergy/estimation_plug_ins/accelergy-cacti-plug-in ; ./cacti -infile /usr/local/share/accelergy/estimation_plug_ins/accelergy-cacti-plug-in/cacti_inputs_outputs/tmpkzrza8yq >> /usr/local/share/accelergy/estimation_plug_ins/accelergy-cacti-plug-in/cacti_inputs_outputs/tmpgmcs7qeb 2>&1
2024-08-06 22:20:03 INFO        | Cache bandwidth: 8.0 bits/cycle
2024-08-06 22:20:03 INFO        | Cache bandwidth: 38.765559223477396 Gbits/second
2024-08-06 22:20:03 INFO        | Multiplying by n_instances 1
2024-08-06 22:20:03 INFO        
2024-08-06 22:20:03 INFO        AREA ESTIMATION for intadder(n_bits=13, precision=13, global_cycle_seconds=1e-09, action_latency_cycles=1, cycle_seconds=1e-09, technology=45nm, n_instances=1)
2024-08-06 22:20:03 INFO        Neurosim Plug-In estimated 75.62646u^2 with accuracy 70%. Messages:
2024-08-06 22:20:03 INFO        | WARN: Non-numeric 45nm for parameter technology. Using 45 instead.
2024-08-06 22:20:03 INFO        | Multiplying by n_instances 1
2024-08-06 22:20:03 INFO        
2024-08-06 22:20:03 INFO        AREA ESTIMATION for SRAM(width=32, depth=192, n_rdwr_ports=1, global_cycle_seconds=1e-09, action_latency_cycles=1, cycle_seconds=1e-09, technology=45nm, n_instances=1)
2024-08-06 22:20:04 INFO        CactiSRAM estimated 2.66063e-09 with accuracy 80%. Messages:
2024-08-06 22:20:04 INFO        | Unused arguments (n_rdwr_ports, global_cycle_seconds, action_latency_cycles, cycle_seconds, n_instances, datawidth) provided for ['SRAM', 'sram'].__init__. Arguments used: (width, depth, technology)
2024-08-06 22:20:04 INFO        | Calling CACTI with cache_size=768 n_rw_ports=1 block_size=4 tech_node_um=0.045 n_banks=1 tag_size=0 associativity=1
2024-08-06 22:20:04 INFO        | Calling CACTI with input path /usr/local/share/accelergy/estimation_plug_ins/accelergy-cacti-plug-in/cacti_inputs_outputs/tmpws1_t0sb
2024-08-06 22:20:04 INFO        | CACTI output will be written to /usr/local/share/accelergy/estimation_plug_ins/accelergy-cacti-plug-in/cacti_inputs_outputs/tmpe5yyic7r
2024-08-06 22:20:04 INFO        | CACTI executable not found at /usr/local/share/accelergy/estimation_plug_ins/accelergy-cacti-plug-in/cacti/cacti
2024-08-06 22:20:04 INFO        | Calling: cd /usr/local/share/accelergy/estimation_plug_ins/accelergy-cacti-plug-in ; ./cacti -infile /usr/local/share/accelergy/estimation_plug_ins/accelergy-cacti-plug-in/cacti_inputs_outputs/tmpws1_t0sb >> /usr/local/share/accelergy/estimation_plug_ins/accelergy-cacti-plug-in/cacti_inputs_outputs/tmpe5yyic7r 2>&1
2024-08-06 22:20:04 INFO        | Cache bandwidth: 4.0 bits/cycle
2024-08-06 22:20:04 INFO        | Cache bandwidth: 52.904979350525245 Gbits/second
2024-08-06 22:20:04 INFO        | Multiplying by n_instances 1
2024-08-06 22:20:04 INFO        
2024-08-06 22:20:04 INFO        AREA ESTIMATION for intadder(n_bits=8, precision=8, global_cycle_seconds=1e-09, action_latency_cycles=1, cycle_seconds=1e-09, technology=45nm, n_instances=1)
2024-08-06 22:20:04 INFO        Neurosim Plug-In estimated 46.53936u^2 with accuracy 70%. Messages:
2024-08-06 22:20:04 INFO        | WARN: Non-numeric 45nm for parameter technology. Using 45 instead.
2024-08-06 22:20:04 INFO        | Multiplying by n_instances 1
2024-08-06 22:20:04 INFO        
2024-08-06 22:20:04 INFO        AREA ESTIMATION for aladdin_adder(width=16, global_cycle_seconds=1e-09, action_latency_cycles=1, cycle_seconds=1e-09, technology=45nm, n_instances=1)
2024-08-06 22:20:04 INFO        Library estimated 139.0u^2 with accuracy 90%. Messages:
2024-08-06 22:20:04 INFO        | Found 5 entries for aladdin_adder.
2024-08-06 22:20:04 INFO        | Checking entry "{'technology': '45nm', 'global_cycle_seconds': '1e-9', 'width|datawidth': '32', 'energy': '0.21', 'area': '2.78E+02', 'action': 'add', 'name': 'aladdin_adder', 'area_scale': 1, 'energy_scale': 1, 'n_instances': 1}
2024-08-06 22:20:04 INFO        | value=278.0, matching_attrs=3, log=['Scaling width from 32 to 16', 'Scaling global_cycle_seconds from 1e-9 to 1e-09', 'Scaled aladdin_adder.width from 32.0 to 16.0: 0.5x area', 'Scaled aladdin_adder.global_cycle_seconds from 1e-09 to 1e-09: 1x area', 'aladdin_adder area has been scaled 0.5x']
2024-08-06 22:20:04 INFO        | Checking entry "{'technology': '45nm', 'global_cycle_seconds': '1e-9', 'width|datawidth': '32', 'energy': '0.21', 'area': '2.78E+02', 'action': 'read', 'name': 'aladdin_adder', 'area_scale': 1, 'energy_scale': 1, 'n_instances': 1}
2024-08-06 22:20:04 INFO        | value=278.0, matching_attrs=3, log=['Scaling width from 32 to 16', 'Scaling global_cycle_seconds from 1e-9 to 1e-09', 'Scaled aladdin_adder.width from 32.0 to 16.0: 0.5x area', 'Scaled aladdin_adder.global_cycle_seconds from 1e-09 to 1e-09: 1x area', 'aladdin_adder area has been scaled 0.5x']
2024-08-06 22:20:04 INFO        | Checking entry "{'technology': '45nm', 'global_cycle_seconds': '1e-9', 'width|datawidth': '32', 'energy': '0.0024', 'area': '2.78E+02', 'action': 'leak', 'name': 'aladdin_adder', 'area_scale': 1, 'energy_scale': 1, 'n_instances': 1}
2024-08-06 22:20:04 INFO        | value=278.0, matching_attrs=3, log=['Scaling width from 32 to 16', 'Scaling global_cycle_seconds from 1e-9 to 1e-09', 'Scaled aladdin_adder.width from 32.0 to 16.0: 0.5x area', 'Scaled aladdin_adder.global_cycle_seconds from 1e-09 to 1e-09: 1x area', 'aladdin_adder area has been scaled 0.5x']
2024-08-06 22:20:04 INFO        | Checking entry "{'technology': '45nm', 'global_cycle_seconds': '1e-9', 'width|datawidth': '32', 'energy': '0', 'area': '2.78E+02', 'action': 'update', 'name': 'aladdin_adder', 'area_scale': 1, 'energy_scale': 1, 'n_instances': 1}
2024-08-06 22:20:04 INFO        | value=278.0, matching_attrs=3, log=['Scaling width from 32 to 16', 'Scaling global_cycle_seconds from 1e-9 to 1e-09', 'Scaled aladdin_adder.width from 32.0 to 16.0: 0.5x area', 'Scaled aladdin_adder.global_cycle_seconds from 1e-09 to 1e-09: 1x area', 'aladdin_adder area has been scaled 0.5x']
2024-08-06 22:20:04 INFO        | Checking entry "{'technology': '45nm', 'global_cycle_seconds': '1e-9', 'width|datawidth': '32', 'energy': '0', 'area': '2.78E+02', 'action': 'write', 'name': 'aladdin_adder', 'area_scale': 1, 'energy_scale': 1, 'n_instances': 1}
2024-08-06 22:20:04 INFO        | value=278.0, matching_attrs=3, log=['Scaling width from 32 to 16', 'Scaling global_cycle_seconds from 1e-9 to 1e-09', 'Scaled aladdin_adder.width from 32.0 to 16.0: 0.5x area', 'Scaled aladdin_adder.global_cycle_seconds from 1e-09 to 1e-09: 1x area', 'aladdin_adder area has been scaled 0.5x']
2024-08-06 22:20:04 INFO        | Best-matching entry: {'technology': '45nm', 'global_cycle_seconds': '1e-9', 'width|datawidth': '32', 'energy': '0.21', 'area': '2.78E+02', 'action': 'add', 'name': 'aladdin_adder', 'area_scale': 1, 'energy_scale': 1, 'n_instances': 1}
2024-08-06 22:20:04 INFO        | Scaling width from 32 to 16
2024-08-06 22:20:04 INFO        | Scaling global_cycle_seconds from 1e-9 to 1e-09
2024-08-06 22:20:04 INFO        | Scaled aladdin_adder.width from 32.0 to 16.0: 0.5x area
2024-08-06 22:20:04 INFO        | Scaled aladdin_adder.global_cycle_seconds from 1e-09 to 1e-09: 1x area
2024-08-06 22:20:04 INFO        | aladdin_adder area has been scaled 0.5x
2024-08-06 22:20:04 INFO        | Multiplying by n_instances 1
2024-08-06 22:20:04 INFO        
2024-08-06 22:20:04 INFO        AREA ESTIMATION for aladdin_adder(width_a=8, width_b=8, global_cycle_seconds=1e-09, action_latency_cycles=1, cycle_seconds=1e-09, technology=45nm, n_instances=1)
2024-08-06 22:20:04 INFO        Library estimated 278.0u^2 with accuracy 90%. Messages:
2024-08-06 22:20:04 INFO        | Found 5 entries for aladdin_adder.
2024-08-06 22:20:04 INFO        | Checking entry "{'technology': '45nm', 'global_cycle_seconds': '1e-9', 'width|datawidth': '32', 'energy': '0.21', 'area': '2.78E+02', 'action': 'add', 'name': 'aladdin_adder', 'area_scale': 1, 'energy_scale': 1, 'n_instances': 1}
2024-08-06 22:20:04 INFO        | value=278.0, matching_attrs=3, log=['Scaling global_cycle_seconds from 1e-9 to 1e-09', 'Scaled aladdin_adder.global_cycle_seconds from 1e-09 to 1e-09: 1x area', 'aladdin_adder area has been scaled 1x']
2024-08-06 22:20:04 INFO        | Checking entry "{'technology': '45nm', 'global_cycle_seconds': '1e-9', 'width|datawidth': '32', 'energy': '0.21', 'area': '2.78E+02', 'action': 'read', 'name': 'aladdin_adder', 'area_scale': 1, 'energy_scale': 1, 'n_instances': 1}
2024-08-06 22:20:04 INFO        | value=278.0, matching_attrs=3, log=['Scaling global_cycle_seconds from 1e-9 to 1e-09', 'Scaled aladdin_adder.global_cycle_seconds from 1e-09 to 1e-09: 1x area', 'aladdin_adder area has been scaled 1x']
2024-08-06 22:20:04 INFO        | Checking entry "{'technology': '45nm', 'global_cycle_seconds': '1e-9', 'width|datawidth': '32', 'energy': '0.0024', 'area': '2.78E+02', 'action': 'leak', 'name': 'aladdin_adder', 'area_scale': 1, 'energy_scale': 1, 'n_instances': 1}
2024-08-06 22:20:04 INFO        | value=278.0, matching_attrs=3, log=['Scaling global_cycle_seconds from 1e-9 to 1e-09', 'Scaled aladdin_adder.global_cycle_seconds from 1e-09 to 1e-09: 1x area', 'aladdin_adder area has been scaled 1x']
2024-08-06 22:20:04 INFO        | Checking entry "{'technology': '45nm', 'global_cycle_seconds': '1e-9', 'width|datawidth': '32', 'energy': '0', 'area': '2.78E+02', 'action': 'update', 'name': 'aladdin_adder', 'area_scale': 1, 'energy_scale': 1, 'n_instances': 1}
2024-08-06 22:20:04 INFO        | value=278.0, matching_attrs=3, log=['Scaling global_cycle_seconds from 1e-9 to 1e-09', 'Scaled aladdin_adder.global_cycle_seconds from 1e-09 to 1e-09: 1x area', 'aladdin_adder area has been scaled 1x']
2024-08-06 22:20:04 INFO        | Checking entry "{'technology': '45nm', 'global_cycle_seconds': '1e-9', 'width|datawidth': '32', 'energy': '0', 'area': '2.78E+02', 'action': 'write', 'name': 'aladdin_adder', 'area_scale': 1, 'energy_scale': 1, 'n_instances': 1}
2024-08-06 22:20:04 INFO        | value=278.0, matching_attrs=3, log=['Scaling global_cycle_seconds from 1e-9 to 1e-09', 'Scaled aladdin_adder.global_cycle_seconds from 1e-09 to 1e-09: 1x area', 'aladdin_adder area has been scaled 1x']
2024-08-06 22:20:04 INFO        | Best-matching entry: {'technology': '45nm', 'global_cycle_seconds': '1e-9', 'width|datawidth': '32', 'energy': '0.21', 'area': '2.78E+02', 'action': 'add', 'name': 'aladdin_adder', 'area_scale': 1, 'energy_scale': 1, 'n_instances': 1}
2024-08-06 22:20:04 INFO        | Scaling global_cycle_seconds from 1e-9 to 1e-09
2024-08-06 22:20:04 INFO        | Scaled aladdin_adder.global_cycle_seconds from 1e-09 to 1e-09: 1x area
2024-08-06 22:20:04 INFO        | aladdin_adder area has been scaled 1x
2024-08-06 22:20:04 INFO        | Multiplying by n_instances 1
2024-08-06 22:20:04 INFO        flattened architecture is saved to:
2024-08-06 22:20:04 INFO        ./timeloop-mapper.flattened_architecture.yaml
2024-08-06 22:20:04 INFO        energy reference table is saved to:
2024-08-06 22:20:04 INFO        ./timeloop-mapper.ERT.yaml
2024-08-06 22:20:05 INFO        energy reference table summary is saved to:
2024-08-06 22:20:05 INFO        ./timeloop-mapper.ERT_summary.yaml
2024-08-06 22:20:05 WARNING     no runtime energy estimations are generated... not generating energy_estimation.yaml
2024-08-06 22:20:05 INFO        area reference table is saved to:
2024-08-06 22:20:05 INFO        ./timeloop-mapper.ART.yaml
2024-08-06 22:20:05 INFO        area reference table summary is saved to:
2024-08-06 22:20:05 INFO        ./timeloop-mapper.ART_summary.yaml
