2024-10-10 20:11:30 INFO            _                _                      
2024-10-10 20:11:30 INFO           / \   ___ ___ ___| | ___ _ __ __ _ _   _ 
2024-10-10 20:11:30 INFO          / _ \ / __/ __/ _ \ |/ _ \ '__/ _` | | | |
2024-10-10 20:11:30 INFO         / ___ \ (_| (_|  __/ |  __/ | | (_| | |_| |
2024-10-10 20:11:30 INFO        /_/   \_\___\___\___|_|\___|_|  \__, |\__, |
2024-10-10 20:11:30 INFO                                        |___/ |___/ 
2024-10-10 20:11:30 INFO        generating outputs according to the following specified output flags... 
2024-10-10 20:11:30 INFO         Please use the -f flag to update the preference (default to all output files)
2024-10-10 20:11:30 INFO        {'ERT': 1, 'ERT_summary': 1, 'ART': 1, 'ART_summary': 1, 'energy_estimation': 1, 'flattened_arch': 1}
2024-10-10 20:11:30 INFO        Located config file at /home/workspace/.config/accelergy/accelergy_config.yaml.
2024-10-10 20:11:30 INFO        config file located:
2024-10-10 20:11:30 INFO        /home/workspace/.config/accelergy/accelergy_config.yaml
2024-10-10 20:11:30 INFO        Parsing file /home/workspace/outputsFinal.resnet18/simpleRS32x3245nm/15/parsed-processed-input.yaml for architecture info
2024-10-10 20:11:30 INFO        Parsing file /home/workspace/outputsFinal.resnet18/simpleRS32x3245nm/15/parsed-processed-input.yaml for compound_components info
2024-10-10 20:11:31 INFO        Adding required action "read" to class DRAM
2024-10-10 20:11:31 INFO        Adding required action "write" to class DRAM
2024-10-10 20:11:31 INFO        Adding required action "leak" to class DRAM
2024-10-10 20:11:31 INFO        Adding required action "update" to class DRAM
2024-10-10 20:11:31 INFO        Calculated Architecture class smartbuffer_SRAM attributes"memory_width" as "max(32, width)" = 64.
2024-10-10 20:11:31 INFO        Calculated Architecture class smartbuffer_SRAM attributes"memory_depth" as "max(64, depth)" = 16384.
2024-10-10 20:11:31 INFO        Calculated Architecture class smartbuffer_SRAM attributes"widthscale" as "width / memory_width" = 1.0.
2024-10-10 20:11:31 INFO        Calculated Architecture class smartbuffer_SRAM attributes"depthscale" as "depth / memory_depth" = 1.0.
2024-10-10 20:11:31 INFO        Calculated Architecture class smartbuffer_SRAM attributes"real_depth" as "depth" = 16384.
2024-10-10 20:11:31 INFO        Calculated Architecture class smartbuffer_SRAM attributes"area_scale" as "widthscale * depthscale" = 1.0.
2024-10-10 20:11:31 INFO        Calculated Architecture class smartbuffer_SRAM attributes"dynamic_energy_scale" as "widthscale * (depthscale ** (1.56 / 2))" = 1.0.
2024-10-10 20:11:31 INFO        Calculated Architecture class smartbuffer_SRAM attributes"static_energy_scale" as "area_scale" = 1.0.
2024-10-10 20:11:31 INFO        Calculated Architecture class smartbuffer_SRAM attributes"memory_width" as "max(32, width)" = 32.
2024-10-10 20:11:31 INFO        Calculated Architecture class smartbuffer_SRAM attributes"memory_depth" as "max(64, depth)" = 192.
2024-10-10 20:11:31 INFO        Calculated Architecture class smartbuffer_SRAM attributes"widthscale" as "width / memory_width" = 0.5.
2024-10-10 20:11:31 INFO        Calculated Architecture class smartbuffer_SRAM attributes"depthscale" as "depth / memory_depth" = 1.0.
2024-10-10 20:11:31 INFO        Calculated Architecture class smartbuffer_SRAM attributes"real_depth" as "depth" = 192.
2024-10-10 20:11:31 INFO        Calculated Architecture class smartbuffer_SRAM attributes"area_scale" as "widthscale * depthscale" = 0.5.
2024-10-10 20:11:31 INFO        Calculated Architecture class smartbuffer_SRAM attributes"dynamic_energy_scale" as "widthscale * (depthscale ** (1.56 / 2))" = 0.5.
2024-10-10 20:11:31 INFO        Calculated Architecture class smartbuffer_SRAM attributes"static_energy_scale" as "area_scale" = 0.5.
2024-10-10 20:11:31 INFO        Adding required action "read" to class aladdin_register
2024-10-10 20:11:31 INFO        Adding required action "write" to class aladdin_register
2024-10-10 20:11:31 INFO        Adding required action "leak" to class aladdin_register
2024-10-10 20:11:31 INFO        Adding required action "update" to class aladdin_register
2024-10-10 20:11:31 WARNING     Area scale in attributes is deprecated. Use it on the same level as the attributes, not a subkey.
2024-10-10 20:11:31 WARNING     Area scale in attributes is deprecated. Use it on the same level as the attributes, not a subkey.
2024-10-10 20:11:31 INFO        Estimator plug-in identified by: /usr/local/share/accelergy/estimation_plug_ins/accelergy-neurosim-plugin/neurosim.estimator.yaml
2024-10-10 20:11:31 INFO        Estimator plug-in identified by: /usr/local/share/accelergy/estimation_plug_ins/dummy_tables/dummy.estimator.yaml
2024-10-10 20:11:31 INFO        Estimator plug-in identified by: /usr/local/share/accelergy/estimation_plug_ins/accelergy-cacti-plug-in/cacti.estimator.yaml
2024-10-10 20:11:31 INFO        Estimator plug-in identified by: /usr/local/share/accelergy/estimation_plug_ins/accelergy-table-based-plug-ins/table.estimator.yaml
2024-10-10 20:11:31 INFO        Estimator plug-in identified by: /usr/local/share/accelergy/estimation_plug_ins/accelergy-library-plugin/library.estimator.yaml
2024-10-10 20:11:31 INFO        Estimator plug-in identified by: /usr/local/share/accelergy/estimation_plug_ins/accelergy-adc-plug-in/adc.estimator.yaml
2024-10-10 20:11:31 INFO        Estimator plug-in identified by: /usr/local/share/accelergy/estimation_plug_ins/accelergy-aladdin-plug-in/aladdin.estimator.yaml
2024-10-10 20:11:31 INFO        Getting all estimators in module <module 'python_plug_in' from '/usr/local/share/accelergy/estimation_plug_ins/accelergy-cacti-plug-in/cacti_wrapper.py'>
2024-10-10 20:11:31 INFO        Added estimator CactiCache that estimates cache with actions idle, read, read_access, update, update_access, write, write_access, leak
2024-10-10 20:11:31 INFO        Added estimator CactiDRAM that estimates ['DRAM', 'dram'] with actions idle, read, update, write, leak
2024-10-10 20:11:31 INFO        Added estimator CactiSRAM that estimates ['SRAM', 'sram'] with actions idle, read, update, write, leak
2024-10-10 20:11:31 INFO        Found estimator plug-in: Neurosim Plug-In (<NeuroWrapper.NeuroWrapper object at 0x72c8710b0160>)
2024-10-10 20:11:31 INFO        Found estimator plug-in: dummy (<DummyTable.DummyTable object at 0x72c8710b0220>)
2024-10-10 20:11:31 INFO        Found estimator plug-in: DEPRECATED table-based-plug-ins. Use the Library plug-in instead. (<SetsOfTables.SetsOfTables object at 0x72c8710f1f10>)
2024-10-10 20:11:31 INFO        Found estimator plug-in: Library (<LibraryEstimator.LibraryEstimator object at 0x72c870ff7610>)
2024-10-10 20:11:31 INFO        Found estimator plug-in: ADC Plug-In (<ADCEstimator.ADCEstimator object at 0x72c870f7c880>)
2024-10-10 20:11:31 INFO        Found estimator plug-in: Aladdin_table (<AladdinTable.AladdinTable object at 0x72c870f7c130>)
2024-10-10 20:11:31 INFO        Found estimator plug-in: CactiCache (<accelergy.plug_in_interface.estimator_wrapper.EstimatorWrapper object at 0x72c871058310>)
2024-10-10 20:11:31 INFO        Found estimator plug-in: CactiDRAM (<accelergy.plug_in_interface.estimator_wrapper.EstimatorWrapper object at 0x72c871058d90>)
2024-10-10 20:11:31 INFO        Found estimator plug-in: CactiSRAM (<accelergy.plug_in_interface.estimator_wrapper.EstimatorWrapper object at 0x72c8710582e0>)
2024-10-10 20:11:31 INFO        Calculated storage."width" as "memory_width" = 64.
2024-10-10 20:11:31 INFO        Calculated storage."depth" as "memory_depth" = 16384.
2024-10-10 20:11:31 INFO        Calculated storage."n_rdwr_ports" as "n_rdwr_ports" = 1.
2024-10-10 20:11:31 INFO        Calculated storage."global_cycle_seconds" as "global_cycle_seconds" = 1e-09.
2024-10-10 20:11:31 INFO        Calculated storage.area_scale as "area_scale" = 1.0.
2024-10-10 20:11:31 INFO        Calculated address_generators[0..1]."n_bits" as "max(1, ceil(log2(real_depth))) if real_depth >= 1 else 1" = 14.
2024-10-10 20:11:31 INFO        Calculated address_generators[0..1]."precision" as "max(1, ceil(log2(real_depth))) if real_depth >= 1 else 1" = 14.
2024-10-10 20:11:31 INFO        Calculated address_generators[0..1]."global_cycle_seconds" as "global_cycle_seconds" = 1e-09.
2024-10-10 20:11:31 INFO        Calculated action write energy_scale as "dynamic_energy_scale" = 1.0.
2024-10-10 20:11:31 INFO        Calculated action read energy_scale as "dynamic_energy_scale" = 1.0.
2024-10-10 20:11:31 INFO        Calculated action leak energy_scale as "static_energy_scale" = 1.0.
2024-10-10 20:11:31 INFO        Calculated action write energy_scale as "dynamic_energy_scale" = 1.0.
2024-10-10 20:11:31 INFO        Calculated storage."width" as "memory_width" = 32.
2024-10-10 20:11:31 INFO        Calculated storage."depth" as "memory_depth" = 192.
2024-10-10 20:11:31 INFO        Calculated storage."n_rdwr_ports" as "n_rdwr_ports" = 1.
2024-10-10 20:11:31 INFO        Calculated storage."global_cycle_seconds" as "global_cycle_seconds" = 1e-09.
2024-10-10 20:11:31 INFO        Calculated storage.area_scale as "area_scale" = 0.5.
2024-10-10 20:11:31 INFO        Calculated address_generators[0..1]."n_bits" as "max(1, ceil(log2(real_depth))) if real_depth >= 1 else 1" = 8.
2024-10-10 20:11:31 INFO        Calculated address_generators[0..1]."precision" as "max(1, ceil(log2(real_depth))) if real_depth >= 1 else 1" = 8.
2024-10-10 20:11:31 INFO        Calculated address_generators[0..1]."global_cycle_seconds" as "global_cycle_seconds" = 1e-09.
2024-10-10 20:11:31 INFO        Calculated action write energy_scale as "dynamic_energy_scale" = 0.5.
2024-10-10 20:11:31 INFO        Calculated action read energy_scale as "dynamic_energy_scale" = 0.5.
2024-10-10 20:11:31 INFO        Calculated action leak energy_scale as "static_energy_scale" = 0.5.
2024-10-10 20:11:31 INFO        Calculated action write energy_scale as "dynamic_energy_scale" = 0.5.
2024-10-10 20:11:31 INFO        Calculated intadder."width" as "adder_width" = 16.
2024-10-10 20:11:31 INFO        Calculated intmultiplier."width_a" as "multiplier_width" = 8.
2024-10-10 20:11:31 INFO        Calculated intmultiplier."width_b" as "multiplier_width" = 8.
2024-10-10 20:11:31 INFO        
2024-10-10 20:11:31 INFO        ENERGY ESTIMATION for DRAM(type=LPDDR4, width=64, datawidth=16, has_power_gating=False, n_banks=2, cluster_size=1, reduction_supported=True, multiple_buffering=1, min_utilization=0, allow_overbooking=False, meshX=1, meshY=1, technology=45nm, global_cycle_seconds=1e-09, version=0.4, action_latency_cycles=1, cycle_seconds=1e-09, n_instances=1).read(global_cycle_seconds=1e-09, action_latency_cycles=1)
2024-10-10 20:11:31 INFO        CactiDRAM estimated 5.12e-10 with accuracy 80%. Messages:
2024-10-10 20:11:31 INFO        | Unused arguments (datawidth, has_power_gating, n_banks, cluster_size, reduction_supported, multiple_buffering, min_utilization, allow_overbooking, meshX, meshY, technology, global_cycle_seconds, version, action_latency_cycles, cycle_seconds, n_instances) provided for ['DRAM', 'dram'].__init__. Arguments used: (type, width)
2024-10-10 20:11:31 INFO        | Unused arguments (global_cycle_seconds, action_latency_cycles) provided for ['DRAM', 'dram'].read. Arguments used: ()
2024-10-10 20:11:31 INFO        
2024-10-10 20:11:31 INFO        ENERGY ESTIMATION for DRAM(type=LPDDR4, width=64, datawidth=16, has_power_gating=False, n_banks=2, cluster_size=1, reduction_supported=True, multiple_buffering=1, min_utilization=0, allow_overbooking=False, meshX=1, meshY=1, technology=45nm, global_cycle_seconds=1e-09, version=0.4, action_latency_cycles=1, cycle_seconds=1e-09, n_instances=1).write(global_cycle_seconds=1e-09, action_latency_cycles=1)
2024-10-10 20:11:31 INFO        CactiDRAM estimated 5.12e-10 with accuracy 80%. Messages:
2024-10-10 20:11:31 INFO        | Unused arguments (datawidth, has_power_gating, n_banks, cluster_size, reduction_supported, multiple_buffering, min_utilization, allow_overbooking, meshX, meshY, technology, global_cycle_seconds, version, action_latency_cycles, cycle_seconds, n_instances) provided for ['DRAM', 'dram'].__init__. Arguments used: (type, width)
2024-10-10 20:11:31 INFO        | Unused arguments (global_cycle_seconds, action_latency_cycles) provided for ['DRAM', 'dram'].write. Arguments used: ()
2024-10-10 20:11:31 INFO        
2024-10-10 20:11:31 INFO        ENERGY ESTIMATION for DRAM(type=LPDDR4, width=64, datawidth=16, has_power_gating=False, n_banks=2, cluster_size=1, reduction_supported=True, multiple_buffering=1, min_utilization=0, allow_overbooking=False, meshX=1, meshY=1, technology=45nm, global_cycle_seconds=1e-09, version=0.4, action_latency_cycles=1, cycle_seconds=1e-09, n_instances=1).leak(global_cycle_seconds=1e-09, action_latency_cycles=1)
2024-10-10 20:11:31 INFO        CactiDRAM estimated 0 with accuracy 80%. Messages:
2024-10-10 20:11:31 INFO        | Unused arguments (datawidth, has_power_gating, n_banks, cluster_size, reduction_supported, multiple_buffering, min_utilization, allow_overbooking, meshX, meshY, technology, global_cycle_seconds, version, action_latency_cycles, cycle_seconds, n_instances) provided for ['DRAM', 'dram'].__init__. Arguments used: (type, width)
2024-10-10 20:11:31 INFO        | Unused arguments (action_latency_cycles) provided for ['DRAM', 'dram'].leak. Arguments used: (global_cycle_seconds)
2024-10-10 20:11:31 INFO        | Multiplying by n_instances 1
2024-10-10 20:11:31 INFO        
2024-10-10 20:11:31 INFO        ENERGY ESTIMATION for DRAM(type=LPDDR4, width=64, datawidth=16, has_power_gating=False, n_banks=2, cluster_size=1, reduction_supported=True, multiple_buffering=1, min_utilization=0, allow_overbooking=False, meshX=1, meshY=1, technology=45nm, global_cycle_seconds=1e-09, version=0.4, action_latency_cycles=1, cycle_seconds=1e-09, n_instances=1).update(global_cycle_seconds=1e-09, action_latency_cycles=1)
2024-10-10 20:11:31 INFO        CactiDRAM estimated 5.12e-10 with accuracy 80%. Messages:
2024-10-10 20:11:31 INFO        | Unused arguments (datawidth, has_power_gating, n_banks, cluster_size, reduction_supported, multiple_buffering, min_utilization, allow_overbooking, meshX, meshY, technology, global_cycle_seconds, version, action_latency_cycles, cycle_seconds, n_instances) provided for ['DRAM', 'dram'].__init__. Arguments used: (type, width)
2024-10-10 20:11:31 INFO        | Unused arguments (global_cycle_seconds, action_latency_cycles) provided for ['DRAM', 'dram'].update. Arguments used: ()
2024-10-10 20:11:31 INFO        
2024-10-10 20:11:31 INFO        ENERGY ESTIMATION for aladdin_register(depth=1, width=16, datawidth=16, has_power_gating=False, n_banks=2, cluster_size=1, reduction_supported=True, multiple_buffering=1, min_utilization=0, allow_overbooking=False, meshX=32, meshY=32, technology=45nm, global_cycle_seconds=1e-09, version=0.4, action_latency_cycles=1, cycle_seconds=1e-09, n_instances=1).read(global_cycle_seconds=1e-09, action_latency_cycles=1)
2024-10-10 20:11:31 INFO        Library estimated 0.144p with accuracy 90%. Messages:
2024-10-10 20:11:31 INFO        | Found 1 entries for aladdin_register.read.
2024-10-10 20:11:31 INFO        | Checking entry "{'technology': '45nm', 'global_cycle_seconds': '1e-9', 'width|datawidth': '1', 'dynamic energy(pJ)': '0.009', 'area(um^2)': '5.98E+00', 'action': 'read', 'name': 'aladdin_register', 'n_instances': 1}
2024-10-10 20:11:31 INFO        | value=0.009, matching_attrs=3, log=['Scaling width from 1 to 16', 'Scaling global_cycle_seconds from 1e-9 to 1e-09', 'Scaled aladdin_register.width from 1.0 to 16.0: 16.0x energy', 'Scaled aladdin_register.global_cycle_seconds from 1e-09 to 1e-09: 1x energy', 'aladdin_register energy has been scaled 16.0x']
2024-10-10 20:11:31 INFO        | Best-matching entry: {'technology': '45nm', 'global_cycle_seconds': '1e-9', 'width|datawidth': '1', 'dynamic energy(pJ)': '0.009', 'area(um^2)': '5.98E+00', 'action': 'read', 'name': 'aladdin_register', 'n_instances': 1}
2024-10-10 20:11:31 INFO        | Scaling width from 1 to 16
2024-10-10 20:11:31 INFO        | Scaling global_cycle_seconds from 1e-9 to 1e-09
2024-10-10 20:11:31 INFO        | Scaled aladdin_register.width from 1.0 to 16.0: 16.0x energy
2024-10-10 20:11:31 INFO        | Scaled aladdin_register.global_cycle_seconds from 1e-09 to 1e-09: 1x energy
2024-10-10 20:11:31 INFO        | aladdin_register energy has been scaled 16.0x
2024-10-10 20:11:31 INFO        
2024-10-10 20:11:31 INFO        ENERGY ESTIMATION for aladdin_register(depth=1, width=16, datawidth=16, has_power_gating=False, n_banks=2, cluster_size=1, reduction_supported=True, multiple_buffering=1, min_utilization=0, allow_overbooking=False, meshX=32, meshY=32, technology=45nm, global_cycle_seconds=1e-09, version=0.4, action_latency_cycles=1, cycle_seconds=1e-09, n_instances=1).write(global_cycle_seconds=1e-09, action_latency_cycles=1)
2024-10-10 20:11:31 INFO        Library estimated 0.0p with accuracy 90%. Messages:
2024-10-10 20:11:31 INFO        | Found 1 entries for aladdin_register.write.
2024-10-10 20:11:31 INFO        | Checking entry "{'technology': '45nm', 'global_cycle_seconds': '1e-9', 'width|datawidth': '1', 'dynamic energy(pJ)': '0', 'area(um^2)': '5.98E+00', 'action': 'write', 'name': 'aladdin_register', 'n_instances': 1}
2024-10-10 20:11:31 INFO        | value=0.0, matching_attrs=3, log=['Scaling width from 1 to 16', 'Scaling global_cycle_seconds from 1e-9 to 1e-09', 'Scaled aladdin_register.width from 1.0 to 16.0: 16.0x energy', 'Scaled aladdin_register.global_cycle_seconds from 1e-09 to 1e-09: 1x energy', 'aladdin_register energy has been scaled 16.0x']
2024-10-10 20:11:31 INFO        | Best-matching entry: {'technology': '45nm', 'global_cycle_seconds': '1e-9', 'width|datawidth': '1', 'dynamic energy(pJ)': '0', 'area(um^2)': '5.98E+00', 'action': 'write', 'name': 'aladdin_register', 'n_instances': 1}
2024-10-10 20:11:31 INFO        | Scaling width from 1 to 16
2024-10-10 20:11:31 INFO        | Scaling global_cycle_seconds from 1e-9 to 1e-09
2024-10-10 20:11:31 INFO        | Scaled aladdin_register.width from 1.0 to 16.0: 16.0x energy
2024-10-10 20:11:31 INFO        | Scaled aladdin_register.global_cycle_seconds from 1e-09 to 1e-09: 1x energy
2024-10-10 20:11:31 INFO        | aladdin_register energy has been scaled 16.0x
2024-10-10 20:11:31 INFO        
2024-10-10 20:11:31 INFO        ENERGY ESTIMATION for aladdin_register(depth=1, width=16, datawidth=16, has_power_gating=False, n_banks=2, cluster_size=1, reduction_supported=True, multiple_buffering=1, min_utilization=0, allow_overbooking=False, meshX=32, meshY=32, technology=45nm, global_cycle_seconds=1e-09, version=0.4, action_latency_cycles=1, cycle_seconds=1e-09, n_instances=1).leak(global_cycle_seconds=1e-09, action_latency_cycles=1)
2024-10-10 20:11:31 INFO        Library estimated 0.0p with accuracy 90%. Messages:
2024-10-10 20:11:31 INFO        | Found 1 entries for aladdin_register.leak.
2024-10-10 20:11:31 INFO        | Checking entry "{'technology': '45nm', 'global_cycle_seconds': '1e-9', 'width|datawidth': '1', 'dynamic energy(pJ)': '0', 'area(um^2)': '5.98E+00', 'action': 'leak', 'name': 'aladdin_register', 'n_instances': 1}
2024-10-10 20:11:31 INFO        | value=0.0, matching_attrs=3, log=['Scaling width from 1 to 16', 'Scaling global_cycle_seconds from 1e-9 to 1e-09', 'Scaled aladdin_register.width from 1.0 to 16.0: 16.0x leak', 'Scaled aladdin_register.global_cycle_seconds from 1e-09 to 1e-09: 1.0x leak', 'aladdin_register leak has been scaled 16.0x']
2024-10-10 20:11:31 INFO        | Best-matching entry: {'technology': '45nm', 'global_cycle_seconds': '1e-9', 'width|datawidth': '1', 'dynamic energy(pJ)': '0', 'area(um^2)': '5.98E+00', 'action': 'leak', 'name': 'aladdin_register', 'n_instances': 1}
2024-10-10 20:11:31 INFO        | Scaling width from 1 to 16
2024-10-10 20:11:31 INFO        | Scaling global_cycle_seconds from 1e-9 to 1e-09
2024-10-10 20:11:31 INFO        | Scaled aladdin_register.width from 1.0 to 16.0: 16.0x leak
2024-10-10 20:11:31 INFO        | Scaled aladdin_register.global_cycle_seconds from 1e-09 to 1e-09: 1.0x leak
2024-10-10 20:11:31 INFO        | aladdin_register leak has been scaled 16.0x
2024-10-10 20:11:31 INFO        | Multiplying by n_instances 1
2024-10-10 20:11:31 INFO        
2024-10-10 20:11:31 INFO        ENERGY ESTIMATION for aladdin_register(depth=1, width=16, datawidth=16, has_power_gating=False, n_banks=2, cluster_size=1, reduction_supported=True, multiple_buffering=1, min_utilization=0, allow_overbooking=False, meshX=32, meshY=32, technology=45nm, global_cycle_seconds=1e-09, version=0.4, action_latency_cycles=1, cycle_seconds=1e-09, n_instances=1).update(global_cycle_seconds=1e-09, action_latency_cycles=1)
2024-10-10 20:11:31 INFO        Library estimated 0.0p with accuracy 90%. Messages:
2024-10-10 20:11:31 INFO        | Found 1 entries for aladdin_register.update.
2024-10-10 20:11:31 INFO        | Checking entry "{'technology': '45nm', 'global_cycle_seconds': '1e-9', 'width|datawidth': '1', 'dynamic energy(pJ)': '0', 'area(um^2)': '5.98E+00', 'action': 'update', 'name': 'aladdin_register', 'n_instances': 1}
2024-10-10 20:11:31 INFO        | value=0.0, matching_attrs=3, log=['Scaling width from 1 to 16', 'Scaling global_cycle_seconds from 1e-9 to 1e-09', 'Scaled aladdin_register.width from 1.0 to 16.0: 16.0x energy', 'Scaled aladdin_register.global_cycle_seconds from 1e-09 to 1e-09: 1x energy', 'aladdin_register energy has been scaled 16.0x']
2024-10-10 20:11:31 INFO        | Best-matching entry: {'technology': '45nm', 'global_cycle_seconds': '1e-9', 'width|datawidth': '1', 'dynamic energy(pJ)': '0', 'area(um^2)': '5.98E+00', 'action': 'update', 'name': 'aladdin_register', 'n_instances': 1}
2024-10-10 20:11:31 INFO        | Scaling width from 1 to 16
2024-10-10 20:11:31 INFO        | Scaling global_cycle_seconds from 1e-9 to 1e-09
2024-10-10 20:11:31 INFO        | Scaled aladdin_register.width from 1.0 to 16.0: 16.0x energy
2024-10-10 20:11:31 INFO        | Scaled aladdin_register.global_cycle_seconds from 1e-09 to 1e-09: 1x energy
2024-10-10 20:11:31 INFO        | aladdin_register energy has been scaled 16.0x
2024-10-10 20:11:31 INFO        
2024-10-10 20:11:31 INFO        ENERGY ESTIMATION for aladdin_register(depth=1, width=16, datawidth=16, has_power_gating=False, n_banks=2, cluster_size=1, reduction_supported=True, multiple_buffering=1, min_utilization=0, allow_overbooking=False, meshX=32, meshY=32, technology=45nm, global_cycle_seconds=1e-09, version=0.4, action_latency_cycles=1, cycle_seconds=1e-09, n_instances=1).read(global_cycle_seconds=1e-09, action_latency_cycles=1)
2024-10-10 20:11:31 INFO        Library estimated 0.144p with accuracy 90%. Messages:
2024-10-10 20:11:31 INFO        | Found 1 entries for aladdin_register.read.
2024-10-10 20:11:31 INFO        | Checking entry "{'technology': '45nm', 'global_cycle_seconds': '1e-9', 'width|datawidth': '1', 'dynamic energy(pJ)': '0.009', 'area(um^2)': '5.98E+00', 'action': 'read', 'name': 'aladdin_register', 'n_instances': 1}
2024-10-10 20:11:31 INFO        | value=0.009, matching_attrs=3, log=['Scaling width from 1 to 16', 'Scaling global_cycle_seconds from 1e-9 to 1e-09', 'Scaled aladdin_register.width from 1.0 to 16.0: 16.0x energy', 'Scaled aladdin_register.global_cycle_seconds from 1e-09 to 1e-09: 1x energy', 'aladdin_register energy has been scaled 16.0x']
2024-10-10 20:11:31 INFO        | Best-matching entry: {'technology': '45nm', 'global_cycle_seconds': '1e-9', 'width|datawidth': '1', 'dynamic energy(pJ)': '0.009', 'area(um^2)': '5.98E+00', 'action': 'read', 'name': 'aladdin_register', 'n_instances': 1}
2024-10-10 20:11:31 INFO        | Scaling width from 1 to 16
2024-10-10 20:11:31 INFO        | Scaling global_cycle_seconds from 1e-9 to 1e-09
2024-10-10 20:11:31 INFO        | Scaled aladdin_register.width from 1.0 to 16.0: 16.0x energy
2024-10-10 20:11:31 INFO        | Scaled aladdin_register.global_cycle_seconds from 1e-09 to 1e-09: 1x energy
2024-10-10 20:11:31 INFO        | aladdin_register energy has been scaled 16.0x
2024-10-10 20:11:31 INFO        
2024-10-10 20:11:31 INFO        ENERGY ESTIMATION for aladdin_register(depth=1, width=16, datawidth=16, has_power_gating=False, n_banks=2, cluster_size=1, reduction_supported=True, multiple_buffering=1, min_utilization=0, allow_overbooking=False, meshX=32, meshY=32, technology=45nm, global_cycle_seconds=1e-09, version=0.4, action_latency_cycles=1, cycle_seconds=1e-09, n_instances=1).write(global_cycle_seconds=1e-09, action_latency_cycles=1)
2024-10-10 20:11:31 INFO        Library estimated 0.0p with accuracy 90%. Messages:
2024-10-10 20:11:31 INFO        | Found 1 entries for aladdin_register.write.
2024-10-10 20:11:31 INFO        | Checking entry "{'technology': '45nm', 'global_cycle_seconds': '1e-9', 'width|datawidth': '1', 'dynamic energy(pJ)': '0', 'area(um^2)': '5.98E+00', 'action': 'write', 'name': 'aladdin_register', 'n_instances': 1}
2024-10-10 20:11:31 INFO        | value=0.0, matching_attrs=3, log=['Scaling width from 1 to 16', 'Scaling global_cycle_seconds from 1e-9 to 1e-09', 'Scaled aladdin_register.width from 1.0 to 16.0: 16.0x energy', 'Scaled aladdin_register.global_cycle_seconds from 1e-09 to 1e-09: 1x energy', 'aladdin_register energy has been scaled 16.0x']
2024-10-10 20:11:31 INFO        | Best-matching entry: {'technology': '45nm', 'global_cycle_seconds': '1e-9', 'width|datawidth': '1', 'dynamic energy(pJ)': '0', 'area(um^2)': '5.98E+00', 'action': 'write', 'name': 'aladdin_register', 'n_instances': 1}
2024-10-10 20:11:31 INFO        | Scaling width from 1 to 16
2024-10-10 20:11:31 INFO        | Scaling global_cycle_seconds from 1e-9 to 1e-09
2024-10-10 20:11:31 INFO        | Scaled aladdin_register.width from 1.0 to 16.0: 16.0x energy
2024-10-10 20:11:31 INFO        | Scaled aladdin_register.global_cycle_seconds from 1e-09 to 1e-09: 1x energy
2024-10-10 20:11:31 INFO        | aladdin_register energy has been scaled 16.0x
2024-10-10 20:11:31 INFO        
2024-10-10 20:11:31 INFO        ENERGY ESTIMATION for aladdin_register(depth=1, width=16, datawidth=16, has_power_gating=False, n_banks=2, cluster_size=1, reduction_supported=True, multiple_buffering=1, min_utilization=0, allow_overbooking=False, meshX=32, meshY=32, technology=45nm, global_cycle_seconds=1e-09, version=0.4, action_latency_cycles=1, cycle_seconds=1e-09, n_instances=1).leak(global_cycle_seconds=1e-09, action_latency_cycles=1)
2024-10-10 20:11:31 INFO        Library estimated 0.0p with accuracy 90%. Messages:
2024-10-10 20:11:31 INFO        | Found 1 entries for aladdin_register.leak.
2024-10-10 20:11:31 INFO        | Checking entry "{'technology': '45nm', 'global_cycle_seconds': '1e-9', 'width|datawidth': '1', 'dynamic energy(pJ)': '0', 'area(um^2)': '5.98E+00', 'action': 'leak', 'name': 'aladdin_register', 'n_instances': 1}
2024-10-10 20:11:31 INFO        | value=0.0, matching_attrs=3, log=['Scaling width from 1 to 16', 'Scaling global_cycle_seconds from 1e-9 to 1e-09', 'Scaled aladdin_register.width from 1.0 to 16.0: 16.0x leak', 'Scaled aladdin_register.global_cycle_seconds from 1e-09 to 1e-09: 1.0x leak', 'aladdin_register leak has been scaled 16.0x']
2024-10-10 20:11:31 INFO        | Best-matching entry: {'technology': '45nm', 'global_cycle_seconds': '1e-9', 'width|datawidth': '1', 'dynamic energy(pJ)': '0', 'area(um^2)': '5.98E+00', 'action': 'leak', 'name': 'aladdin_register', 'n_instances': 1}
2024-10-10 20:11:31 INFO        | Scaling width from 1 to 16
2024-10-10 20:11:31 INFO        | Scaling global_cycle_seconds from 1e-9 to 1e-09
2024-10-10 20:11:31 INFO        | Scaled aladdin_register.width from 1.0 to 16.0: 16.0x leak
2024-10-10 20:11:31 INFO        | Scaled aladdin_register.global_cycle_seconds from 1e-09 to 1e-09: 1.0x leak
2024-10-10 20:11:31 INFO        | aladdin_register leak has been scaled 16.0x
2024-10-10 20:11:31 INFO        | Multiplying by n_instances 1
2024-10-10 20:11:31 INFO        
2024-10-10 20:11:31 INFO        ENERGY ESTIMATION for aladdin_register(depth=1, width=16, datawidth=16, has_power_gating=False, n_banks=2, cluster_size=1, reduction_supported=True, multiple_buffering=1, min_utilization=0, allow_overbooking=False, meshX=32, meshY=32, technology=45nm, global_cycle_seconds=1e-09, version=0.4, action_latency_cycles=1, cycle_seconds=1e-09, n_instances=1).update(global_cycle_seconds=1e-09, action_latency_cycles=1)
2024-10-10 20:11:31 INFO        Library estimated 0.0p with accuracy 90%. Messages:
2024-10-10 20:11:31 INFO        | Found 1 entries for aladdin_register.update.
2024-10-10 20:11:31 INFO        | Checking entry "{'technology': '45nm', 'global_cycle_seconds': '1e-9', 'width|datawidth': '1', 'dynamic energy(pJ)': '0', 'area(um^2)': '5.98E+00', 'action': 'update', 'name': 'aladdin_register', 'n_instances': 1}
2024-10-10 20:11:31 INFO        | value=0.0, matching_attrs=3, log=['Scaling width from 1 to 16', 'Scaling global_cycle_seconds from 1e-9 to 1e-09', 'Scaled aladdin_register.width from 1.0 to 16.0: 16.0x energy', 'Scaled aladdin_register.global_cycle_seconds from 1e-09 to 1e-09: 1x energy', 'aladdin_register energy has been scaled 16.0x']
2024-10-10 20:11:31 INFO        | Best-matching entry: {'technology': '45nm', 'global_cycle_seconds': '1e-9', 'width|datawidth': '1', 'dynamic energy(pJ)': '0', 'area(um^2)': '5.98E+00', 'action': 'update', 'name': 'aladdin_register', 'n_instances': 1}
2024-10-10 20:11:31 INFO        | Scaling width from 1 to 16
2024-10-10 20:11:31 INFO        | Scaling global_cycle_seconds from 1e-9 to 1e-09
2024-10-10 20:11:31 INFO        | Scaled aladdin_register.width from 1.0 to 16.0: 16.0x energy
2024-10-10 20:11:31 INFO        | Scaled aladdin_register.global_cycle_seconds from 1e-09 to 1e-09: 1x energy
2024-10-10 20:11:31 INFO        | aladdin_register energy has been scaled 16.0x
2024-10-10 20:11:31 INFO        
2024-10-10 20:11:31 INFO        ENERGY ESTIMATION for aladdin_register(depth=1, width=16, datawidth=16, has_power_gating=False, n_banks=2, cluster_size=1, reduction_supported=True, multiple_buffering=1, min_utilization=0, allow_overbooking=False, meshX=32, meshY=32, technology=45nm, global_cycle_seconds=1e-09, version=0.4, action_latency_cycles=1, cycle_seconds=1e-09, n_instances=1).read(global_cycle_seconds=1e-09, action_latency_cycles=1)
2024-10-10 20:11:31 INFO        Library estimated 0.144p with accuracy 90%. Messages:
2024-10-10 20:11:31 INFO        | Found 1 entries for aladdin_register.read.
2024-10-10 20:11:31 INFO        | Checking entry "{'technology': '45nm', 'global_cycle_seconds': '1e-9', 'width|datawidth': '1', 'dynamic energy(pJ)': '0.009', 'area(um^2)': '5.98E+00', 'action': 'read', 'name': 'aladdin_register', 'n_instances': 1}
2024-10-10 20:11:31 INFO        | value=0.009, matching_attrs=3, log=['Scaling width from 1 to 16', 'Scaling global_cycle_seconds from 1e-9 to 1e-09', 'Scaled aladdin_register.width from 1.0 to 16.0: 16.0x energy', 'Scaled aladdin_register.global_cycle_seconds from 1e-09 to 1e-09: 1x energy', 'aladdin_register energy has been scaled 16.0x']
2024-10-10 20:11:31 INFO        | Best-matching entry: {'technology': '45nm', 'global_cycle_seconds': '1e-9', 'width|datawidth': '1', 'dynamic energy(pJ)': '0.009', 'area(um^2)': '5.98E+00', 'action': 'read', 'name': 'aladdin_register', 'n_instances': 1}
2024-10-10 20:11:31 INFO        | Scaling width from 1 to 16
2024-10-10 20:11:31 INFO        | Scaling global_cycle_seconds from 1e-9 to 1e-09
2024-10-10 20:11:31 INFO        | Scaled aladdin_register.width from 1.0 to 16.0: 16.0x energy
2024-10-10 20:11:31 INFO        | Scaled aladdin_register.global_cycle_seconds from 1e-09 to 1e-09: 1x energy
2024-10-10 20:11:31 INFO        | aladdin_register energy has been scaled 16.0x
2024-10-10 20:11:31 INFO        
2024-10-10 20:11:31 INFO        ENERGY ESTIMATION for aladdin_register(depth=1, width=16, datawidth=16, has_power_gating=False, n_banks=2, cluster_size=1, reduction_supported=True, multiple_buffering=1, min_utilization=0, allow_overbooking=False, meshX=32, meshY=32, technology=45nm, global_cycle_seconds=1e-09, version=0.4, action_latency_cycles=1, cycle_seconds=1e-09, n_instances=1).write(global_cycle_seconds=1e-09, action_latency_cycles=1)
2024-10-10 20:11:31 INFO        Library estimated 0.0p with accuracy 90%. Messages:
2024-10-10 20:11:31 INFO        | Found 1 entries for aladdin_register.write.
2024-10-10 20:11:31 INFO        | Checking entry "{'technology': '45nm', 'global_cycle_seconds': '1e-9', 'width|datawidth': '1', 'dynamic energy(pJ)': '0', 'area(um^2)': '5.98E+00', 'action': 'write', 'name': 'aladdin_register', 'n_instances': 1}
2024-10-10 20:11:31 INFO        | value=0.0, matching_attrs=3, log=['Scaling width from 1 to 16', 'Scaling global_cycle_seconds from 1e-9 to 1e-09', 'Scaled aladdin_register.width from 1.0 to 16.0: 16.0x energy', 'Scaled aladdin_register.global_cycle_seconds from 1e-09 to 1e-09: 1x energy', 'aladdin_register energy has been scaled 16.0x']
2024-10-10 20:11:31 INFO        | Best-matching entry: {'technology': '45nm', 'global_cycle_seconds': '1e-9', 'width|datawidth': '1', 'dynamic energy(pJ)': '0', 'area(um^2)': '5.98E+00', 'action': 'write', 'name': 'aladdin_register', 'n_instances': 1}
2024-10-10 20:11:31 INFO        | Scaling width from 1 to 16
2024-10-10 20:11:31 INFO        | Scaling global_cycle_seconds from 1e-9 to 1e-09
2024-10-10 20:11:31 INFO        | Scaled aladdin_register.width from 1.0 to 16.0: 16.0x energy
2024-10-10 20:11:31 INFO        | Scaled aladdin_register.global_cycle_seconds from 1e-09 to 1e-09: 1x energy
2024-10-10 20:11:31 INFO        | aladdin_register energy has been scaled 16.0x
2024-10-10 20:11:31 INFO        
2024-10-10 20:11:31 INFO        ENERGY ESTIMATION for aladdin_register(depth=1, width=16, datawidth=16, has_power_gating=False, n_banks=2, cluster_size=1, reduction_supported=True, multiple_buffering=1, min_utilization=0, allow_overbooking=False, meshX=32, meshY=32, technology=45nm, global_cycle_seconds=1e-09, version=0.4, action_latency_cycles=1, cycle_seconds=1e-09, n_instances=1).leak(global_cycle_seconds=1e-09, action_latency_cycles=1)
2024-10-10 20:11:31 INFO        Library estimated 0.0p with accuracy 90%. Messages:
2024-10-10 20:11:31 INFO        | Found 1 entries for aladdin_register.leak.
2024-10-10 20:11:31 INFO        | Checking entry "{'technology': '45nm', 'global_cycle_seconds': '1e-9', 'width|datawidth': '1', 'dynamic energy(pJ)': '0', 'area(um^2)': '5.98E+00', 'action': 'leak', 'name': 'aladdin_register', 'n_instances': 1}
2024-10-10 20:11:31 INFO        | value=0.0, matching_attrs=3, log=['Scaling width from 1 to 16', 'Scaling global_cycle_seconds from 1e-9 to 1e-09', 'Scaled aladdin_register.width from 1.0 to 16.0: 16.0x leak', 'Scaled aladdin_register.global_cycle_seconds from 1e-09 to 1e-09: 1.0x leak', 'aladdin_register leak has been scaled 16.0x']
2024-10-10 20:11:31 INFO        | Best-matching entry: {'technology': '45nm', 'global_cycle_seconds': '1e-9', 'width|datawidth': '1', 'dynamic energy(pJ)': '0', 'area(um^2)': '5.98E+00', 'action': 'leak', 'name': 'aladdin_register', 'n_instances': 1}
2024-10-10 20:11:31 INFO        | Scaling width from 1 to 16
2024-10-10 20:11:31 INFO        | Scaling global_cycle_seconds from 1e-9 to 1e-09
2024-10-10 20:11:31 INFO        | Scaled aladdin_register.width from 1.0 to 16.0: 16.0x leak
2024-10-10 20:11:31 INFO        | Scaled aladdin_register.global_cycle_seconds from 1e-09 to 1e-09: 1.0x leak
2024-10-10 20:11:31 INFO        | aladdin_register leak has been scaled 16.0x
2024-10-10 20:11:31 INFO        | Multiplying by n_instances 1
2024-10-10 20:11:31 INFO        
2024-10-10 20:11:31 INFO        ENERGY ESTIMATION for aladdin_register(depth=1, width=16, datawidth=16, has_power_gating=False, n_banks=2, cluster_size=1, reduction_supported=True, multiple_buffering=1, min_utilization=0, allow_overbooking=False, meshX=32, meshY=32, technology=45nm, global_cycle_seconds=1e-09, version=0.4, action_latency_cycles=1, cycle_seconds=1e-09, n_instances=1).update(global_cycle_seconds=1e-09, action_latency_cycles=1)
2024-10-10 20:11:31 INFO        Library estimated 0.0p with accuracy 90%. Messages:
2024-10-10 20:11:31 INFO        | Found 1 entries for aladdin_register.update.
2024-10-10 20:11:31 INFO        | Checking entry "{'technology': '45nm', 'global_cycle_seconds': '1e-9', 'width|datawidth': '1', 'dynamic energy(pJ)': '0', 'area(um^2)': '5.98E+00', 'action': 'update', 'name': 'aladdin_register', 'n_instances': 1}
2024-10-10 20:11:31 INFO        | value=0.0, matching_attrs=3, log=['Scaling width from 1 to 16', 'Scaling global_cycle_seconds from 1e-9 to 1e-09', 'Scaled aladdin_register.width from 1.0 to 16.0: 16.0x energy', 'Scaled aladdin_register.global_cycle_seconds from 1e-09 to 1e-09: 1x energy', 'aladdin_register energy has been scaled 16.0x']
2024-10-10 20:11:31 INFO        | Best-matching entry: {'technology': '45nm', 'global_cycle_seconds': '1e-9', 'width|datawidth': '1', 'dynamic energy(pJ)': '0', 'area(um^2)': '5.98E+00', 'action': 'update', 'name': 'aladdin_register', 'n_instances': 1}
2024-10-10 20:11:31 INFO        | Scaling width from 1 to 16
2024-10-10 20:11:31 INFO        | Scaling global_cycle_seconds from 1e-9 to 1e-09
2024-10-10 20:11:31 INFO        | Scaled aladdin_register.width from 1.0 to 16.0: 16.0x energy
2024-10-10 20:11:31 INFO        | Scaled aladdin_register.global_cycle_seconds from 1e-09 to 1e-09: 1x energy
2024-10-10 20:11:31 INFO        | aladdin_register energy has been scaled 16.0x
2024-10-10 20:11:31 INFO        
2024-10-10 20:11:31 INFO        ENERGY ESTIMATION for SRAM(width=64, depth=16384, n_rdwr_ports=1, global_cycle_seconds=1e-09, action_latency_cycles=1, cycle_seconds=1e-09, technology=45nm, n_instances=1).write(global_cycle_seconds=1e-09, action_latency_cycles=1, cycle_seconds=1e-09, technology=45nm, n_instances=1)
2024-10-10 20:11:34 INFO        CactiSRAM estimated 2.6065000000000003e-11 with accuracy 80%. Messages:
2024-10-10 20:11:34 INFO        | Unused arguments (n_rdwr_ports, global_cycle_seconds, action_latency_cycles, cycle_seconds, n_instances) provided for ['SRAM', 'sram'].__init__. Arguments used: (width, depth, technology)
2024-10-10 20:11:34 INFO        | Unused arguments (global_cycle_seconds, action_latency_cycles, cycle_seconds, technology, n_instances) provided for ['SRAM', 'sram'].write. Arguments used: ()
2024-10-10 20:11:34 INFO        | Calling CACTI with cache_size=131072 n_rw_ports=1 block_size=8 tech_node_um=0.045 n_banks=1 tag_size=0 associativity=1
2024-10-10 20:11:34 INFO        | Calling CACTI with input path /usr/local/share/accelergy/estimation_plug_ins/accelergy-cacti-plug-in/cacti_inputs_outputs/tmpa5cibfkp
2024-10-10 20:11:34 INFO        | CACTI output will be written to /usr/local/share/accelergy/estimation_plug_ins/accelergy-cacti-plug-in/cacti_inputs_outputs/tmpibhtzxht
2024-10-10 20:11:34 INFO        | CACTI executable not found at /usr/local/share/accelergy/estimation_plug_ins/accelergy-cacti-plug-in/cacti/cacti
2024-10-10 20:11:34 INFO        | Calling: cd /usr/local/share/accelergy/estimation_plug_ins/accelergy-cacti-plug-in ; ./cacti -infile /usr/local/share/accelergy/estimation_plug_ins/accelergy-cacti-plug-in/cacti_inputs_outputs/tmpa5cibfkp >> /usr/local/share/accelergy/estimation_plug_ins/accelergy-cacti-plug-in/cacti_inputs_outputs/tmpibhtzxht 2>&1
2024-10-10 20:11:34 INFO        | Cache bandwidth: 8.0 bytes/cycle
2024-10-10 20:11:34 INFO        | Cache bandwidth: 38765559223.477394 bits/second
2024-10-10 20:11:34 INFO        
2024-10-10 20:11:34 INFO        ENERGY ESTIMATION for intadder(n_bits=14, precision=14, global_cycle_seconds=1e-09, action_latency_cycles=1, cycle_seconds=1e-09, technology=45nm, n_instances=1).add(global_cycle_seconds=1e-09, action_latency_cycles=1, cycle_seconds=1e-09, technology=45nm, n_instances=1)
2024-10-10 20:11:34 INFO        Neurosim Plug-In estimated 0.05655207999999999p with accuracy 70%. Messages:
2024-10-10 20:11:34 INFO        | WARN: Non-numeric 45nm for parameter technology. Using 45 instead.
2024-10-10 20:11:34 INFO        | Building a crossbar with cell file /usr/local/share/accelergy/estimation_plug_ins/accelergy-neurosim-plugin/cells/placeholder.cell
2024-10-10 20:11:34 INFO        | Neurosim Plugin parsing cell file...
2024-10-10 20:11:34 INFO        | 	Failed to calculate "widthSRAMCellNMOS:". Ignore if this value is not needed.
2024-10-10 20:11:34 INFO        | 		Could not find -SRAMCellNMOSWidth (F): in cell file.
2024-10-10 20:11:34 INFO        | 	Failed to calculate "widthSRAMCellPMOS:". Ignore if this value is not needed.
2024-10-10 20:11:34 INFO        | 		Could not find -SRAMCellPMOSWidth (F): in cell file.
2024-10-10 20:11:34 INFO        | 	Failed to calculate "minSenseVoltage:". Ignore if this value is not needed.
2024-10-10 20:11:34 INFO        | 		Could not find -MinSenseVoltage (mV): in cell file.
2024-10-10 20:11:34 INFO        | 	Failed to calculate "accessTransistorResistance:". Ignore if this value is not needed.
2024-10-10 20:11:34 INFO        | 		Could not find -AccessTransistorResistance (ohm): in cell file.
2024-10-10 20:11:34 INFO        | 	Failed to calculate "WriteVoltage:". Ignore if this value is not needed.
2024-10-10 20:11:34 INFO        | 		Could not find -WriteVoltage (V): in cell file.
2024-10-10 20:11:34 INFO        | 	Failed to calculate "SET_CURRENT". Ignore if this value is not needed.
2024-10-10 20:11:34 INFO        | 		Could not find -SetCurrent (uA): in cell file.
2024-10-10 20:11:34 INFO        | 	Failed to calculate "SET_POWER". Ignore if this value is not needed.
2024-10-10 20:11:34 INFO        | 		Could not find -SetPower (uW): in cell file.
2024-10-10 20:11:34 INFO        | 	Failed to calculate "READ_CURRENT". Ignore if this value is not needed.
2024-10-10 20:11:34 INFO        | 		Could not find -ReadCurrent (uA): in cell file.
2024-10-10 20:11:34 INFO        | 	Failed to calculate "READ_ENERGY". Ignore if this value is not needed.
2024-10-10 20:11:34 INFO        | 		Could not find -ReadEnergy (pJ): in cell file.
2024-10-10 20:11:34 INFO        | 	Failed to calculate "cellCapacitanceMultiplier:". Ignore if this value is not needed.
2024-10-10 20:11:34 INFO        | 		Could not find -CellCapacitanceMultiplier: in cell file.
2024-10-10 20:11:34 INFO        | 	Failed to calculate "cellCapacitanceAdjust:". Ignore if this value is not needed.
2024-10-10 20:11:34 INFO        | 		Could not find -CellCapacitanceAdjust (F): in cell file.
2024-10-10 20:11:34 INFO        | 	Failed to calculate "deviceRoadmap:". Ignore if this value is not needed.
2024-10-10 20:11:34 INFO        | 		Could not find -DeviceRoadmap -1LP 1HP 2LSTP: in cell file.
2024-10-10 20:11:34 INFO        | Running /usr/local/share/accelergy/estimation_plug_ins/accelergy-neurosim-plugin/NeuroSim/main /usr/local/share/accelergy/estimation_plug_ins/accelergy-neurosim-plugin/neurosim_input_23751.cfg
2024-10-10 20:11:34 INFO        | Crossbar minimum latency is 2.808 ns to read 8.0 columns at once.
2024-10-10 20:11:34 INFO        
2024-10-10 20:11:34 INFO        ENERGY ESTIMATION for SRAM(width=64, depth=16384, n_rdwr_ports=1, global_cycle_seconds=1e-09, action_latency_cycles=1, cycle_seconds=1e-09, technology=45nm, n_instances=1).read(global_cycle_seconds=1e-09, action_latency_cycles=1, cycle_seconds=1e-09, technology=45nm, n_instances=1)
2024-10-10 20:11:37 INFO        CactiSRAM estimated 3.2285900000000004e-11 with accuracy 80%. Messages:
2024-10-10 20:11:37 INFO        | Unused arguments (n_rdwr_ports, global_cycle_seconds, action_latency_cycles, cycle_seconds, n_instances) provided for ['SRAM', 'sram'].__init__. Arguments used: (width, depth, technology)
2024-10-10 20:11:37 INFO        | Unused arguments (global_cycle_seconds, action_latency_cycles, cycle_seconds, technology, n_instances) provided for ['SRAM', 'sram'].read. Arguments used: ()
2024-10-10 20:11:37 INFO        | Calling CACTI with cache_size=131072 n_rw_ports=1 block_size=8 tech_node_um=0.045 n_banks=1 tag_size=0 associativity=1
2024-10-10 20:11:37 INFO        | Calling CACTI with input path /usr/local/share/accelergy/estimation_plug_ins/accelergy-cacti-plug-in/cacti_inputs_outputs/tmp9jz1kpnw
2024-10-10 20:11:37 INFO        | CACTI output will be written to /usr/local/share/accelergy/estimation_plug_ins/accelergy-cacti-plug-in/cacti_inputs_outputs/tmp_eutw06l
2024-10-10 20:11:37 INFO        | CACTI executable not found at /usr/local/share/accelergy/estimation_plug_ins/accelergy-cacti-plug-in/cacti/cacti
2024-10-10 20:11:37 INFO        | Calling: cd /usr/local/share/accelergy/estimation_plug_ins/accelergy-cacti-plug-in ; ./cacti -infile /usr/local/share/accelergy/estimation_plug_ins/accelergy-cacti-plug-in/cacti_inputs_outputs/tmp9jz1kpnw >> /usr/local/share/accelergy/estimation_plug_ins/accelergy-cacti-plug-in/cacti_inputs_outputs/tmp_eutw06l 2>&1
2024-10-10 20:11:37 INFO        | Cache bandwidth: 8.0 bytes/cycle
2024-10-10 20:11:37 INFO        | Cache bandwidth: 38765559223.477394 bits/second
2024-10-10 20:11:37 INFO        
2024-10-10 20:11:37 INFO        ENERGY ESTIMATION for intadder(n_bits=14, precision=14, global_cycle_seconds=1e-09, action_latency_cycles=1, cycle_seconds=1e-09, technology=45nm, n_instances=1).add(global_cycle_seconds=1e-09, action_latency_cycles=1, cycle_seconds=1e-09, technology=45nm, n_instances=1)
2024-10-10 20:11:37 INFO        Neurosim Plug-In estimated 0.05655207999999999p with accuracy 70%. Messages:
2024-10-10 20:11:37 INFO        | WARN: Non-numeric 45nm for parameter technology. Using 45 instead.
2024-10-10 20:11:37 INFO        
2024-10-10 20:11:37 INFO        ENERGY ESTIMATION for SRAM(width=64, depth=16384, n_rdwr_ports=1, global_cycle_seconds=1e-09, action_latency_cycles=1, cycle_seconds=1e-09, technology=45nm, n_instances=1).leak(global_cycle_seconds=1e-09, action_latency_cycles=1, cycle_seconds=1e-09, technology=45nm, n_instances=1)
2024-10-10 20:11:40 INFO        CactiSRAM estimated 3.34055e-15 with accuracy 80%. Messages:
2024-10-10 20:11:40 INFO        | Unused arguments (n_rdwr_ports, global_cycle_seconds, action_latency_cycles, cycle_seconds, n_instances) provided for ['SRAM', 'sram'].__init__. Arguments used: (width, depth, technology)
2024-10-10 20:11:40 INFO        | Unused arguments (action_latency_cycles, cycle_seconds, technology, n_instances) provided for ['SRAM', 'sram'].leak. Arguments used: (global_cycle_seconds)
2024-10-10 20:11:40 INFO        | Calling CACTI with cache_size=131072 n_rw_ports=1 block_size=8 tech_node_um=0.045 n_banks=1 tag_size=0 associativity=1
2024-10-10 20:11:40 INFO        | Calling CACTI with input path /usr/local/share/accelergy/estimation_plug_ins/accelergy-cacti-plug-in/cacti_inputs_outputs/tmp8ybta_cf
2024-10-10 20:11:40 INFO        | CACTI output will be written to /usr/local/share/accelergy/estimation_plug_ins/accelergy-cacti-plug-in/cacti_inputs_outputs/tmp3a8k04tj
2024-10-10 20:11:40 INFO        | CACTI executable not found at /usr/local/share/accelergy/estimation_plug_ins/accelergy-cacti-plug-in/cacti/cacti
2024-10-10 20:11:40 INFO        | Calling: cd /usr/local/share/accelergy/estimation_plug_ins/accelergy-cacti-plug-in ; ./cacti -infile /usr/local/share/accelergy/estimation_plug_ins/accelergy-cacti-plug-in/cacti_inputs_outputs/tmp8ybta_cf >> /usr/local/share/accelergy/estimation_plug_ins/accelergy-cacti-plug-in/cacti_inputs_outputs/tmp3a8k04tj 2>&1
2024-10-10 20:11:40 INFO        | Cache bandwidth: 8.0 bytes/cycle
2024-10-10 20:11:40 INFO        | Cache bandwidth: 38765559223.477394 bits/second
2024-10-10 20:11:40 INFO        | Global cycle time 1e-09 is less than the cache's random cycle time 1.65095e-09
2024-10-10 20:11:40 INFO        | Multiplying by n_instances 1
2024-10-10 20:11:40 INFO        
2024-10-10 20:11:40 INFO        ENERGY ESTIMATION for intadder(n_bits=14, precision=14, global_cycle_seconds=1e-09, action_latency_cycles=1, cycle_seconds=1e-09, technology=45nm, n_instances=1).leak(global_cycle_seconds=1e-09, action_latency_cycles=1, cycle_seconds=1e-09, technology=45nm, n_instances=1)
2024-10-10 20:11:40 INFO        Neurosim Plug-In estimated 5.182512000000001e-06p with accuracy 70%. Messages:
2024-10-10 20:11:40 INFO        | WARN: Non-numeric 45nm for parameter technology. Using 45 instead.
2024-10-10 20:11:40 INFO        | Multiplying by n_instances 1
2024-10-10 20:11:40 INFO        
2024-10-10 20:11:40 INFO        ENERGY ESTIMATION for SRAM(width=64, depth=16384, n_rdwr_ports=1, global_cycle_seconds=1e-09, action_latency_cycles=1, cycle_seconds=1e-09, technology=45nm, n_instances=1).write(global_cycle_seconds=1e-09, action_latency_cycles=1, cycle_seconds=1e-09, technology=45nm, n_instances=1)
2024-10-10 20:11:43 INFO        CactiSRAM estimated 2.6065000000000003e-11 with accuracy 80%. Messages:
2024-10-10 20:11:43 INFO        | Unused arguments (n_rdwr_ports, global_cycle_seconds, action_latency_cycles, cycle_seconds, n_instances) provided for ['SRAM', 'sram'].__init__. Arguments used: (width, depth, technology)
2024-10-10 20:11:43 INFO        | Unused arguments (global_cycle_seconds, action_latency_cycles, cycle_seconds, technology, n_instances) provided for ['SRAM', 'sram'].write. Arguments used: ()
2024-10-10 20:11:43 INFO        | Calling CACTI with cache_size=131072 n_rw_ports=1 block_size=8 tech_node_um=0.045 n_banks=1 tag_size=0 associativity=1
2024-10-10 20:11:43 INFO        | Calling CACTI with input path /usr/local/share/accelergy/estimation_plug_ins/accelergy-cacti-plug-in/cacti_inputs_outputs/tmpiqifsga7
2024-10-10 20:11:43 INFO        | CACTI output will be written to /usr/local/share/accelergy/estimation_plug_ins/accelergy-cacti-plug-in/cacti_inputs_outputs/tmp8bn65f0a
2024-10-10 20:11:43 INFO        | CACTI executable not found at /usr/local/share/accelergy/estimation_plug_ins/accelergy-cacti-plug-in/cacti/cacti
2024-10-10 20:11:43 INFO        | Calling: cd /usr/local/share/accelergy/estimation_plug_ins/accelergy-cacti-plug-in ; ./cacti -infile /usr/local/share/accelergy/estimation_plug_ins/accelergy-cacti-plug-in/cacti_inputs_outputs/tmpiqifsga7 >> /usr/local/share/accelergy/estimation_plug_ins/accelergy-cacti-plug-in/cacti_inputs_outputs/tmp8bn65f0a 2>&1
2024-10-10 20:11:43 INFO        | Cache bandwidth: 8.0 bytes/cycle
2024-10-10 20:11:43 INFO        | Cache bandwidth: 38765559223.477394 bits/second
2024-10-10 20:11:43 INFO        
2024-10-10 20:11:43 INFO        ENERGY ESTIMATION for intadder(n_bits=14, precision=14, global_cycle_seconds=1e-09, action_latency_cycles=1, cycle_seconds=1e-09, technology=45nm, n_instances=1).add(global_cycle_seconds=1e-09, action_latency_cycles=1, cycle_seconds=1e-09, technology=45nm, n_instances=1)
2024-10-10 20:11:43 INFO        Neurosim Plug-In estimated 0.05655207999999999p with accuracy 70%. Messages:
2024-10-10 20:11:43 INFO        | WARN: Non-numeric 45nm for parameter technology. Using 45 instead.
2024-10-10 20:11:43 INFO        
2024-10-10 20:11:43 INFO        ENERGY ESTIMATION for SRAM(width=32, depth=192, n_rdwr_ports=1, global_cycle_seconds=1e-09, action_latency_cycles=1, cycle_seconds=1e-09, technology=45nm, n_instances=1).write(global_cycle_seconds=1e-09, action_latency_cycles=1, cycle_seconds=1e-09, technology=45nm, n_instances=1)
2024-10-10 20:11:43 INFO        CactiSRAM estimated 2.35412e-12 with accuracy 80%. Messages:
2024-10-10 20:11:43 INFO        | Unused arguments (n_rdwr_ports, global_cycle_seconds, action_latency_cycles, cycle_seconds, n_instances) provided for ['SRAM', 'sram'].__init__. Arguments used: (width, depth, technology)
2024-10-10 20:11:43 INFO        | Unused arguments (global_cycle_seconds, action_latency_cycles, cycle_seconds, technology, n_instances) provided for ['SRAM', 'sram'].write. Arguments used: ()
2024-10-10 20:11:43 INFO        | Calling CACTI with cache_size=768 n_rw_ports=1 block_size=4 tech_node_um=0.045 n_banks=1 tag_size=0 associativity=1
2024-10-10 20:11:43 INFO        | Calling CACTI with input path /usr/local/share/accelergy/estimation_plug_ins/accelergy-cacti-plug-in/cacti_inputs_outputs/tmpxhgj5fkl
2024-10-10 20:11:43 INFO        | CACTI output will be written to /usr/local/share/accelergy/estimation_plug_ins/accelergy-cacti-plug-in/cacti_inputs_outputs/tmpue28mdq7
2024-10-10 20:11:43 INFO        | CACTI executable not found at /usr/local/share/accelergy/estimation_plug_ins/accelergy-cacti-plug-in/cacti/cacti
2024-10-10 20:11:43 INFO        | Calling: cd /usr/local/share/accelergy/estimation_plug_ins/accelergy-cacti-plug-in ; ./cacti -infile /usr/local/share/accelergy/estimation_plug_ins/accelergy-cacti-plug-in/cacti_inputs_outputs/tmpxhgj5fkl >> /usr/local/share/accelergy/estimation_plug_ins/accelergy-cacti-plug-in/cacti_inputs_outputs/tmpue28mdq7 2>&1
2024-10-10 20:11:43 INFO        | Cache bandwidth: 4.0 bytes/cycle
2024-10-10 20:11:43 INFO        | Cache bandwidth: 52904979350.525246 bits/second
2024-10-10 20:11:43 INFO        
2024-10-10 20:11:43 INFO        ENERGY ESTIMATION for intadder(n_bits=8, precision=8, global_cycle_seconds=1e-09, action_latency_cycles=1, cycle_seconds=1e-09, technology=45nm, n_instances=1).add(global_cycle_seconds=1e-09, action_latency_cycles=1, cycle_seconds=1e-09, technology=45nm, n_instances=1)
2024-10-10 20:11:43 INFO        Neurosim Plug-In estimated 0.03243378p with accuracy 70%. Messages:
2024-10-10 20:11:43 INFO        | WARN: Non-numeric 45nm for parameter technology. Using 45 instead.
2024-10-10 20:11:43 INFO        | Building a crossbar with cell file /usr/local/share/accelergy/estimation_plug_ins/accelergy-neurosim-plugin/cells/placeholder.cell
2024-10-10 20:11:43 INFO        | Neurosim Plugin parsing cell file...
2024-10-10 20:11:43 INFO        | 	Failed to calculate "widthSRAMCellNMOS:". Ignore if this value is not needed.
2024-10-10 20:11:43 INFO        | 		Could not find -SRAMCellNMOSWidth (F): in cell file.
2024-10-10 20:11:43 INFO        | 	Failed to calculate "widthSRAMCellPMOS:". Ignore if this value is not needed.
2024-10-10 20:11:43 INFO        | 		Could not find -SRAMCellPMOSWidth (F): in cell file.
2024-10-10 20:11:43 INFO        | 	Failed to calculate "minSenseVoltage:". Ignore if this value is not needed.
2024-10-10 20:11:43 INFO        | 		Could not find -MinSenseVoltage (mV): in cell file.
2024-10-10 20:11:43 INFO        | 	Failed to calculate "accessTransistorResistance:". Ignore if this value is not needed.
2024-10-10 20:11:43 INFO        | 		Could not find -AccessTransistorResistance (ohm): in cell file.
2024-10-10 20:11:43 INFO        | 	Failed to calculate "WriteVoltage:". Ignore if this value is not needed.
2024-10-10 20:11:43 INFO        | 		Could not find -WriteVoltage (V): in cell file.
2024-10-10 20:11:43 INFO        | 	Failed to calculate "SET_CURRENT". Ignore if this value is not needed.
2024-10-10 20:11:43 INFO        | 		Could not find -SetCurrent (uA): in cell file.
2024-10-10 20:11:43 INFO        | 	Failed to calculate "SET_POWER". Ignore if this value is not needed.
2024-10-10 20:11:43 INFO        | 		Could not find -SetPower (uW): in cell file.
2024-10-10 20:11:43 INFO        | 	Failed to calculate "READ_CURRENT". Ignore if this value is not needed.
2024-10-10 20:11:43 INFO        | 		Could not find -ReadCurrent (uA): in cell file.
2024-10-10 20:11:43 INFO        | 	Failed to calculate "READ_ENERGY". Ignore if this value is not needed.
2024-10-10 20:11:43 INFO        | 		Could not find -ReadEnergy (pJ): in cell file.
2024-10-10 20:11:43 INFO        | 	Failed to calculate "cellCapacitanceMultiplier:". Ignore if this value is not needed.
2024-10-10 20:11:43 INFO        | 		Could not find -CellCapacitanceMultiplier: in cell file.
2024-10-10 20:11:43 INFO        | 	Failed to calculate "cellCapacitanceAdjust:". Ignore if this value is not needed.
2024-10-10 20:11:43 INFO        | 		Could not find -CellCapacitanceAdjust (F): in cell file.
2024-10-10 20:11:43 INFO        | 	Failed to calculate "deviceRoadmap:". Ignore if this value is not needed.
2024-10-10 20:11:43 INFO        | 		Could not find -DeviceRoadmap -1LP 1HP 2LSTP: in cell file.
2024-10-10 20:11:43 INFO        | Running /usr/local/share/accelergy/estimation_plug_ins/accelergy-neurosim-plugin/NeuroSim/main /usr/local/share/accelergy/estimation_plug_ins/accelergy-neurosim-plugin/neurosim_input_23751.cfg
2024-10-10 20:11:43 INFO        | Crossbar minimum latency is 2.808 ns to read 8.0 columns at once.
2024-10-10 20:11:43 INFO        
2024-10-10 20:11:43 INFO        ENERGY ESTIMATION for SRAM(width=32, depth=192, n_rdwr_ports=1, global_cycle_seconds=1e-09, action_latency_cycles=1, cycle_seconds=1e-09, technology=45nm, n_instances=1).read(global_cycle_seconds=1e-09, action_latency_cycles=1, cycle_seconds=1e-09, technology=45nm, n_instances=1)
2024-10-10 20:11:44 INFO        CactiSRAM estimated 9.65749e-13 with accuracy 80%. Messages:
2024-10-10 20:11:44 INFO        | Unused arguments (n_rdwr_ports, global_cycle_seconds, action_latency_cycles, cycle_seconds, n_instances) provided for ['SRAM', 'sram'].__init__. Arguments used: (width, depth, technology)
2024-10-10 20:11:44 INFO        | Unused arguments (global_cycle_seconds, action_latency_cycles, cycle_seconds, technology, n_instances) provided for ['SRAM', 'sram'].read. Arguments used: ()
2024-10-10 20:11:44 INFO        | Calling CACTI with cache_size=768 n_rw_ports=1 block_size=4 tech_node_um=0.045 n_banks=1 tag_size=0 associativity=1
2024-10-10 20:11:44 INFO        | Calling CACTI with input path /usr/local/share/accelergy/estimation_plug_ins/accelergy-cacti-plug-in/cacti_inputs_outputs/tmpxfb76cz1
2024-10-10 20:11:44 INFO        | CACTI output will be written to /usr/local/share/accelergy/estimation_plug_ins/accelergy-cacti-plug-in/cacti_inputs_outputs/tmpjz6oz11b
2024-10-10 20:11:44 INFO        | CACTI executable not found at /usr/local/share/accelergy/estimation_plug_ins/accelergy-cacti-plug-in/cacti/cacti
2024-10-10 20:11:44 INFO        | Calling: cd /usr/local/share/accelergy/estimation_plug_ins/accelergy-cacti-plug-in ; ./cacti -infile /usr/local/share/accelergy/estimation_plug_ins/accelergy-cacti-plug-in/cacti_inputs_outputs/tmpxfb76cz1 >> /usr/local/share/accelergy/estimation_plug_ins/accelergy-cacti-plug-in/cacti_inputs_outputs/tmpjz6oz11b 2>&1
2024-10-10 20:11:44 INFO        | Cache bandwidth: 4.0 bytes/cycle
2024-10-10 20:11:44 INFO        | Cache bandwidth: 52904979350.525246 bits/second
2024-10-10 20:11:44 INFO        
2024-10-10 20:11:44 INFO        ENERGY ESTIMATION for intadder(n_bits=8, precision=8, global_cycle_seconds=1e-09, action_latency_cycles=1, cycle_seconds=1e-09, technology=45nm, n_instances=1).add(global_cycle_seconds=1e-09, action_latency_cycles=1, cycle_seconds=1e-09, technology=45nm, n_instances=1)
2024-10-10 20:11:44 INFO        Neurosim Plug-In estimated 0.03243378p with accuracy 70%. Messages:
2024-10-10 20:11:44 INFO        | WARN: Non-numeric 45nm for parameter technology. Using 45 instead.
2024-10-10 20:11:44 INFO        
2024-10-10 20:11:44 INFO        ENERGY ESTIMATION for SRAM(width=32, depth=192, n_rdwr_ports=1, global_cycle_seconds=1e-09, action_latency_cycles=1, cycle_seconds=1e-09, technology=45nm, n_instances=1).leak(global_cycle_seconds=1e-09, action_latency_cycles=1, cycle_seconds=1e-09, technology=45nm, n_instances=1)
2024-10-10 20:11:44 INFO        CactiSRAM estimated 3.05099e-17 with accuracy 80%. Messages:
2024-10-10 20:11:44 INFO        | Unused arguments (n_rdwr_ports, global_cycle_seconds, action_latency_cycles, cycle_seconds, n_instances) provided for ['SRAM', 'sram'].__init__. Arguments used: (width, depth, technology)
2024-10-10 20:11:44 INFO        | Unused arguments (action_latency_cycles, cycle_seconds, technology, n_instances) provided for ['SRAM', 'sram'].leak. Arguments used: (global_cycle_seconds)
2024-10-10 20:11:44 INFO        | Calling CACTI with cache_size=768 n_rw_ports=1 block_size=4 tech_node_um=0.045 n_banks=1 tag_size=0 associativity=1
2024-10-10 20:11:44 INFO        | Calling CACTI with input path /usr/local/share/accelergy/estimation_plug_ins/accelergy-cacti-plug-in/cacti_inputs_outputs/tmpeoj3fff4
2024-10-10 20:11:44 INFO        | CACTI output will be written to /usr/local/share/accelergy/estimation_plug_ins/accelergy-cacti-plug-in/cacti_inputs_outputs/tmpx84ygk6y
2024-10-10 20:11:44 INFO        | CACTI executable not found at /usr/local/share/accelergy/estimation_plug_ins/accelergy-cacti-plug-in/cacti/cacti
2024-10-10 20:11:44 INFO        | Calling: cd /usr/local/share/accelergy/estimation_plug_ins/accelergy-cacti-plug-in ; ./cacti -infile /usr/local/share/accelergy/estimation_plug_ins/accelergy-cacti-plug-in/cacti_inputs_outputs/tmpeoj3fff4 >> /usr/local/share/accelergy/estimation_plug_ins/accelergy-cacti-plug-in/cacti_inputs_outputs/tmpx84ygk6y 2>&1
2024-10-10 20:11:44 INFO        | Cache bandwidth: 4.0 bytes/cycle
2024-10-10 20:11:44 INFO        | Cache bandwidth: 52904979350.525246 bits/second
2024-10-10 20:11:44 INFO        | Multiplying by n_instances 1
2024-10-10 20:11:44 INFO        
2024-10-10 20:11:44 INFO        ENERGY ESTIMATION for intadder(n_bits=8, precision=8, global_cycle_seconds=1e-09, action_latency_cycles=1, cycle_seconds=1e-09, technology=45nm, n_instances=1).leak(global_cycle_seconds=1e-09, action_latency_cycles=1, cycle_seconds=1e-09, technology=45nm, n_instances=1)
2024-10-10 20:11:44 INFO        Neurosim Plug-In estimated 2.9614360000000003e-06p with accuracy 70%. Messages:
2024-10-10 20:11:44 INFO        | WARN: Non-numeric 45nm for parameter technology. Using 45 instead.
2024-10-10 20:11:44 INFO        | Multiplying by n_instances 1
2024-10-10 20:11:44 INFO        
2024-10-10 20:11:44 INFO        ENERGY ESTIMATION for SRAM(width=32, depth=192, n_rdwr_ports=1, global_cycle_seconds=1e-09, action_latency_cycles=1, cycle_seconds=1e-09, technology=45nm, n_instances=1).write(global_cycle_seconds=1e-09, action_latency_cycles=1, cycle_seconds=1e-09, technology=45nm, n_instances=1)
2024-10-10 20:11:44 INFO        CactiSRAM estimated 2.35412e-12 with accuracy 80%. Messages:
2024-10-10 20:11:44 INFO        | Unused arguments (n_rdwr_ports, global_cycle_seconds, action_latency_cycles, cycle_seconds, n_instances) provided for ['SRAM', 'sram'].__init__. Arguments used: (width, depth, technology)
2024-10-10 20:11:44 INFO        | Unused arguments (global_cycle_seconds, action_latency_cycles, cycle_seconds, technology, n_instances) provided for ['SRAM', 'sram'].write. Arguments used: ()
2024-10-10 20:11:44 INFO        | Calling CACTI with cache_size=768 n_rw_ports=1 block_size=4 tech_node_um=0.045 n_banks=1 tag_size=0 associativity=1
2024-10-10 20:11:44 INFO        | Calling CACTI with input path /usr/local/share/accelergy/estimation_plug_ins/accelergy-cacti-plug-in/cacti_inputs_outputs/tmpiqlcgn3p
2024-10-10 20:11:44 INFO        | CACTI output will be written to /usr/local/share/accelergy/estimation_plug_ins/accelergy-cacti-plug-in/cacti_inputs_outputs/tmpaby2jlbq
2024-10-10 20:11:44 INFO        | CACTI executable not found at /usr/local/share/accelergy/estimation_plug_ins/accelergy-cacti-plug-in/cacti/cacti
2024-10-10 20:11:44 INFO        | Calling: cd /usr/local/share/accelergy/estimation_plug_ins/accelergy-cacti-plug-in ; ./cacti -infile /usr/local/share/accelergy/estimation_plug_ins/accelergy-cacti-plug-in/cacti_inputs_outputs/tmpiqlcgn3p >> /usr/local/share/accelergy/estimation_plug_ins/accelergy-cacti-plug-in/cacti_inputs_outputs/tmpaby2jlbq 2>&1
2024-10-10 20:11:44 INFO        | Cache bandwidth: 4.0 bytes/cycle
2024-10-10 20:11:44 INFO        | Cache bandwidth: 52904979350.525246 bits/second
2024-10-10 20:11:44 INFO        
2024-10-10 20:11:44 INFO        ENERGY ESTIMATION for intadder(n_bits=8, precision=8, global_cycle_seconds=1e-09, action_latency_cycles=1, cycle_seconds=1e-09, technology=45nm, n_instances=1).add(global_cycle_seconds=1e-09, action_latency_cycles=1, cycle_seconds=1e-09, technology=45nm, n_instances=1)
2024-10-10 20:11:44 INFO        Neurosim Plug-In estimated 0.03243378p with accuracy 70%. Messages:
2024-10-10 20:11:44 INFO        | WARN: Non-numeric 45nm for parameter technology. Using 45 instead.
2024-10-10 20:11:44 INFO        
2024-10-10 20:11:44 INFO        ENERGY ESTIMATION for aladdin_adder(width=16, global_cycle_seconds=1e-09, action_latency_cycles=1, cycle_seconds=1e-09, technology=45nm, n_instances=1).read(global_cycle_seconds=1e-09, action_latency_cycles=1, cycle_seconds=1e-09, technology=45nm, n_instances=1)
2024-10-10 20:11:44 INFO        Library estimated 0.105p with accuracy 90%. Messages:
2024-10-10 20:11:44 INFO        | Found 1 entries for aladdin_adder.read.
2024-10-10 20:11:44 INFO        | Checking entry "{'technology': '45nm', 'global_cycle_seconds': '1e-9', 'width|datawidth': '32', 'energy': '0.21', 'area': '2.78E+02', 'action': 'read', 'name': 'aladdin_adder', 'n_instances': 1}
2024-10-10 20:11:44 INFO        | value=0.21, matching_attrs=3, log=['Scaling width from 32 to 16', 'Scaling global_cycle_seconds from 1e-9 to 1e-09', 'Scaled aladdin_adder.width from 32.0 to 16.0: 0.5x energy', 'Scaled aladdin_adder.global_cycle_seconds from 1e-09 to 1e-09: 1x energy', 'aladdin_adder energy has been scaled 0.5x']
2024-10-10 20:11:44 INFO        | Best-matching entry: {'technology': '45nm', 'global_cycle_seconds': '1e-9', 'width|datawidth': '32', 'energy': '0.21', 'area': '2.78E+02', 'action': 'read', 'name': 'aladdin_adder', 'n_instances': 1}
2024-10-10 20:11:44 INFO        | Scaling width from 32 to 16
2024-10-10 20:11:44 INFO        | Scaling global_cycle_seconds from 1e-9 to 1e-09
2024-10-10 20:11:44 INFO        | Scaled aladdin_adder.width from 32.0 to 16.0: 0.5x energy
2024-10-10 20:11:44 INFO        | Scaled aladdin_adder.global_cycle_seconds from 1e-09 to 1e-09: 1x energy
2024-10-10 20:11:44 INFO        | aladdin_adder energy has been scaled 0.5x
2024-10-10 20:11:44 INFO        
2024-10-10 20:11:44 INFO        ENERGY ESTIMATION for aladdin_adder(width_a=8, width_b=8, global_cycle_seconds=1e-09, action_latency_cycles=1, cycle_seconds=1e-09, technology=45nm, n_instances=1).read(global_cycle_seconds=1e-09, action_latency_cycles=1, cycle_seconds=1e-09, technology=45nm, n_instances=1)
2024-10-10 20:11:44 INFO        Library estimated 0.21p with accuracy 90%. Messages:
2024-10-10 20:11:44 INFO        | Found 1 entries for aladdin_adder.read.
2024-10-10 20:11:44 INFO        | Checking entry "{'technology': '45nm', 'global_cycle_seconds': '1e-9', 'width|datawidth': '32', 'energy': '0.21', 'area': '2.78E+02', 'action': 'read', 'name': 'aladdin_adder', 'n_instances': 1}
2024-10-10 20:11:44 INFO        | value=0.21, matching_attrs=3, log=['Scaling global_cycle_seconds from 1e-9 to 1e-09', 'Scaled aladdin_adder.global_cycle_seconds from 1e-09 to 1e-09: 1x energy', 'aladdin_adder energy has been scaled 1x']
2024-10-10 20:11:44 INFO        | Best-matching entry: {'technology': '45nm', 'global_cycle_seconds': '1e-9', 'width|datawidth': '32', 'energy': '0.21', 'area': '2.78E+02', 'action': 'read', 'name': 'aladdin_adder', 'n_instances': 1}
2024-10-10 20:11:44 INFO        | Scaling global_cycle_seconds from 1e-9 to 1e-09
2024-10-10 20:11:44 INFO        | Scaled aladdin_adder.global_cycle_seconds from 1e-09 to 1e-09: 1x energy
2024-10-10 20:11:44 INFO        | aladdin_adder energy has been scaled 1x
2024-10-10 20:11:44 INFO        
2024-10-10 20:11:44 INFO        ENERGY ESTIMATION for aladdin_adder(width=16, global_cycle_seconds=1e-09, action_latency_cycles=1, cycle_seconds=1e-09, technology=45nm, n_instances=1).leak(global_cycle_seconds=1e-09, action_latency_cycles=1, cycle_seconds=1e-09, technology=45nm, n_instances=1)
2024-10-10 20:11:44 INFO        Library estimated 0.0012p with accuracy 90%. Messages:
2024-10-10 20:11:44 INFO        | Found 1 entries for aladdin_adder.leak.
2024-10-10 20:11:44 INFO        | Checking entry "{'technology': '45nm', 'global_cycle_seconds': '1e-9', 'width|datawidth': '32', 'energy': '0.0024', 'area': '2.78E+02', 'action': 'leak', 'name': 'aladdin_adder', 'n_instances': 1}
2024-10-10 20:11:44 INFO        | value=0.0024, matching_attrs=3, log=['Scaling width from 32 to 16', 'Scaling global_cycle_seconds from 1e-9 to 1e-09', 'Scaled aladdin_adder.width from 32.0 to 16.0: 0.5x leak', 'Scaled aladdin_adder.global_cycle_seconds from 1e-09 to 1e-09: 1.0x leak', 'aladdin_adder leak has been scaled 0.5x']
2024-10-10 20:11:44 INFO        | Best-matching entry: {'technology': '45nm', 'global_cycle_seconds': '1e-9', 'width|datawidth': '32', 'energy': '0.0024', 'area': '2.78E+02', 'action': 'leak', 'name': 'aladdin_adder', 'n_instances': 1}
2024-10-10 20:11:44 INFO        | Scaling width from 32 to 16
2024-10-10 20:11:44 INFO        | Scaling global_cycle_seconds from 1e-9 to 1e-09
2024-10-10 20:11:44 INFO        | Scaled aladdin_adder.width from 32.0 to 16.0: 0.5x leak
2024-10-10 20:11:44 INFO        | Scaled aladdin_adder.global_cycle_seconds from 1e-09 to 1e-09: 1.0x leak
2024-10-10 20:11:44 INFO        | aladdin_adder leak has been scaled 0.5x
2024-10-10 20:11:44 INFO        | Multiplying by n_instances 1
2024-10-10 20:11:44 INFO        
2024-10-10 20:11:44 INFO        ENERGY ESTIMATION for aladdin_adder(width_a=8, width_b=8, global_cycle_seconds=1e-09, action_latency_cycles=1, cycle_seconds=1e-09, technology=45nm, n_instances=1).leak(global_cycle_seconds=1e-09, action_latency_cycles=1, cycle_seconds=1e-09, technology=45nm, n_instances=1)
2024-10-10 20:11:44 INFO        Library estimated 0.0024p with accuracy 90%. Messages:
2024-10-10 20:11:44 INFO        | Found 1 entries for aladdin_adder.leak.
2024-10-10 20:11:44 INFO        | Checking entry "{'technology': '45nm', 'global_cycle_seconds': '1e-9', 'width|datawidth': '32', 'energy': '0.0024', 'area': '2.78E+02', 'action': 'leak', 'name': 'aladdin_adder', 'n_instances': 1}
2024-10-10 20:11:44 INFO        | value=0.0024, matching_attrs=3, log=['Scaling global_cycle_seconds from 1e-9 to 1e-09', 'Scaled aladdin_adder.global_cycle_seconds from 1e-09 to 1e-09: 1.0x leak', 'aladdin_adder leak has been scaled 1.0x']
2024-10-10 20:11:44 INFO        | Best-matching entry: {'technology': '45nm', 'global_cycle_seconds': '1e-9', 'width|datawidth': '32', 'energy': '0.0024', 'area': '2.78E+02', 'action': 'leak', 'name': 'aladdin_adder', 'n_instances': 1}
2024-10-10 20:11:44 INFO        | Scaling global_cycle_seconds from 1e-9 to 1e-09
2024-10-10 20:11:44 INFO        | Scaled aladdin_adder.global_cycle_seconds from 1e-09 to 1e-09: 1.0x leak
2024-10-10 20:11:44 INFO        | aladdin_adder leak has been scaled 1.0x
2024-10-10 20:11:44 INFO        | Multiplying by n_instances 1
2024-10-10 20:11:44 WARNING     No action counts are specified as yaml input
2024-10-10 20:11:44 INFO        
2024-10-10 20:11:44 INFO        AREA ESTIMATION for DRAM(type=LPDDR4, width=64, datawidth=16, has_power_gating=False, n_banks=2, cluster_size=1, reduction_supported=True, multiple_buffering=1, min_utilization=0, allow_overbooking=False, meshX=1, meshY=1, technology=45nm, global_cycle_seconds=1e-09, version=0.4, action_latency_cycles=1, cycle_seconds=1e-09, n_instances=1)
2024-10-10 20:11:44 INFO        CactiDRAM estimated 0 with accuracy 80%. Messages:
2024-10-10 20:11:44 INFO        | Unused arguments (datawidth, has_power_gating, n_banks, cluster_size, reduction_supported, multiple_buffering, min_utilization, allow_overbooking, meshX, meshY, technology, global_cycle_seconds, version, action_latency_cycles, cycle_seconds, n_instances) provided for ['DRAM', 'dram'].__init__. Arguments used: (type, width)
2024-10-10 20:11:44 INFO        | Multiplying by n_instances 1
2024-10-10 20:11:44 INFO        
2024-10-10 20:11:44 INFO        AREA ESTIMATION for dummy_storage(width=1, depth=1, datawidth=1, technology=-1, has_power_gating=False, n_banks=2, cluster_size=1, reduction_supported=True, multiple_buffering=1, min_utilization=0, allow_overbooking=False, meshX=1, meshY=1, global_cycle_seconds=1e-09, version=0.4, action_latency_cycles=1, cycle_seconds=1e-09, n_instances=1)
2024-10-10 20:11:44 INFO        dummy estimated 1u^2 with accuracy 100%. Messages:
2024-10-10 20:11:44 INFO        | Multiplying by n_instances 1
2024-10-10 20:11:44 INFO        
2024-10-10 20:11:44 INFO        AREA ESTIMATION for dummy_storage(width=1, depth=1, datawidth=1, technology=-1, has_power_gating=False, n_banks=2, cluster_size=1, reduction_supported=True, multiple_buffering=1, min_utilization=0, allow_overbooking=False, meshX=32, meshY=1, global_cycle_seconds=1e-09, version=0.4, action_latency_cycles=1, cycle_seconds=1e-09, n_instances=1)
2024-10-10 20:11:44 INFO        dummy estimated 1u^2 with accuracy 100%. Messages:
2024-10-10 20:11:44 INFO        | Multiplying by n_instances 1
2024-10-10 20:11:44 INFO        
2024-10-10 20:11:44 INFO        AREA ESTIMATION for aladdin_register(depth=1, width=16, datawidth=16, has_power_gating=False, n_banks=2, cluster_size=1, reduction_supported=True, multiple_buffering=1, min_utilization=0, allow_overbooking=False, meshX=32, meshY=32, technology=45nm, global_cycle_seconds=1e-09, version=0.4, action_latency_cycles=1, cycle_seconds=1e-09, n_instances=1)
2024-10-10 20:11:44 INFO        Library estimated 95.68u^2 with accuracy 90%. Messages:
2024-10-10 20:11:44 INFO        | Found 4 entries for aladdin_register.
2024-10-10 20:11:44 INFO        | Checking entry "{'technology': '45nm', 'global_cycle_seconds': '1e-9', 'width|datawidth': '1', 'dynamic energy(pJ)': '0.009', 'area(um^2)': '5.98E+00', 'action': 'read', 'name': 'aladdin_register', 'n_instances': 1}
2024-10-10 20:11:44 INFO        | value=5.98, matching_attrs=3, log=['Scaling width from 1 to 16', 'Scaling global_cycle_seconds from 1e-9 to 1e-09', 'Scaled aladdin_register.width from 1.0 to 16.0: 16.0x area', 'Scaled aladdin_register.global_cycle_seconds from 1e-09 to 1e-09: 1x area', 'aladdin_register area has been scaled 16.0x']
2024-10-10 20:11:44 INFO        | Checking entry "{'technology': '45nm', 'global_cycle_seconds': '1e-9', 'width|datawidth': '1', 'dynamic energy(pJ)': '0', 'area(um^2)': '5.98E+00', 'action': 'write', 'name': 'aladdin_register', 'n_instances': 1}
2024-10-10 20:11:44 INFO        | value=5.98, matching_attrs=3, log=['Scaling width from 1 to 16', 'Scaling global_cycle_seconds from 1e-9 to 1e-09', 'Scaled aladdin_register.width from 1.0 to 16.0: 16.0x area', 'Scaled aladdin_register.global_cycle_seconds from 1e-09 to 1e-09: 1x area', 'aladdin_register area has been scaled 16.0x']
2024-10-10 20:11:44 INFO        | Checking entry "{'technology': '45nm', 'global_cycle_seconds': '1e-9', 'width|datawidth': '1', 'dynamic energy(pJ)': '0', 'area(um^2)': '5.98E+00', 'action': 'leak', 'name': 'aladdin_register', 'n_instances': 1}
2024-10-10 20:11:44 INFO        | value=5.98, matching_attrs=3, log=['Scaling width from 1 to 16', 'Scaling global_cycle_seconds from 1e-9 to 1e-09', 'Scaled aladdin_register.width from 1.0 to 16.0: 16.0x area', 'Scaled aladdin_register.global_cycle_seconds from 1e-09 to 1e-09: 1x area', 'aladdin_register area has been scaled 16.0x']
2024-10-10 20:11:44 INFO        | Checking entry "{'technology': '45nm', 'global_cycle_seconds': '1e-9', 'width|datawidth': '1', 'dynamic energy(pJ)': '0', 'area(um^2)': '5.98E+00', 'action': 'update', 'name': 'aladdin_register', 'n_instances': 1}
2024-10-10 20:11:44 INFO        | value=5.98, matching_attrs=3, log=['Scaling width from 1 to 16', 'Scaling global_cycle_seconds from 1e-9 to 1e-09', 'Scaled aladdin_register.width from 1.0 to 16.0: 16.0x area', 'Scaled aladdin_register.global_cycle_seconds from 1e-09 to 1e-09: 1x area', 'aladdin_register area has been scaled 16.0x']
2024-10-10 20:11:44 INFO        | Best-matching entry: {'technology': '45nm', 'global_cycle_seconds': '1e-9', 'width|datawidth': '1', 'dynamic energy(pJ)': '0.009', 'area(um^2)': '5.98E+00', 'action': 'read', 'name': 'aladdin_register', 'n_instances': 1}
2024-10-10 20:11:44 INFO        | Scaling width from 1 to 16
2024-10-10 20:11:44 INFO        | Scaling global_cycle_seconds from 1e-9 to 1e-09
2024-10-10 20:11:44 INFO        | Scaled aladdin_register.width from 1.0 to 16.0: 16.0x area
2024-10-10 20:11:44 INFO        | Scaled aladdin_register.global_cycle_seconds from 1e-09 to 1e-09: 1x area
2024-10-10 20:11:44 INFO        | aladdin_register area has been scaled 16.0x
2024-10-10 20:11:44 INFO        | Multiplying by n_instances 1
2024-10-10 20:11:44 INFO        
2024-10-10 20:11:44 INFO        AREA ESTIMATION for aladdin_register(depth=1, width=16, datawidth=16, has_power_gating=False, n_banks=2, cluster_size=1, reduction_supported=True, multiple_buffering=1, min_utilization=0, allow_overbooking=False, meshX=32, meshY=32, technology=45nm, global_cycle_seconds=1e-09, version=0.4, action_latency_cycles=1, cycle_seconds=1e-09, n_instances=1)
2024-10-10 20:11:44 INFO        Library estimated 95.68u^2 with accuracy 90%. Messages:
2024-10-10 20:11:44 INFO        | Found 4 entries for aladdin_register.
2024-10-10 20:11:44 INFO        | Checking entry "{'technology': '45nm', 'global_cycle_seconds': '1e-9', 'width|datawidth': '1', 'dynamic energy(pJ)': '0.009', 'area(um^2)': '5.98E+00', 'action': 'read', 'name': 'aladdin_register', 'n_instances': 1}
2024-10-10 20:11:44 INFO        | value=5.98, matching_attrs=3, log=['Scaling width from 1 to 16', 'Scaling global_cycle_seconds from 1e-9 to 1e-09', 'Scaled aladdin_register.width from 1.0 to 16.0: 16.0x area', 'Scaled aladdin_register.global_cycle_seconds from 1e-09 to 1e-09: 1x area', 'aladdin_register area has been scaled 16.0x']
2024-10-10 20:11:44 INFO        | Checking entry "{'technology': '45nm', 'global_cycle_seconds': '1e-9', 'width|datawidth': '1', 'dynamic energy(pJ)': '0', 'area(um^2)': '5.98E+00', 'action': 'write', 'name': 'aladdin_register', 'n_instances': 1}
2024-10-10 20:11:44 INFO        | value=5.98, matching_attrs=3, log=['Scaling width from 1 to 16', 'Scaling global_cycle_seconds from 1e-9 to 1e-09', 'Scaled aladdin_register.width from 1.0 to 16.0: 16.0x area', 'Scaled aladdin_register.global_cycle_seconds from 1e-09 to 1e-09: 1x area', 'aladdin_register area has been scaled 16.0x']
2024-10-10 20:11:44 INFO        | Checking entry "{'technology': '45nm', 'global_cycle_seconds': '1e-9', 'width|datawidth': '1', 'dynamic energy(pJ)': '0', 'area(um^2)': '5.98E+00', 'action': 'leak', 'name': 'aladdin_register', 'n_instances': 1}
2024-10-10 20:11:44 INFO        | value=5.98, matching_attrs=3, log=['Scaling width from 1 to 16', 'Scaling global_cycle_seconds from 1e-9 to 1e-09', 'Scaled aladdin_register.width from 1.0 to 16.0: 16.0x area', 'Scaled aladdin_register.global_cycle_seconds from 1e-09 to 1e-09: 1x area', 'aladdin_register area has been scaled 16.0x']
2024-10-10 20:11:44 INFO        | Checking entry "{'technology': '45nm', 'global_cycle_seconds': '1e-9', 'width|datawidth': '1', 'dynamic energy(pJ)': '0', 'area(um^2)': '5.98E+00', 'action': 'update', 'name': 'aladdin_register', 'n_instances': 1}
2024-10-10 20:11:44 INFO        | value=5.98, matching_attrs=3, log=['Scaling width from 1 to 16', 'Scaling global_cycle_seconds from 1e-9 to 1e-09', 'Scaled aladdin_register.width from 1.0 to 16.0: 16.0x area', 'Scaled aladdin_register.global_cycle_seconds from 1e-09 to 1e-09: 1x area', 'aladdin_register area has been scaled 16.0x']
2024-10-10 20:11:44 INFO        | Best-matching entry: {'technology': '45nm', 'global_cycle_seconds': '1e-9', 'width|datawidth': '1', 'dynamic energy(pJ)': '0.009', 'area(um^2)': '5.98E+00', 'action': 'read', 'name': 'aladdin_register', 'n_instances': 1}
2024-10-10 20:11:44 INFO        | Scaling width from 1 to 16
2024-10-10 20:11:44 INFO        | Scaling global_cycle_seconds from 1e-9 to 1e-09
2024-10-10 20:11:44 INFO        | Scaled aladdin_register.width from 1.0 to 16.0: 16.0x area
2024-10-10 20:11:44 INFO        | Scaled aladdin_register.global_cycle_seconds from 1e-09 to 1e-09: 1x area
2024-10-10 20:11:44 INFO        | aladdin_register area has been scaled 16.0x
2024-10-10 20:11:44 INFO        | Multiplying by n_instances 1
2024-10-10 20:11:44 INFO        
2024-10-10 20:11:44 INFO        AREA ESTIMATION for aladdin_register(depth=1, width=16, datawidth=16, has_power_gating=False, n_banks=2, cluster_size=1, reduction_supported=True, multiple_buffering=1, min_utilization=0, allow_overbooking=False, meshX=32, meshY=32, technology=45nm, global_cycle_seconds=1e-09, version=0.4, action_latency_cycles=1, cycle_seconds=1e-09, n_instances=1)
2024-10-10 20:11:44 INFO        Library estimated 95.68u^2 with accuracy 90%. Messages:
2024-10-10 20:11:44 INFO        | Found 4 entries for aladdin_register.
2024-10-10 20:11:44 INFO        | Checking entry "{'technology': '45nm', 'global_cycle_seconds': '1e-9', 'width|datawidth': '1', 'dynamic energy(pJ)': '0.009', 'area(um^2)': '5.98E+00', 'action': 'read', 'name': 'aladdin_register', 'n_instances': 1}
2024-10-10 20:11:44 INFO        | value=5.98, matching_attrs=3, log=['Scaling width from 1 to 16', 'Scaling global_cycle_seconds from 1e-9 to 1e-09', 'Scaled aladdin_register.width from 1.0 to 16.0: 16.0x area', 'Scaled aladdin_register.global_cycle_seconds from 1e-09 to 1e-09: 1x area', 'aladdin_register area has been scaled 16.0x']
2024-10-10 20:11:44 INFO        | Checking entry "{'technology': '45nm', 'global_cycle_seconds': '1e-9', 'width|datawidth': '1', 'dynamic energy(pJ)': '0', 'area(um^2)': '5.98E+00', 'action': 'write', 'name': 'aladdin_register', 'n_instances': 1}
2024-10-10 20:11:44 INFO        | value=5.98, matching_attrs=3, log=['Scaling width from 1 to 16', 'Scaling global_cycle_seconds from 1e-9 to 1e-09', 'Scaled aladdin_register.width from 1.0 to 16.0: 16.0x area', 'Scaled aladdin_register.global_cycle_seconds from 1e-09 to 1e-09: 1x area', 'aladdin_register area has been scaled 16.0x']
2024-10-10 20:11:44 INFO        | Checking entry "{'technology': '45nm', 'global_cycle_seconds': '1e-9', 'width|datawidth': '1', 'dynamic energy(pJ)': '0', 'area(um^2)': '5.98E+00', 'action': 'leak', 'name': 'aladdin_register', 'n_instances': 1}
2024-10-10 20:11:44 INFO        | value=5.98, matching_attrs=3, log=['Scaling width from 1 to 16', 'Scaling global_cycle_seconds from 1e-9 to 1e-09', 'Scaled aladdin_register.width from 1.0 to 16.0: 16.0x area', 'Scaled aladdin_register.global_cycle_seconds from 1e-09 to 1e-09: 1x area', 'aladdin_register area has been scaled 16.0x']
2024-10-10 20:11:44 INFO        | Checking entry "{'technology': '45nm', 'global_cycle_seconds': '1e-9', 'width|datawidth': '1', 'dynamic energy(pJ)': '0', 'area(um^2)': '5.98E+00', 'action': 'update', 'name': 'aladdin_register', 'n_instances': 1}
2024-10-10 20:11:44 INFO        | value=5.98, matching_attrs=3, log=['Scaling width from 1 to 16', 'Scaling global_cycle_seconds from 1e-9 to 1e-09', 'Scaled aladdin_register.width from 1.0 to 16.0: 16.0x area', 'Scaled aladdin_register.global_cycle_seconds from 1e-09 to 1e-09: 1x area', 'aladdin_register area has been scaled 16.0x']
2024-10-10 20:11:44 INFO        | Best-matching entry: {'technology': '45nm', 'global_cycle_seconds': '1e-9', 'width|datawidth': '1', 'dynamic energy(pJ)': '0.009', 'area(um^2)': '5.98E+00', 'action': 'read', 'name': 'aladdin_register', 'n_instances': 1}
2024-10-10 20:11:44 INFO        | Scaling width from 1 to 16
2024-10-10 20:11:44 INFO        | Scaling global_cycle_seconds from 1e-9 to 1e-09
2024-10-10 20:11:44 INFO        | Scaled aladdin_register.width from 1.0 to 16.0: 16.0x area
2024-10-10 20:11:44 INFO        | Scaled aladdin_register.global_cycle_seconds from 1e-09 to 1e-09: 1x area
2024-10-10 20:11:44 INFO        | aladdin_register area has been scaled 16.0x
2024-10-10 20:11:44 INFO        | Multiplying by n_instances 1
2024-10-10 20:11:44 INFO        
2024-10-10 20:11:44 INFO        AREA ESTIMATION for SRAM(width=64, depth=16384, n_rdwr_ports=1, global_cycle_seconds=1e-09, action_latency_cycles=1, cycle_seconds=1e-09, technology=45nm, n_instances=1)
2024-10-10 20:11:47 INFO        CactiSRAM estimated 4.29589e-07 with accuracy 80%. Messages:
2024-10-10 20:11:47 INFO        | Unused arguments (n_rdwr_ports, global_cycle_seconds, action_latency_cycles, cycle_seconds, n_instances) provided for ['SRAM', 'sram'].__init__. Arguments used: (width, depth, technology)
2024-10-10 20:11:47 INFO        | Calling CACTI with cache_size=131072 n_rw_ports=1 block_size=8 tech_node_um=0.045 n_banks=1 tag_size=0 associativity=1
2024-10-10 20:11:47 INFO        | Calling CACTI with input path /usr/local/share/accelergy/estimation_plug_ins/accelergy-cacti-plug-in/cacti_inputs_outputs/tmpuhez2b43
2024-10-10 20:11:47 INFO        | CACTI output will be written to /usr/local/share/accelergy/estimation_plug_ins/accelergy-cacti-plug-in/cacti_inputs_outputs/tmpyp8z56w0
2024-10-10 20:11:47 INFO        | CACTI executable not found at /usr/local/share/accelergy/estimation_plug_ins/accelergy-cacti-plug-in/cacti/cacti
2024-10-10 20:11:47 INFO        | Calling: cd /usr/local/share/accelergy/estimation_plug_ins/accelergy-cacti-plug-in ; ./cacti -infile /usr/local/share/accelergy/estimation_plug_ins/accelergy-cacti-plug-in/cacti_inputs_outputs/tmpuhez2b43 >> /usr/local/share/accelergy/estimation_plug_ins/accelergy-cacti-plug-in/cacti_inputs_outputs/tmpyp8z56w0 2>&1
2024-10-10 20:11:47 INFO        | Cache bandwidth: 8.0 bytes/cycle
2024-10-10 20:11:47 INFO        | Cache bandwidth: 38765559223.477394 bits/second
2024-10-10 20:11:47 INFO        | Multiplying by n_instances 1
2024-10-10 20:11:47 INFO        
2024-10-10 20:11:47 INFO        AREA ESTIMATION for intadder(n_bits=14, precision=14, global_cycle_seconds=1e-09, action_latency_cycles=1, cycle_seconds=1e-09, technology=45nm, n_instances=1)
2024-10-10 20:11:47 INFO        Neurosim Plug-In estimated 81.44387999999998u^2 with accuracy 70%. Messages:
2024-10-10 20:11:47 INFO        | WARN: Non-numeric 45nm for parameter technology. Using 45 instead.
2024-10-10 20:11:47 INFO        | Multiplying by n_instances 1
2024-10-10 20:11:47 INFO        
2024-10-10 20:11:47 INFO        AREA ESTIMATION for SRAM(width=32, depth=192, n_rdwr_ports=1, global_cycle_seconds=1e-09, action_latency_cycles=1, cycle_seconds=1e-09, technology=45nm, n_instances=1)
2024-10-10 20:11:47 INFO        CactiSRAM estimated 2.66063e-09 with accuracy 80%. Messages:
2024-10-10 20:11:47 INFO        | Unused arguments (n_rdwr_ports, global_cycle_seconds, action_latency_cycles, cycle_seconds, n_instances) provided for ['SRAM', 'sram'].__init__. Arguments used: (width, depth, technology)
2024-10-10 20:11:47 INFO        | Calling CACTI with cache_size=768 n_rw_ports=1 block_size=4 tech_node_um=0.045 n_banks=1 tag_size=0 associativity=1
2024-10-10 20:11:47 INFO        | Calling CACTI with input path /usr/local/share/accelergy/estimation_plug_ins/accelergy-cacti-plug-in/cacti_inputs_outputs/tmp6vzg2uff
2024-10-10 20:11:47 INFO        | CACTI output will be written to /usr/local/share/accelergy/estimation_plug_ins/accelergy-cacti-plug-in/cacti_inputs_outputs/tmp8w_ofa6h
2024-10-10 20:11:47 INFO        | CACTI executable not found at /usr/local/share/accelergy/estimation_plug_ins/accelergy-cacti-plug-in/cacti/cacti
2024-10-10 20:11:47 INFO        | Calling: cd /usr/local/share/accelergy/estimation_plug_ins/accelergy-cacti-plug-in ; ./cacti -infile /usr/local/share/accelergy/estimation_plug_ins/accelergy-cacti-plug-in/cacti_inputs_outputs/tmp6vzg2uff >> /usr/local/share/accelergy/estimation_plug_ins/accelergy-cacti-plug-in/cacti_inputs_outputs/tmp8w_ofa6h 2>&1
2024-10-10 20:11:47 INFO        | Cache bandwidth: 4.0 bytes/cycle
2024-10-10 20:11:47 INFO        | Cache bandwidth: 52904979350.525246 bits/second
2024-10-10 20:11:47 INFO        | Multiplying by n_instances 1
2024-10-10 20:11:47 INFO        
2024-10-10 20:11:47 INFO        AREA ESTIMATION for intadder(n_bits=8, precision=8, global_cycle_seconds=1e-09, action_latency_cycles=1, cycle_seconds=1e-09, technology=45nm, n_instances=1)
2024-10-10 20:11:47 INFO        Neurosim Plug-In estimated 46.53936u^2 with accuracy 70%. Messages:
2024-10-10 20:11:47 INFO        | WARN: Non-numeric 45nm for parameter technology. Using 45 instead.
2024-10-10 20:11:47 INFO        | Multiplying by n_instances 1
2024-10-10 20:11:47 INFO        
2024-10-10 20:11:47 INFO        AREA ESTIMATION for aladdin_adder(width=16, global_cycle_seconds=1e-09, action_latency_cycles=1, cycle_seconds=1e-09, technology=45nm, n_instances=1)
2024-10-10 20:11:48 INFO        Library estimated 139.0u^2 with accuracy 90%. Messages:
2024-10-10 20:11:48 INFO        | Found 5 entries for aladdin_adder.
2024-10-10 20:11:48 INFO        | Checking entry "{'technology': '45nm', 'global_cycle_seconds': '1e-9', 'width|datawidth': '32', 'energy': '0.21', 'area': '2.78E+02', 'action': 'add', 'name': 'aladdin_adder', 'n_instances': 1}
2024-10-10 20:11:48 INFO        | value=278.0, matching_attrs=3, log=['Scaling width from 32 to 16', 'Scaling global_cycle_seconds from 1e-9 to 1e-09', 'Scaled aladdin_adder.width from 32.0 to 16.0: 0.5x area', 'Scaled aladdin_adder.global_cycle_seconds from 1e-09 to 1e-09: 1x area', 'aladdin_adder area has been scaled 0.5x']
2024-10-10 20:11:48 INFO        | Checking entry "{'technology': '45nm', 'global_cycle_seconds': '1e-9', 'width|datawidth': '32', 'energy': '0.21', 'area': '2.78E+02', 'action': 'read', 'name': 'aladdin_adder', 'n_instances': 1}
2024-10-10 20:11:48 INFO        | value=278.0, matching_attrs=3, log=['Scaling width from 32 to 16', 'Scaling global_cycle_seconds from 1e-9 to 1e-09', 'Scaled aladdin_adder.width from 32.0 to 16.0: 0.5x area', 'Scaled aladdin_adder.global_cycle_seconds from 1e-09 to 1e-09: 1x area', 'aladdin_adder area has been scaled 0.5x']
2024-10-10 20:11:48 INFO        | Checking entry "{'technology': '45nm', 'global_cycle_seconds': '1e-9', 'width|datawidth': '32', 'energy': '0.0024', 'area': '2.78E+02', 'action': 'leak', 'name': 'aladdin_adder', 'n_instances': 1}
2024-10-10 20:11:48 INFO        | value=278.0, matching_attrs=3, log=['Scaling width from 32 to 16', 'Scaling global_cycle_seconds from 1e-9 to 1e-09', 'Scaled aladdin_adder.width from 32.0 to 16.0: 0.5x area', 'Scaled aladdin_adder.global_cycle_seconds from 1e-09 to 1e-09: 1x area', 'aladdin_adder area has been scaled 0.5x']
2024-10-10 20:11:48 INFO        | Checking entry "{'technology': '45nm', 'global_cycle_seconds': '1e-9', 'width|datawidth': '32', 'energy': '0', 'area': '2.78E+02', 'action': 'update', 'name': 'aladdin_adder', 'n_instances': 1}
2024-10-10 20:11:48 INFO        | value=278.0, matching_attrs=3, log=['Scaling width from 32 to 16', 'Scaling global_cycle_seconds from 1e-9 to 1e-09', 'Scaled aladdin_adder.width from 32.0 to 16.0: 0.5x area', 'Scaled aladdin_adder.global_cycle_seconds from 1e-09 to 1e-09: 1x area', 'aladdin_adder area has been scaled 0.5x']
2024-10-10 20:11:48 INFO        | Checking entry "{'technology': '45nm', 'global_cycle_seconds': '1e-9', 'width|datawidth': '32', 'energy': '0', 'area': '2.78E+02', 'action': 'write', 'name': 'aladdin_adder', 'n_instances': 1}
2024-10-10 20:11:48 INFO        | value=278.0, matching_attrs=3, log=['Scaling width from 32 to 16', 'Scaling global_cycle_seconds from 1e-9 to 1e-09', 'Scaled aladdin_adder.width from 32.0 to 16.0: 0.5x area', 'Scaled aladdin_adder.global_cycle_seconds from 1e-09 to 1e-09: 1x area', 'aladdin_adder area has been scaled 0.5x']
2024-10-10 20:11:48 INFO        | Best-matching entry: {'technology': '45nm', 'global_cycle_seconds': '1e-9', 'width|datawidth': '32', 'energy': '0.21', 'area': '2.78E+02', 'action': 'add', 'name': 'aladdin_adder', 'n_instances': 1}
2024-10-10 20:11:48 INFO        | Scaling width from 32 to 16
2024-10-10 20:11:48 INFO        | Scaling global_cycle_seconds from 1e-9 to 1e-09
2024-10-10 20:11:48 INFO        | Scaled aladdin_adder.width from 32.0 to 16.0: 0.5x area
2024-10-10 20:11:48 INFO        | Scaled aladdin_adder.global_cycle_seconds from 1e-09 to 1e-09: 1x area
2024-10-10 20:11:48 INFO        | aladdin_adder area has been scaled 0.5x
2024-10-10 20:11:48 INFO        | Multiplying by n_instances 1
2024-10-10 20:11:48 INFO        
2024-10-10 20:11:48 INFO        AREA ESTIMATION for aladdin_adder(width_a=8, width_b=8, global_cycle_seconds=1e-09, action_latency_cycles=1, cycle_seconds=1e-09, technology=45nm, n_instances=1)
2024-10-10 20:11:48 INFO        Library estimated 278.0u^2 with accuracy 90%. Messages:
2024-10-10 20:11:48 INFO        | Found 5 entries for aladdin_adder.
2024-10-10 20:11:48 INFO        | Checking entry "{'technology': '45nm', 'global_cycle_seconds': '1e-9', 'width|datawidth': '32', 'energy': '0.21', 'area': '2.78E+02', 'action': 'add', 'name': 'aladdin_adder', 'n_instances': 1}
2024-10-10 20:11:48 INFO        | value=278.0, matching_attrs=3, log=['Scaling global_cycle_seconds from 1e-9 to 1e-09', 'Scaled aladdin_adder.global_cycle_seconds from 1e-09 to 1e-09: 1x area', 'aladdin_adder area has been scaled 1x']
2024-10-10 20:11:48 INFO        | Checking entry "{'technology': '45nm', 'global_cycle_seconds': '1e-9', 'width|datawidth': '32', 'energy': '0.21', 'area': '2.78E+02', 'action': 'read', 'name': 'aladdin_adder', 'n_instances': 1}
2024-10-10 20:11:48 INFO        | value=278.0, matching_attrs=3, log=['Scaling global_cycle_seconds from 1e-9 to 1e-09', 'Scaled aladdin_adder.global_cycle_seconds from 1e-09 to 1e-09: 1x area', 'aladdin_adder area has been scaled 1x']
2024-10-10 20:11:48 INFO        | Checking entry "{'technology': '45nm', 'global_cycle_seconds': '1e-9', 'width|datawidth': '32', 'energy': '0.0024', 'area': '2.78E+02', 'action': 'leak', 'name': 'aladdin_adder', 'n_instances': 1}
2024-10-10 20:11:48 INFO        | value=278.0, matching_attrs=3, log=['Scaling global_cycle_seconds from 1e-9 to 1e-09', 'Scaled aladdin_adder.global_cycle_seconds from 1e-09 to 1e-09: 1x area', 'aladdin_adder area has been scaled 1x']
2024-10-10 20:11:48 INFO        | Checking entry "{'technology': '45nm', 'global_cycle_seconds': '1e-9', 'width|datawidth': '32', 'energy': '0', 'area': '2.78E+02', 'action': 'update', 'name': 'aladdin_adder', 'n_instances': 1}
2024-10-10 20:11:48 INFO        | value=278.0, matching_attrs=3, log=['Scaling global_cycle_seconds from 1e-9 to 1e-09', 'Scaled aladdin_adder.global_cycle_seconds from 1e-09 to 1e-09: 1x area', 'aladdin_adder area has been scaled 1x']
2024-10-10 20:11:48 INFO        | Checking entry "{'technology': '45nm', 'global_cycle_seconds': '1e-9', 'width|datawidth': '32', 'energy': '0', 'area': '2.78E+02', 'action': 'write', 'name': 'aladdin_adder', 'n_instances': 1}
2024-10-10 20:11:48 INFO        | value=278.0, matching_attrs=3, log=['Scaling global_cycle_seconds from 1e-9 to 1e-09', 'Scaled aladdin_adder.global_cycle_seconds from 1e-09 to 1e-09: 1x area', 'aladdin_adder area has been scaled 1x']
2024-10-10 20:11:48 INFO        | Best-matching entry: {'technology': '45nm', 'global_cycle_seconds': '1e-9', 'width|datawidth': '32', 'energy': '0.21', 'area': '2.78E+02', 'action': 'add', 'name': 'aladdin_adder', 'n_instances': 1}
2024-10-10 20:11:48 INFO        | Scaling global_cycle_seconds from 1e-9 to 1e-09
2024-10-10 20:11:48 INFO        | Scaled aladdin_adder.global_cycle_seconds from 1e-09 to 1e-09: 1x area
2024-10-10 20:11:48 INFO        | aladdin_adder area has been scaled 1x
2024-10-10 20:11:48 INFO        | Multiplying by n_instances 1
2024-10-10 20:11:48 INFO        flattened architecture is saved to:
2024-10-10 20:11:48 INFO        ./timeloop-mapper.flattened_architecture.yaml
2024-10-10 20:11:48 INFO        energy reference table is saved to:
2024-10-10 20:11:48 INFO        ./timeloop-mapper.ERT.yaml
2024-10-10 20:11:48 INFO        energy reference table summary is saved to:
2024-10-10 20:11:48 INFO        ./timeloop-mapper.ERT_summary.yaml
2024-10-10 20:11:48 WARNING     no runtime energy estimations are generated... not generating energy_estimation.yaml
2024-10-10 20:11:48 INFO        area reference table is saved to:
2024-10-10 20:11:48 INFO        ./timeloop-mapper.ART.yaml
2024-10-10 20:11:48 INFO        area reference table summary is saved to:
2024-10-10 20:11:48 INFO        ./timeloop-mapper.ART_summary.yaml
