2024-10-12 20:45:26 INFO            _                _                      
2024-10-12 20:45:26 INFO           / \   ___ ___ ___| | ___ _ __ __ _ _   _ 
2024-10-12 20:45:26 INFO          / _ \ / __/ __/ _ \ |/ _ \ '__/ _` | | | |
2024-10-12 20:45:26 INFO         / ___ \ (_| (_|  __/ |  __/ | | (_| | |_| |
2024-10-12 20:45:26 INFO        /_/   \_\___\___\___|_|\___|_|  \__, |\__, |
2024-10-12 20:45:26 INFO                                        |___/ |___/ 
2024-10-12 20:45:26 INFO        generating outputs according to the following specified output flags... 
2024-10-12 20:45:26 INFO         Please use the -f flag to update the preference (default to all output files)
2024-10-12 20:45:26 INFO        {'ERT': 1, 'ERT_summary': 1, 'ART': 1, 'ART_summary': 1, 'energy_estimation': 1, 'flattened_arch': 1}
2024-10-12 20:45:26 INFO        Located config file at /home/workspace/.config/accelergy/accelergy_config.yaml.
2024-10-12 20:45:26 INFO        config file located:
2024-10-12 20:45:26 INFO        /home/workspace/.config/accelergy/accelergy_config.yaml
2024-10-12 20:45:27 INFO        Parsing file /home/workspace/outputsFinal.UNet/eyeriss_like/14/parsed-processed-input.yaml for architecture info
2024-10-12 20:45:27 INFO        Parsing file /home/workspace/outputsFinal.UNet/eyeriss_like/14/parsed-processed-input.yaml for compound_components info
2024-10-12 20:45:28 INFO        Adding required action "read" to class DRAM
2024-10-12 20:45:28 INFO        Adding required action "leak" to class DRAM
2024-10-12 20:45:28 INFO        Adding required action "write" to class DRAM
2024-10-12 20:45:28 INFO        Adding required action "update" to class DRAM
2024-10-12 20:45:28 INFO        Calculated Architecture class smartbuffer_SRAM attributes"memory_width" as "max(32, width)" = 64.
2024-10-12 20:45:28 INFO        Calculated Architecture class smartbuffer_SRAM attributes"memory_depth" as "max(64, depth)" = 16384.
2024-10-12 20:45:28 INFO        Calculated Architecture class smartbuffer_SRAM attributes"widthscale" as "width / memory_width" = 1.0.
2024-10-12 20:45:28 INFO        Calculated Architecture class smartbuffer_SRAM attributes"depthscale" as "depth / memory_depth" = 1.0.
2024-10-12 20:45:28 INFO        Calculated Architecture class smartbuffer_SRAM attributes"real_depth" as "depth" = 16384.
2024-10-12 20:45:28 INFO        Calculated Architecture class smartbuffer_SRAM attributes"area_scale" as "widthscale * depthscale" = 1.0.
2024-10-12 20:45:28 INFO        Calculated Architecture class smartbuffer_SRAM attributes"dynamic_energy_scale" as "widthscale * (depthscale ** (1.56 / 2))" = 1.0.
2024-10-12 20:45:28 INFO        Calculated Architecture class smartbuffer_SRAM attributes"static_energy_scale" as "area_scale" = 1.0.
2024-10-12 20:45:28 INFO        Calculated Architecture class smartbuffer_SRAM attributes"memory_width" as "max(32, width)" = 32.
2024-10-12 20:45:28 INFO        Calculated Architecture class smartbuffer_SRAM attributes"memory_depth" as "max(64, depth)" = 64.
2024-10-12 20:45:28 INFO        Calculated Architecture class smartbuffer_SRAM attributes"widthscale" as "width / memory_width" = 0.5.
2024-10-12 20:45:28 INFO        Calculated Architecture class smartbuffer_SRAM attributes"depthscale" as "depth / memory_depth" = 0.1875.
2024-10-12 20:45:28 INFO        Calculated Architecture class smartbuffer_SRAM attributes"real_depth" as "depth" = 12.
2024-10-12 20:45:28 INFO        Calculated Architecture class smartbuffer_SRAM attributes"area_scale" as "widthscale * depthscale" = 0.09375.
2024-10-12 20:45:28 INFO        Calculated Architecture class smartbuffer_SRAM attributes"dynamic_energy_scale" as "widthscale * (depthscale ** (1.56 / 2))" = 0.1354911710963393.
2024-10-12 20:45:28 INFO        Calculated Architecture class smartbuffer_SRAM attributes"static_energy_scale" as "area_scale" = 0.09375.
2024-10-12 20:45:28 INFO        Calculated Architecture class smartbuffer_SRAM attributes"memory_width" as "max(32, width)" = 32.
2024-10-12 20:45:28 INFO        Calculated Architecture class smartbuffer_SRAM attributes"memory_depth" as "max(64, depth)" = 192.
2024-10-12 20:45:28 INFO        Calculated Architecture class smartbuffer_SRAM attributes"widthscale" as "width / memory_width" = 0.5.
2024-10-12 20:45:28 INFO        Calculated Architecture class smartbuffer_SRAM attributes"depthscale" as "depth / memory_depth" = 1.0.
2024-10-12 20:45:28 INFO        Calculated Architecture class smartbuffer_SRAM attributes"real_depth" as "depth" = 192.
2024-10-12 20:45:28 INFO        Calculated Architecture class smartbuffer_SRAM attributes"area_scale" as "widthscale * depthscale" = 0.5.
2024-10-12 20:45:28 INFO        Calculated Architecture class smartbuffer_SRAM attributes"dynamic_energy_scale" as "widthscale * (depthscale ** (1.56 / 2))" = 0.5.
2024-10-12 20:45:28 INFO        Calculated Architecture class smartbuffer_SRAM attributes"static_energy_scale" as "area_scale" = 0.5.
2024-10-12 20:45:28 INFO        Calculated Architecture class smartbuffer_SRAM attributes"memory_width" as "max(32, width)" = 32.
2024-10-12 20:45:28 INFO        Calculated Architecture class smartbuffer_SRAM attributes"memory_depth" as "max(64, depth)" = 64.
2024-10-12 20:45:28 INFO        Calculated Architecture class smartbuffer_SRAM attributes"widthscale" as "width / memory_width" = 0.5.
2024-10-12 20:45:28 INFO        Calculated Architecture class smartbuffer_SRAM attributes"depthscale" as "depth / memory_depth" = 0.25.
2024-10-12 20:45:28 INFO        Calculated Architecture class smartbuffer_SRAM attributes"real_depth" as "depth" = 16.
2024-10-12 20:45:28 INFO        Calculated Architecture class smartbuffer_SRAM attributes"area_scale" as "widthscale * depthscale" = 0.125.
2024-10-12 20:45:28 INFO        Calculated Architecture class smartbuffer_SRAM attributes"dynamic_energy_scale" as "widthscale * (depthscale ** (1.56 / 2))" = 0.16957554093095897.
2024-10-12 20:45:28 INFO        Calculated Architecture class smartbuffer_SRAM attributes"static_energy_scale" as "area_scale" = 0.125.
2024-10-12 20:45:28 WARNING     Area scale in attributes is deprecated. Use it on the same level as the attributes, not a subkey.
2024-10-12 20:45:28 WARNING     Area scale in attributes is deprecated. Use it on the same level as the attributes, not a subkey.
2024-10-12 20:45:28 WARNING     Area scale in attributes is deprecated. Use it on the same level as the attributes, not a subkey.
2024-10-12 20:45:28 WARNING     Area scale in attributes is deprecated. Use it on the same level as the attributes, not a subkey.
2024-10-12 20:45:28 INFO        Estimator plug-in identified by: /usr/local/share/accelergy/estimation_plug_ins/accelergy-neurosim-plugin/neurosim.estimator.yaml
2024-10-12 20:45:28 INFO        Estimator plug-in identified by: /usr/local/share/accelergy/estimation_plug_ins/dummy_tables/dummy.estimator.yaml
2024-10-12 20:45:28 INFO        Estimator plug-in identified by: /usr/local/share/accelergy/estimation_plug_ins/accelergy-cacti-plug-in/cacti.estimator.yaml
2024-10-12 20:45:28 INFO        Estimator plug-in identified by: /usr/local/share/accelergy/estimation_plug_ins/accelergy-table-based-plug-ins/table.estimator.yaml
2024-10-12 20:45:28 INFO        Estimator plug-in identified by: /usr/local/share/accelergy/estimation_plug_ins/accelergy-library-plugin/library.estimator.yaml
2024-10-12 20:45:28 INFO        Estimator plug-in identified by: /usr/local/share/accelergy/estimation_plug_ins/accelergy-adc-plug-in/adc.estimator.yaml
2024-10-12 20:45:28 INFO        Estimator plug-in identified by: /usr/local/share/accelergy/estimation_plug_ins/accelergy-aladdin-plug-in/aladdin.estimator.yaml
2024-10-12 20:45:28 INFO        Getting all estimators in module <module 'python_plug_in' from '/usr/local/share/accelergy/estimation_plug_ins/accelergy-cacti-plug-in/cacti_wrapper.py'>
2024-10-12 20:45:28 INFO        Added estimator CactiCache that estimates cache with actions idle, read, read_access, update, update_access, write, write_access, leak
2024-10-12 20:45:28 INFO        Added estimator CactiDRAM that estimates ['DRAM', 'dram'] with actions idle, read, update, write, leak
2024-10-12 20:45:28 INFO        Added estimator CactiSRAM that estimates ['SRAM', 'sram'] with actions idle, read, update, write, leak
2024-10-12 20:45:28 INFO        Found estimator plug-in: Neurosim Plug-In (<NeuroWrapper.NeuroWrapper object at 0x7792af45ae20>)
2024-10-12 20:45:28 INFO        Found estimator plug-in: dummy (<DummyTable.DummyTable object at 0x7792af45ad60>)
2024-10-12 20:45:28 INFO        Found estimator plug-in: DEPRECATED table-based-plug-ins. Use the Library plug-in instead. (<SetsOfTables.SetsOfTables object at 0x7792b04e8fa0>)
2024-10-12 20:45:28 INFO        Found estimator plug-in: Library (<LibraryEstimator.LibraryEstimator object at 0x7792af43df10>)
2024-10-12 20:45:28 INFO        Found estimator plug-in: ADC Plug-In (<ADCEstimator.ADCEstimator object at 0x7792af3bf2e0>)
2024-10-12 20:45:28 INFO        Found estimator plug-in: Aladdin_table (<AladdinTable.AladdinTable object at 0x7792af3bffa0>)
2024-10-12 20:45:28 INFO        Found estimator plug-in: CactiCache (<accelergy.plug_in_interface.estimator_wrapper.EstimatorWrapper object at 0x7792af48a850>)
2024-10-12 20:45:28 INFO        Found estimator plug-in: CactiDRAM (<accelergy.plug_in_interface.estimator_wrapper.EstimatorWrapper object at 0x7792af48a7f0>)
2024-10-12 20:45:28 INFO        Found estimator plug-in: CactiSRAM (<accelergy.plug_in_interface.estimator_wrapper.EstimatorWrapper object at 0x7792af47bc40>)
2024-10-12 20:45:28 INFO        Calculated storage."width" as "memory_width" = 64.
2024-10-12 20:45:28 INFO        Calculated storage."depth" as "memory_depth" = 16384.
2024-10-12 20:45:28 INFO        Calculated storage."n_rdwr_ports" as "n_rdwr_ports" = 1.
2024-10-12 20:45:28 INFO        Calculated storage."global_cycle_seconds" as "global_cycle_seconds" = 1e-09.
2024-10-12 20:45:28 INFO        Calculated storage.area_scale as "area_scale" = 1.0.
2024-10-12 20:45:28 INFO        Calculated address_generators[0..1]."n_bits" as "max(1, ceil(log2(real_depth))) if real_depth >= 1 else 1" = 14.
2024-10-12 20:45:28 INFO        Calculated address_generators[0..1]."precision" as "max(1, ceil(log2(real_depth))) if real_depth >= 1 else 1" = 14.
2024-10-12 20:45:28 INFO        Calculated address_generators[0..1]."global_cycle_seconds" as "global_cycle_seconds" = 1e-09.
2024-10-12 20:45:28 INFO        Calculated action write energy_scale as "dynamic_energy_scale" = 1.0.
2024-10-12 20:45:28 INFO        Calculated action read energy_scale as "dynamic_energy_scale" = 1.0.
2024-10-12 20:45:28 INFO        Calculated action leak energy_scale as "static_energy_scale" = 1.0.
2024-10-12 20:45:28 INFO        Calculated action write energy_scale as "dynamic_energy_scale" = 1.0.
2024-10-12 20:45:28 INFO        Calculated storage."width" as "memory_width" = 32.
2024-10-12 20:45:28 INFO        Calculated storage."depth" as "memory_depth" = 64.
2024-10-12 20:45:28 INFO        Calculated storage."n_rdwr_ports" as "n_rdwr_ports" = 1.
2024-10-12 20:45:28 INFO        Calculated storage."global_cycle_seconds" as "global_cycle_seconds" = 1e-09.
2024-10-12 20:45:28 INFO        Calculated storage.area_scale as "area_scale" = 0.09375.
2024-10-12 20:45:28 INFO        Calculated address_generators[0..1]."n_bits" as "max(1, ceil(log2(real_depth))) if real_depth >= 1 else 1" = 4.
2024-10-12 20:45:28 INFO        Calculated address_generators[0..1]."precision" as "max(1, ceil(log2(real_depth))) if real_depth >= 1 else 1" = 4.
2024-10-12 20:45:28 INFO        Calculated address_generators[0..1]."global_cycle_seconds" as "global_cycle_seconds" = 1e-09.
2024-10-12 20:45:28 INFO        Calculated action write energy_scale as "dynamic_energy_scale" = 0.1354911710963393.
2024-10-12 20:45:28 INFO        Calculated action read energy_scale as "dynamic_energy_scale" = 0.1354911710963393.
2024-10-12 20:45:28 INFO        Calculated action leak energy_scale as "static_energy_scale" = 0.09375.
2024-10-12 20:45:28 INFO        Calculated action write energy_scale as "dynamic_energy_scale" = 0.1354911710963393.
2024-10-12 20:45:28 INFO        Calculated storage."width" as "memory_width" = 32.
2024-10-12 20:45:28 INFO        Calculated storage."depth" as "memory_depth" = 192.
2024-10-12 20:45:28 INFO        Calculated storage."n_rdwr_ports" as "n_rdwr_ports" = 1.
2024-10-12 20:45:28 INFO        Calculated storage."global_cycle_seconds" as "global_cycle_seconds" = 1e-09.
2024-10-12 20:45:28 INFO        Calculated storage.area_scale as "area_scale" = 0.5.
2024-10-12 20:45:28 INFO        Calculated address_generators[0..1]."n_bits" as "max(1, ceil(log2(real_depth))) if real_depth >= 1 else 1" = 8.
2024-10-12 20:45:28 INFO        Calculated address_generators[0..1]."precision" as "max(1, ceil(log2(real_depth))) if real_depth >= 1 else 1" = 8.
2024-10-12 20:45:28 INFO        Calculated address_generators[0..1]."global_cycle_seconds" as "global_cycle_seconds" = 1e-09.
2024-10-12 20:45:28 INFO        Calculated action write energy_scale as "dynamic_energy_scale" = 0.5.
2024-10-12 20:45:28 INFO        Calculated action read energy_scale as "dynamic_energy_scale" = 0.5.
2024-10-12 20:45:28 INFO        Calculated action leak energy_scale as "static_energy_scale" = 0.5.
2024-10-12 20:45:28 INFO        Calculated action write energy_scale as "dynamic_energy_scale" = 0.5.
2024-10-12 20:45:28 INFO        Calculated storage."width" as "memory_width" = 32.
2024-10-12 20:45:28 INFO        Calculated storage."depth" as "memory_depth" = 64.
2024-10-12 20:45:28 INFO        Calculated storage."n_rdwr_ports" as "n_rdwr_ports" = 1.
2024-10-12 20:45:28 INFO        Calculated storage."global_cycle_seconds" as "global_cycle_seconds" = 1e-09.
2024-10-12 20:45:28 INFO        Calculated storage.area_scale as "area_scale" = 0.125.
2024-10-12 20:45:28 INFO        Calculated address_generators[0..1]."n_bits" as "max(1, ceil(log2(real_depth))) if real_depth >= 1 else 1" = 4.
2024-10-12 20:45:28 INFO        Calculated address_generators[0..1]."precision" as "max(1, ceil(log2(real_depth))) if real_depth >= 1 else 1" = 4.
2024-10-12 20:45:28 INFO        Calculated address_generators[0..1]."global_cycle_seconds" as "global_cycle_seconds" = 1e-09.
2024-10-12 20:45:28 INFO        Calculated action write energy_scale as "dynamic_energy_scale" = 0.16957554093095897.
2024-10-12 20:45:28 INFO        Calculated action read energy_scale as "dynamic_energy_scale" = 0.16957554093095897.
2024-10-12 20:45:28 INFO        Calculated action leak energy_scale as "static_energy_scale" = 0.125.
2024-10-12 20:45:28 INFO        Calculated action write energy_scale as "dynamic_energy_scale" = 0.16957554093095897.
2024-10-12 20:45:28 INFO        Calculated intadder."width" as "adder_width" = 16.
2024-10-12 20:45:28 INFO        Calculated intmultiplier."width_a" as "multiplier_width" = 8.
2024-10-12 20:45:28 INFO        Calculated intmultiplier."width_b" as "multiplier_width" = 8.
2024-10-12 20:45:28 INFO        
2024-10-12 20:45:28 INFO        ENERGY ESTIMATION for DRAM(type=LPDDR4, width=64, datawidth=8, has_power_gating=False, n_banks=2, cluster_size=1, reduction_supported=True, multiple_buffering=1, min_utilization=0, allow_overbooking=False, meshX=1, meshY=1, technology=32nm, global_cycle_seconds=1e-09, version=0.4, action_latency_cycles=1, cycle_seconds=1e-09, n_instances=1).read(global_cycle_seconds=1e-09, action_latency_cycles=1)
2024-10-12 20:45:28 INFO        CactiDRAM estimated 5.12e-10 with accuracy 80%. Messages:
2024-10-12 20:45:28 INFO        | Unused arguments (datawidth, has_power_gating, n_banks, cluster_size, reduction_supported, multiple_buffering, min_utilization, allow_overbooking, meshX, meshY, technology, global_cycle_seconds, version, action_latency_cycles, cycle_seconds, n_instances) provided for ['DRAM', 'dram'].__init__. Arguments used: (type, width)
2024-10-12 20:45:28 INFO        | Unused arguments (global_cycle_seconds, action_latency_cycles) provided for ['DRAM', 'dram'].read. Arguments used: ()
2024-10-12 20:45:28 INFO        
2024-10-12 20:45:28 INFO        ENERGY ESTIMATION for DRAM(type=LPDDR4, width=64, datawidth=8, has_power_gating=False, n_banks=2, cluster_size=1, reduction_supported=True, multiple_buffering=1, min_utilization=0, allow_overbooking=False, meshX=1, meshY=1, technology=32nm, global_cycle_seconds=1e-09, version=0.4, action_latency_cycles=1, cycle_seconds=1e-09, n_instances=1).leak(global_cycle_seconds=1e-09, action_latency_cycles=1)
2024-10-12 20:45:28 INFO        CactiDRAM estimated 0 with accuracy 80%. Messages:
2024-10-12 20:45:28 INFO        | Unused arguments (datawidth, has_power_gating, n_banks, cluster_size, reduction_supported, multiple_buffering, min_utilization, allow_overbooking, meshX, meshY, technology, global_cycle_seconds, version, action_latency_cycles, cycle_seconds, n_instances) provided for ['DRAM', 'dram'].__init__. Arguments used: (type, width)
2024-10-12 20:45:28 INFO        | Unused arguments (action_latency_cycles) provided for ['DRAM', 'dram'].leak. Arguments used: (global_cycle_seconds)
2024-10-12 20:45:28 INFO        | Multiplying by n_instances 1
2024-10-12 20:45:28 INFO        
2024-10-12 20:45:28 INFO        ENERGY ESTIMATION for DRAM(type=LPDDR4, width=64, datawidth=8, has_power_gating=False, n_banks=2, cluster_size=1, reduction_supported=True, multiple_buffering=1, min_utilization=0, allow_overbooking=False, meshX=1, meshY=1, technology=32nm, global_cycle_seconds=1e-09, version=0.4, action_latency_cycles=1, cycle_seconds=1e-09, n_instances=1).write(global_cycle_seconds=1e-09, action_latency_cycles=1)
2024-10-12 20:45:28 INFO        CactiDRAM estimated 5.12e-10 with accuracy 80%. Messages:
2024-10-12 20:45:28 INFO        | Unused arguments (datawidth, has_power_gating, n_banks, cluster_size, reduction_supported, multiple_buffering, min_utilization, allow_overbooking, meshX, meshY, technology, global_cycle_seconds, version, action_latency_cycles, cycle_seconds, n_instances) provided for ['DRAM', 'dram'].__init__. Arguments used: (type, width)
2024-10-12 20:45:28 INFO        | Unused arguments (global_cycle_seconds, action_latency_cycles) provided for ['DRAM', 'dram'].write. Arguments used: ()
2024-10-12 20:45:28 INFO        
2024-10-12 20:45:28 INFO        ENERGY ESTIMATION for DRAM(type=LPDDR4, width=64, datawidth=8, has_power_gating=False, n_banks=2, cluster_size=1, reduction_supported=True, multiple_buffering=1, min_utilization=0, allow_overbooking=False, meshX=1, meshY=1, technology=32nm, global_cycle_seconds=1e-09, version=0.4, action_latency_cycles=1, cycle_seconds=1e-09, n_instances=1).update(global_cycle_seconds=1e-09, action_latency_cycles=1)
2024-10-12 20:45:28 INFO        CactiDRAM estimated 5.12e-10 with accuracy 80%. Messages:
2024-10-12 20:45:28 INFO        | Unused arguments (datawidth, has_power_gating, n_banks, cluster_size, reduction_supported, multiple_buffering, min_utilization, allow_overbooking, meshX, meshY, technology, global_cycle_seconds, version, action_latency_cycles, cycle_seconds, n_instances) provided for ['DRAM', 'dram'].__init__. Arguments used: (type, width)
2024-10-12 20:45:28 INFO        | Unused arguments (global_cycle_seconds, action_latency_cycles) provided for ['DRAM', 'dram'].update. Arguments used: ()
2024-10-12 20:45:28 INFO        
2024-10-12 20:45:28 INFO        ENERGY ESTIMATION for SRAM(width=64, depth=16384, n_rdwr_ports=1, global_cycle_seconds=1e-09, action_latency_cycles=1, cycle_seconds=1e-09, technology=32nm, n_instances=1).write(global_cycle_seconds=1e-09, action_latency_cycles=1, cycle_seconds=1e-09, technology=32nm, n_instances=1)
2024-10-12 20:45:31 INFO        CactiSRAM estimated 1.4109500000000001e-11 with accuracy 80%. Messages:
2024-10-12 20:45:31 INFO        | Unused arguments (n_rdwr_ports, global_cycle_seconds, action_latency_cycles, cycle_seconds, n_instances) provided for ['SRAM', 'sram'].__init__. Arguments used: (width, depth, technology)
2024-10-12 20:45:31 INFO        | Unused arguments (global_cycle_seconds, action_latency_cycles, cycle_seconds, technology, n_instances) provided for ['SRAM', 'sram'].write. Arguments used: ()
2024-10-12 20:45:31 INFO        | Calling CACTI with cache_size=131072 n_rw_ports=1 block_size=8 tech_node_um=0.032 n_banks=1 tag_size=0 associativity=1
2024-10-12 20:45:31 INFO        | Calling CACTI with input path /usr/local/share/accelergy/estimation_plug_ins/accelergy-cacti-plug-in/cacti_inputs_outputs/tmp9io7roz4
2024-10-12 20:45:31 INFO        | CACTI output will be written to /usr/local/share/accelergy/estimation_plug_ins/accelergy-cacti-plug-in/cacti_inputs_outputs/tmpxkurz7af
2024-10-12 20:45:31 INFO        | CACTI executable not found at /usr/local/share/accelergy/estimation_plug_ins/accelergy-cacti-plug-in/cacti/cacti
2024-10-12 20:45:31 INFO        | Calling: cd /usr/local/share/accelergy/estimation_plug_ins/accelergy-cacti-plug-in ; ./cacti -infile /usr/local/share/accelergy/estimation_plug_ins/accelergy-cacti-plug-in/cacti_inputs_outputs/tmp9io7roz4 >> /usr/local/share/accelergy/estimation_plug_ins/accelergy-cacti-plug-in/cacti_inputs_outputs/tmpxkurz7af 2>&1
2024-10-12 20:45:31 INFO        | Cache bandwidth: 8.0 bytes/cycle
2024-10-12 20:45:31 INFO        | Cache bandwidth: 49177808513.908104 bits/second
2024-10-12 20:45:31 INFO        
2024-10-12 20:45:31 INFO        ENERGY ESTIMATION for intadder(n_bits=14, precision=14, global_cycle_seconds=1e-09, action_latency_cycles=1, cycle_seconds=1e-09, technology=32nm, n_instances=1).add(global_cycle_seconds=1e-09, action_latency_cycles=1, cycle_seconds=1e-09, technology=32nm, n_instances=1)
2024-10-12 20:45:31 INFO        Neurosim Plug-In estimated 0.028429009999999998p with accuracy 70%. Messages:
2024-10-12 20:45:31 INFO        | WARN: Non-numeric 32nm for parameter technology. Using 32 instead.
2024-10-12 20:45:31 INFO        | Building a crossbar with cell file /usr/local/share/accelergy/estimation_plug_ins/accelergy-neurosim-plugin/cells/placeholder.cell
2024-10-12 20:45:31 INFO        | Neurosim Plugin parsing cell file...
2024-10-12 20:45:31 INFO        | 	Failed to calculate "widthSRAMCellNMOS:". Ignore if this value is not needed.
2024-10-12 20:45:31 INFO        | 		Could not find -SRAMCellNMOSWidth (F): in cell file.
2024-10-12 20:45:31 INFO        | 	Failed to calculate "widthSRAMCellPMOS:". Ignore if this value is not needed.
2024-10-12 20:45:31 INFO        | 		Could not find -SRAMCellPMOSWidth (F): in cell file.
2024-10-12 20:45:31 INFO        | 	Failed to calculate "minSenseVoltage:". Ignore if this value is not needed.
2024-10-12 20:45:31 INFO        | 		Could not find -MinSenseVoltage (mV): in cell file.
2024-10-12 20:45:31 INFO        | 	Failed to calculate "accessTransistorResistance:". Ignore if this value is not needed.
2024-10-12 20:45:31 INFO        | 		Could not find -AccessTransistorResistance (ohm): in cell file.
2024-10-12 20:45:31 INFO        | 	Failed to calculate "WriteVoltage:". Ignore if this value is not needed.
2024-10-12 20:45:31 INFO        | 		Could not find -WriteVoltage (V): in cell file.
2024-10-12 20:45:31 INFO        | 	Failed to calculate "SET_CURRENT". Ignore if this value is not needed.
2024-10-12 20:45:31 INFO        | 		Could not find -SetCurrent (uA): in cell file.
2024-10-12 20:45:31 INFO        | 	Failed to calculate "SET_POWER". Ignore if this value is not needed.
2024-10-12 20:45:31 INFO        | 		Could not find -SetPower (uW): in cell file.
2024-10-12 20:45:31 INFO        | 	Failed to calculate "READ_CURRENT". Ignore if this value is not needed.
2024-10-12 20:45:31 INFO        | 		Could not find -ReadCurrent (uA): in cell file.
2024-10-12 20:45:31 INFO        | 	Failed to calculate "READ_ENERGY". Ignore if this value is not needed.
2024-10-12 20:45:31 INFO        | 		Could not find -ReadEnergy (pJ): in cell file.
2024-10-12 20:45:31 INFO        | 	Failed to calculate "cellCapacitanceMultiplier:". Ignore if this value is not needed.
2024-10-12 20:45:31 INFO        | 		Could not find -CellCapacitanceMultiplier: in cell file.
2024-10-12 20:45:31 INFO        | 	Failed to calculate "cellCapacitanceAdjust:". Ignore if this value is not needed.
2024-10-12 20:45:31 INFO        | 		Could not find -CellCapacitanceAdjust (F): in cell file.
2024-10-12 20:45:31 INFO        | 	Failed to calculate "deviceRoadmap:". Ignore if this value is not needed.
2024-10-12 20:45:31 INFO        | 		Could not find -DeviceRoadmap -1LP 1HP 2LSTP: in cell file.
2024-10-12 20:45:31 INFO        | Running /usr/local/share/accelergy/estimation_plug_ins/accelergy-neurosim-plugin/NeuroSim/main /usr/local/share/accelergy/estimation_plug_ins/accelergy-neurosim-plugin/neurosim_input_26482.cfg
2024-10-12 20:45:31 INFO        | Crossbar minimum latency is 2.344 ns to read 8.0 columns at once.
2024-10-12 20:45:31 INFO        
2024-10-12 20:45:31 INFO        ENERGY ESTIMATION for SRAM(width=64, depth=16384, n_rdwr_ports=1, global_cycle_seconds=1e-09, action_latency_cycles=1, cycle_seconds=1e-09, technology=32nm, n_instances=1).read(global_cycle_seconds=1e-09, action_latency_cycles=1, cycle_seconds=1e-09, technology=32nm, n_instances=1)
2024-10-12 20:45:34 INFO        CactiSRAM estimated 1.81554e-11 with accuracy 80%. Messages:
2024-10-12 20:45:34 INFO        | Unused arguments (n_rdwr_ports, global_cycle_seconds, action_latency_cycles, cycle_seconds, n_instances) provided for ['SRAM', 'sram'].__init__. Arguments used: (width, depth, technology)
2024-10-12 20:45:34 INFO        | Unused arguments (global_cycle_seconds, action_latency_cycles, cycle_seconds, technology, n_instances) provided for ['SRAM', 'sram'].read. Arguments used: ()
2024-10-12 20:45:34 INFO        | Calling CACTI with cache_size=131072 n_rw_ports=1 block_size=8 tech_node_um=0.032 n_banks=1 tag_size=0 associativity=1
2024-10-12 20:45:34 INFO        | Calling CACTI with input path /usr/local/share/accelergy/estimation_plug_ins/accelergy-cacti-plug-in/cacti_inputs_outputs/tmpo8t1jysa
2024-10-12 20:45:34 INFO        | CACTI output will be written to /usr/local/share/accelergy/estimation_plug_ins/accelergy-cacti-plug-in/cacti_inputs_outputs/tmp6ql5t9l7
2024-10-12 20:45:34 INFO        | CACTI executable not found at /usr/local/share/accelergy/estimation_plug_ins/accelergy-cacti-plug-in/cacti/cacti
2024-10-12 20:45:34 INFO        | Calling: cd /usr/local/share/accelergy/estimation_plug_ins/accelergy-cacti-plug-in ; ./cacti -infile /usr/local/share/accelergy/estimation_plug_ins/accelergy-cacti-plug-in/cacti_inputs_outputs/tmpo8t1jysa >> /usr/local/share/accelergy/estimation_plug_ins/accelergy-cacti-plug-in/cacti_inputs_outputs/tmp6ql5t9l7 2>&1
2024-10-12 20:45:34 INFO        | Cache bandwidth: 8.0 bytes/cycle
2024-10-12 20:45:34 INFO        | Cache bandwidth: 49177808513.908104 bits/second
2024-10-12 20:45:34 INFO        
2024-10-12 20:45:34 INFO        ENERGY ESTIMATION for intadder(n_bits=14, precision=14, global_cycle_seconds=1e-09, action_latency_cycles=1, cycle_seconds=1e-09, technology=32nm, n_instances=1).add(global_cycle_seconds=1e-09, action_latency_cycles=1, cycle_seconds=1e-09, technology=32nm, n_instances=1)
2024-10-12 20:45:34 INFO        Neurosim Plug-In estimated 0.028429009999999998p with accuracy 70%. Messages:
2024-10-12 20:45:34 INFO        | WARN: Non-numeric 32nm for parameter technology. Using 32 instead.
2024-10-12 20:45:34 INFO        
2024-10-12 20:45:34 INFO        ENERGY ESTIMATION for SRAM(width=64, depth=16384, n_rdwr_ports=1, global_cycle_seconds=1e-09, action_latency_cycles=1, cycle_seconds=1e-09, technology=32nm, n_instances=1).leak(global_cycle_seconds=1e-09, action_latency_cycles=1, cycle_seconds=1e-09, technology=32nm, n_instances=1)
2024-10-12 20:45:37 INFO        CactiSRAM estimated 5.645290000000001e-15 with accuracy 80%. Messages:
2024-10-12 20:45:37 INFO        | Unused arguments (n_rdwr_ports, global_cycle_seconds, action_latency_cycles, cycle_seconds, n_instances) provided for ['SRAM', 'sram'].__init__. Arguments used: (width, depth, technology)
2024-10-12 20:45:37 INFO        | Unused arguments (action_latency_cycles, cycle_seconds, technology, n_instances) provided for ['SRAM', 'sram'].leak. Arguments used: (global_cycle_seconds)
2024-10-12 20:45:37 INFO        | Calling CACTI with cache_size=131072 n_rw_ports=1 block_size=8 tech_node_um=0.032 n_banks=1 tag_size=0 associativity=1
2024-10-12 20:45:37 INFO        | Calling CACTI with input path /usr/local/share/accelergy/estimation_plug_ins/accelergy-cacti-plug-in/cacti_inputs_outputs/tmpm9hrq5e6
2024-10-12 20:45:37 INFO        | CACTI output will be written to /usr/local/share/accelergy/estimation_plug_ins/accelergy-cacti-plug-in/cacti_inputs_outputs/tmpbo3z71wh
2024-10-12 20:45:37 INFO        | CACTI executable not found at /usr/local/share/accelergy/estimation_plug_ins/accelergy-cacti-plug-in/cacti/cacti
2024-10-12 20:45:37 INFO        | Calling: cd /usr/local/share/accelergy/estimation_plug_ins/accelergy-cacti-plug-in ; ./cacti -infile /usr/local/share/accelergy/estimation_plug_ins/accelergy-cacti-plug-in/cacti_inputs_outputs/tmpm9hrq5e6 >> /usr/local/share/accelergy/estimation_plug_ins/accelergy-cacti-plug-in/cacti_inputs_outputs/tmpbo3z71wh 2>&1
2024-10-12 20:45:37 INFO        | Cache bandwidth: 8.0 bytes/cycle
2024-10-12 20:45:37 INFO        | Cache bandwidth: 49177808513.908104 bits/second
2024-10-12 20:45:37 INFO        | Global cycle time 1e-09 is less than the cache's random cycle time 1.3013999999999999e-09
2024-10-12 20:45:37 INFO        | Multiplying by n_instances 1
2024-10-12 20:45:37 INFO        
2024-10-12 20:45:37 INFO        ENERGY ESTIMATION for intadder(n_bits=14, precision=14, global_cycle_seconds=1e-09, action_latency_cycles=1, cycle_seconds=1e-09, technology=32nm, n_instances=1).leak(global_cycle_seconds=1e-09, action_latency_cycles=1, cycle_seconds=1e-09, technology=32nm, n_instances=1)
2024-10-12 20:45:37 INFO        Neurosim Plug-In estimated 3.124068e-06p with accuracy 70%. Messages:
2024-10-12 20:45:37 INFO        | WARN: Non-numeric 32nm for parameter technology. Using 32 instead.
2024-10-12 20:45:37 INFO        | Multiplying by n_instances 1
2024-10-12 20:45:37 INFO        
2024-10-12 20:45:37 INFO        ENERGY ESTIMATION for SRAM(width=64, depth=16384, n_rdwr_ports=1, global_cycle_seconds=1e-09, action_latency_cycles=1, cycle_seconds=1e-09, technology=32nm, n_instances=1).write(global_cycle_seconds=1e-09, action_latency_cycles=1, cycle_seconds=1e-09, technology=32nm, n_instances=1)
2024-10-12 20:45:40 INFO        CactiSRAM estimated 1.4109500000000001e-11 with accuracy 80%. Messages:
2024-10-12 20:45:40 INFO        | Unused arguments (n_rdwr_ports, global_cycle_seconds, action_latency_cycles, cycle_seconds, n_instances) provided for ['SRAM', 'sram'].__init__. Arguments used: (width, depth, technology)
2024-10-12 20:45:40 INFO        | Unused arguments (global_cycle_seconds, action_latency_cycles, cycle_seconds, technology, n_instances) provided for ['SRAM', 'sram'].write. Arguments used: ()
2024-10-12 20:45:40 INFO        | Calling CACTI with cache_size=131072 n_rw_ports=1 block_size=8 tech_node_um=0.032 n_banks=1 tag_size=0 associativity=1
2024-10-12 20:45:40 INFO        | Calling CACTI with input path /usr/local/share/accelergy/estimation_plug_ins/accelergy-cacti-plug-in/cacti_inputs_outputs/tmpl72t6l9g
2024-10-12 20:45:40 INFO        | CACTI output will be written to /usr/local/share/accelergy/estimation_plug_ins/accelergy-cacti-plug-in/cacti_inputs_outputs/tmpovv9a0p2
2024-10-12 20:45:40 INFO        | CACTI executable not found at /usr/local/share/accelergy/estimation_plug_ins/accelergy-cacti-plug-in/cacti/cacti
2024-10-12 20:45:40 INFO        | Calling: cd /usr/local/share/accelergy/estimation_plug_ins/accelergy-cacti-plug-in ; ./cacti -infile /usr/local/share/accelergy/estimation_plug_ins/accelergy-cacti-plug-in/cacti_inputs_outputs/tmpl72t6l9g >> /usr/local/share/accelergy/estimation_plug_ins/accelergy-cacti-plug-in/cacti_inputs_outputs/tmpovv9a0p2 2>&1
2024-10-12 20:45:40 INFO        | Cache bandwidth: 8.0 bytes/cycle
2024-10-12 20:45:40 INFO        | Cache bandwidth: 49177808513.908104 bits/second
2024-10-12 20:45:40 INFO        
2024-10-12 20:45:40 INFO        ENERGY ESTIMATION for intadder(n_bits=14, precision=14, global_cycle_seconds=1e-09, action_latency_cycles=1, cycle_seconds=1e-09, technology=32nm, n_instances=1).add(global_cycle_seconds=1e-09, action_latency_cycles=1, cycle_seconds=1e-09, technology=32nm, n_instances=1)
2024-10-12 20:45:40 INFO        Neurosim Plug-In estimated 0.028429009999999998p with accuracy 70%. Messages:
2024-10-12 20:45:40 INFO        | WARN: Non-numeric 32nm for parameter technology. Using 32 instead.
2024-10-12 20:45:40 INFO        
2024-10-12 20:45:40 INFO        ENERGY ESTIMATION for SRAM(width=32, depth=64, n_rdwr_ports=1, global_cycle_seconds=1e-09, action_latency_cycles=1, cycle_seconds=1e-09, technology=32nm, n_instances=1).write(global_cycle_seconds=1e-09, action_latency_cycles=1, cycle_seconds=1e-09, technology=32nm, n_instances=1)
2024-10-12 20:45:41 INFO        CactiSRAM estimated 5.88474e-13 with accuracy 80%. Messages:
2024-10-12 20:45:41 INFO        | Unused arguments (n_rdwr_ports, global_cycle_seconds, action_latency_cycles, cycle_seconds, n_instances) provided for ['SRAM', 'sram'].__init__. Arguments used: (width, depth, technology)
2024-10-12 20:45:41 INFO        | Unused arguments (global_cycle_seconds, action_latency_cycles, cycle_seconds, technology, n_instances) provided for ['SRAM', 'sram'].write. Arguments used: ()
2024-10-12 20:45:41 INFO        | Calling CACTI with cache_size=256 n_rw_ports=1 block_size=4 tech_node_um=0.032 n_banks=1 tag_size=0 associativity=1
2024-10-12 20:45:41 INFO        | Calling CACTI with input path /usr/local/share/accelergy/estimation_plug_ins/accelergy-cacti-plug-in/cacti_inputs_outputs/tmp7wd6i9ts
2024-10-12 20:45:41 INFO        | CACTI output will be written to /usr/local/share/accelergy/estimation_plug_ins/accelergy-cacti-plug-in/cacti_inputs_outputs/tmpvi76jz0r
2024-10-12 20:45:41 INFO        | CACTI executable not found at /usr/local/share/accelergy/estimation_plug_ins/accelergy-cacti-plug-in/cacti/cacti
2024-10-12 20:45:41 INFO        | Calling: cd /usr/local/share/accelergy/estimation_plug_ins/accelergy-cacti-plug-in ; ./cacti -infile /usr/local/share/accelergy/estimation_plug_ins/accelergy-cacti-plug-in/cacti_inputs_outputs/tmp7wd6i9ts >> /usr/local/share/accelergy/estimation_plug_ins/accelergy-cacti-plug-in/cacti_inputs_outputs/tmpvi76jz0r 2>&1
2024-10-12 20:45:41 INFO        | Cache bandwidth: 4.0 bytes/cycle
2024-10-12 20:45:41 INFO        | Cache bandwidth: 85256943112.3047 bits/second
2024-10-12 20:45:41 INFO        
2024-10-12 20:45:41 INFO        ENERGY ESTIMATION for intadder(n_bits=4, precision=4, global_cycle_seconds=1e-09, action_latency_cycles=1, cycle_seconds=1e-09, technology=32nm, n_instances=1).add(global_cycle_seconds=1e-09, action_latency_cycles=1, cycle_seconds=1e-09, technology=32nm, n_instances=1)
2024-10-12 20:45:41 INFO        Neurosim Plug-In estimated 0.008220707p with accuracy 70%. Messages:
2024-10-12 20:45:41 INFO        | WARN: Non-numeric 32nm for parameter technology. Using 32 instead.
2024-10-12 20:45:41 INFO        | Building a crossbar with cell file /usr/local/share/accelergy/estimation_plug_ins/accelergy-neurosim-plugin/cells/placeholder.cell
2024-10-12 20:45:41 INFO        | Neurosim Plugin parsing cell file...
2024-10-12 20:45:41 INFO        | 	Failed to calculate "widthSRAMCellNMOS:". Ignore if this value is not needed.
2024-10-12 20:45:41 INFO        | 		Could not find -SRAMCellNMOSWidth (F): in cell file.
2024-10-12 20:45:41 INFO        | 	Failed to calculate "widthSRAMCellPMOS:". Ignore if this value is not needed.
2024-10-12 20:45:41 INFO        | 		Could not find -SRAMCellPMOSWidth (F): in cell file.
2024-10-12 20:45:41 INFO        | 	Failed to calculate "minSenseVoltage:". Ignore if this value is not needed.
2024-10-12 20:45:41 INFO        | 		Could not find -MinSenseVoltage (mV): in cell file.
2024-10-12 20:45:41 INFO        | 	Failed to calculate "accessTransistorResistance:". Ignore if this value is not needed.
2024-10-12 20:45:41 INFO        | 		Could not find -AccessTransistorResistance (ohm): in cell file.
2024-10-12 20:45:41 INFO        | 	Failed to calculate "WriteVoltage:". Ignore if this value is not needed.
2024-10-12 20:45:41 INFO        | 		Could not find -WriteVoltage (V): in cell file.
2024-10-12 20:45:41 INFO        | 	Failed to calculate "SET_CURRENT". Ignore if this value is not needed.
2024-10-12 20:45:41 INFO        | 		Could not find -SetCurrent (uA): in cell file.
2024-10-12 20:45:41 INFO        | 	Failed to calculate "SET_POWER". Ignore if this value is not needed.
2024-10-12 20:45:41 INFO        | 		Could not find -SetPower (uW): in cell file.
2024-10-12 20:45:41 INFO        | 	Failed to calculate "READ_CURRENT". Ignore if this value is not needed.
2024-10-12 20:45:41 INFO        | 		Could not find -ReadCurrent (uA): in cell file.
2024-10-12 20:45:41 INFO        | 	Failed to calculate "READ_ENERGY". Ignore if this value is not needed.
2024-10-12 20:45:41 INFO        | 		Could not find -ReadEnergy (pJ): in cell file.
2024-10-12 20:45:41 INFO        | 	Failed to calculate "cellCapacitanceMultiplier:". Ignore if this value is not needed.
2024-10-12 20:45:41 INFO        | 		Could not find -CellCapacitanceMultiplier: in cell file.
2024-10-12 20:45:41 INFO        | 	Failed to calculate "cellCapacitanceAdjust:". Ignore if this value is not needed.
2024-10-12 20:45:41 INFO        | 		Could not find -CellCapacitanceAdjust (F): in cell file.
2024-10-12 20:45:41 INFO        | 	Failed to calculate "deviceRoadmap:". Ignore if this value is not needed.
2024-10-12 20:45:41 INFO        | 		Could not find -DeviceRoadmap -1LP 1HP 2LSTP: in cell file.
2024-10-12 20:45:41 INFO        | Running /usr/local/share/accelergy/estimation_plug_ins/accelergy-neurosim-plugin/NeuroSim/main /usr/local/share/accelergy/estimation_plug_ins/accelergy-neurosim-plugin/neurosim_input_26482.cfg
2024-10-12 20:45:41 INFO        | Crossbar minimum latency is 2.344 ns to read 8.0 columns at once.
2024-10-12 20:45:41 INFO        
2024-10-12 20:45:41 INFO        ENERGY ESTIMATION for SRAM(width=32, depth=64, n_rdwr_ports=1, global_cycle_seconds=1e-09, action_latency_cycles=1, cycle_seconds=1e-09, technology=32nm, n_instances=1).read(global_cycle_seconds=1e-09, action_latency_cycles=1, cycle_seconds=1e-09, technology=32nm, n_instances=1)
2024-10-12 20:45:41 INFO        CactiSRAM estimated 3.5030100000000005e-13 with accuracy 80%. Messages:
2024-10-12 20:45:41 INFO        | Unused arguments (n_rdwr_ports, global_cycle_seconds, action_latency_cycles, cycle_seconds, n_instances) provided for ['SRAM', 'sram'].__init__. Arguments used: (width, depth, technology)
2024-10-12 20:45:41 INFO        | Unused arguments (global_cycle_seconds, action_latency_cycles, cycle_seconds, technology, n_instances) provided for ['SRAM', 'sram'].read. Arguments used: ()
2024-10-12 20:45:41 INFO        | Calling CACTI with cache_size=256 n_rw_ports=1 block_size=4 tech_node_um=0.032 n_banks=1 tag_size=0 associativity=1
2024-10-12 20:45:41 INFO        | Calling CACTI with input path /usr/local/share/accelergy/estimation_plug_ins/accelergy-cacti-plug-in/cacti_inputs_outputs/tmpwzg3r2t8
2024-10-12 20:45:41 INFO        | CACTI output will be written to /usr/local/share/accelergy/estimation_plug_ins/accelergy-cacti-plug-in/cacti_inputs_outputs/tmpdj8amxu2
2024-10-12 20:45:41 INFO        | CACTI executable not found at /usr/local/share/accelergy/estimation_plug_ins/accelergy-cacti-plug-in/cacti/cacti
2024-10-12 20:45:41 INFO        | Calling: cd /usr/local/share/accelergy/estimation_plug_ins/accelergy-cacti-plug-in ; ./cacti -infile /usr/local/share/accelergy/estimation_plug_ins/accelergy-cacti-plug-in/cacti_inputs_outputs/tmpwzg3r2t8 >> /usr/local/share/accelergy/estimation_plug_ins/accelergy-cacti-plug-in/cacti_inputs_outputs/tmpdj8amxu2 2>&1
2024-10-12 20:45:41 INFO        | Cache bandwidth: 4.0 bytes/cycle
2024-10-12 20:45:41 INFO        | Cache bandwidth: 85256943112.3047 bits/second
2024-10-12 20:45:41 INFO        
2024-10-12 20:45:41 INFO        ENERGY ESTIMATION for intadder(n_bits=4, precision=4, global_cycle_seconds=1e-09, action_latency_cycles=1, cycle_seconds=1e-09, technology=32nm, n_instances=1).add(global_cycle_seconds=1e-09, action_latency_cycles=1, cycle_seconds=1e-09, technology=32nm, n_instances=1)
2024-10-12 20:45:41 INFO        Neurosim Plug-In estimated 0.008220707p with accuracy 70%. Messages:
2024-10-12 20:45:41 INFO        | WARN: Non-numeric 32nm for parameter technology. Using 32 instead.
2024-10-12 20:45:41 INFO        
2024-10-12 20:45:41 INFO        ENERGY ESTIMATION for SRAM(width=32, depth=64, n_rdwr_ports=1, global_cycle_seconds=1e-09, action_latency_cycles=1, cycle_seconds=1e-09, technology=32nm, n_instances=1).leak(global_cycle_seconds=1e-09, action_latency_cycles=1, cycle_seconds=1e-09, technology=32nm, n_instances=1)
2024-10-12 20:45:41 INFO        CactiSRAM estimated 2.2557900000000002e-17 with accuracy 80%. Messages:
2024-10-12 20:45:41 INFO        | Unused arguments (n_rdwr_ports, global_cycle_seconds, action_latency_cycles, cycle_seconds, n_instances) provided for ['SRAM', 'sram'].__init__. Arguments used: (width, depth, technology)
2024-10-12 20:45:41 INFO        | Unused arguments (action_latency_cycles, cycle_seconds, technology, n_instances) provided for ['SRAM', 'sram'].leak. Arguments used: (global_cycle_seconds)
2024-10-12 20:45:41 INFO        | Calling CACTI with cache_size=256 n_rw_ports=1 block_size=4 tech_node_um=0.032 n_banks=1 tag_size=0 associativity=1
2024-10-12 20:45:41 INFO        | Calling CACTI with input path /usr/local/share/accelergy/estimation_plug_ins/accelergy-cacti-plug-in/cacti_inputs_outputs/tmpbg37sno_
2024-10-12 20:45:41 INFO        | CACTI output will be written to /usr/local/share/accelergy/estimation_plug_ins/accelergy-cacti-plug-in/cacti_inputs_outputs/tmpi60x0tnw
2024-10-12 20:45:41 INFO        | CACTI executable not found at /usr/local/share/accelergy/estimation_plug_ins/accelergy-cacti-plug-in/cacti/cacti
2024-10-12 20:45:41 INFO        | Calling: cd /usr/local/share/accelergy/estimation_plug_ins/accelergy-cacti-plug-in ; ./cacti -infile /usr/local/share/accelergy/estimation_plug_ins/accelergy-cacti-plug-in/cacti_inputs_outputs/tmpbg37sno_ >> /usr/local/share/accelergy/estimation_plug_ins/accelergy-cacti-plug-in/cacti_inputs_outputs/tmpi60x0tnw 2>&1
2024-10-12 20:45:41 INFO        | Cache bandwidth: 4.0 bytes/cycle
2024-10-12 20:45:41 INFO        | Cache bandwidth: 85256943112.3047 bits/second
2024-10-12 20:45:41 INFO        | Multiplying by n_instances 1
2024-10-12 20:45:41 INFO        
2024-10-12 20:45:41 INFO        ENERGY ESTIMATION for intadder(n_bits=4, precision=4, global_cycle_seconds=1e-09, action_latency_cycles=1, cycle_seconds=1e-09, technology=32nm, n_instances=1).leak(global_cycle_seconds=1e-09, action_latency_cycles=1, cycle_seconds=1e-09, technology=32nm, n_instances=1)
2024-10-12 20:45:41 INFO        Neurosim Plug-In estimated 8.925909999999997e-07p with accuracy 70%. Messages:
2024-10-12 20:45:41 INFO        | WARN: Non-numeric 32nm for parameter technology. Using 32 instead.
2024-10-12 20:45:41 INFO        | Multiplying by n_instances 1
2024-10-12 20:45:41 INFO        
2024-10-12 20:45:41 INFO        ENERGY ESTIMATION for SRAM(width=32, depth=64, n_rdwr_ports=1, global_cycle_seconds=1e-09, action_latency_cycles=1, cycle_seconds=1e-09, technology=32nm, n_instances=1).write(global_cycle_seconds=1e-09, action_latency_cycles=1, cycle_seconds=1e-09, technology=32nm, n_instances=1)
2024-10-12 20:45:41 INFO        CactiSRAM estimated 5.88474e-13 with accuracy 80%. Messages:
2024-10-12 20:45:41 INFO        | Unused arguments (n_rdwr_ports, global_cycle_seconds, action_latency_cycles, cycle_seconds, n_instances) provided for ['SRAM', 'sram'].__init__. Arguments used: (width, depth, technology)
2024-10-12 20:45:41 INFO        | Unused arguments (global_cycle_seconds, action_latency_cycles, cycle_seconds, technology, n_instances) provided for ['SRAM', 'sram'].write. Arguments used: ()
2024-10-12 20:45:41 INFO        | Calling CACTI with cache_size=256 n_rw_ports=1 block_size=4 tech_node_um=0.032 n_banks=1 tag_size=0 associativity=1
2024-10-12 20:45:41 INFO        | Calling CACTI with input path /usr/local/share/accelergy/estimation_plug_ins/accelergy-cacti-plug-in/cacti_inputs_outputs/tmpi6ep09gd
2024-10-12 20:45:41 INFO        | CACTI output will be written to /usr/local/share/accelergy/estimation_plug_ins/accelergy-cacti-plug-in/cacti_inputs_outputs/tmps068cst2
2024-10-12 20:45:41 INFO        | CACTI executable not found at /usr/local/share/accelergy/estimation_plug_ins/accelergy-cacti-plug-in/cacti/cacti
2024-10-12 20:45:41 INFO        | Calling: cd /usr/local/share/accelergy/estimation_plug_ins/accelergy-cacti-plug-in ; ./cacti -infile /usr/local/share/accelergy/estimation_plug_ins/accelergy-cacti-plug-in/cacti_inputs_outputs/tmpi6ep09gd >> /usr/local/share/accelergy/estimation_plug_ins/accelergy-cacti-plug-in/cacti_inputs_outputs/tmps068cst2 2>&1
2024-10-12 20:45:41 INFO        | Cache bandwidth: 4.0 bytes/cycle
2024-10-12 20:45:41 INFO        | Cache bandwidth: 85256943112.3047 bits/second
2024-10-12 20:45:41 INFO        
2024-10-12 20:45:41 INFO        ENERGY ESTIMATION for intadder(n_bits=4, precision=4, global_cycle_seconds=1e-09, action_latency_cycles=1, cycle_seconds=1e-09, technology=32nm, n_instances=1).add(global_cycle_seconds=1e-09, action_latency_cycles=1, cycle_seconds=1e-09, technology=32nm, n_instances=1)
2024-10-12 20:45:41 INFO        Neurosim Plug-In estimated 0.008220707p with accuracy 70%. Messages:
2024-10-12 20:45:41 INFO        | WARN: Non-numeric 32nm for parameter technology. Using 32 instead.
2024-10-12 20:45:41 INFO        
2024-10-12 20:45:41 INFO        ENERGY ESTIMATION for SRAM(width=32, depth=192, n_rdwr_ports=1, global_cycle_seconds=1e-09, action_latency_cycles=1, cycle_seconds=1e-09, technology=32nm, n_instances=1).write(global_cycle_seconds=1e-09, action_latency_cycles=1, cycle_seconds=1e-09, technology=32nm, n_instances=1)
2024-10-12 20:45:42 INFO        CactiSRAM estimated 9.074310000000001e-13 with accuracy 80%. Messages:
2024-10-12 20:45:42 INFO        | Unused arguments (n_rdwr_ports, global_cycle_seconds, action_latency_cycles, cycle_seconds, n_instances) provided for ['SRAM', 'sram'].__init__. Arguments used: (width, depth, technology)
2024-10-12 20:45:42 INFO        | Unused arguments (global_cycle_seconds, action_latency_cycles, cycle_seconds, technology, n_instances) provided for ['SRAM', 'sram'].write. Arguments used: ()
2024-10-12 20:45:42 INFO        | Calling CACTI with cache_size=768 n_rw_ports=1 block_size=4 tech_node_um=0.032 n_banks=1 tag_size=0 associativity=1
2024-10-12 20:45:42 INFO        | Calling CACTI with input path /usr/local/share/accelergy/estimation_plug_ins/accelergy-cacti-plug-in/cacti_inputs_outputs/tmpp8n9_pk8
2024-10-12 20:45:42 INFO        | CACTI output will be written to /usr/local/share/accelergy/estimation_plug_ins/accelergy-cacti-plug-in/cacti_inputs_outputs/tmpdd74bjx6
2024-10-12 20:45:42 INFO        | CACTI executable not found at /usr/local/share/accelergy/estimation_plug_ins/accelergy-cacti-plug-in/cacti/cacti
2024-10-12 20:45:42 INFO        | Calling: cd /usr/local/share/accelergy/estimation_plug_ins/accelergy-cacti-plug-in ; ./cacti -infile /usr/local/share/accelergy/estimation_plug_ins/accelergy-cacti-plug-in/cacti_inputs_outputs/tmpp8n9_pk8 >> /usr/local/share/accelergy/estimation_plug_ins/accelergy-cacti-plug-in/cacti_inputs_outputs/tmpdd74bjx6 2>&1
2024-10-12 20:45:42 INFO        | Cache bandwidth: 4.0 bytes/cycle
2024-10-12 20:45:42 INFO        | Cache bandwidth: 69384215091.06677 bits/second
2024-10-12 20:45:42 INFO        
2024-10-12 20:45:42 INFO        ENERGY ESTIMATION for intadder(n_bits=8, precision=8, global_cycle_seconds=1e-09, action_latency_cycles=1, cycle_seconds=1e-09, technology=32nm, n_instances=1).add(global_cycle_seconds=1e-09, action_latency_cycles=1, cycle_seconds=1e-09, technology=32nm, n_instances=1)
2024-10-12 20:45:42 INFO        Neurosim Plug-In estimated 0.016304029999999997p with accuracy 70%. Messages:
2024-10-12 20:45:42 INFO        | WARN: Non-numeric 32nm for parameter technology. Using 32 instead.
2024-10-12 20:45:42 INFO        | Building a crossbar with cell file /usr/local/share/accelergy/estimation_plug_ins/accelergy-neurosim-plugin/cells/placeholder.cell
2024-10-12 20:45:42 INFO        | Neurosim Plugin parsing cell file...
2024-10-12 20:45:42 INFO        | 	Failed to calculate "widthSRAMCellNMOS:". Ignore if this value is not needed.
2024-10-12 20:45:42 INFO        | 		Could not find -SRAMCellNMOSWidth (F): in cell file.
2024-10-12 20:45:42 INFO        | 	Failed to calculate "widthSRAMCellPMOS:". Ignore if this value is not needed.
2024-10-12 20:45:42 INFO        | 		Could not find -SRAMCellPMOSWidth (F): in cell file.
2024-10-12 20:45:42 INFO        | 	Failed to calculate "minSenseVoltage:". Ignore if this value is not needed.
2024-10-12 20:45:42 INFO        | 		Could not find -MinSenseVoltage (mV): in cell file.
2024-10-12 20:45:42 INFO        | 	Failed to calculate "accessTransistorResistance:". Ignore if this value is not needed.
2024-10-12 20:45:42 INFO        | 		Could not find -AccessTransistorResistance (ohm): in cell file.
2024-10-12 20:45:42 INFO        | 	Failed to calculate "WriteVoltage:". Ignore if this value is not needed.
2024-10-12 20:45:42 INFO        | 		Could not find -WriteVoltage (V): in cell file.
2024-10-12 20:45:42 INFO        | 	Failed to calculate "SET_CURRENT". Ignore if this value is not needed.
2024-10-12 20:45:42 INFO        | 		Could not find -SetCurrent (uA): in cell file.
2024-10-12 20:45:42 INFO        | 	Failed to calculate "SET_POWER". Ignore if this value is not needed.
2024-10-12 20:45:42 INFO        | 		Could not find -SetPower (uW): in cell file.
2024-10-12 20:45:42 INFO        | 	Failed to calculate "READ_CURRENT". Ignore if this value is not needed.
2024-10-12 20:45:42 INFO        | 		Could not find -ReadCurrent (uA): in cell file.
2024-10-12 20:45:42 INFO        | 	Failed to calculate "READ_ENERGY". Ignore if this value is not needed.
2024-10-12 20:45:42 INFO        | 		Could not find -ReadEnergy (pJ): in cell file.
2024-10-12 20:45:42 INFO        | 	Failed to calculate "cellCapacitanceMultiplier:". Ignore if this value is not needed.
2024-10-12 20:45:42 INFO        | 		Could not find -CellCapacitanceMultiplier: in cell file.
2024-10-12 20:45:42 INFO        | 	Failed to calculate "cellCapacitanceAdjust:". Ignore if this value is not needed.
2024-10-12 20:45:42 INFO        | 		Could not find -CellCapacitanceAdjust (F): in cell file.
2024-10-12 20:45:42 INFO        | 	Failed to calculate "deviceRoadmap:". Ignore if this value is not needed.
2024-10-12 20:45:42 INFO        | 		Could not find -DeviceRoadmap -1LP 1HP 2LSTP: in cell file.
2024-10-12 20:45:42 INFO        | Running /usr/local/share/accelergy/estimation_plug_ins/accelergy-neurosim-plugin/NeuroSim/main /usr/local/share/accelergy/estimation_plug_ins/accelergy-neurosim-plugin/neurosim_input_26482.cfg
2024-10-12 20:45:42 INFO        | Crossbar minimum latency is 2.344 ns to read 8.0 columns at once.
2024-10-12 20:45:42 INFO        
2024-10-12 20:45:42 INFO        ENERGY ESTIMATION for SRAM(width=32, depth=192, n_rdwr_ports=1, global_cycle_seconds=1e-09, action_latency_cycles=1, cycle_seconds=1e-09, technology=32nm, n_instances=1).read(global_cycle_seconds=1e-09, action_latency_cycles=1, cycle_seconds=1e-09, technology=32nm, n_instances=1)
2024-10-12 20:45:42 INFO        CactiSRAM estimated 6.16851e-13 with accuracy 80%. Messages:
2024-10-12 20:45:42 INFO        | Unused arguments (n_rdwr_ports, global_cycle_seconds, action_latency_cycles, cycle_seconds, n_instances) provided for ['SRAM', 'sram'].__init__. Arguments used: (width, depth, technology)
2024-10-12 20:45:42 INFO        | Unused arguments (global_cycle_seconds, action_latency_cycles, cycle_seconds, technology, n_instances) provided for ['SRAM', 'sram'].read. Arguments used: ()
2024-10-12 20:45:42 INFO        | Calling CACTI with cache_size=768 n_rw_ports=1 block_size=4 tech_node_um=0.032 n_banks=1 tag_size=0 associativity=1
2024-10-12 20:45:42 INFO        | Calling CACTI with input path /usr/local/share/accelergy/estimation_plug_ins/accelergy-cacti-plug-in/cacti_inputs_outputs/tmpjy5hbb24
2024-10-12 20:45:42 INFO        | CACTI output will be written to /usr/local/share/accelergy/estimation_plug_ins/accelergy-cacti-plug-in/cacti_inputs_outputs/tmpkaonw1k8
2024-10-12 20:45:42 INFO        | CACTI executable not found at /usr/local/share/accelergy/estimation_plug_ins/accelergy-cacti-plug-in/cacti/cacti
2024-10-12 20:45:42 INFO        | Calling: cd /usr/local/share/accelergy/estimation_plug_ins/accelergy-cacti-plug-in ; ./cacti -infile /usr/local/share/accelergy/estimation_plug_ins/accelergy-cacti-plug-in/cacti_inputs_outputs/tmpjy5hbb24 >> /usr/local/share/accelergy/estimation_plug_ins/accelergy-cacti-plug-in/cacti_inputs_outputs/tmpkaonw1k8 2>&1
2024-10-12 20:45:42 INFO        | Cache bandwidth: 4.0 bytes/cycle
2024-10-12 20:45:42 INFO        | Cache bandwidth: 69384215091.06677 bits/second
2024-10-12 20:45:42 INFO        
2024-10-12 20:45:42 INFO        ENERGY ESTIMATION for intadder(n_bits=8, precision=8, global_cycle_seconds=1e-09, action_latency_cycles=1, cycle_seconds=1e-09, technology=32nm, n_instances=1).add(global_cycle_seconds=1e-09, action_latency_cycles=1, cycle_seconds=1e-09, technology=32nm, n_instances=1)
2024-10-12 20:45:42 INFO        Neurosim Plug-In estimated 0.016304029999999997p with accuracy 70%. Messages:
2024-10-12 20:45:42 INFO        | WARN: Non-numeric 32nm for parameter technology. Using 32 instead.
2024-10-12 20:45:42 INFO        
2024-10-12 20:45:42 INFO        ENERGY ESTIMATION for SRAM(width=32, depth=192, n_rdwr_ports=1, global_cycle_seconds=1e-09, action_latency_cycles=1, cycle_seconds=1e-09, technology=32nm, n_instances=1).leak(global_cycle_seconds=1e-09, action_latency_cycles=1, cycle_seconds=1e-09, technology=32nm, n_instances=1)
2024-10-12 20:45:42 INFO        CactiSRAM estimated 4.8105e-17 with accuracy 80%. Messages:
2024-10-12 20:45:42 INFO        | Unused arguments (n_rdwr_ports, global_cycle_seconds, action_latency_cycles, cycle_seconds, n_instances) provided for ['SRAM', 'sram'].__init__. Arguments used: (width, depth, technology)
2024-10-12 20:45:42 INFO        | Unused arguments (action_latency_cycles, cycle_seconds, technology, n_instances) provided for ['SRAM', 'sram'].leak. Arguments used: (global_cycle_seconds)
2024-10-12 20:45:42 INFO        | Calling CACTI with cache_size=768 n_rw_ports=1 block_size=4 tech_node_um=0.032 n_banks=1 tag_size=0 associativity=1
2024-10-12 20:45:42 INFO        | Calling CACTI with input path /usr/local/share/accelergy/estimation_plug_ins/accelergy-cacti-plug-in/cacti_inputs_outputs/tmpimeopa5y
2024-10-12 20:45:42 INFO        | CACTI output will be written to /usr/local/share/accelergy/estimation_plug_ins/accelergy-cacti-plug-in/cacti_inputs_outputs/tmpglca84rx
2024-10-12 20:45:42 INFO        | CACTI executable not found at /usr/local/share/accelergy/estimation_plug_ins/accelergy-cacti-plug-in/cacti/cacti
2024-10-12 20:45:42 INFO        | Calling: cd /usr/local/share/accelergy/estimation_plug_ins/accelergy-cacti-plug-in ; ./cacti -infile /usr/local/share/accelergy/estimation_plug_ins/accelergy-cacti-plug-in/cacti_inputs_outputs/tmpimeopa5y >> /usr/local/share/accelergy/estimation_plug_ins/accelergy-cacti-plug-in/cacti_inputs_outputs/tmpglca84rx 2>&1
2024-10-12 20:45:42 INFO        | Cache bandwidth: 4.0 bytes/cycle
2024-10-12 20:45:42 INFO        | Cache bandwidth: 69384215091.06677 bits/second
2024-10-12 20:45:42 INFO        | Multiplying by n_instances 1
2024-10-12 20:45:42 INFO        
2024-10-12 20:45:42 INFO        ENERGY ESTIMATION for intadder(n_bits=8, precision=8, global_cycle_seconds=1e-09, action_latency_cycles=1, cycle_seconds=1e-09, technology=32nm, n_instances=1).leak(global_cycle_seconds=1e-09, action_latency_cycles=1, cycle_seconds=1e-09, technology=32nm, n_instances=1)
2024-10-12 20:45:42 INFO        Neurosim Plug-In estimated 1.7851820000000002e-06p with accuracy 70%. Messages:
2024-10-12 20:45:42 INFO        | WARN: Non-numeric 32nm for parameter technology. Using 32 instead.
2024-10-12 20:45:42 INFO        | Multiplying by n_instances 1
2024-10-12 20:45:42 INFO        
2024-10-12 20:45:42 INFO        ENERGY ESTIMATION for SRAM(width=32, depth=192, n_rdwr_ports=1, global_cycle_seconds=1e-09, action_latency_cycles=1, cycle_seconds=1e-09, technology=32nm, n_instances=1).write(global_cycle_seconds=1e-09, action_latency_cycles=1, cycle_seconds=1e-09, technology=32nm, n_instances=1)
2024-10-12 20:45:43 INFO        CactiSRAM estimated 9.074310000000001e-13 with accuracy 80%. Messages:
2024-10-12 20:45:43 INFO        | Unused arguments (n_rdwr_ports, global_cycle_seconds, action_latency_cycles, cycle_seconds, n_instances) provided for ['SRAM', 'sram'].__init__. Arguments used: (width, depth, technology)
2024-10-12 20:45:43 INFO        | Unused arguments (global_cycle_seconds, action_latency_cycles, cycle_seconds, technology, n_instances) provided for ['SRAM', 'sram'].write. Arguments used: ()
2024-10-12 20:45:43 INFO        | Calling CACTI with cache_size=768 n_rw_ports=1 block_size=4 tech_node_um=0.032 n_banks=1 tag_size=0 associativity=1
2024-10-12 20:45:43 INFO        | Calling CACTI with input path /usr/local/share/accelergy/estimation_plug_ins/accelergy-cacti-plug-in/cacti_inputs_outputs/tmpfnvr0phf
2024-10-12 20:45:43 INFO        | CACTI output will be written to /usr/local/share/accelergy/estimation_plug_ins/accelergy-cacti-plug-in/cacti_inputs_outputs/tmpkwbzidi4
2024-10-12 20:45:43 INFO        | CACTI executable not found at /usr/local/share/accelergy/estimation_plug_ins/accelergy-cacti-plug-in/cacti/cacti
2024-10-12 20:45:43 INFO        | Calling: cd /usr/local/share/accelergy/estimation_plug_ins/accelergy-cacti-plug-in ; ./cacti -infile /usr/local/share/accelergy/estimation_plug_ins/accelergy-cacti-plug-in/cacti_inputs_outputs/tmpfnvr0phf >> /usr/local/share/accelergy/estimation_plug_ins/accelergy-cacti-plug-in/cacti_inputs_outputs/tmpkwbzidi4 2>&1
2024-10-12 20:45:43 INFO        | Cache bandwidth: 4.0 bytes/cycle
2024-10-12 20:45:43 INFO        | Cache bandwidth: 69384215091.06677 bits/second
2024-10-12 20:45:43 INFO        
2024-10-12 20:45:43 INFO        ENERGY ESTIMATION for intadder(n_bits=8, precision=8, global_cycle_seconds=1e-09, action_latency_cycles=1, cycle_seconds=1e-09, technology=32nm, n_instances=1).add(global_cycle_seconds=1e-09, action_latency_cycles=1, cycle_seconds=1e-09, technology=32nm, n_instances=1)
2024-10-12 20:45:43 INFO        Neurosim Plug-In estimated 0.016304029999999997p with accuracy 70%. Messages:
2024-10-12 20:45:43 INFO        | WARN: Non-numeric 32nm for parameter technology. Using 32 instead.
2024-10-12 20:45:43 INFO        
2024-10-12 20:45:43 INFO        ENERGY ESTIMATION for SRAM(width=32, depth=64, n_rdwr_ports=1, global_cycle_seconds=1e-09, action_latency_cycles=1, cycle_seconds=1e-09, technology=32nm, n_instances=1).write(global_cycle_seconds=1e-09, action_latency_cycles=1, cycle_seconds=1e-09, technology=32nm, n_instances=1)
2024-10-12 20:45:43 INFO        CactiSRAM estimated 5.88474e-13 with accuracy 80%. Messages:
2024-10-12 20:45:43 INFO        | Unused arguments (n_rdwr_ports, global_cycle_seconds, action_latency_cycles, cycle_seconds, n_instances) provided for ['SRAM', 'sram'].__init__. Arguments used: (width, depth, technology)
2024-10-12 20:45:43 INFO        | Unused arguments (global_cycle_seconds, action_latency_cycles, cycle_seconds, technology, n_instances) provided for ['SRAM', 'sram'].write. Arguments used: ()
2024-10-12 20:45:43 INFO        | Calling CACTI with cache_size=256 n_rw_ports=1 block_size=4 tech_node_um=0.032 n_banks=1 tag_size=0 associativity=1
2024-10-12 20:45:43 INFO        | Calling CACTI with input path /usr/local/share/accelergy/estimation_plug_ins/accelergy-cacti-plug-in/cacti_inputs_outputs/tmpnble_q9m
2024-10-12 20:45:43 INFO        | CACTI output will be written to /usr/local/share/accelergy/estimation_plug_ins/accelergy-cacti-plug-in/cacti_inputs_outputs/tmp45yo5sa4
2024-10-12 20:45:43 INFO        | CACTI executable not found at /usr/local/share/accelergy/estimation_plug_ins/accelergy-cacti-plug-in/cacti/cacti
2024-10-12 20:45:43 INFO        | Calling: cd /usr/local/share/accelergy/estimation_plug_ins/accelergy-cacti-plug-in ; ./cacti -infile /usr/local/share/accelergy/estimation_plug_ins/accelergy-cacti-plug-in/cacti_inputs_outputs/tmpnble_q9m >> /usr/local/share/accelergy/estimation_plug_ins/accelergy-cacti-plug-in/cacti_inputs_outputs/tmp45yo5sa4 2>&1
2024-10-12 20:45:43 INFO        | Cache bandwidth: 4.0 bytes/cycle
2024-10-12 20:45:43 INFO        | Cache bandwidth: 85256943112.3047 bits/second
2024-10-12 20:45:43 INFO        
2024-10-12 20:45:43 INFO        ENERGY ESTIMATION for intadder(n_bits=4, precision=4, global_cycle_seconds=1e-09, action_latency_cycles=1, cycle_seconds=1e-09, technology=32nm, n_instances=1).add(global_cycle_seconds=1e-09, action_latency_cycles=1, cycle_seconds=1e-09, technology=32nm, n_instances=1)
2024-10-12 20:45:43 INFO        Neurosim Plug-In estimated 0.008220707p with accuracy 70%. Messages:
2024-10-12 20:45:43 INFO        | WARN: Non-numeric 32nm for parameter technology. Using 32 instead.
2024-10-12 20:45:43 INFO        
2024-10-12 20:45:43 INFO        ENERGY ESTIMATION for SRAM(width=32, depth=64, n_rdwr_ports=1, global_cycle_seconds=1e-09, action_latency_cycles=1, cycle_seconds=1e-09, technology=32nm, n_instances=1).read(global_cycle_seconds=1e-09, action_latency_cycles=1, cycle_seconds=1e-09, technology=32nm, n_instances=1)
2024-10-12 20:45:43 INFO        CactiSRAM estimated 3.5030100000000005e-13 with accuracy 80%. Messages:
2024-10-12 20:45:43 INFO        | Unused arguments (n_rdwr_ports, global_cycle_seconds, action_latency_cycles, cycle_seconds, n_instances) provided for ['SRAM', 'sram'].__init__. Arguments used: (width, depth, technology)
2024-10-12 20:45:43 INFO        | Unused arguments (global_cycle_seconds, action_latency_cycles, cycle_seconds, technology, n_instances) provided for ['SRAM', 'sram'].read. Arguments used: ()
2024-10-12 20:45:43 INFO        | Calling CACTI with cache_size=256 n_rw_ports=1 block_size=4 tech_node_um=0.032 n_banks=1 tag_size=0 associativity=1
2024-10-12 20:45:43 INFO        | Calling CACTI with input path /usr/local/share/accelergy/estimation_plug_ins/accelergy-cacti-plug-in/cacti_inputs_outputs/tmpfls31ha4
2024-10-12 20:45:43 INFO        | CACTI output will be written to /usr/local/share/accelergy/estimation_plug_ins/accelergy-cacti-plug-in/cacti_inputs_outputs/tmp8j11ac1x
2024-10-12 20:45:43 INFO        | CACTI executable not found at /usr/local/share/accelergy/estimation_plug_ins/accelergy-cacti-plug-in/cacti/cacti
2024-10-12 20:45:43 INFO        | Calling: cd /usr/local/share/accelergy/estimation_plug_ins/accelergy-cacti-plug-in ; ./cacti -infile /usr/local/share/accelergy/estimation_plug_ins/accelergy-cacti-plug-in/cacti_inputs_outputs/tmpfls31ha4 >> /usr/local/share/accelergy/estimation_plug_ins/accelergy-cacti-plug-in/cacti_inputs_outputs/tmp8j11ac1x 2>&1
2024-10-12 20:45:43 INFO        | Cache bandwidth: 4.0 bytes/cycle
2024-10-12 20:45:43 INFO        | Cache bandwidth: 85256943112.3047 bits/second
2024-10-12 20:45:43 INFO        
2024-10-12 20:45:43 INFO        ENERGY ESTIMATION for intadder(n_bits=4, precision=4, global_cycle_seconds=1e-09, action_latency_cycles=1, cycle_seconds=1e-09, technology=32nm, n_instances=1).add(global_cycle_seconds=1e-09, action_latency_cycles=1, cycle_seconds=1e-09, technology=32nm, n_instances=1)
2024-10-12 20:45:43 INFO        Neurosim Plug-In estimated 0.008220707p with accuracy 70%. Messages:
2024-10-12 20:45:43 INFO        | WARN: Non-numeric 32nm for parameter technology. Using 32 instead.
2024-10-12 20:45:43 INFO        
2024-10-12 20:45:43 INFO        ENERGY ESTIMATION for SRAM(width=32, depth=64, n_rdwr_ports=1, global_cycle_seconds=1e-09, action_latency_cycles=1, cycle_seconds=1e-09, technology=32nm, n_instances=1).leak(global_cycle_seconds=1e-09, action_latency_cycles=1, cycle_seconds=1e-09, technology=32nm, n_instances=1)
2024-10-12 20:45:43 INFO        CactiSRAM estimated 2.2557900000000002e-17 with accuracy 80%. Messages:
2024-10-12 20:45:43 INFO        | Unused arguments (n_rdwr_ports, global_cycle_seconds, action_latency_cycles, cycle_seconds, n_instances) provided for ['SRAM', 'sram'].__init__. Arguments used: (width, depth, technology)
2024-10-12 20:45:43 INFO        | Unused arguments (action_latency_cycles, cycle_seconds, technology, n_instances) provided for ['SRAM', 'sram'].leak. Arguments used: (global_cycle_seconds)
2024-10-12 20:45:43 INFO        | Calling CACTI with cache_size=256 n_rw_ports=1 block_size=4 tech_node_um=0.032 n_banks=1 tag_size=0 associativity=1
2024-10-12 20:45:43 INFO        | Calling CACTI with input path /usr/local/share/accelergy/estimation_plug_ins/accelergy-cacti-plug-in/cacti_inputs_outputs/tmp6t59mgu3
2024-10-12 20:45:43 INFO        | CACTI output will be written to /usr/local/share/accelergy/estimation_plug_ins/accelergy-cacti-plug-in/cacti_inputs_outputs/tmpzrrkrh0i
2024-10-12 20:45:43 INFO        | CACTI executable not found at /usr/local/share/accelergy/estimation_plug_ins/accelergy-cacti-plug-in/cacti/cacti
2024-10-12 20:45:43 INFO        | Calling: cd /usr/local/share/accelergy/estimation_plug_ins/accelergy-cacti-plug-in ; ./cacti -infile /usr/local/share/accelergy/estimation_plug_ins/accelergy-cacti-plug-in/cacti_inputs_outputs/tmp6t59mgu3 >> /usr/local/share/accelergy/estimation_plug_ins/accelergy-cacti-plug-in/cacti_inputs_outputs/tmpzrrkrh0i 2>&1
2024-10-12 20:45:43 INFO        | Cache bandwidth: 4.0 bytes/cycle
2024-10-12 20:45:43 INFO        | Cache bandwidth: 85256943112.3047 bits/second
2024-10-12 20:45:43 INFO        | Multiplying by n_instances 1
2024-10-12 20:45:43 INFO        
2024-10-12 20:45:43 INFO        ENERGY ESTIMATION for intadder(n_bits=4, precision=4, global_cycle_seconds=1e-09, action_latency_cycles=1, cycle_seconds=1e-09, technology=32nm, n_instances=1).leak(global_cycle_seconds=1e-09, action_latency_cycles=1, cycle_seconds=1e-09, technology=32nm, n_instances=1)
2024-10-12 20:45:43 INFO        Neurosim Plug-In estimated 8.925909999999997e-07p with accuracy 70%. Messages:
2024-10-12 20:45:43 INFO        | WARN: Non-numeric 32nm for parameter technology. Using 32 instead.
2024-10-12 20:45:43 INFO        | Multiplying by n_instances 1
2024-10-12 20:45:43 INFO        
2024-10-12 20:45:43 INFO        ENERGY ESTIMATION for SRAM(width=32, depth=64, n_rdwr_ports=1, global_cycle_seconds=1e-09, action_latency_cycles=1, cycle_seconds=1e-09, technology=32nm, n_instances=1).write(global_cycle_seconds=1e-09, action_latency_cycles=1, cycle_seconds=1e-09, technology=32nm, n_instances=1)
2024-10-12 20:45:44 INFO        CactiSRAM estimated 5.88474e-13 with accuracy 80%. Messages:
2024-10-12 20:45:44 INFO        | Unused arguments (n_rdwr_ports, global_cycle_seconds, action_latency_cycles, cycle_seconds, n_instances) provided for ['SRAM', 'sram'].__init__. Arguments used: (width, depth, technology)
2024-10-12 20:45:44 INFO        | Unused arguments (global_cycle_seconds, action_latency_cycles, cycle_seconds, technology, n_instances) provided for ['SRAM', 'sram'].write. Arguments used: ()
2024-10-12 20:45:44 INFO        | Calling CACTI with cache_size=256 n_rw_ports=1 block_size=4 tech_node_um=0.032 n_banks=1 tag_size=0 associativity=1
2024-10-12 20:45:44 INFO        | Calling CACTI with input path /usr/local/share/accelergy/estimation_plug_ins/accelergy-cacti-plug-in/cacti_inputs_outputs/tmpu1_2pj_i
2024-10-12 20:45:44 INFO        | CACTI output will be written to /usr/local/share/accelergy/estimation_plug_ins/accelergy-cacti-plug-in/cacti_inputs_outputs/tmpcvbmisxy
2024-10-12 20:45:44 INFO        | CACTI executable not found at /usr/local/share/accelergy/estimation_plug_ins/accelergy-cacti-plug-in/cacti/cacti
2024-10-12 20:45:44 INFO        | Calling: cd /usr/local/share/accelergy/estimation_plug_ins/accelergy-cacti-plug-in ; ./cacti -infile /usr/local/share/accelergy/estimation_plug_ins/accelergy-cacti-plug-in/cacti_inputs_outputs/tmpu1_2pj_i >> /usr/local/share/accelergy/estimation_plug_ins/accelergy-cacti-plug-in/cacti_inputs_outputs/tmpcvbmisxy 2>&1
2024-10-12 20:45:44 INFO        | Cache bandwidth: 4.0 bytes/cycle
2024-10-12 20:45:44 INFO        | Cache bandwidth: 85256943112.3047 bits/second
2024-10-12 20:45:44 INFO        
2024-10-12 20:45:44 INFO        ENERGY ESTIMATION for intadder(n_bits=4, precision=4, global_cycle_seconds=1e-09, action_latency_cycles=1, cycle_seconds=1e-09, technology=32nm, n_instances=1).add(global_cycle_seconds=1e-09, action_latency_cycles=1, cycle_seconds=1e-09, technology=32nm, n_instances=1)
2024-10-12 20:45:44 INFO        Neurosim Plug-In estimated 0.008220707p with accuracy 70%. Messages:
2024-10-12 20:45:44 INFO        | WARN: Non-numeric 32nm for parameter technology. Using 32 instead.
2024-10-12 20:45:44 INFO        
2024-10-12 20:45:44 INFO        ENERGY ESTIMATION for aladdin_adder(width=16, global_cycle_seconds=1e-09, action_latency_cycles=1, cycle_seconds=1e-09, technology=32nm, n_instances=1).read(global_cycle_seconds=1e-09, action_latency_cycles=1, cycle_seconds=1e-09, technology=32nm, n_instances=1)
2024-10-12 20:45:44 INFO        Library estimated 0.06923072927188248p with accuracy 90%. Messages:
2024-10-12 20:45:44 INFO        | Found 1 entries for aladdin_adder.read.
2024-10-12 20:45:44 INFO        | Checking entry "{'technology': '45nm', 'global_cycle_seconds': '1e-9', 'width|datawidth': '32', 'energy': '0.21', 'area': '2.78E+02', 'action': 'read', 'name': 'aladdin_adder', 'n_instances': 1}
2024-10-12 20:45:44 INFO        | value=0.21, matching_attrs=2, log=['Scaling width from 32 to 16', 'Scaling global_cycle_seconds from 1e-9 to 1e-09', 'Scaling technology from 45nm to 32nm', 'Scaled aladdin_adder.width from 32.0 to 16.0: 0.5x energy', 'Scaled aladdin_adder.global_cycle_seconds from 1e-09 to 1e-09: 1x energy', 'Scaled aladdin_adder.technology from 45.0 to 32.0: 0.6593402787798331x energy', 'aladdin_adder energy has been scaled 0.32967013938991657x']
2024-10-12 20:45:44 INFO        | Best-matching entry: {'technology': '45nm', 'global_cycle_seconds': '1e-9', 'width|datawidth': '32', 'energy': '0.21', 'area': '2.78E+02', 'action': 'read', 'name': 'aladdin_adder', 'n_instances': 1}
2024-10-12 20:45:44 INFO        | Scaling width from 32 to 16
2024-10-12 20:45:44 INFO        | Scaling global_cycle_seconds from 1e-9 to 1e-09
2024-10-12 20:45:44 INFO        | Scaling technology from 45nm to 32nm
2024-10-12 20:45:44 INFO        | Scaled aladdin_adder.width from 32.0 to 16.0: 0.5x energy
2024-10-12 20:45:44 INFO        | Scaled aladdin_adder.global_cycle_seconds from 1e-09 to 1e-09: 1x energy
2024-10-12 20:45:44 INFO        | Scaled aladdin_adder.technology from 45.0 to 32.0: 0.6593402787798331x energy
2024-10-12 20:45:44 INFO        | aladdin_adder energy has been scaled 0.32967013938991657x
2024-10-12 20:45:44 INFO        
2024-10-12 20:45:44 INFO        ENERGY ESTIMATION for aladdin_adder(width_a=8, width_b=8, global_cycle_seconds=1e-09, action_latency_cycles=1, cycle_seconds=1e-09, technology=32nm, n_instances=1).read(global_cycle_seconds=1e-09, action_latency_cycles=1, cycle_seconds=1e-09, technology=32nm, n_instances=1)
2024-10-12 20:45:44 INFO        Library estimated 0.13846145854376496p with accuracy 90%. Messages:
2024-10-12 20:45:44 INFO        | Found 1 entries for aladdin_adder.read.
2024-10-12 20:45:44 INFO        | Checking entry "{'technology': '45nm', 'global_cycle_seconds': '1e-9', 'width|datawidth': '32', 'energy': '0.21', 'area': '2.78E+02', 'action': 'read', 'name': 'aladdin_adder', 'n_instances': 1}
2024-10-12 20:45:44 INFO        | value=0.21, matching_attrs=2, log=['Scaling global_cycle_seconds from 1e-9 to 1e-09', 'Scaling technology from 45nm to 32nm', 'Scaled aladdin_adder.global_cycle_seconds from 1e-09 to 1e-09: 1x energy', 'Scaled aladdin_adder.technology from 45.0 to 32.0: 0.6593402787798331x energy', 'aladdin_adder energy has been scaled 0.6593402787798331x']
2024-10-12 20:45:44 INFO        | Best-matching entry: {'technology': '45nm', 'global_cycle_seconds': '1e-9', 'width|datawidth': '32', 'energy': '0.21', 'area': '2.78E+02', 'action': 'read', 'name': 'aladdin_adder', 'n_instances': 1}
2024-10-12 20:45:44 INFO        | Scaling global_cycle_seconds from 1e-9 to 1e-09
2024-10-12 20:45:44 INFO        | Scaling technology from 45nm to 32nm
2024-10-12 20:45:44 INFO        | Scaled aladdin_adder.global_cycle_seconds from 1e-09 to 1e-09: 1x energy
2024-10-12 20:45:44 INFO        | Scaled aladdin_adder.technology from 45.0 to 32.0: 0.6593402787798331x energy
2024-10-12 20:45:44 INFO        | aladdin_adder energy has been scaled 0.6593402787798331x
2024-10-12 20:45:44 INFO        
2024-10-12 20:45:44 INFO        ENERGY ESTIMATION for aladdin_adder(width=16, global_cycle_seconds=1e-09, action_latency_cycles=1, cycle_seconds=1e-09, technology=32nm, n_instances=1).leak(global_cycle_seconds=1e-09, action_latency_cycles=1, cycle_seconds=1e-09, technology=32nm, n_instances=1)
2024-10-12 20:45:44 INFO        Library estimated 0.0007912083345357997p with accuracy 90%. Messages:
2024-10-12 20:45:44 INFO        | Found 1 entries for aladdin_adder.leak.
2024-10-12 20:45:44 INFO        | Checking entry "{'technology': '45nm', 'global_cycle_seconds': '1e-9', 'width|datawidth': '32', 'energy': '0.0024', 'area': '2.78E+02', 'action': 'leak', 'name': 'aladdin_adder', 'n_instances': 1}
2024-10-12 20:45:44 INFO        | value=0.0024, matching_attrs=2, log=['Scaling width from 32 to 16', 'Scaling global_cycle_seconds from 1e-9 to 1e-09', 'Scaling technology from 45nm to 32nm', 'Scaled aladdin_adder.width from 32.0 to 16.0: 0.5x leak', 'Scaled aladdin_adder.global_cycle_seconds from 1e-09 to 1e-09: 1.0x leak', 'Scaled aladdin_adder.technology from 45.0 to 32.0: 0.6593402787798331x leak', 'aladdin_adder leak has been scaled 0.32967013938991657x']
2024-10-12 20:45:44 INFO        | Best-matching entry: {'technology': '45nm', 'global_cycle_seconds': '1e-9', 'width|datawidth': '32', 'energy': '0.0024', 'area': '2.78E+02', 'action': 'leak', 'name': 'aladdin_adder', 'n_instances': 1}
2024-10-12 20:45:44 INFO        | Scaling width from 32 to 16
2024-10-12 20:45:44 INFO        | Scaling global_cycle_seconds from 1e-9 to 1e-09
2024-10-12 20:45:44 INFO        | Scaling technology from 45nm to 32nm
2024-10-12 20:45:44 INFO        | Scaled aladdin_adder.width from 32.0 to 16.0: 0.5x leak
2024-10-12 20:45:44 INFO        | Scaled aladdin_adder.global_cycle_seconds from 1e-09 to 1e-09: 1.0x leak
2024-10-12 20:45:44 INFO        | Scaled aladdin_adder.technology from 45.0 to 32.0: 0.6593402787798331x leak
2024-10-12 20:45:44 INFO        | aladdin_adder leak has been scaled 0.32967013938991657x
2024-10-12 20:45:44 INFO        | Multiplying by n_instances 1
2024-10-12 20:45:44 INFO        
2024-10-12 20:45:44 INFO        ENERGY ESTIMATION for aladdin_adder(width_a=8, width_b=8, global_cycle_seconds=1e-09, action_latency_cycles=1, cycle_seconds=1e-09, technology=32nm, n_instances=1).leak(global_cycle_seconds=1e-09, action_latency_cycles=1, cycle_seconds=1e-09, technology=32nm, n_instances=1)
2024-10-12 20:45:44 INFO        Library estimated 0.0015824166690715995p with accuracy 90%. Messages:
2024-10-12 20:45:44 INFO        | Found 1 entries for aladdin_adder.leak.
2024-10-12 20:45:44 INFO        | Checking entry "{'technology': '45nm', 'global_cycle_seconds': '1e-9', 'width|datawidth': '32', 'energy': '0.0024', 'area': '2.78E+02', 'action': 'leak', 'name': 'aladdin_adder', 'n_instances': 1}
2024-10-12 20:45:44 INFO        | value=0.0024, matching_attrs=2, log=['Scaling global_cycle_seconds from 1e-9 to 1e-09', 'Scaling technology from 45nm to 32nm', 'Scaled aladdin_adder.global_cycle_seconds from 1e-09 to 1e-09: 1.0x leak', 'Scaled aladdin_adder.technology from 45.0 to 32.0: 0.6593402787798331x leak', 'aladdin_adder leak has been scaled 0.6593402787798331x']
2024-10-12 20:45:44 INFO        | Best-matching entry: {'technology': '45nm', 'global_cycle_seconds': '1e-9', 'width|datawidth': '32', 'energy': '0.0024', 'area': '2.78E+02', 'action': 'leak', 'name': 'aladdin_adder', 'n_instances': 1}
2024-10-12 20:45:44 INFO        | Scaling global_cycle_seconds from 1e-9 to 1e-09
2024-10-12 20:45:44 INFO        | Scaling technology from 45nm to 32nm
2024-10-12 20:45:44 INFO        | Scaled aladdin_adder.global_cycle_seconds from 1e-09 to 1e-09: 1.0x leak
2024-10-12 20:45:44 INFO        | Scaled aladdin_adder.technology from 45.0 to 32.0: 0.6593402787798331x leak
2024-10-12 20:45:44 INFO        | aladdin_adder leak has been scaled 0.6593402787798331x
2024-10-12 20:45:44 INFO        | Multiplying by n_instances 1
2024-10-12 20:45:44 WARNING     No action counts are specified as yaml input
2024-10-12 20:45:44 INFO        
2024-10-12 20:45:44 INFO        AREA ESTIMATION for DRAM(type=LPDDR4, width=64, datawidth=8, has_power_gating=False, n_banks=2, cluster_size=1, reduction_supported=True, multiple_buffering=1, min_utilization=0, allow_overbooking=False, meshX=1, meshY=1, technology=32nm, global_cycle_seconds=1e-09, version=0.4, action_latency_cycles=1, cycle_seconds=1e-09, n_instances=1)
2024-10-12 20:45:44 INFO        CactiDRAM estimated 0 with accuracy 80%. Messages:
2024-10-12 20:45:44 INFO        | Unused arguments (datawidth, has_power_gating, n_banks, cluster_size, reduction_supported, multiple_buffering, min_utilization, allow_overbooking, meshX, meshY, technology, global_cycle_seconds, version, action_latency_cycles, cycle_seconds, n_instances) provided for ['DRAM', 'dram'].__init__. Arguments used: (type, width)
2024-10-12 20:45:44 INFO        | Multiplying by n_instances 1
2024-10-12 20:45:44 INFO        
2024-10-12 20:45:44 INFO        AREA ESTIMATION for dummy_storage(width=1, depth=1, datawidth=1, technology=-1, has_power_gating=False, n_banks=2, cluster_size=1, reduction_supported=True, multiple_buffering=1, min_utilization=0, allow_overbooking=False, meshX=1, meshY=1, global_cycle_seconds=1e-09, version=0.4, action_latency_cycles=1, cycle_seconds=1e-09, n_instances=1)
2024-10-12 20:45:44 INFO        dummy estimated 1u^2 with accuracy 100%. Messages:
2024-10-12 20:45:44 INFO        | Multiplying by n_instances 1
2024-10-12 20:45:44 INFO        
2024-10-12 20:45:44 INFO        AREA ESTIMATION for dummy_storage(width=1, depth=1, datawidth=1, technology=-1, has_power_gating=False, n_banks=2, cluster_size=1, reduction_supported=True, multiple_buffering=1, min_utilization=0, allow_overbooking=False, meshX=30, meshY=1, global_cycle_seconds=1e-09, version=0.4, action_latency_cycles=1, cycle_seconds=1e-09, n_instances=1)
2024-10-12 20:45:44 INFO        dummy estimated 1u^2 with accuracy 100%. Messages:
2024-10-12 20:45:44 INFO        | Multiplying by n_instances 1
2024-10-12 20:45:44 INFO        
2024-10-12 20:45:44 INFO        AREA ESTIMATION for SRAM(width=64, depth=16384, n_rdwr_ports=1, global_cycle_seconds=1e-09, action_latency_cycles=1, cycle_seconds=1e-09, technology=32nm, n_instances=1)
2024-10-12 20:45:47 INFO        CactiSRAM estimated 2.17281e-07 with accuracy 80%. Messages:
2024-10-12 20:45:47 INFO        | Unused arguments (n_rdwr_ports, global_cycle_seconds, action_latency_cycles, cycle_seconds, n_instances) provided for ['SRAM', 'sram'].__init__. Arguments used: (width, depth, technology)
2024-10-12 20:45:47 INFO        | Calling CACTI with cache_size=131072 n_rw_ports=1 block_size=8 tech_node_um=0.032 n_banks=1 tag_size=0 associativity=1
2024-10-12 20:45:47 INFO        | Calling CACTI with input path /usr/local/share/accelergy/estimation_plug_ins/accelergy-cacti-plug-in/cacti_inputs_outputs/tmp6qqu_cko
2024-10-12 20:45:47 INFO        | CACTI output will be written to /usr/local/share/accelergy/estimation_plug_ins/accelergy-cacti-plug-in/cacti_inputs_outputs/tmp6a951z61
2024-10-12 20:45:47 INFO        | CACTI executable not found at /usr/local/share/accelergy/estimation_plug_ins/accelergy-cacti-plug-in/cacti/cacti
2024-10-12 20:45:47 INFO        | Calling: cd /usr/local/share/accelergy/estimation_plug_ins/accelergy-cacti-plug-in ; ./cacti -infile /usr/local/share/accelergy/estimation_plug_ins/accelergy-cacti-plug-in/cacti_inputs_outputs/tmp6qqu_cko >> /usr/local/share/accelergy/estimation_plug_ins/accelergy-cacti-plug-in/cacti_inputs_outputs/tmp6a951z61 2>&1
2024-10-12 20:45:47 INFO        | Cache bandwidth: 8.0 bytes/cycle
2024-10-12 20:45:47 INFO        | Cache bandwidth: 49177808513.908104 bits/second
2024-10-12 20:45:47 INFO        | Multiplying by n_instances 1
2024-10-12 20:45:47 INFO        
2024-10-12 20:45:47 INFO        AREA ESTIMATION for intadder(n_bits=14, precision=14, global_cycle_seconds=1e-09, action_latency_cycles=1, cycle_seconds=1e-09, technology=32nm, n_instances=1)
2024-10-12 20:45:47 INFO        Neurosim Plug-In estimated 41.18446u^2 with accuracy 70%. Messages:
2024-10-12 20:45:47 INFO        | WARN: Non-numeric 32nm for parameter technology. Using 32 instead.
2024-10-12 20:45:47 INFO        | Multiplying by n_instances 1
2024-10-12 20:45:47 INFO        
2024-10-12 20:45:47 INFO        AREA ESTIMATION for SRAM(width=32, depth=64, n_rdwr_ports=1, global_cycle_seconds=1e-09, action_latency_cycles=1, cycle_seconds=1e-09, technology=32nm, n_instances=1)
2024-10-12 20:45:47 INFO        CactiSRAM estimated 5.36416e-10 with accuracy 80%. Messages:
2024-10-12 20:45:47 INFO        | Unused arguments (n_rdwr_ports, global_cycle_seconds, action_latency_cycles, cycle_seconds, n_instances) provided for ['SRAM', 'sram'].__init__. Arguments used: (width, depth, technology)
2024-10-12 20:45:47 INFO        | Calling CACTI with cache_size=256 n_rw_ports=1 block_size=4 tech_node_um=0.032 n_banks=1 tag_size=0 associativity=1
2024-10-12 20:45:47 INFO        | Calling CACTI with input path /usr/local/share/accelergy/estimation_plug_ins/accelergy-cacti-plug-in/cacti_inputs_outputs/tmpbqsgx017
2024-10-12 20:45:47 INFO        | CACTI output will be written to /usr/local/share/accelergy/estimation_plug_ins/accelergy-cacti-plug-in/cacti_inputs_outputs/tmpjv4hgn3t
2024-10-12 20:45:47 INFO        | CACTI executable not found at /usr/local/share/accelergy/estimation_plug_ins/accelergy-cacti-plug-in/cacti/cacti
2024-10-12 20:45:47 INFO        | Calling: cd /usr/local/share/accelergy/estimation_plug_ins/accelergy-cacti-plug-in ; ./cacti -infile /usr/local/share/accelergy/estimation_plug_ins/accelergy-cacti-plug-in/cacti_inputs_outputs/tmpbqsgx017 >> /usr/local/share/accelergy/estimation_plug_ins/accelergy-cacti-plug-in/cacti_inputs_outputs/tmpjv4hgn3t 2>&1
2024-10-12 20:45:47 INFO        | Cache bandwidth: 4.0 bytes/cycle
2024-10-12 20:45:47 INFO        | Cache bandwidth: 85256943112.3047 bits/second
2024-10-12 20:45:47 INFO        | Multiplying by n_instances 1
2024-10-12 20:45:47 INFO        
2024-10-12 20:45:47 INFO        AREA ESTIMATION for intadder(n_bits=4, precision=4, global_cycle_seconds=1e-09, action_latency_cycles=1, cycle_seconds=1e-09, technology=32nm, n_instances=1)
2024-10-12 20:45:47 INFO        Neurosim Plug-In estimated 11.766989999999998u^2 with accuracy 70%. Messages:
2024-10-12 20:45:47 INFO        | WARN: Non-numeric 32nm for parameter technology. Using 32 instead.
2024-10-12 20:45:47 INFO        | Multiplying by n_instances 1
2024-10-12 20:45:47 INFO        
2024-10-12 20:45:47 INFO        AREA ESTIMATION for SRAM(width=32, depth=192, n_rdwr_ports=1, global_cycle_seconds=1e-09, action_latency_cycles=1, cycle_seconds=1e-09, technology=32nm, n_instances=1)
2024-10-12 20:45:47 INFO        CactiSRAM estimated 1.3549099999999998e-09 with accuracy 80%. Messages:
2024-10-12 20:45:47 INFO        | Unused arguments (n_rdwr_ports, global_cycle_seconds, action_latency_cycles, cycle_seconds, n_instances) provided for ['SRAM', 'sram'].__init__. Arguments used: (width, depth, technology)
2024-10-12 20:45:47 INFO        | Calling CACTI with cache_size=768 n_rw_ports=1 block_size=4 tech_node_um=0.032 n_banks=1 tag_size=0 associativity=1
2024-10-12 20:45:47 INFO        | Calling CACTI with input path /usr/local/share/accelergy/estimation_plug_ins/accelergy-cacti-plug-in/cacti_inputs_outputs/tmph51fjhlg
2024-10-12 20:45:47 INFO        | CACTI output will be written to /usr/local/share/accelergy/estimation_plug_ins/accelergy-cacti-plug-in/cacti_inputs_outputs/tmpmq8jsyf2
2024-10-12 20:45:47 INFO        | CACTI executable not found at /usr/local/share/accelergy/estimation_plug_ins/accelergy-cacti-plug-in/cacti/cacti
2024-10-12 20:45:47 INFO        | Calling: cd /usr/local/share/accelergy/estimation_plug_ins/accelergy-cacti-plug-in ; ./cacti -infile /usr/local/share/accelergy/estimation_plug_ins/accelergy-cacti-plug-in/cacti_inputs_outputs/tmph51fjhlg >> /usr/local/share/accelergy/estimation_plug_ins/accelergy-cacti-plug-in/cacti_inputs_outputs/tmpmq8jsyf2 2>&1
2024-10-12 20:45:47 INFO        | Cache bandwidth: 4.0 bytes/cycle
2024-10-12 20:45:47 INFO        | Cache bandwidth: 69384215091.06677 bits/second
2024-10-12 20:45:47 INFO        | Multiplying by n_instances 1
2024-10-12 20:45:47 INFO        
2024-10-12 20:45:47 INFO        AREA ESTIMATION for intadder(n_bits=8, precision=8, global_cycle_seconds=1e-09, action_latency_cycles=1, cycle_seconds=1e-09, technology=32nm, n_instances=1)
2024-10-12 20:45:47 INFO        Neurosim Plug-In estimated 23.533979999999996u^2 with accuracy 70%. Messages:
2024-10-12 20:45:47 INFO        | WARN: Non-numeric 32nm for parameter technology. Using 32 instead.
2024-10-12 20:45:47 INFO        | Multiplying by n_instances 1
2024-10-12 20:45:47 INFO        
2024-10-12 20:45:47 INFO        AREA ESTIMATION for SRAM(width=32, depth=64, n_rdwr_ports=1, global_cycle_seconds=1e-09, action_latency_cycles=1, cycle_seconds=1e-09, technology=32nm, n_instances=1)
2024-10-12 20:45:48 INFO        CactiSRAM estimated 5.36416e-10 with accuracy 80%. Messages:
2024-10-12 20:45:48 INFO        | Unused arguments (n_rdwr_ports, global_cycle_seconds, action_latency_cycles, cycle_seconds, n_instances) provided for ['SRAM', 'sram'].__init__. Arguments used: (width, depth, technology)
2024-10-12 20:45:48 INFO        | Calling CACTI with cache_size=256 n_rw_ports=1 block_size=4 tech_node_um=0.032 n_banks=1 tag_size=0 associativity=1
2024-10-12 20:45:48 INFO        | Calling CACTI with input path /usr/local/share/accelergy/estimation_plug_ins/accelergy-cacti-plug-in/cacti_inputs_outputs/tmpy_whw66i
2024-10-12 20:45:48 INFO        | CACTI output will be written to /usr/local/share/accelergy/estimation_plug_ins/accelergy-cacti-plug-in/cacti_inputs_outputs/tmpox6dkd8j
2024-10-12 20:45:48 INFO        | CACTI executable not found at /usr/local/share/accelergy/estimation_plug_ins/accelergy-cacti-plug-in/cacti/cacti
2024-10-12 20:45:48 INFO        | Calling: cd /usr/local/share/accelergy/estimation_plug_ins/accelergy-cacti-plug-in ; ./cacti -infile /usr/local/share/accelergy/estimation_plug_ins/accelergy-cacti-plug-in/cacti_inputs_outputs/tmpy_whw66i >> /usr/local/share/accelergy/estimation_plug_ins/accelergy-cacti-plug-in/cacti_inputs_outputs/tmpox6dkd8j 2>&1
2024-10-12 20:45:48 INFO        | Cache bandwidth: 4.0 bytes/cycle
2024-10-12 20:45:48 INFO        | Cache bandwidth: 85256943112.3047 bits/second
2024-10-12 20:45:48 INFO        | Multiplying by n_instances 1
2024-10-12 20:45:48 INFO        
2024-10-12 20:45:48 INFO        AREA ESTIMATION for intadder(n_bits=4, precision=4, global_cycle_seconds=1e-09, action_latency_cycles=1, cycle_seconds=1e-09, technology=32nm, n_instances=1)
2024-10-12 20:45:48 INFO        Neurosim Plug-In estimated 11.766989999999998u^2 with accuracy 70%. Messages:
2024-10-12 20:45:48 INFO        | WARN: Non-numeric 32nm for parameter technology. Using 32 instead.
2024-10-12 20:45:48 INFO        | Multiplying by n_instances 1
2024-10-12 20:45:48 INFO        
2024-10-12 20:45:48 INFO        AREA ESTIMATION for aladdin_adder(width=16, global_cycle_seconds=1e-09, action_latency_cycles=1, cycle_seconds=1e-09, technology=32nm, n_instances=1)
2024-10-12 20:45:48 INFO        Library estimated 63.940000000000005u^2 with accuracy 90%. Messages:
2024-10-12 20:45:48 INFO        | Found 5 entries for aladdin_adder.
2024-10-12 20:45:48 INFO        | Checking entry "{'technology': '45nm', 'global_cycle_seconds': '1e-9', 'width|datawidth': '32', 'energy': '0.21', 'area': '2.78E+02', 'action': 'add', 'name': 'aladdin_adder', 'n_instances': 1}
2024-10-12 20:45:48 INFO        | value=278.0, matching_attrs=2, log=['Scaling width from 32 to 16', 'Scaling global_cycle_seconds from 1e-9 to 1e-09', 'Scaling technology from 45nm to 32nm', 'Scaled aladdin_adder.width from 32.0 to 16.0: 0.5x area', 'Scaled aladdin_adder.global_cycle_seconds from 1e-09 to 1e-09: 1x area', 'Scaled aladdin_adder.technology from 45.0 to 32.0: 0.46x area', 'aladdin_adder area has been scaled 0.23x']
2024-10-12 20:45:48 INFO        | Checking entry "{'technology': '45nm', 'global_cycle_seconds': '1e-9', 'width|datawidth': '32', 'energy': '0.21', 'area': '2.78E+02', 'action': 'read', 'name': 'aladdin_adder', 'n_instances': 1}
2024-10-12 20:45:48 INFO        | value=278.0, matching_attrs=2, log=['Scaling width from 32 to 16', 'Scaling global_cycle_seconds from 1e-9 to 1e-09', 'Scaling technology from 45nm to 32nm', 'Scaled aladdin_adder.width from 32.0 to 16.0: 0.5x area', 'Scaled aladdin_adder.global_cycle_seconds from 1e-09 to 1e-09: 1x area', 'Scaled aladdin_adder.technology from 45.0 to 32.0: 0.46x area', 'aladdin_adder area has been scaled 0.23x']
2024-10-12 20:45:48 INFO        | Checking entry "{'technology': '45nm', 'global_cycle_seconds': '1e-9', 'width|datawidth': '32', 'energy': '0.0024', 'area': '2.78E+02', 'action': 'leak', 'name': 'aladdin_adder', 'n_instances': 1}
2024-10-12 20:45:48 INFO        | value=278.0, matching_attrs=2, log=['Scaling width from 32 to 16', 'Scaling global_cycle_seconds from 1e-9 to 1e-09', 'Scaling technology from 45nm to 32nm', 'Scaled aladdin_adder.width from 32.0 to 16.0: 0.5x area', 'Scaled aladdin_adder.global_cycle_seconds from 1e-09 to 1e-09: 1x area', 'Scaled aladdin_adder.technology from 45.0 to 32.0: 0.46x area', 'aladdin_adder area has been scaled 0.23x']
2024-10-12 20:45:48 INFO        | Checking entry "{'technology': '45nm', 'global_cycle_seconds': '1e-9', 'width|datawidth': '32', 'energy': '0', 'area': '2.78E+02', 'action': 'update', 'name': 'aladdin_adder', 'n_instances': 1}
2024-10-12 20:45:48 INFO        | value=278.0, matching_attrs=2, log=['Scaling width from 32 to 16', 'Scaling global_cycle_seconds from 1e-9 to 1e-09', 'Scaling technology from 45nm to 32nm', 'Scaled aladdin_adder.width from 32.0 to 16.0: 0.5x area', 'Scaled aladdin_adder.global_cycle_seconds from 1e-09 to 1e-09: 1x area', 'Scaled aladdin_adder.technology from 45.0 to 32.0: 0.46x area', 'aladdin_adder area has been scaled 0.23x']
2024-10-12 20:45:48 INFO        | Checking entry "{'technology': '45nm', 'global_cycle_seconds': '1e-9', 'width|datawidth': '32', 'energy': '0', 'area': '2.78E+02', 'action': 'write', 'name': 'aladdin_adder', 'n_instances': 1}
2024-10-12 20:45:48 INFO        | value=278.0, matching_attrs=2, log=['Scaling width from 32 to 16', 'Scaling global_cycle_seconds from 1e-9 to 1e-09', 'Scaling technology from 45nm to 32nm', 'Scaled aladdin_adder.width from 32.0 to 16.0: 0.5x area', 'Scaled aladdin_adder.global_cycle_seconds from 1e-09 to 1e-09: 1x area', 'Scaled aladdin_adder.technology from 45.0 to 32.0: 0.46x area', 'aladdin_adder area has been scaled 0.23x']
2024-10-12 20:45:48 INFO        | Best-matching entry: {'technology': '45nm', 'global_cycle_seconds': '1e-9', 'width|datawidth': '32', 'energy': '0.21', 'area': '2.78E+02', 'action': 'add', 'name': 'aladdin_adder', 'n_instances': 1}
2024-10-12 20:45:48 INFO        | Scaling width from 32 to 16
2024-10-12 20:45:48 INFO        | Scaling global_cycle_seconds from 1e-9 to 1e-09
2024-10-12 20:45:48 INFO        | Scaling technology from 45nm to 32nm
2024-10-12 20:45:48 INFO        | Scaled aladdin_adder.width from 32.0 to 16.0: 0.5x area
2024-10-12 20:45:48 INFO        | Scaled aladdin_adder.global_cycle_seconds from 1e-09 to 1e-09: 1x area
2024-10-12 20:45:48 INFO        | Scaled aladdin_adder.technology from 45.0 to 32.0: 0.46x area
2024-10-12 20:45:48 INFO        | aladdin_adder area has been scaled 0.23x
2024-10-12 20:45:48 INFO        | Multiplying by n_instances 1
2024-10-12 20:45:48 INFO        
2024-10-12 20:45:48 INFO        AREA ESTIMATION for aladdin_adder(width_a=8, width_b=8, global_cycle_seconds=1e-09, action_latency_cycles=1, cycle_seconds=1e-09, technology=32nm, n_instances=1)
2024-10-12 20:45:48 INFO        Library estimated 127.88000000000001u^2 with accuracy 90%. Messages:
2024-10-12 20:45:48 INFO        | Found 5 entries for aladdin_adder.
2024-10-12 20:45:48 INFO        | Checking entry "{'technology': '45nm', 'global_cycle_seconds': '1e-9', 'width|datawidth': '32', 'energy': '0.21', 'area': '2.78E+02', 'action': 'add', 'name': 'aladdin_adder', 'n_instances': 1}
2024-10-12 20:45:48 INFO        | value=278.0, matching_attrs=2, log=['Scaling global_cycle_seconds from 1e-9 to 1e-09', 'Scaling technology from 45nm to 32nm', 'Scaled aladdin_adder.global_cycle_seconds from 1e-09 to 1e-09: 1x area', 'Scaled aladdin_adder.technology from 45.0 to 32.0: 0.46x area', 'aladdin_adder area has been scaled 0.46x']
2024-10-12 20:45:48 INFO        | Checking entry "{'technology': '45nm', 'global_cycle_seconds': '1e-9', 'width|datawidth': '32', 'energy': '0.21', 'area': '2.78E+02', 'action': 'read', 'name': 'aladdin_adder', 'n_instances': 1}
2024-10-12 20:45:48 INFO        | value=278.0, matching_attrs=2, log=['Scaling global_cycle_seconds from 1e-9 to 1e-09', 'Scaling technology from 45nm to 32nm', 'Scaled aladdin_adder.global_cycle_seconds from 1e-09 to 1e-09: 1x area', 'Scaled aladdin_adder.technology from 45.0 to 32.0: 0.46x area', 'aladdin_adder area has been scaled 0.46x']
2024-10-12 20:45:48 INFO        | Checking entry "{'technology': '45nm', 'global_cycle_seconds': '1e-9', 'width|datawidth': '32', 'energy': '0.0024', 'area': '2.78E+02', 'action': 'leak', 'name': 'aladdin_adder', 'n_instances': 1}
2024-10-12 20:45:48 INFO        | value=278.0, matching_attrs=2, log=['Scaling global_cycle_seconds from 1e-9 to 1e-09', 'Scaling technology from 45nm to 32nm', 'Scaled aladdin_adder.global_cycle_seconds from 1e-09 to 1e-09: 1x area', 'Scaled aladdin_adder.technology from 45.0 to 32.0: 0.46x area', 'aladdin_adder area has been scaled 0.46x']
2024-10-12 20:45:48 INFO        | Checking entry "{'technology': '45nm', 'global_cycle_seconds': '1e-9', 'width|datawidth': '32', 'energy': '0', 'area': '2.78E+02', 'action': 'update', 'name': 'aladdin_adder', 'n_instances': 1}
2024-10-12 20:45:48 INFO        | value=278.0, matching_attrs=2, log=['Scaling global_cycle_seconds from 1e-9 to 1e-09', 'Scaling technology from 45nm to 32nm', 'Scaled aladdin_adder.global_cycle_seconds from 1e-09 to 1e-09: 1x area', 'Scaled aladdin_adder.technology from 45.0 to 32.0: 0.46x area', 'aladdin_adder area has been scaled 0.46x']
2024-10-12 20:45:48 INFO        | Checking entry "{'technology': '45nm', 'global_cycle_seconds': '1e-9', 'width|datawidth': '32', 'energy': '0', 'area': '2.78E+02', 'action': 'write', 'name': 'aladdin_adder', 'n_instances': 1}
2024-10-12 20:45:48 INFO        | value=278.0, matching_attrs=2, log=['Scaling global_cycle_seconds from 1e-9 to 1e-09', 'Scaling technology from 45nm to 32nm', 'Scaled aladdin_adder.global_cycle_seconds from 1e-09 to 1e-09: 1x area', 'Scaled aladdin_adder.technology from 45.0 to 32.0: 0.46x area', 'aladdin_adder area has been scaled 0.46x']
2024-10-12 20:45:48 INFO        | Best-matching entry: {'technology': '45nm', 'global_cycle_seconds': '1e-9', 'width|datawidth': '32', 'energy': '0.21', 'area': '2.78E+02', 'action': 'add', 'name': 'aladdin_adder', 'n_instances': 1}
2024-10-12 20:45:48 INFO        | Scaling global_cycle_seconds from 1e-9 to 1e-09
2024-10-12 20:45:48 INFO        | Scaling technology from 45nm to 32nm
2024-10-12 20:45:48 INFO        | Scaled aladdin_adder.global_cycle_seconds from 1e-09 to 1e-09: 1x area
2024-10-12 20:45:48 INFO        | Scaled aladdin_adder.technology from 45.0 to 32.0: 0.46x area
2024-10-12 20:45:48 INFO        | aladdin_adder area has been scaled 0.46x
2024-10-12 20:45:48 INFO        | Multiplying by n_instances 1
2024-10-12 20:45:48 INFO        flattened architecture is saved to:
2024-10-12 20:45:48 INFO        ./timeloop-mapper.flattened_architecture.yaml
2024-10-12 20:45:48 INFO        energy reference table is saved to:
2024-10-12 20:45:48 INFO        ./timeloop-mapper.ERT.yaml
2024-10-12 20:45:48 INFO        energy reference table summary is saved to:
2024-10-12 20:45:48 INFO        ./timeloop-mapper.ERT_summary.yaml
2024-10-12 20:45:48 WARNING     no runtime energy estimations are generated... not generating energy_estimation.yaml
2024-10-12 20:45:48 INFO        area reference table is saved to:
2024-10-12 20:45:48 INFO        ./timeloop-mapper.ART.yaml
2024-10-12 20:45:48 INFO        area reference table summary is saved to:
2024-10-12 20:45:48 INFO        ./timeloop-mapper.ART_summary.yaml
